spk_ver/v00/v0000	SES146	0.772446	-44.007	-44.7794
spk_ver/v00/v0001	SES002	-13.5275	-58.6021	-45.0746
spk_ver/v00/v0002	SES002	-11.4053	-56.8237	-45.4184
spk_ver/v00/v0003	SES002	-13.9217	-59.7069	-45.7852
spk_ver/v00/v0004	SES002	-1.79026	-47.86	-46.0697
spk_ver/v00/v0005	SES002	-4.72709	-49.3248	-44.5977
spk_ver/v00/v0006	SES002	-8.03403	-52.4008	-44.3668
spk_ver/v00/v0007	SES002	-6.89038	-53.006	-46.1156
spk_ver/v00/v0008	SES146	0.444118	-44.4769	-44.921
spk_ver/v00/v0009	SES002	-1.72355	-46.3809	-44.6573
spk_ver/v00/v0010	SES002	-3.47892	-48.6472	-45.1683
spk_ver/v00/v0011	SES002	-2.4962	-49.168	-46.6718
spk_ver/v00/v0012	SES002	-12.0345	-55.4908	-43.4563
spk_ver/v00/v0013	SES002	-9.95802	-54.2549	-44.2968
spk_ver/v00/v0014	SES002	-2.13541	-47.317	-45.1816
spk_ver/v00/v0015	SES002	-1.73283	-46.2536	-44.5208
spk_ver/v00/v0016	SES275	0.627209	-44.8547	-45.4819
spk_ver/v00/v0017	SES002	-0.101952	-45.0162	-44.9142
spk_ver/v00/v0018	SES002	-10.1183	-55.7605	-45.6422
spk_ver/v00/v0019	SES002	-1.7647	-46.6023	-44.8376
spk_ver/v00/v0020	SES002	-10.356	-56.4957	-46.1396
spk_ver/v00/v0021	SES002	-11.4985	-56.4457	-44.9472
spk_ver/v00/v0022	SES002	-2.74417	-48.0608	-45.3167
spk_ver/v00/v0023	SES002	-9.60589	-52.9007	-43.2948
spk_ver/v00/v0024	SES002	-10.5306	-56.1679	-45.6373
spk_ver/v00/v0025	SES002	-6.15868	-51.4011	-45.2425
spk_ver/v00/v0026	SES002	-7.18228	-51.3715	-44.1892
spk_ver/v00/v0027	SES129	1.53165	-43.0809	-44.6125
spk_ver/v00/v0028	SES007	-1.95298	-46.2638	-44.3109
spk_ver/v00/v0029	SES083	0.0173302	-43.7197	-43.737
spk_ver/v00/v0030	SES019	1.9894	-43.6156	-45.605
spk_ver/v00/v0031	SES007	-2.33506	-47.1246	-44.7895
spk_ver/v00/v0032	SES270	1.09604	-43.5588	-44.6548
spk_ver/v00/v0033	SES007	-2.47832	-46.6772	-44.1989
spk_ver/v00/v0034	SES007	-1.54696	-49.0698	-47.5228
spk_ver/v00/v0035	SES007	-1.3037	-45.2195	-43.9158
spk_ver/v00/v0036	SES007	-0.859726	-45.1294	-44.2696
spk_ver/v00/v0037	SES007	-2.56875	-47.4446	-44.8758
spk_ver/v00/v0038	SES259	1.75532	-42.1169	-43.8722
spk_ver/v00/v0039	SES007	-2.6776	-47.9883	-45.3107
spk_ver/v00/v0040	SES007	-2.20926	-46.6098	-44.4006
spk_ver/v00/v0041	SES007	-2.47151	-46.9097	-44.4382
spk_ver/v00/v0042	SES007	-1.01098	-45.8265	-44.8155
spk_ver/v00/v0043	SES007	-1.03893	-46.0245	-44.9855
spk_ver/v00/v0044	SES007	-2.29812	-46.1648	-43.8667
spk_ver/v00/v0045	SES007	-1.4449	-45.8739	-44.429
spk_ver/v00/v0046	SES007	-1.56015	-45.8002	-44.2401
spk_ver/v00/v0047	SES172	0.29649	-43.7385	-44.035
spk_ver/v00/v0048	SES105	1.47218	-43.6645	-45.1367
spk_ver/v00/v0049	SES007	-0.827599	-44.9319	-44.1043
spk_ver/v00/v0050	SES292	0.02705	-44.2604	-44.2875
spk_ver/v00/v0051	SES007	-1.59387	-46.3663	-44.7724
spk_ver/v00/v0052	SES068	0.620895	-42.8995	-43.5204
spk_ver/v00/v0053	SES008	-1.34219	-45.1393	-43.7971
spk_ver/v00/v0054	SES008	-5.53867	-51.6851	-46.1464
spk_ver/v00/v0055	SES008	-2.43919	-47.7548	-45.3156
spk_ver/v00/v0056	SES008	-4.95949	-50.2887	-45.3292
spk_ver/v00/v0057	SES008	-5.29151	-50.5352	-45.2437
spk_ver/v00/v0058	SES083	0.241936	-43.9036	-44.1456
spk_ver/v00/v0059	SES158	1.62909	-43.4179	-45.0469
spk_ver/v00/v0060	SES008	-2.20921	-46.3121	-44.1029
spk_ver/v00/v0061	SES101	0.283714	-44.1331	-44.4168
spk_ver/v00/v0062	SES008	-3.63911	-48.0953	-44.4562
spk_ver/v00/v0063	SES008	-2.33047	-46.8606	-44.5302
spk_ver/v00/v0064	SES117	0.982677	-43.986	-44.9687
spk_ver/v00/v0065	SES149	1.72897	-43.1238	-44.8528
spk_ver/v00/v0066	SES008	-1.81282	-46.466	-44.6532
spk_ver/v00/v0067	SES008	-2.90727	-49.3322	-46.4249
spk_ver/v00/v0068	SES162	0.959438	-43.8015	-44.7609
spk_ver/v00/v0069	SES008	-4.14248	-49.8291	-45.6866
spk_ver/v00/v0070	SES008	0.118237	-44.0697	-44.188
spk_ver/v00/v0071	SES008	-3.457	-48.2066	-44.7496
spk_ver/v00/v0072	SES008	-1.24958	-44.4606	-43.2111
spk_ver/v00/v0073	SES008	-2.12909	-45.917	-43.7879
spk_ver/v00/v0074	SES008	-3.58844	-48.3048	-44.7163
spk_ver/v00/v0075	SES008	-5.96651	-52.3721	-46.4056
spk_ver/v00/v0076	SES167	1.03571	-43.1293	-44.165
spk_ver/v00/v0077	SES008	-1.94451	-45.7682	-43.8237
spk_ver/v00/v0078	SES177	0.64267	-43.0694	-43.7121
spk_ver/v00/v0079	SES008	-1.75217	-46.4238	-44.6716
spk_ver/v00/v0080	SES008	-3.17341	-48.2199	-45.0465
spk_ver/v00/v0081	SES008	-4.76534	-51.0206	-46.2553
spk_ver/v00/v0082	SES008	-1.88543	-46.3445	-44.4591
spk_ver/v00/v0083	SES008	-5.37685	-51.8274	-46.4505
spk_ver/v00/v0084	SES144	1.11101	-43.7708	-44.8818
spk_ver/v00/v0085	SES008	-2.42019	-46.8955	-44.4753
spk_ver/v00/v0086	SES008	-2.17463	-44.9433	-42.7687
spk_ver/v00/v0087	SES008	-3.58569	-49.1038	-45.5181
spk_ver/v00/v0088	SES008	-2.44495	-46.7174	-44.2724
spk_ver/v00/v0089	SES008	-1.54963	-46.8304	-45.2807
spk_ver/v00/v0090	SES142	1.67337	-43.1217	-44.7951
spk_ver/v00/v0091	SES008	-4.28769	-49.606	-45.3183
spk_ver/v00/v0092	SES158	1.34812	-43.7699	-45.118
spk_ver/v00/v0093	SES014	-3.8085	-47.8763	-44.0678
spk_ver/v00/v0094	SES014	-3.05362	-49.9465	-46.8929
spk_ver/v00/v0095	SES014	-0.485783	-44.8093	-44.3235
spk_ver/v00/v0096	SES014	-3.65287	-48.2566	-44.6037
spk_ver/v00/v0097	SES014	-0.977425	-46.8816	-45.9042
spk_ver/v00/v0098	SES014	-1.14886	-45.1813	-44.0324
spk_ver/v00/v0099	SES014	-10.3902	-55.6533	-45.2631
spk_ver/v01/v0100	SES127	0.536453	-43.313	-43.8494
spk_ver/v01/v0101	SES014	-7.39941	-53.4003	-46.0009
spk_ver/v01/v0102	SES014	-14.2025	-60.0554	-45.8529
spk_ver/v01/v0103	SES014	-3.99704	-50.7677	-46.7707
spk_ver/v01/v0104	SES014	-8.96434	-54.5843	-45.62
spk_ver/v01/v0105	SES014	-2.87122	-49.7822	-46.911
spk_ver/v01/v0106	SES014	-2.28611	-47.9333	-45.6472
spk_ver/v01/v0107	SES014	-11.1033	-55.1844	-44.0811
spk_ver/v01/v0108	SES014	-14.0713	-59.2315	-45.1602
spk_ver/v01/v0109	SES014	-9.64875	-55.2488	-45.6001
spk_ver/v01/v0110	SES014	-2.66858	-49.4925	-46.8239
spk_ver/v01/v0111	SES014	-0.731556	-45.3305	-44.5989
spk_ver/v01/v0112	SES014	-8.54564	-52.3742	-43.8286
spk_ver/v01/v0113	SES104	0.631008	-44.6502	-45.2812
spk_ver/v01/v0114	SES082	0.892292	-43.6412	-44.5335
spk_ver/v01/v0115	SES087	2.36485	-42.9617	-45.3266
spk_ver/v01/v0116	SES014	-0.958527	-45.7224	-44.7639
spk_ver/v01/v0117	SES177	0.0043335	-44.506	-44.5103
spk_ver/v01/v0118	SES014	-8.59455	-54.1779	-45.5834
spk_ver/v01/v0119	SES014	-0.63612	-45.1582	-44.5221
spk_ver/v01/v0120	SES014	-14.0371	-59.3193	-45.2822
spk_ver/v01/v0121	SES146	0.514637	-43.9758	-44.4905
spk_ver/v01/v0122	SES014	2.1889	-41.41	-43.5989
spk_ver/v01/v0123	SES014	-1.25465	-46.2309	-44.9763
spk_ver/v01/v0124	SES014	-11.6717	-56.2396	-44.5679
spk_ver/v01/v0125	SES014	-4.29992	-49.9415	-45.6416
spk_ver/v01/v0126	SES016	-2.45249	-47.4975	-45.045
spk_ver/v01/v0127	SES016	-1.5153	-47.8531	-46.3378
spk_ver/v01/v0128	SES106	2.43033	-43.0843	-45.5146
spk_ver/v01/v0129	SES016	-3.00877	-47.4998	-44.4911
spk_ver/v01/v0130	SES016	-2.13255	-46.8286	-44.6961
spk_ver/v01/v0131	SES016	-3.53341	-48.2998	-44.7664
spk_ver/v01/v0132	SES016	-1.59241	-46.3928	-44.8004
spk_ver/v01/v0133	SES016	-2.14811	-47.0055	-44.8574
spk_ver/v01/v0134	SES016	-1.6026	-45.475	-43.8724
spk_ver/v01/v0135	SES016	-3.22489	-48.5964	-45.3715
spk_ver/v01/v0136	SES016	-3.98943	-49.7636	-45.7741
spk_ver/v01/v0137	SES007	0.916771	-43.6298	-44.5465
spk_ver/v01/v0138	SES016	-0.978588	-45.1449	-44.1664
spk_ver/v01/v0139	SES016	-1.195	-44.6956	-43.5006
spk_ver/v01/v0140	SES016	1.12667	-43.3056	-44.4323
spk_ver/v01/v0141	SES016	-7.25221	-54.6763	-47.4241
spk_ver/v01/v0142	SES016	-3.11954	-48.2389	-45.1193
spk_ver/v01/v0143	SES016	-5.4593	-51.5451	-46.0858
spk_ver/v01/v0144	SES016	-3.46158	-47.7381	-44.2765
spk_ver/v01/v0145	SES016	-2.88831	-49.2151	-46.3268
spk_ver/v01/v0146	SES016	-1.52249	-45.1468	-43.6243
spk_ver/v01/v0147	SES016	-0.861568	-44.9467	-44.0852
spk_ver/v01/v0148	SES127	0.658165	-43.6993	-44.3575
spk_ver/v01/v0149	SES016	-3.396	-48.3669	-44.9709
spk_ver/v01/v0150	SES016	-1.97493	-45.9937	-44.0187
spk_ver/v01/v0151	SES147	1.75447	-44.5147	-46.2692
spk_ver/v01/v0152	SES016	-1.50163	-45.9467	-44.445
spk_ver/v01/v0153	SES104	0.899803	-43.1603	-44.0601
spk_ver/v01/v0154	SES016	-2.9611	-47.9838	-45.0227
spk_ver/v01/v0155	SES016	-1.62503	-46.9853	-45.3603
spk_ver/v01/v0156	SES019	-0.767616	-46.8177	-46.05
spk_ver/v01/v0157	SES019	-4.08843	-47.4882	-43.3998
spk_ver/v01/v0158	SES019	0.040699	-45.217	-45.2577
spk_ver/v01/v0159	SES007	0.146358	-44.038	-44.1843
spk_ver/v01/v0160	SES019	-2.72927	-46.6553	-43.926
spk_ver/v01/v0161	SES019	-2.49009	-48.3215	-45.8314
spk_ver/v01/v0162	SES019	-7.71009	-51.4358	-43.7257
spk_ver/v01/v0163	SES189	0.792656	-44.8632	-45.6559
spk_ver/v01/v0164	SES019	-1.86833	-46.6341	-44.7658
spk_ver/v01/v0165	SES019	-0.196274	-46.6234	-46.4272
spk_ver/v01/v0166	SES019	-5.65266	-49.7468	-44.0941
spk_ver/v01/v0167	SES019	-7.46445	-52.4775	-45.013
spk_ver/v01/v0168	SES019	-1.17679	-47.0778	-45.9011
spk_ver/v01/v0169	SES019	-3.9859	-49.8287	-45.8428
spk_ver/v01/v0170	SES270	1.61687	-43.5872	-45.2041
spk_ver/v01/v0171	SES019	-1.79072	-46.4481	-44.6574
spk_ver/v01/v0172	SES019	-6.93813	-51.9123	-44.9742
spk_ver/v01/v0173	SES206	1.49438	-43.5664	-45.0608
spk_ver/v01/v0174	SES019	-1.61162	-47.5144	-45.9028
spk_ver/v01/v0175	SES014	1.37367	-42.8706	-44.2443
spk_ver/v01/v0176	SES019	-6.34074	-50.5084	-44.1677
spk_ver/v01/v0177	SES120	1.12654	-44.0076	-45.1341
spk_ver/v01/v0178	SES019	-0.88903	-47.5364	-46.6474
spk_ver/v01/v0179	SES019	-8.47931	-51.54	-43.0607
spk_ver/v01/v0180	SES175	1.17092	-43.6697	-44.8407
spk_ver/v01/v0181	SES019	-8.48127	-53.6724	-45.1912
spk_ver/v01/v0182	SES019	-6.12112	-49.9953	-43.8741
spk_ver/v01/v0183	SES029	-1.88453	-47.3211	-45.4366
spk_ver/v01/v0184	SES029	-3.97349	-48.8599	-44.8864
spk_ver/v01/v0185	SES029	-2.25105	-47.3834	-45.1323
spk_ver/v01/v0186	SES068	0.755527	-42.9599	-43.7154
spk_ver/v01/v0187	SES029	-3.70468	-48.1936	-44.4889
spk_ver/v01/v0188	SES029	-1.72962	-45.4608	-43.7312
spk_ver/v01/v0189	SES149	1.45164	-42.5819	-44.0336
spk_ver/v01/v0190	SES029	-2.83663	-47.3398	-44.5032
spk_ver/v01/v0191	SES029	-2.74214	-48.0224	-45.2802
spk_ver/v01/v0192	SES183	1.41346	-42.5148	-43.9282
spk_ver/v01/v0193	SES029	-1.0638	-46.0208	-44.957
spk_ver/v01/v0194	SES016	1.32708	-43.1776	-44.5047
spk_ver/v01/v0195	SES029	-3.00545	-47.072	-44.0665
spk_ver/v01/v0196	SES029	-1.64577	-46.0232	-44.3774
spk_ver/v01/v0197	SES029	-2.54835	-47.2598	-44.7114
spk_ver/v01/v0198	SES146	0.454544	-44.2798	-44.7343
spk_ver/v01/v0199	SES029	-3.08247	-49.2705	-46.188
spk_ver/v02/v0200	SES029	-1.973	-47.443	-45.47
spk_ver/v02/v0201	SES068	0.356133	-43.311	-43.6671
spk_ver/v02/v0202	SES148	1.21848	-43.3518	-44.5703
spk_ver/v02/v0203	SES029	-2.31364	-47.0688	-44.7552
spk_ver/v02/v0204	SES029	-0.813961	-45.1496	-44.3357
spk_ver/v02/v0205	SES060	1.05964	-42.5629	-43.6225
spk_ver/v02/v0206	SES127	1.61504	-42.5329	-44.1479
spk_ver/v02/v0207	SES029	-3.24633	-49.062	-45.8157
spk_ver/v02/v0208	SES048	2.11948	-44.0721	-46.1915
spk_ver/v02/v0209	SES029	-1.25141	-45.5005	-44.2491
spk_ver/v02/v0210	SES029	-2.92196	-48.4165	-45.4945
spk_ver/v02/v0211	SES029	-2.8394	-47.2159	-44.3765
spk_ver/v02/v0212	SES042	-8.22758	-53.4137	-45.1861
spk_ver/v02/v0213	SES085	0.872532	-43.4149	-44.2875
spk_ver/v02/v0214	SES206	1.76525	-42.8533	-44.6186
spk_ver/v02/v0215	SES144	0.599297	-43.9994	-44.5987
spk_ver/v02/v0216	SES042	-2.49977	-47.4254	-44.9256
spk_ver/v02/v0217	SES042	-1.87363	-49.8958	-48.0222
spk_ver/v02/v0218	SES042	-1.22194	-45.3131	-44.0911
spk_ver/v02/v0219	SES206	1.45104	-43.1307	-44.5817
spk_ver/v02/v0220	SES019	4.06895	-42.2957	-46.3647
spk_ver/v02/v0221	SES007	0.157925	-44.014	-44.1719
spk_ver/v02/v0222	SES042	-6.69729	-52.7335	-46.0362
spk_ver/v02/v0223	SES147	1.67883	-44.463	-46.1418
spk_ver/v02/v0224	SES105	1.03613	-44.2113	-45.2474
spk_ver/v02/v0225	SES042	-1.7891	-46.21	-44.4209
spk_ver/v02/v0226	SES275	0.529533	-44.1695	-44.699
spk_ver/v02/v0227	SES042	-2.43447	-47.6884	-45.2539
spk_ver/v02/v0228	SES042	-2.86825	-47.6504	-44.7822
spk_ver/v02/v0229	SES042	-10.4084	-54.4923	-44.0839
spk_ver/v02/v0230	SES085	0.246429	-42.8367	-43.0831
spk_ver/v02/v0231	SES014	2.35588	-41.4932	-43.8491
spk_ver/v02/v0232	SES042	-0.913498	-45.6384	-44.7249
spk_ver/v02/v0233	SES048	-3.34931	-48.3264	-44.9771
spk_ver/v02/v0234	SES048	-7.6175	-53.3431	-45.7256
spk_ver/v02/v0235	SES029	0.556835	-43.7573	-44.3141
spk_ver/v02/v0236	SES048	-4.50274	-48.0734	-43.5706
spk_ver/v02/v0237	SES048	-3.33912	-48.489	-45.1499
spk_ver/v02/v0238	SES048	-3.34204	-47.678	-44.336
spk_ver/v02/v0239	SES060	1.01184	-43.1337	-44.1455
spk_ver/v02/v0240	SES048	-5.55223	-50.5017	-44.9494
spk_ver/v02/v0241	SES048	-6.18124	-50.8211	-44.6399
spk_ver/v02/v0242	SES189	1.97565	-43.8341	-45.8098
spk_ver/v02/v0243	SES162	0.592358	-44.4228	-45.0151
spk_ver/v02/v0244	SES048	-3.14946	-47.3226	-44.1732
spk_ver/v02/v0245	SES048	-3.24146	-47.5195	-44.278
spk_ver/v02/v0246	SES048	-3.00389	-47.26	-44.2561
spk_ver/v02/v0247	SES048	-2.86028	-49.2094	-46.3492
spk_ver/v02/v0248	SES226	1.62849	-43.682	-45.3105
spk_ver/v02/v0249	SES048	-2.99181	-47.6568	-44.665
spk_ver/v02/v0250	SES048	-2.49616	-48.1768	-45.6806
spk_ver/v02/v0251	SES048	-3.54819	-49.5985	-46.0503
spk_ver/v02/v0252	SES060	-5.11993	-50.9153	-45.7954
spk_ver/v02/v0253	SES060	-3.94689	-49.1129	-45.166
spk_ver/v02/v0254	SES259	2.28717	-42.0233	-44.3105
spk_ver/v02/v0255	SES060	-3.969	-49.5463	-45.5773
spk_ver/v02/v0256	SES202	0.686073	-44.606	-45.292
spk_ver/v02/v0257	SES148	0.843826	-43.1309	-43.9747
spk_ver/v02/v0258	SES060	-5.30544	-53.7005	-48.3951
spk_ver/v02/v0259	SES060	-1.3621	-45.7218	-44.3597
spk_ver/v02/v0260	SES060	-2.57205	-47.0846	-44.5126
spk_ver/v02/v0261	SES099	2.47385	-42.878	-45.3518
spk_ver/v02/v0262	SES060	-2.93206	-47.1295	-44.1974
spk_ver/v02/v0263	SES060	-1.9732	-45.3752	-43.402
spk_ver/v02/v0264	SES292	0.484505	-44.0006	-44.4851
spk_ver/v02/v0265	SES060	-1.00712	-45.0397	-44.0326
spk_ver/v02/v0266	SES060	-5.84664	-51.9663	-46.1196
spk_ver/v02/v0267	SES060	-4.20734	-50.8312	-46.6239
spk_ver/v02/v0268	SES060	-3.55505	-50.6241	-47.0691
spk_ver/v02/v0269	SES127	0.752052	-43.4244	-44.1765
spk_ver/v02/v0270	SES060	-3.14597	-48.8353	-45.6894
spk_ver/v02/v0271	SES060	-1.08551	-45.0623	-43.9768
spk_ver/v02/v0272	SES060	-3.63771	-50.3887	-46.751
spk_ver/v02/v0273	SES087	1.80433	-43.4131	-45.2174
spk_ver/v02/v0274	SES146	0.799496	-43.9948	-44.7943
spk_ver/v02/v0275	SES060	-4.29911	-50.6401	-46.341
spk_ver/v02/v0276	SES002	2.46155	-42.3128	-44.7743
spk_ver/v02/v0277	SES060	-1.21865	-45.5111	-44.2924
spk_ver/v02/v0278	SES060	-3.87757	-49.346	-45.4684
spk_ver/v02/v0279	SES060	-3.33878	-47.8079	-44.4692
spk_ver/v02/v0280	SES129	2.05907	-42.8797	-44.9388
spk_ver/v02/v0281	SES162	0.972168	-43.8591	-44.8312
spk_ver/v02/v0282	SES060	-2.89351	-47.5394	-44.6459
spk_ver/v02/v0283	SES060	-2.59528	-46.3087	-43.7135
spk_ver/v02/v0284	SES062	-2.50822	-48.899	-46.3907
spk_ver/v02/v0285	SES062	-3.70475	-48.7629	-45.0581
spk_ver/v02/v0286	SES120	0.145374	-45.2327	-45.378
spk_ver/v02/v0287	SES062	-3.31033	-49.5042	-46.1938
spk_ver/v02/v0288	SES062	-2.96432	-48.3174	-45.3531
spk_ver/v02/v0289	SES062	-2.67783	-46.5736	-43.8958
spk_ver/v02/v0290	SES062	-1.6698	-45.6606	-43.9908
spk_ver/v02/v0291	SES275	0.0441399	-44.3317	-44.3759
spk_ver/v02/v0292	SES062	-3.34771	-49.2209	-45.8732
spk_ver/v02/v0293	SES062	-3.72514	-49.0304	-45.3053
spk_ver/v02/v0294	SES062	-2.56473	-46.9764	-44.4117
spk_ver/v02/v0295	SES062	-2.83166	-47.5865	-44.7549
spk_ver/v02/v0296	SES062	-3.35702	-47.5173	-44.1603
spk_ver/v02/v0297	SES062	-4.27886	-49.0576	-44.7787
spk_ver/v02/v0298	SES062	-3.87285	-49.3473	-45.4745
spk_ver/v02/v0299	SES062	-1.89895	-46.4103	-44.5113
spk_ver/v03/v0300	SES062	-3.75721	-50.1889	-46.4317
spk_ver/v03/v0301	SES062	-2.04388	-45.4227	-43.3788
spk_ver/v03/v0302	SES172	0.368267	-42.7877	-43.1559
spk_ver/v03/v0303	SES062	-1.18984	-46.1389	-44.9491
spk_ver/v03/v0304	SES062	-2.51828	-47.5878	-45.0695
spk_ver/v03/v0305	SES062	-2.79704	-48.4155	-45.6185
spk_ver/v03/v0306	SES062	-4.66785	-51.7666	-47.0987
spk_ver/v03/v0307	SES062	-3.83639	-48.1044	-44.268
spk_ver/v03/v0308	SES062	-4.74345	-49.9858	-45.2423
spk_ver/v03/v0309	SES062	-2.8795	-49.7022	-46.8227
spk_ver/v03/v0310	SES125	1.80878	-41.9824	-43.7912
spk_ver/v03/v0311	SES062	-2.70624	-47.3558	-44.6495
spk_ver/v03/v0312	SES062	-5.49924	-50.5929	-45.0937
spk_ver/v03/v0313	SES062	-2.20164	-49.1331	-46.9315
spk_ver/v03/v0314	SES068	-3.16544	-48.0796	-44.9141
spk_ver/v03/v0315	SES068	-2.78727	-46.8972	-44.11
spk_ver/v03/v0316	SES068	-2.55362	-48.0332	-45.4796
spk_ver/v03/v0317	SES068	-1.94439	-47.6534	-45.709
spk_ver/v03/v0318	SES068	-3.75663	-48.2083	-44.4517
spk_ver/v03/v0319	SES068	-5.56553	-51.5218	-45.9562
spk_ver/v03/v0320	SES068	-0.53014	-44.567	-44.0368
spk_ver/v03/v0321	SES068	-0.251614	-44.6973	-44.4457
spk_ver/v03/v0322	SES068	-0.791946	-45.4286	-44.6366
spk_ver/v03/v0323	SES068	-2.78357	-47.7674	-44.9838
spk_ver/v03/v0324	SES144	0.326279	-45.3807	-45.707
spk_ver/v03/v0325	SES068	-1.88994	-45.4952	-43.6053
spk_ver/v03/v0326	SES068	-0.394207	-43.3373	-42.9431
spk_ver/v03/v0327	SES068	-2.45583	-47.051	-44.5951
spk_ver/v03/v0328	SES068	-3.7099	-49.1318	-45.4219
spk_ver/v03/v0329	SES068	-1.68579	-45.7875	-44.1017
spk_ver/v03/v0330	SES180	0.594788	-44.497	-45.0918
spk_ver/v03/v0331	SES068	-0.385803	-44.986	-44.6002
spk_ver/v03/v0332	SES275	1.21337	-43.3675	-44.5809
spk_ver/v03/v0333	SES062	1.20126	-42.0783	-43.2795
spk_ver/v03/v0334	SES270	1.79961	-43.5568	-45.3564
spk_ver/v03/v0335	SES068	-4.53228	-50.5871	-46.0548
spk_ver/v03/v0336	SES068	-1.35601	-44.324	-42.968
spk_ver/v03/v0337	SES068	-1.85735	-47.2063	-45.349
spk_ver/v03/v0338	SES068	-1.68271	-46.7394	-45.0567
spk_ver/v03/v0339	SES068	-0.75824	-45.5773	-44.8191
spk_ver/v03/v0340	SES068	-2.2871	-48.0651	-45.778
spk_ver/v03/v0341	SES016	0.872894	-42.9364	-43.8093
spk_ver/v03/v0342	SES068	-2.69104	-48.5699	-45.8789
spk_ver/v03/v0343	SES068	-0.635071	-45.1451	-44.51
spk_ver/v03/v0344	SES125	1.66183	-42.9189	-44.5808
spk_ver/v03/v0345	SES187	0.723595	-43.5404	-44.264
spk_ver/v03/v0346	SES068	-2.36152	-46.068	-43.7065
spk_ver/v03/v0347	SES143	0.949562	-43.4489	-44.3985
spk_ver/v03/v0348	SES292	1.02559	-43.2603	-44.2859
spk_ver/v03/v0349	SES082	-5.65149	-50.4086	-44.7571
spk_ver/v03/v0350	SES101	0.789474	-42.6503	-43.4397
spk_ver/v03/v0351	SES082	-0.163639	-45.4824	-45.3188
spk_ver/v03/v0352	SES082	-1.05437	-46.9775	-45.9231
spk_ver/v03/v0353	SES082	-2.94694	-47.7198	-44.7729
spk_ver/v03/v0354	SES082	-7.5592	-53.2439	-45.6847
spk_ver/v03/v0355	SES083	0.656734	-42.4226	-43.0793
spk_ver/v03/v0356	SES082	-2.1162	-47.9526	-45.8364
spk_ver/v03/v0357	SES082	-6.31662	-51.4534	-45.1368
spk_ver/v03/v0358	SES082	-0.863998	-45.9201	-45.0561
spk_ver/v03/v0359	SES117	0.966263	-45.2264	-46.1926
spk_ver/v03/v0360	SES082	-4.71804	-49.3809	-44.6629
spk_ver/v03/v0361	SES082	-0.823078	-46.072	-45.2489
spk_ver/v03/v0362	SES007	0.72665	-43.5791	-44.3058
spk_ver/v03/v0363	SES082	-2.29697	-46.9025	-44.6055
spk_ver/v03/v0364	SES019	2.58974	-42.8875	-45.4772
spk_ver/v03/v0365	SES082	-1.05447	-46.3574	-45.3029
spk_ver/v03/v0366	SES226	1.54847	-43.8517	-45.4001
spk_ver/v03/v0367	SES167	1.62474	-42.0992	-43.7239
spk_ver/v03/v0368	SES082	-2.61429	-46.368	-43.7537
spk_ver/v03/v0369	SES042	3.26606	-41.5941	-44.8602
spk_ver/v03/v0370	SES042	2.64973	-42.4402	-45.0899
spk_ver/v03/v0371	SES082	-5.3708	-50.0536	-44.6828
spk_ver/v03/v0372	SES082	-1.37839	-46.2312	-44.8528
spk_ver/v03/v0373	SES082	-3.0905	-48.5817	-45.4912
spk_ver/v03/v0374	SES083	-1.04915	-44.7532	-43.704
spk_ver/v03/v0375	SES292	0.506802	-43.5671	-44.0739
spk_ver/v03/v0376	SES083	-3.29554	-48.371	-45.0755
spk_ver/v03/v0377	SES083	-2.78617	-48.9473	-46.1611
spk_ver/v03/v0378	SES083	-1.45699	-46.9588	-45.5019
spk_ver/v03/v0379	SES083	-1.58625	-46.0646	-44.4783
spk_ver/v03/v0380	SES083	-2.02022	-47.4691	-45.4489
spk_ver/v03/v0381	SES083	-1.11665	-46.2541	-45.1375
spk_ver/v03/v0382	SES148	0.486931	-44.2232	-44.7101
spk_ver/v03/v0383	SES083	-1.28325	-44.746	-43.4628
spk_ver/v03/v0384	SES226	1.69102	-43.3643	-45.0553
spk_ver/v03/v0385	SES226	1.71508	-42.6929	-44.408
spk_ver/v03/v0386	SES087	2.30579	-42.9612	-45.267
spk_ver/v03/v0387	SES029	1.13554	-43.1847	-44.3203
spk_ver/v03/v0388	SES147	1.90726	-44.0191	-45.9264
spk_ver/v03/v0389	SES083	-3.79872	-50.0502	-46.2514
spk_ver/v03/v0390	SES189	1.34106	-43.6208	-44.9618
spk_ver/v03/v0391	SES083	-1.69714	-45.6278	-43.9307
spk_ver/v03/v0392	SES083	-0.078846	-43.4462	-43.3674
spk_ver/v03/v0393	SES083	-1.79291	-46.3385	-44.5456
spk_ver/v03/v0394	SES083	-2.91806	-47.9759	-45.0578
spk_ver/v03/v0395	SES083	-1.3496	-45.2418	-43.8922
spk_ver/v03/v0396	SES014	2.41039	-41.2196	-43.63
spk_ver/v03/v0397	SES085	-0.187904	-43.5389	-43.351
spk_ver/v03/v0398	SES085	-1.1062	-44.1708	-43.0646
spk_ver/v03/v0399	SES085	-4.68388	-49.3949	-44.711
spk_ver/v04/v0400	SES106	1.94878	-42.4678	-44.4166
spk_ver/v04/v0401	SES085	-3.33096	-48.606	-45.275
spk_ver/v04/v0402	SES085	-7.21498	-53.8261	-46.6111
spk_ver/v04/v0403	SES085	0.171787	-43.1417	-43.3135
spk_ver/v04/v0404	SES180	1.11031	-42.8486	-43.9589
spk_ver/v04/v0405	SES129	1.29963	-42.1949	-43.4946
spk_ver/v04/v0406	SES085	-4.97451	-50.123	-45.1485
spk_ver/v04/v0407	SES146	0.348679	-44.7901	-45.1388
spk_ver/v04/v0408	SES085	-0.610664	-44.3531	-43.7425
spk_ver/v04/v0409	SES085	-2.63108	-47.3815	-44.7504
spk_ver/v04/v0410	SES085	-4.4725	-49.6725	-45.2
spk_ver/v04/v0411	SES292	0.614975	-44.2632	-44.8782
spk_ver/v04/v0412	SES085	-1.26967	-45.0042	-43.7346
spk_ver/v04/v0413	SES125	2.08137	-42.1827	-44.2641
spk_ver/v04/v0414	SES085	-3.89743	-51.7166	-47.8191
spk_ver/v04/v0415	SES085	-1.79403	-45.8874	-44.0934
spk_ver/v04/v0416	SES085	-1.72525	-46.249	-44.5238
spk_ver/v04/v0417	SES062	0.79694	-42.3695	-43.1665
spk_ver/v04/v0418	SES060	1.82598	-42.6833	-44.5092
spk_ver/v04/v0419	SES085	-2.0316	-46.4099	-44.3783
spk_ver/v04/v0420	SES085	-4.12424	-49.5639	-45.4397
spk_ver/v04/v0421	SES085	-5.75297	-51.8401	-46.0872
spk_ver/v04/v0422	SES085	-0.934296	-46.476	-45.5417
spk_ver/v04/v0423	SES085	-4.88638	-50.134	-45.2477
spk_ver/v04/v0424	SES085	-3.2671	-49.5015	-46.2344
spk_ver/v04/v0425	SES183	0.864594	-44.1254	-44.99
spk_ver/v04/v0426	SES085	-3.91016	-48.9926	-45.0824
spk_ver/v04/v0427	SES087	-2.09678	-48.3216	-46.2248
spk_ver/v04/v0428	SES162	0.643055	-43.8768	-44.5199
spk_ver/v04/v0429	SES087	-1.4408	-45.7484	-44.3076
spk_ver/v04/v0430	SES087	-2.92694	-48.6568	-45.7299
spk_ver/v04/v0431	SES087	-8.11091	-52.8497	-44.7388
spk_ver/v04/v0432	SES087	-2.08957	-47.2647	-45.1751
spk_ver/v04/v0433	SES087	-8.65802	-52.2966	-43.6386
spk_ver/v04/v0434	SES142	2.33793	-42.2427	-44.5807
spk_ver/v04/v0435	SES087	-7.43729	-52.9986	-45.5613
spk_ver/v04/v0436	SES099	1.58477	-43.3788	-44.9635
spk_ver/v04/v0437	SES087	-3.48318	-46.9775	-43.4943
spk_ver/v04/v0438	SES087	-5.2659	-50.4958	-45.2298
spk_ver/v04/v0439	SES087	-1.15191	-45.4817	-44.3298
spk_ver/v04/v0440	SES087	-5.20128	-49.3795	-44.1782
spk_ver/v04/v0441	SES087	-9.46129	-53.9887	-44.5274
spk_ver/v04/v0442	SES187	1.17001	-44.1104	-45.2804
spk_ver/v04/v0443	SES172	1.61825	-42.8652	-44.4835
spk_ver/v04/v0444	SES087	-3.63015	-47.8537	-44.2236
spk_ver/v04/v0445	SES087	-1.92558	-45.8263	-43.9008
spk_ver/v04/v0446	SES087	0.031395	-44.3625	-44.3939
spk_ver/v04/v0447	SES087	-0.749634	-45.3945	-44.6449
spk_ver/v04/v0448	SES106	1.99308	-43.758	-45.751
spk_ver/v04/v0449	SES146	0.743771	-44.7521	-45.4958
spk_ver/v04/v0450	SES087	-8.88956	-53.8127	-44.9231
spk_ver/v04/v0451	SES087	-0.832966	-46.4241	-45.5911
spk_ver/v04/v0452	SES007	0.886253	-43.4014	-44.2877
spk_ver/v04/v0453	SES087	-1.69693	-46.9503	-45.2533
spk_ver/v04/v0454	SES087	-6.45191	-51.077	-44.6251
spk_ver/v04/v0455	SES180	0.7192	-43.4144	-44.1336
spk_ver/v04/v0456	SES099	-3.67063	-48.9566	-45.286
spk_ver/v04/v0457	SES042	1.79401	-43.0719	-44.8659
spk_ver/v04/v0458	SES099	-0.425533	-45.6674	-45.2418
spk_ver/v04/v0459	SES099	-10.0352	-55.0401	-45.0049
spk_ver/v04/v0460	SES099	-5.08809	-51.5655	-46.4774
spk_ver/v04/v0461	SES099	-1.22256	-45.7403	-44.5178
spk_ver/v04/v0462	SES082	2.0687	-42.6275	-44.6962
spk_ver/v04/v0463	SES099	0.039978	-45.1082	-45.1482
spk_ver/v04/v0464	SES099	0.880386	-43.5957	-44.4761
spk_ver/v04/v0465	SES099	-9.60141	-53.5955	-43.9941
spk_ver/v04/v0466	SES099	-0.108852	-44.887	-44.7781
spk_ver/v04/v0467	SES099	-0.540421	-45.5534	-45.013
spk_ver/v04/v0468	SES129	1.95283	-42.9499	-44.9027
spk_ver/v04/v0469	SES101	0.425213	-43.5365	-43.9617
spk_ver/v04/v0470	SES099	-6.11483	-51.7273	-45.6125
spk_ver/v04/v0471	SES172	0.838299	-43.6176	-44.4559
spk_ver/v04/v0472	SES099	0.573063	-44.6201	-45.1932
spk_ver/v04/v0473	SES270	2.37567	-42.771	-45.1466
spk_ver/v04/v0474	SES099	-4.13549	-48.4287	-44.2933
spk_ver/v04/v0475	SES099	-6.14746	-49.6287	-43.4812
spk_ver/v04/v0476	SES099	-3.57912	-50.6265	-47.0473
spk_ver/v04/v0477	SES002	2.36697	-42.0102	-44.3772
spk_ver/v04/v0478	SES099	-0.0152969	-45.2069	-45.1916
spk_ver/v04/v0479	SES007	-0.423092	-45.0682	-44.6451
spk_ver/v04/v0480	SES101	-2.85094	-46.9908	-44.1398
spk_ver/v04/v0481	SES101	-3.63779	-49.5752	-45.9374
spk_ver/v04/v0482	SES175	0.606068	-43.7152	-44.3213
spk_ver/v04/v0483	SES101	-1.25602	-45.641	-44.385
spk_ver/v04/v0484	SES101	-3.05441	-47.063	-44.0086
spk_ver/v04/v0485	SES101	-1.72363	-47.237	-45.5134
spk_ver/v04/v0486	SES101	-1.23697	-47.1929	-45.956
spk_ver/v04/v0487	SES101	-1.89926	-46.9686	-45.0693
spk_ver/v04/v0488	SES101	-3.46333	-49.2832	-45.8199
spk_ver/v04/v0489	SES147	0.975502	-45.3777	-46.3532
spk_ver/v04/v0490	SES085	0.317127	-44.8579	-45.175
spk_ver/v04/v0491	SES101	-2.57007	-48.4302	-45.8601
spk_ver/v04/v0492	SES101	-2.76548	-49.9372	-47.1717
spk_ver/v04/v0493	SES101	-2.01363	-46.5945	-44.5809
spk_ver/v04/v0494	SES101	-1.58099	-47.3503	-45.7693
spk_ver/v04/v0495	SES101	-1.48646	-44.4584	-42.9719
spk_ver/v04/v0496	SES101	-1.79876	-46.4215	-44.6228
spk_ver/v04/v0497	SES014	2.20257	-41.5592	-43.7618
spk_ver/v04/v0498	SES101	-2.36473	-47.715	-45.3502
spk_ver/v04/v0499	SES101	-1.89017	-45.7123	-43.8221
spk_ver/v05/v0500	SES085	0.344002	-43.0345	-43.3786
spk_ver/v05/v0501	SES101	-3.66398	-48.5537	-44.8898
spk_ver/v05/v0502	SES275	0.630859	-43.7685	-44.3994
spk_ver/v05/v0503	SES117	1.13332	-44.1896	-45.3229
spk_ver/v05/v0504	SES101	-2.8747	-47.7642	-44.8895
spk_ver/v05/v0505	SES101	-1.98486	-46.534	-44.5491
spk_ver/v05/v0506	SES101	-1.692	-46.4756	-44.7836
spk_ver/v05/v0507	SES048	0.898499	-43.2324	-44.1309
spk_ver/v05/v0508	SES117	0.699802	-45.0433	-45.7431
spk_ver/v05/v0509	SES202	1.77589	-42.6371	-44.413
spk_ver/v05/v0510	SES104	-1.62173	-48.4066	-46.7848
spk_ver/v05/v0511	SES008	0.561386	-44.9504	-45.5118
spk_ver/v05/v0512	SES104	-0.693653	-46.3944	-45.7007
spk_ver/v05/v0513	SES104	-1.12297	-45.2524	-44.1294
spk_ver/v05/v0514	SES104	-7.54826	-51.1078	-43.5596
spk_ver/v05/v0515	SES104	-8.59383	-53.8346	-45.2408
spk_ver/v05/v0516	SES104	-1.08786	-47.4456	-46.3578
spk_ver/v05/v0517	SES060	0.5844	-42.6907	-43.2751
spk_ver/v05/v0518	SES104	-8.94307	-54.9798	-46.0368
spk_ver/v05/v0519	SES104	-9.73006	-54.7823	-45.0522
spk_ver/v05/v0520	SES104	-0.131428	-44.2867	-44.1553
spk_ver/v05/v0521	SES008	1.02618	-42.2675	-43.2937
spk_ver/v05/v0522	SES068	1.37649	-43.12	-44.4965
spk_ver/v05/v0523	SES087	1.8719	-42.5472	-44.4191
spk_ver/v05/v0524	SES104	-1.45058	-46.6217	-45.1712
spk_ver/v05/v0525	SES104	-0.487026	-46.0548	-45.5678
spk_ver/v05/v0526	SES104	-1.2927	-45.4618	-44.1691
spk_ver/v05/v0527	SES083	0.766502	-43.129	-43.8955
spk_ver/v05/v0528	SES148	0.886826	-43.5632	-44.45
spk_ver/v05/v0529	SES104	-2.23249	-47.993	-45.7605
spk_ver/v05/v0530	SES104	-7.67432	-52.0882	-44.4139
spk_ver/v05/v0531	SES125	1.3568	-43.5311	-44.8879
spk_ver/v05/v0532	SES104	-8.421	-52.9356	-44.5146
spk_ver/v05/v0533	SES149	2.00846	-42.5113	-44.5198
spk_ver/v05/v0534	SES104	-8.68016	-52.9905	-44.3104
spk_ver/v05/v0535	SES187	0.597301	-44.6724	-45.2697
spk_ver/v05/v0536	SES104	-1.39434	-46.141	-44.7466
spk_ver/v05/v0537	SES104	-0.930176	-45.8917	-44.9616
spk_ver/v05/v0538	SES167	1.16578	-43.0219	-44.1877
spk_ver/v05/v0539	SES104	-1.57077	-48.4845	-46.9137
spk_ver/v05/v0540	SES104	-8.366	-51.2655	-42.8995
spk_ver/v05/v0541	SES183	1.36972	-44.2648	-45.6345
spk_ver/v05/v0542	SES104	-0.561592	-45.8103	-45.2487
spk_ver/v05/v0543	SES104	-6.88957	-50.9958	-44.1062
spk_ver/v05/v0544	SES105	-3.93769	-48.2695	-44.3318
spk_ver/v05/v0545	SES105	-2.35665	-47.6697	-45.313
spk_ver/v05/v0546	SES105	-2.41279	-47.3713	-44.9585
spk_ver/v05/v0547	SES105	-2.92061	-48.9405	-46.0199
spk_ver/v05/v0548	SES019	3.44703	-42.642	-46.089
spk_ver/v05/v0549	SES105	-2.39069	-47.544	-45.1533
spk_ver/v05/v0550	SES105	-2.55705	-48.9693	-46.4123
spk_ver/v05/v0551	SES202	1.37552	-43.6688	-45.0443
spk_ver/v05/v0552	SES105	-3.03319	-48.2207	-45.1875
spk_ver/v05/v0553	SES105	-0.628922	-45.2221	-44.5932
spk_ver/v05/v0554	SES105	-1.87847	-45.2355	-43.357
spk_ver/v05/v0555	SES105	-1.90702	-46.9276	-45.0206
spk_ver/v05/v0556	SES082	1.16138	-43.7619	-44.9233
spk_ver/v05/v0557	SES105	-2.54552	-47.3655	-44.82
spk_ver/v05/v0558	SES014	1.66266	-42.3614	-44.024
spk_ver/v05/v0559	SES105	-1.71873	-45.9044	-44.1856
spk_ver/v05/v0560	SES177	-0.155399	-44.4672	-44.3118
spk_ver/v05/v0561	SES189	3.37739	-46.7799	-50.1573
spk_ver/v05/v0562	SES105	-2.54478	-48.468	-45.9232
spk_ver/v05/v0563	SES099	1.69893	-44.4443	-46.1432
spk_ver/v05/v0564	SES105	-1.73726	-46.0645	-44.3272
spk_ver/v05/v0565	SES105	-2.44778	-47.659	-45.2112
spk_ver/v05/v0566	SES105	-2.51681	-48.1379	-45.6211
spk_ver/v05/v0567	SES142	0.975925	-43.9419	-44.9178
spk_ver/v05/v0568	SES048	0.846561	-43.6892	-44.5357
spk_ver/v05/v0569	SES105	-2.81777	-47.8314	-45.0136
spk_ver/v05/v0570	SES105	-1.85509	-45.7825	-43.9274
spk_ver/v05/v0571	SES105	-3.81615	-48.6485	-44.8324
spk_ver/v05/v0572	SES105	-2.69171	-49.0334	-46.3417
spk_ver/v05/v0573	SES105	-2.79385	-48.7449	-45.9511
spk_ver/v05/v0574	SES105	-1.70216	-46.5069	-44.8048
spk_ver/v05/v0575	SES105	-1.56055	-46.5241	-44.9635
spk_ver/v05/v0576	SES106	-5.93642	-51.2243	-45.2879
spk_ver/v05/v0577	SES106	-2.14872	-48.1164	-45.9676
spk_ver/v05/v0578	SES106	-6.63803	-51.2894	-44.6514
spk_ver/v05/v0579	SES106	-6.82633	-50.7882	-43.9618
spk_ver/v05/v0580	SES106	-0.652782	-44.8501	-44.1973
spk_ver/v05/v0581	SES106	-9.29428	-54.2032	-44.909
spk_ver/v05/v0582	SES106	-1.63555	-47.4654	-45.8298
spk_ver/v05/v0583	SES106	-0.434372	-44.7561	-44.3217
spk_ver/v05/v0584	SES106	-8.82042	-53.8101	-44.9896
spk_ver/v05/v0585	SES106	-0.179459	-47.3843	-47.2048
spk_ver/v05/v0586	SES106	-5.11398	-49.5454	-44.4315
spk_ver/v05/v0587	SES106	-3.97545	-48.6999	-44.7244
spk_ver/v05/v0588	SES106	-5.94962	-49.381	-43.4314
spk_ver/v05/v0589	SES106	-8.11894	-51.4687	-43.3498
spk_ver/v05/v0590	SES082	1.31427	-43.9279	-45.2421
spk_ver/v05/v0591	SES180	0.0144234	-43.9703	-43.9847
spk_ver/v05/v0592	SES106	-0.857117	-46.3179	-45.4608
spk_ver/v05/v0593	SES106	-11.0578	-56.3338	-45.276
spk_ver/v05/v0594	SES292	1.17432	-42.9058	-44.0801
spk_ver/v05/v0595	SES106	-0.371754	-46.1375	-45.7657
spk_ver/v05/v0596	SES106	-8.09515	-52.7984	-44.7032
spk_ver/v05/v0597	SES106	-6.25826	-50.7062	-44.448
spk_ver/v05/v0598	SES042	2.65091	-43.0096	-45.6605
spk_ver/v05/v0599	SES106	-7.98029	-53.4286	-45.4483
spk_ver/v06/v0600	SES106	0.596241	-45.3569	-45.9531
spk_ver/v06/v0601	SES106	-1.00319	-46.0806	-45.0774
spk_ver/v06/v0602	SES106	-4.82388	-48.8513	-44.0274
spk_ver/v06/v0603	SES106	-6.55768	-51.8395	-45.2818
spk_ver/v06/v0604	SES106	-6.42292	-50.6799	-44.2569
spk_ver/v06/v0605	SES106	-3.52082	-49.7779	-46.2571
spk_ver/v06/v0606	SES048	1.98228	-42.4377	-44.42
spk_ver/v06/v0607	SES167	2.69882	-41.5912	-44.29
spk_ver/v06/v0608	SES106	-5.21636	-50.3481	-45.1318
spk_ver/v06/v0609	SES143	0.824112	-43.8236	-44.6477
spk_ver/v06/v0610	SES106	-9.4165	-55.8579	-46.4414
spk_ver/v06/v0611	SES106	-4.90653	-50.0795	-45.173
spk_ver/v06/v0612	SES106	-10.6741	-56.2004	-45.5263
spk_ver/v06/v0613	SES117	-0.989025	-45.8375	-44.8485
spk_ver/v06/v0614	SES117	-3.7947	-48.9501	-45.1554
spk_ver/v06/v0615	SES117	-1.14277	-46.1553	-45.0125
spk_ver/v06/v0616	SES106	1.97334	-41.8647	-43.8381
spk_ver/v06/v0617	SES142	2.01043	-43.3829	-45.3934
spk_ver/v06/v0618	SES048	1.54274	-42.4806	-44.0233
spk_ver/v06/v0619	SES175	0.834675	-44.1174	-44.9521
spk_ver/v06/v0620	SES180	0.747196	-43.1896	-43.9368
spk_ver/v06/v0621	SES117	-0.713375	-46.8144	-46.101
spk_ver/v06/v0622	SES029	0.638115	-44.2037	-44.8418
spk_ver/v06/v0623	SES117	-1.67759	-45.8122	-44.1346
spk_ver/v06/v0624	SES117	-2.60565	-48.0012	-45.3955
spk_ver/v06/v0625	SES117	-1.8552	-48.6018	-46.7466
spk_ver/v06/v0626	SES106	1.87285	-42.983	-44.8558
spk_ver/v06/v0627	SES226	1.72725	-42.446	-44.1733
spk_ver/v06/v0628	SES117	-0.377247	-45.2605	-44.8833
spk_ver/v06/v0629	SES117	-1.22568	-43.7778	-42.5521
spk_ver/v06/v0630	SES117	-2.97909	-47.0226	-44.0435
spk_ver/v06/v0631	SES117	-2.86398	-49.9029	-47.039
spk_ver/v06/v0632	SES117	-1.43688	-44.8795	-43.4427
spk_ver/v06/v0633	SES099	2.65683	-42.9917	-45.6486
spk_ver/v06/v0634	SES105	1.46012	-43.8657	-45.3258
spk_ver/v06/v0635	SES167	0.803658	-44.0316	-44.8353
spk_ver/v06/v0636	SES117	-0.0240211	-44.0101	-43.9861
spk_ver/v06/v0637	SES202	1.1166	-43.628	-44.7446
spk_ver/v06/v0638	SES117	-1.8695	-45.9106	-44.0411
spk_ver/v06/v0639	SES167	1.51824	-43.316	-44.8342
spk_ver/v06/v0640	SES117	-0.869457	-45.9331	-45.0637
spk_ver/v06/v0641	SES117	-1.70211	-46.0169	-44.3148
spk_ver/v06/v0642	SES101	0.899723	-42.7989	-43.6986
spk_ver/v06/v0643	SES068	0.852512	-43.3278	-44.1803
spk_ver/v06/v0644	SES120	-2.72035	-49.345	-46.6247
spk_ver/v06/v0645	SES120	-1.62867	-47.3043	-45.6756
spk_ver/v06/v0646	SES172	0.584938	-43.8997	-44.4846
spk_ver/v06/v0647	SES120	-2.40645	-46.101	-43.6945
spk_ver/v06/v0648	SES120	-0.57373	-44.3536	-43.7799
spk_ver/v06/v0649	SES120	-2.00132	-48.2282	-46.2269
spk_ver/v06/v0650	SES087	1.87934	-43.3234	-45.2028
spk_ver/v06/v0651	SES120	-1.41174	-46.3558	-44.944
spk_ver/v06/v0652	SES104	-0.0308075	-45.6726	-45.6418
spk_ver/v06/v0653	SES129	1.39338	-42.6486	-44.042
spk_ver/v06/v0654	SES120	-2.39588	-47.3923	-44.9965
spk_ver/v06/v0655	SES120	-0.650894	-46.5157	-45.8648
spk_ver/v06/v0656	SES120	-1.80995	-45.8926	-44.0827
spk_ver/v06/v0657	SES147	1.03989	-44.8231	-45.863
spk_ver/v06/v0658	SES120	-1.8597	-47.4244	-45.5647
spk_ver/v06/v0659	SES120	-1.45996	-45.4777	-44.0177
spk_ver/v06/v0660	SES120	-0.655254	-44.7595	-44.1043
spk_ver/v06/v0661	SES120	-1.9506	-48.1586	-46.208
spk_ver/v06/v0662	SES120	-1.54853	-46.5761	-45.0276
spk_ver/v06/v0663	SES120	-2.51123	-48.3467	-45.8355
spk_ver/v06/v0664	SES147	1.59275	-44.0617	-45.6545
spk_ver/v06/v0665	SES162	1.40081	-43.7992	-45.2
spk_ver/v06/v0666	SES120	-1.70506	-45.6667	-43.9616
spk_ver/v06/v0667	SES120	-1.89288	-47.2127	-45.3198
spk_ver/v06/v0668	SES120	0.932777	-43.3866	-44.3194
spk_ver/v06/v0669	SES142	2.34172	-42.7911	-45.1328
spk_ver/v06/v0670	SES106	2.49255	-42.6551	-45.1476
spk_ver/v06/v0671	SES183	1.70741	-43.2902	-44.9977
spk_ver/v06/v0672	SES120	-1.47503	-46.9002	-45.4252
spk_ver/v06/v0673	SES029	-0.123363	-44.7864	-44.6631
spk_ver/v06/v0674	SES120	-0.613098	-45.5737	-44.9606
spk_ver/v06/v0675	SES008	1.52398	-43.0512	-44.5752
spk_ver/v06/v0676	SES125	-10.1134	-56.4383	-46.3249
spk_ver/v06/v0677	SES143	0.877502	-43.9052	-44.7827
spk_ver/v06/v0678	SES125	-9.47824	-55.7393	-46.2611
spk_ver/v06/v0679	SES162	0.255444	-43.8217	-44.0772
spk_ver/v06/v0680	SES125	-5.72542	-49.7037	-43.9782
spk_ver/v06/v0681	SES125	-2.13586	-47.6005	-45.4646
spk_ver/v06/v0682	SES125	-7.19105	-50.4957	-43.3046
spk_ver/v06/v0683	SES226	1.59835	-43.5715	-45.1698
spk_ver/v06/v0684	SES125	-7.6706	-52.9997	-45.3291
spk_ver/v06/v0685	SES125	-11.5027	-56.1104	-44.6077
spk_ver/v06/v0686	SES120	0.570999	-43.1617	-43.7327
spk_ver/v06/v0687	SES125	-4.46209	-51.146	-46.6839
spk_ver/v06/v0688	SES158	1.70776	-43.4403	-45.148
spk_ver/v06/v0689	SES125	-3.73045	-49.6277	-45.8973
spk_ver/v06/v0690	SES105	1.51506	-43.6018	-45.1168
spk_ver/v06/v0691	SES125	-1.12234	-46.9956	-45.8732
spk_ver/v06/v0692	SES125	-2.71456	-47.4094	-44.6948
spk_ver/v06/v0693	SES180	0.919762	-43.1764	-44.0962
spk_ver/v06/v0694	SES125	-16.1306	-61.003	-44.8724
spk_ver/v06/v0695	SES125	-4.02466	-48.4507	-44.426
spk_ver/v06/v0696	SES125	-11.8886	-56.0286	-44.14
spk_ver/v06/v0697	SES125	-12.3303	-57.942	-45.6117
spk_ver/v06/v0698	SES083	0.644329	-42.8041	-43.4484
spk_ver/v06/v0699	SES125	-9.37389	-53.8484	-44.4745
spk_ver/v07/v0700	SES014	1.87618	-42.6785	-44.5546
spk_ver/v07/v0701	SES125	-6.89109	-50.6843	-43.7932
spk_ver/v07/v0702	SES127	-0.906628	-44.9325	-44.0258
spk_ver/v07/v0703	SES127	-1.46441	-46.7859	-45.3215
spk_ver/v07/v0704	SES206	1.92121	-42.7816	-44.7029
spk_ver/v07/v0705	SES127	-1.47205	-46.1545	-44.6825
spk_ver/v07/v0706	SES127	-1.85529	-46.1891	-44.3338
spk_ver/v07/v0707	SES127	-4.13657	-48.6255	-44.4889
spk_ver/v07/v0708	SES275	0.435238	-43.8272	-44.2624
spk_ver/v07/v0709	SES127	-1.72934	-46.5716	-44.8422
spk_ver/v07/v0710	SES105	1.10511	-44.1453	-45.2504
spk_ver/v07/v0711	SES127	-3.47298	-49.4902	-46.0173
spk_ver/v07/v0712	SES127	-1.39843	-44.8369	-43.4384
spk_ver/v07/v0713	SES127	-2.24778	-46.9256	-44.6778
spk_ver/v07/v0714	SES019	4.22792	-42.446	-46.6739
spk_ver/v07/v0715	SES127	-2.81116	-49.2619	-46.4507
spk_ver/v07/v0716	SES148	0.565544	-43.6432	-44.2087
spk_ver/v07/v0717	SES162	0.81929	-43.4311	-44.2504
spk_ver/v07/v0718	SES189	0.883598	-45.3474	-46.2309
spk_ver/v07/v0719	SES149	0.433758	-42.9569	-43.3907
spk_ver/v07/v0720	SES175	0.730381	-44.0072	-44.7376
spk_ver/v07/v0721	SES127	-3.15067	-48.1724	-45.0218
spk_ver/v07/v0722	SES127	-1.56378	-46.9251	-45.3613
spk_ver/v07/v0723	SES127	-2.43303	-46.5773	-44.1442
spk_ver/v07/v0724	SES127	-2.08501	-46.5443	-44.4592
spk_ver/v07/v0725	SES127	-2.33738	-47.3969	-45.0595
spk_ver/v07/v0726	SES259	2.06673	-42.1707	-44.2374
spk_ver/v07/v0727	SES127	-2.80987	-48.9154	-46.1055
spk_ver/v07/v0728	SES127	-0.965919	-43.9904	-43.0244
spk_ver/v07/v0729	SES127	-4.05978	-49.4204	-45.3607
spk_ver/v07/v0730	SES127	-2.10676	-47.7198	-45.613
spk_ver/v07/v0731	SES129	-1.57152	-45.0749	-43.5033
spk_ver/v07/v0732	SES129	-3.08141	-47.765	-44.6836
spk_ver/v07/v0733	SES129	-5.10844	-51.6928	-46.5844
spk_ver/v07/v0734	SES129	-9.84509	-56.4573	-46.6122
spk_ver/v07/v0735	SES183	1.02385	-43.726	-44.7499
spk_ver/v07/v0736	SES129	-3.54173	-48.2595	-44.7178
spk_ver/v07/v0737	SES129	-2.70304	-48.7576	-46.0546
spk_ver/v07/v0738	SES129	-4.50048	-50.0523	-45.5518
spk_ver/v07/v0739	SES129	-4.50864	-49.501	-44.9923
spk_ver/v07/v0740	SES167	-0.586838	-44.694	-44.1071
spk_ver/v07/v0741	SES129	-3.16525	-48.6604	-45.4952
spk_ver/v07/v0742	SES129	-2.62156	-46.2259	-43.6044
spk_ver/v07/v0743	SES129	-2.0741	-47.2008	-45.1266
spk_ver/v07/v0744	SES129	-6.37365	-52.9082	-46.5346
spk_ver/v07/v0745	SES180	1.02818	-43.4684	-44.4966
spk_ver/v07/v0746	SES129	-1.63909	-45.2984	-43.6593
spk_ver/v07/v0747	SES292	0.304588	-43.5065	-43.8111
spk_ver/v07/v0748	SES202	1.0145	-43.3131	-44.3276
spk_ver/v07/v0749	SES270	1.61492	-43.8296	-45.4446
spk_ver/v07/v0750	SES129	-2.93171	-46.4947	-43.5629
spk_ver/v07/v0751	SES129	-3.51831	-47.72	-44.2017
spk_ver/v07/v0752	SES060	0.151188	-43.9852	-44.1364
spk_ver/v07/v0753	SES129	-4.12372	-49.3345	-45.2108
spk_ver/v07/v0754	SES129	-9.55083	-57.3836	-47.8328
spk_ver/v07/v0755	SES129	-3.90475	-48.8818	-44.9771
spk_ver/v07/v0756	SES175	1.18293	-44.219	-45.4019
spk_ver/v07/v0757	SES129	-3.41064	-49.1143	-45.7036
spk_ver/v07/v0758	SES129	-3.97314	-49.3766	-45.4035
spk_ver/v07/v0759	SES129	-2.94861	-46.9003	-43.9517
spk_ver/v07/v0760	SES129	-3.48827	-47.4559	-43.9676
spk_ver/v07/v0761	SES129	-2.54662	-46.0713	-43.5247
spk_ver/v07/v0762	SES172	0.673969	-43.7975	-44.4715
spk_ver/v07/v0763	SES129	-3.6218	-50.3831	-46.7613
spk_ver/v07/v0764	SES129	-5.51281	-49.0732	-43.5603
spk_ver/v07/v0765	SES175	0.840733	-44.7532	-45.594
spk_ver/v07/v0766	SES129	-3.5073	-47.9579	-44.4506
spk_ver/v07/v0767	SES129	-3.49313	-48.0555	-44.5624
spk_ver/v07/v0768	SES042	2.53621	-42.0444	-44.5807
spk_ver/v07/v0769	SES099	1.7585	-43.962	-45.7205
spk_ver/v07/v0770	SES142	-4.15347	-49.4507	-45.2973
spk_ver/v07/v0771	SES142	-3.9923	-48.1493	-44.157
spk_ver/v07/v0772	SES101	0.789463	-43.0092	-43.7987
spk_ver/v07/v0773	SES142	-6.79858	-52.719	-45.9205
spk_ver/v07/v0774	SES142	-4.82742	-50.978	-46.1506
spk_ver/v07/v0775	SES142	-2.58341	-47.2984	-44.715
spk_ver/v07/v0776	SES142	-2.33647	-45.8901	-43.5536
spk_ver/v07/v0777	SES142	-3.62676	-48.3694	-44.7426
spk_ver/v07/v0778	SES142	-1.75165	-47.2583	-45.5067
spk_ver/v07/v0779	SES142	-9.51713	-54.9787	-45.4615
spk_ver/v07/v0780	SES142	-3.41084	-49.5497	-46.1389
spk_ver/v07/v0781	SES142	-6.14089	-51.2156	-45.0747
spk_ver/v07/v0782	SES101	0.778984	-43.9603	-44.7393
spk_ver/v07/v0783	SES142	-3.94737	-48.0789	-44.1315
spk_ver/v07/v0784	SES187	0.556412	-44.2166	-44.773
spk_ver/v07/v0785	SES143	0.355278	-44.4558	-44.811
spk_ver/v07/v0786	SES142	-3.14915	-48.1072	-44.958
spk_ver/v07/v0787	SES144	0.600307	-43.8845	-44.4848
spk_ver/v07/v0788	SES275	0.379185	-44.2818	-44.6609
spk_ver/v07/v0789	SES142	-3.08088	-47.0082	-43.9273
spk_ver/v07/v0790	SES099	2.29933	-42.5611	-44.8604
spk_ver/v07/v0791	SES142	-6.71298	-51.921	-45.208
spk_ver/v07/v0792	SES142	-3.12443	-46.9061	-43.7817
spk_ver/v07/v0793	SES142	-4.35129	-49.9473	-45.596
spk_ver/v07/v0794	SES014	1.91412	-42.0593	-43.9734
spk_ver/v07/v0795	SES142	-5.96454	-50.6321	-44.6676
spk_ver/v07/v0796	SES142	-3.3772	-47.5256	-44.1484
spk_ver/v07/v0797	SES143	-0.467682	-44.1926	-43.7249
spk_ver/v07/v0798	SES206	1.77974	-42.4322	-44.212
spk_ver/v07/v0799	SES143	-3.88722	-49.3092	-45.422
spk_ver/v08/v0800	SES143	-1.59818	-46.6059	-45.0078
spk_ver/v08/v0801	SES143	-1.01007	-44.6063	-43.5962
spk_ver/v08/v0802	SES143	-1.6997	-46.1292	-44.4295
spk_ver/v08/v0803	SES143	-2.62817	-47.5823	-44.9542
spk_ver/v08/v0804	SES143	-2.8935	-48.1641	-45.2706
spk_ver/v08/v0805	SES143	-3.72842	-49.2892	-45.5608
spk_ver/v08/v0806	SES143	-3.58961	-49.8677	-46.2781
spk_ver/v08/v0807	SES177	0.385616	-43.5971	-43.9827
spk_ver/v08/v0808	SES149	1.28115	-43.4783	-44.7595
spk_ver/v08/v0809	SES143	-5.9612	-51.1956	-45.2344
spk_ver/v08/v0810	SES158	1.9876	-43.8248	-45.8124
spk_ver/v08/v0811	SES143	-3.95785	-51.4811	-47.5233
spk_ver/v08/v0812	SES062	1.10713	-42.3057	-43.4128
spk_ver/v08/v0813	SES259	2.0181	-42.4599	-44.478
spk_ver/v08/v0814	SES143	-4.2865	-48.5461	-44.2596
spk_ver/v08/v0815	SES143	-3.73268	-49.102	-45.3693
spk_ver/v08/v0816	SES143	-1.09563	-45.4012	-44.3056
spk_ver/v08/v0817	SES144	0.699501	-44.218	-44.9175
spk_ver/v08/v0818	SES143	-0.902233	-45.5983	-44.6961
spk_ver/v08/v0819	SES143	-2.91696	-47.5359	-44.6189
spk_ver/v08/v0820	SES143	-0.720695	-43.7113	-42.9907
spk_ver/v08/v0821	SES143	-1.04696	-46.4875	-45.4406
spk_ver/v08/v0822	SES143	-2.79239	-47.8173	-45.0249
spk_ver/v08/v0823	SES104	1.91035	-42.6587	-44.5691
spk_ver/v08/v0824	SES143	-3.34208	-48.0383	-44.6963
spk_ver/v08/v0825	SES143	-3.15469	-47.9405	-44.7858
spk_ver/v08/v0826	SES144	-3.86761	-48.8533	-44.9856
spk_ver/v08/v0827	SES144	-1.24318	-45.3576	-44.1144
spk_ver/v08/v0828	SES144	-0.833275	-44.3124	-43.4792
spk_ver/v08/v0829	SES172	0.493587	-44.0729	-44.5665
spk_ver/v08/v0830	SES144	-0.231209	-44.7903	-44.559
spk_ver/v08/v0831	SES183	1.51038	-44.145	-45.6554
spk_ver/v08/v0832	SES144	-3.41178	-49.9311	-46.5193
spk_ver/v08/v0833	SES144	-4.56599	-49.4849	-44.9189
spk_ver/v08/v0834	SES144	-1.25634	-45.8186	-44.5623
spk_ver/v08/v0835	SES144	-2.72058	-48.3673	-45.6467
spk_ver/v08/v0836	SES144	-1.92049	-47.1404	-45.22
spk_ver/v08/v0837	SES144	-2.31836	-46.1181	-43.7998
spk_ver/v08/v0838	SES144	-2.9815	-49.3964	-46.4149
spk_ver/v08/v0839	SES085	0.498276	-43.3883	-43.8865
spk_ver/v08/v0840	SES144	-0.463135	-45.1576	-44.6945
spk_ver/v08/v0841	SES144	-4.41332	-51.1647	-46.7514
spk_ver/v08/v0842	SES144	-3.72718	-48.9285	-45.2013
spk_ver/v08/v0843	SES144	-0.501961	-44.3232	-43.8212
spk_ver/v08/v0844	SES144	-2.43625	-47.4784	-45.0421
spk_ver/v08/v0845	SES144	-4.28838	-48.265	-43.9766
spk_ver/v08/v0846	SES104	1.14177	-44.0549	-45.1966
spk_ver/v08/v0847	SES144	-2.17832	-47.0417	-44.8634
spk_ver/v08/v0848	SES144	-1.50638	-48.3003	-46.794
spk_ver/v08/v0849	SES144	-5.14832	-50.1878	-45.0395
spk_ver/v08/v0850	SES144	-3.43491	-47.8028	-44.3679
spk_ver/v08/v0851	SES144	-0.935444	-45.517	-44.5816
spk_ver/v08/v0852	SES144	-0.403557	-43.7766	-43.373
spk_ver/v08/v0853	SES144	-4.17971	-49.3464	-45.1667
spk_ver/v08/v0854	SES144	-0.769901	-45.3164	-44.5465
spk_ver/v08/v0855	SES144	-0.0579529	-43.3377	-43.2798
spk_ver/v08/v0856	SES082	0.477131	-46.5626	-47.0397
spk_ver/v08/v0857	SES142	2.07658	-42.5407	-44.6173
spk_ver/v08/v0858	SES144	0.0974312	-45.8051	-45.9026
spk_ver/v08/v0859	SES144	-0.993427	-46.1385	-45.1451
spk_ver/v08/v0860	SES146	-2.2358	-48.2645	-46.0287
spk_ver/v08/v0861	SES146	-2.19902	-47.9219	-45.7229
spk_ver/v08/v0862	SES146	-2.60984	-48.3423	-45.7325
spk_ver/v08/v0863	SES146	-2.47112	-48.0051	-45.534
spk_ver/v08/v0864	SES146	-2.60851	-47.1582	-44.5497
spk_ver/v08/v0865	SES008	1.79289	-41.7927	-43.5856
spk_ver/v08/v0866	SES142	0.808804	-44.0036	-44.8124
spk_ver/v08/v0867	SES146	-1.87163	-46.2231	-44.3514
spk_ver/v08/v0868	SES082	1.73515	-42.4538	-44.189
spk_ver/v08/v0869	SES146	-1.3737	-45.4978	-44.1241
spk_ver/v08/v0870	SES146	-2.56334	-48.3143	-45.751
spk_ver/v08/v0871	SES146	-3.21091	-48.7641	-45.5532
spk_ver/v08/v0872	SES146	-3.49253	-49.7989	-46.3063
spk_ver/v08/v0873	SES082	1.77528	-42.0367	-43.812
spk_ver/v08/v0874	SES146	-1.93072	-47.321	-45.3903
spk_ver/v08/v0875	SES144	0.365192	-44.6324	-44.9976
spk_ver/v08/v0876	SES146	-1.75401	-44.4676	-42.7136
spk_ver/v08/v0877	SES146	-2.50325	-47.5349	-45.0317
spk_ver/v08/v0878	SES146	-2.19742	-46.9424	-44.745
spk_ver/v08/v0879	SES146	-2.31379	-46.5408	-44.227
spk_ver/v08/v0880	SES146	-2.24367	-47.255	-45.0114
spk_ver/v08/v0881	SES143	0.682274	-43.8086	-44.4908
spk_ver/v08/v0882	SES146	-0.912983	-46.0986	-45.1856
spk_ver/v08/v0883	SES147	-3.09771	-46.8211	-43.7234
spk_ver/v08/v0884	SES147	-1.19407	-45.2231	-44.0291
spk_ver/v08/v0885	SES016	0.974533	-43.2165	-44.1911
spk_ver/v08/v0886	SES147	-1.43464	-46.8311	-45.3965
spk_ver/v08/v0887	SES147	-1.91451	-46.641	-44.7265
spk_ver/v08/v0888	SES147	-2.03235	-47.8427	-45.8103
spk_ver/v08/v0889	SES019	1.9147	-43.527	-45.4417
spk_ver/v08/v0890	SES147	-2.73254	-48.2492	-45.5166
spk_ver/v08/v0891	SES147	-3.65311	-47.5763	-43.9231
spk_ver/v08/v0892	SES147	-2.88143	-48.0001	-45.1186
spk_ver/v08/v0893	SES270	2.17869	-44.3512	-46.5299
spk_ver/v08/v0894	SES029	0.828842	-43.9774	-44.8063
spk_ver/v08/v0895	SES147	-2.14193	-48.7445	-46.6026
spk_ver/v08/v0896	SES117	0.921722	-44.4632	-45.385
spk_ver/v08/v0897	SES183	1.63213	-44.8912	-46.5234
spk_ver/v08/v0898	SES147	-3.46741	-47.7591	-44.2916
spk_ver/v08/v0899	SES147	-3.02628	-49.5129	-46.4866
spk_ver/v09/v0900	SES087	1.74302	-42.9832	-44.7262
spk_ver/v09/v0901	SES147	-4.12494	-49.8979	-45.773
spk_ver/v09/v0902	SES147	-2.15871	-46.9628	-44.8041
spk_ver/v09/v0903	SES147	-1.95826	-46.462	-44.5037
spk_ver/v09/v0904	SES147	-1.69904	-46.2533	-44.5543
spk_ver/v09/v0905	SES143	0.760067	-43.8844	-44.6444
spk_ver/v09/v0906	SES149	0.0531921	-43.909	-43.9622
spk_ver/v09/v0907	SES148	-0.985783	-45.1944	-44.2086
spk_ver/v09/v0908	SES148	-0.414047	-44.9123	-44.4982
spk_ver/v09/v0909	SES106	2.50354	-43.3862	-45.8898
spk_ver/v09/v0910	SES148	-0.698723	-46.6564	-45.9577
spk_ver/v09/v0911	SES148	-1.82531	-46.649	-44.8237
spk_ver/v09/v0912	SES142	0.891064	-43.795	-44.6861
spk_ver/v09/v0913	SES148	-2.71084	-48.4682	-45.7574
spk_ver/v09/v0914	SES148	-2.00319	-46.6576	-44.6544
spk_ver/v09/v0915	SES148	-2.24736	-47.9121	-45.6648
spk_ver/v09/v0916	SES148	-2.17426	-48.1561	-45.9818
spk_ver/v09/v0917	SES148	0.763653	-44.0078	-44.7714
spk_ver/v09/v0918	SES148	-0.322746	-44.238	-43.9152
spk_ver/v09/v0919	SES270	1.48436	-44.3329	-45.8172
spk_ver/v09/v0920	SES148	-1.07831	-45.1215	-44.0432
spk_ver/v09/v0921	SES148	-2.35898	-46.6901	-44.3311
spk_ver/v09/v0922	SES129	1.23838	-42.4764	-43.7148
spk_ver/v09/v0923	SES117	0.898197	-43.4179	-44.3161
spk_ver/v09/v0924	SES042	2.76957	-41.9404	-44.71
spk_ver/v09/v0925	SES148	-2.66614	-49.1979	-46.5317
spk_ver/v09/v0926	SES148	-2.95679	-49.3461	-46.3893
spk_ver/v09/v0927	SES144	0.87962	-43.7234	-44.603
spk_ver/v09/v0928	SES007	0.90118	-43.8031	-44.7043
spk_ver/v09/v0929	SES148	-1.66579	-45.2621	-43.5963
spk_ver/v09/v0930	SES148	-1.14762	-45.1755	-44.0279
spk_ver/v09/v0931	SES148	-1.52021	-47.0476	-45.5274
spk_ver/v09/v0932	SES202	1.13105	-43.0779	-44.209
spk_ver/v09/v0933	SES148	-0.55304	-44.5782	-44.0251
spk_ver/v09/v0934	SES148	-2.41458	-46.5137	-44.0991
spk_ver/v09/v0935	SES060	1.38787	-42.5649	-43.9528
spk_ver/v09/v0936	SES060	1.75557	-42.7955	-44.551
spk_ver/v09/v0937	SES148	-1.37199	-45.6779	-44.3059
spk_ver/v09/v0938	SES148	-1.47942	-46.4322	-44.9528
spk_ver/v09/v0939	SES148	-1.81386	-46.1081	-44.2942
spk_ver/v09/v0940	SES148	-1.89398	-45.908	-44.014
spk_ver/v09/v0941	SES149	-2.68097	-47.4822	-44.8012
spk_ver/v09/v0942	SES149	-3.3589	-46.9779	-43.619
spk_ver/v09/v0943	SES149	-4.41777	-49.4887	-45.0709
spk_ver/v09/v0944	SES149	-1.72303	-46.1644	-44.4414
spk_ver/v09/v0945	SES105	0.708416	-43.474	-44.1825
spk_ver/v09/v0946	SES149	-2.83852	-47.5822	-44.7437
spk_ver/v09/v0947	SES149	-3.39637	-49.5393	-46.1429
spk_ver/v09/v0948	SES149	-4.19613	-48.2066	-44.0105
spk_ver/v09/v0949	SES149	-2.08652	-44.9928	-42.9063
spk_ver/v09/v0950	SES226	1.0834	-43.1633	-44.2467
spk_ver/v09/v0951	SES149	-3.95446	-49.2707	-45.3162
spk_ver/v09/v0952	SES149	-3.1492	-48.2013	-45.0521
spk_ver/v09/v0953	SES062	0.960472	-42.4343	-43.3948
spk_ver/v09/v0954	SES149	-3.4081	-48.67	-45.2619
spk_ver/v09/v0955	SES048	0.16946	-43.6694	-43.8388
spk_ver/v09/v0956	SES158	-0.64827	-45.4782	-44.8299
spk_ver/v09/v0957	SES158	-3.3216	-49.263	-45.9414
spk_ver/v09/v0958	SES158	-0.823906	-44.4849	-43.661
spk_ver/v09/v0959	SES158	-1.76604	-46.5413	-44.7753
spk_ver/v09/v0960	SES158	-5.31928	-51.0236	-45.7043
spk_ver/v09/v0961	SES147	1.31906	-44.5956	-45.9146
spk_ver/v09/v0962	SES158	-9.02217	-54.6124	-45.5902
spk_ver/v09/v0963	SES292	0.944607	-43.3428	-44.2874
spk_ver/v09/v0964	SES060	1.66349	-42.3438	-44.0072
spk_ver/v09/v0965	SES002	1.71941	-43.6741	-45.3935
spk_ver/v09/v0966	SES149	1.86224	-42.5515	-44.4137
spk_ver/v09/v0967	SES158	-6.90828	-52.2916	-45.3833
spk_ver/v09/v0968	SES158	-2.39666	-47.6904	-45.2938
spk_ver/v09/v0969	SES275	-0.524414	-46.1128	-45.5884
spk_ver/v09/v0970	SES158	-6.10627	-50.1486	-44.0424
spk_ver/v09/v0971	SES158	-6.6757	-51.1377	-44.462
spk_ver/v09/v0972	SES002	2.35268	-42.368	-44.7206
spk_ver/v09/v0973	SES158	-6.56053	-50.5097	-43.9491
spk_ver/v09/v0974	SES202	1.02093	-43.5229	-44.5438
spk_ver/v09/v0975	SES158	-7.61951	-53.253	-45.6335
spk_ver/v09/v0976	SES158	-0.141327	-44.888	-44.7467
spk_ver/v09/v0977	SES162	-1.29681	-45.4391	-44.1423
spk_ver/v09/v0978	SES162	-5.46591	-51.4247	-45.9588
spk_ver/v09/v0979	SES162	-4.63343	-50.0953	-45.4618
spk_ver/v09/v0980	SES162	-1.62236	-47.337	-45.7146
spk_ver/v09/v0981	SES162	-1.87653	-47.2801	-45.4036
spk_ver/v09/v0982	SES259	2.3277	-42.0925	-44.4202
spk_ver/v09/v0983	SES162	-2.74079	-50.8491	-48.1083
spk_ver/v09/v0984	SES162	-1.72761	-45.3639	-43.6362
spk_ver/v09/v0985	SES162	-1.3083	-45.3765	-44.0682
spk_ver/v09/v0986	SES062	1.25291	-42.2316	-43.4845
spk_ver/v09/v0987	SES162	-1.32171	-46.2093	-44.8876
spk_ver/v09/v0988	SES162	-3.88172	-48.4972	-44.6155
spk_ver/v09/v0989	SES162	-3.36095	-50.1585	-46.7975
spk_ver/v09/v0990	SES162	-2.6181	-47.2596	-44.6415
spk_ver/v09/v0991	SES087	1.84164	-43.3671	-45.2088
spk_ver/v09/v0992	SES120	0.099617	-44.9902	-45.0898
spk_ver/v09/v0993	SES162	-3.9277	-48.3397	-44.412
spk_ver/v09/v0994	SES162	-1.76132	-45.6499	-43.8886
spk_ver/v09/v0995	SES162	-3.82444	-47.8359	-44.0114
spk_ver/v09/v0996	SES162	-1.61957	-44.5752	-42.9557
spk_ver/v09/v0997	SES162	-4.73771	-49.7085	-44.9708
spk_ver/v09/v0998	SES162	-3.18801	-49.3785	-46.1905
spk_ver/v09/v0999	SES162	-1.66561	-44.3325	-42.6669
spk_ver/v10/v1000	SES162	-3.69161	-48.6009	-44.9093
spk_ver/v10/v1001	SES148	1.17469	-43.9396	-45.1143
spk_ver/v10/v1002	SES162	-0.501045	-45.5955	-45.0945
spk_ver/v10/v1003	SES162	-1.72622	-46.7759	-45.0497
spk_ver/v10/v1004	SES162	-2.09272	-47.483	-45.3903
spk_ver/v10/v1005	SES162	-3.18937	-49.1926	-46.0033
spk_ver/v10/v1006	SES162	-3.16365	-48.2163	-45.0527
spk_ver/v10/v1007	SES162	-1.41933	-46.742	-45.3226
spk_ver/v10/v1008	SES162	-3.05481	-50.4899	-47.4351
spk_ver/v10/v1009	SES162	-4.5129	-49.0594	-44.5465
spk_ver/v10/v1010	SES167	-2.5818	-48.9147	-46.3329
spk_ver/v10/v1011	SES167	-0.423748	-44.8769	-44.4531
spk_ver/v10/v1012	SES167	-1.33419	-46.7272	-45.393
spk_ver/v10/v1013	SES167	-5.84772	-51.0893	-45.2416
spk_ver/v10/v1014	SES167	-0.919529	-44.1258	-43.2063
spk_ver/v10/v1015	SES167	-1.50523	-45.3697	-43.8645
spk_ver/v10/v1016	SES167	-1.48893	-46.1216	-44.6327
spk_ver/v10/v1017	SES167	-1.05215	-45.9828	-44.9306
spk_ver/v10/v1018	SES167	-2.75709	-47.6717	-44.9146
spk_ver/v10/v1019	SES167	-2.4068	-46.3653	-43.9585
spk_ver/v10/v1020	SES167	-5.88546	-51.0232	-45.1377
spk_ver/v10/v1021	SES167	-1.39323	-47.7286	-46.3354
spk_ver/v10/v1022	SES167	-3.95219	-48.884	-44.9318
spk_ver/v10/v1023	SES167	-4.60439	-51.0384	-46.434
spk_ver/v10/v1024	SES167	-4.56263	-51.791	-47.2283
spk_ver/v10/v1025	SES167	-1.39353	-44.9253	-43.5318
spk_ver/v10/v1026	SES167	-2.26967	-47.0528	-44.7832
spk_ver/v10/v1027	SES167	-1.10925	-45.0683	-43.9591
spk_ver/v10/v1028	SES167	-5.30505	-50.0212	-44.7161
spk_ver/v10/v1029	SES167	-3.61946	-48.4768	-44.8573
spk_ver/v10/v1030	SES167	-2.04845	-46.5869	-44.5385
spk_ver/v10/v1031	SES167	-4.81988	-49.9167	-45.0968
spk_ver/v10/v1032	SES167	-5.00628	-49.2387	-44.2325
spk_ver/v10/v1033	SES167	-5.17638	-49.3512	-44.1748
spk_ver/v10/v1034	SES002	2.16177	-41.7433	-43.905
spk_ver/v10/v1035	SES167	-1.47885	-45.3188	-43.8399
spk_ver/v10/v1036	SES083	1.00003	-43.275	-44.275
spk_ver/v10/v1037	SES167	-2.21097	-47.0803	-44.8693
spk_ver/v10/v1038	SES167	-3.49261	-50.1607	-46.6681
spk_ver/v10/v1039	SES167	-1.56093	-46.6027	-45.0417
spk_ver/v10/v1040	SES167	-5.9422	-51.353	-45.4108
spk_ver/v10/v1041	SES167	-1.05919	-46.0359	-44.9767
spk_ver/v10/v1042	SES087	1.79032	-43.7757	-45.566
spk_ver/v10/v1043	SES029	1.34795	-43.2307	-44.5786
spk_ver/v10/v1044	SES206	0.994293	-43.4497	-44.444
spk_ver/v10/v1045	SES172	-3.10925	-48.2355	-45.1262
spk_ver/v10/v1046	SES172	0.932014	-42.8525	-43.7845
spk_ver/v10/v1047	SES172	-0.339584	-44.514	-44.1744
spk_ver/v10/v1048	SES259	2.58718	-41.6051	-44.1923
spk_ver/v10/v1049	SES172	-3.33494	-47.5023	-44.1674
spk_ver/v10/v1050	SES120	1.2905	-44.1236	-45.414
spk_ver/v10/v1051	SES172	-2.30551	-45.9591	-43.6536
spk_ver/v10/v1052	SES172	-3.53913	-48.4598	-44.9207
spk_ver/v10/v1053	SES172	-3.68426	-48.4765	-44.7923
spk_ver/v10/v1054	SES172	-2.58337	-47.2511	-44.6677
spk_ver/v10/v1055	SES189	1.56845	-45.0404	-46.6088
spk_ver/v10/v1056	SES172	-3.32843	-48.4602	-45.1318
spk_ver/v10/v1057	SES172	-1.41967	-45.9363	-44.5166
spk_ver/v10/v1058	SES172	-2.27707	-46.8222	-44.5452
spk_ver/v10/v1059	SES172	-1.53763	-46.1056	-44.5679
spk_ver/v10/v1060	SES029	0.335049	-43.3958	-43.7309
spk_ver/v10/v1061	SES175	-5.49305	-51.2926	-45.7996
spk_ver/v10/v1062	SES187	0.310272	-43.3207	-43.631
spk_ver/v10/v1063	SES019	3.16555	-43.6183	-46.7839
spk_ver/v10/v1064	SES175	-3.96719	-49.0594	-45.0922
spk_ver/v10/v1065	SES175	-4.885	-50.1585	-45.2735
spk_ver/v10/v1066	SES175	-5.94434	-53.3168	-47.3724
spk_ver/v10/v1067	SES175	-1.73241	-46.8985	-45.1661
spk_ver/v10/v1068	SES175	-2.47776	-47.3038	-44.826
spk_ver/v10/v1069	SES016	2.22414	-42.0893	-44.3135
spk_ver/v10/v1070	SES175	-3.33409	-49.2084	-45.8743
spk_ver/v10/v1071	SES175	-1.8676	-45.0212	-43.1536
spk_ver/v10/v1072	SES175	-4.76505	-49.8649	-45.0998
spk_ver/v10/v1073	SES029	0.435295	-43.678	-44.1133
spk_ver/v10/v1074	SES175	-2.43112	-47.6005	-45.1694
spk_ver/v10/v1075	SES175	-1.17499	-44.4431	-43.2681
spk_ver/v10/v1076	SES175	-0.781139	-43.8512	-43.0701
spk_ver/v10/v1077	SES175	-3.87208	-47.7555	-43.8834
spk_ver/v10/v1078	SES127	0.981693	-42.1633	-43.145
spk_ver/v10/v1079	SES175	-2.92673	-47.1597	-44.2329
spk_ver/v10/v1080	SES175	-2.02288	-47.4674	-45.4445
spk_ver/v10/v1081	SES175	-3.97279	-49.3591	-45.3863
spk_ver/v10/v1082	SES175	-2.98152	-47.524	-44.5425
spk_ver/v10/v1083	SES007	0.816612	-43.8999	-44.7165
spk_ver/v10/v1084	SES068	0.81884	-42.6664	-43.4853
spk_ver/v10/v1085	SES008	1.12506	-42.6104	-43.7355
spk_ver/v10/v1086	SES175	-1.05519	-44.0844	-43.0292
spk_ver/v10/v1087	SES175	-3.08554	-47.6948	-44.6092
spk_ver/v10/v1088	SES008	1.56506	-42.4817	-44.0467
spk_ver/v10/v1089	SES177	-1.84026	-45.2343	-43.394
spk_ver/v10/v1090	SES177	-2.7375	-47.1534	-44.4159
spk_ver/v10/v1091	SES177	-2.80663	-48.6299	-45.8233
spk_ver/v10/v1092	SES177	-0.999054	-45.2667	-44.2676
spk_ver/v10/v1093	SES177	-3.90523	-49.0426	-45.1374
spk_ver/v10/v1094	SES002	1.78434	-42.9496	-44.7339
spk_ver/v10/v1095	SES104	1.35036	-43.9523	-45.3027
spk_ver/v10/v1096	SES177	-0.677628	-45.1144	-44.4368
spk_ver/v10/v1097	SES177	-1.59762	-47.773	-46.1754
spk_ver/v10/v1098	SES177	-1.95952	-45.9291	-43.9696
spk_ver/v10/v1099	SES177	-0.462177	-44.3117	-43.8495
spk_ver/v11/v1100	SES177	-2.9014	-48.2598	-45.3584
spk_ver/v11/v1101	SES085	0.0176392	-43.682	-43.6997
spk_ver/v11/v1102	SES187	0.727188	-44.0178	-44.745
spk_ver/v11/v1103	SES177	-1.11964	-46.0452	-44.9256
spk_ver/v11/v1104	SES177	0.619278	-43.0233	-43.6426
spk_ver/v11/v1105	SES177	-0.358582	-43.7879	-43.4293
spk_ver/v11/v1106	SES177	-1.2675	-45.9032	-44.6357
spk_ver/v11/v1107	SES177	-0.803486	-44.8249	-44.0214
spk_ver/v11/v1108	SES177	-1.05135	-45.3928	-44.3414
spk_ver/v11/v1109	SES125	1.70568	-42.5747	-44.2804
spk_ver/v11/v1110	SES177	-2.34946	-47.1016	-44.7521
spk_ver/v11/v1111	SES177	-1.20277	-45.3539	-44.1512
spk_ver/v11/v1112	SES177	-1.3919	-45.9056	-44.5137
spk_ver/v11/v1113	SES177	-3.71635	-48.3362	-44.6199
spk_ver/v11/v1114	SES177	-1.5203	-47.2197	-45.6994
spk_ver/v11/v1115	SES177	-1.55285	-47.2405	-45.6877
spk_ver/v11/v1116	SES085	0.63533	-42.5194	-43.1548
spk_ver/v11/v1117	SES147	0.727325	-44.3406	-45.0679
spk_ver/v11/v1118	SES177	-0.974525	-45.6676	-44.6931
spk_ver/v11/v1119	SES177	-2.23547	-46.6486	-44.4131
spk_ver/v11/v1120	SES180	-4.28486	-49.7022	-45.4174
spk_ver/v11/v1121	SES189	1.01206	-45.1058	-46.1179
spk_ver/v11/v1122	SES117	0.642502	-46.1559	-46.7984
spk_ver/v11/v1123	SES129	2.07791	-42.1269	-44.2048
spk_ver/v11/v1124	SES180	-2.03005	-47.1813	-45.1513
spk_ver/v11/v1125	SES180	-0.97681	-44.4814	-43.5046
spk_ver/v11/v1126	SES180	-0.953346	-44.8902	-43.9369
spk_ver/v11/v1127	SES180	-1.85904	-46.9635	-45.1045
spk_ver/v11/v1128	SES016	0.955986	-44.2861	-45.2421
spk_ver/v11/v1129	SES158	1.27313	-43.5064	-44.7796
spk_ver/v11/v1130	SES180	-2.28154	-47.0484	-44.7668
spk_ver/v11/v1131	SES180	-2.96651	-46.8879	-43.9214
spk_ver/v11/v1132	SES180	-2.032	-47.6425	-45.6105
spk_ver/v11/v1133	SES180	-2.75491	-46.8069	-44.052
spk_ver/v11/v1134	SES180	-1.75773	-47.4494	-45.6916
spk_ver/v11/v1135	SES180	-1.384	-44.8605	-43.4765
spk_ver/v11/v1136	SES180	-4.89029	-51.639	-46.7487
spk_ver/v11/v1137	SES148	0.377758	-43.8121	-44.1898
spk_ver/v11/v1138	SES104	1.49913	-42.1296	-43.6287
spk_ver/v11/v1139	SES180	-3.19942	-48.1712	-44.9718
spk_ver/v11/v1140	SES083	1.00678	-43.4288	-44.4356
spk_ver/v11/v1141	SES180	-4.0788	-49.1807	-45.1019
spk_ver/v11/v1142	SES180	-2.49134	-47.4205	-44.9291
spk_ver/v11/v1143	SES180	-3.10245	-48.5914	-45.489
spk_ver/v11/v1144	SES099	2.0878	-44.0033	-46.0911
spk_ver/v11/v1145	SES180	-1.93563	-46.3075	-44.3718
spk_ver/v11/v1146	SES183	-2.76497	-47.9665	-45.2015
spk_ver/v11/v1147	SES183	-0.987915	-45.3357	-44.3477
spk_ver/v11/v1148	SES183	-3.83486	-50.7465	-46.9116
spk_ver/v11/v1149	SES183	-3.90453	-49.7313	-45.8268
spk_ver/v11/v1150	SES183	-4.22562	-50.0001	-45.7744
spk_ver/v11/v1151	SES082	1.46698	-43.3474	-44.8144
spk_ver/v11/v1152	SES183	-2.00934	-48.1931	-46.1837
spk_ver/v11/v1153	SES183	-2.07838	-46.1231	-44.0447
spk_ver/v11/v1154	SES002	2.07764	-42.1342	-44.2118
spk_ver/v11/v1155	SES183	-2.22515	-47.2765	-45.0513
spk_ver/v11/v1156	SES183	-4.52167	-50.9244	-46.4027
spk_ver/v11/v1157	SES183	-1.69789	-44.9193	-43.2214
spk_ver/v11/v1158	SES183	-0.432545	-44.6062	-44.1737
spk_ver/v11/v1159	SES183	-2.67559	-47.7144	-45.0388
spk_ver/v11/v1160	SES183	-4.27967	-49.1292	-44.8495
spk_ver/v11/v1161	SES183	-3.54927	-49.6908	-46.1416
spk_ver/v11/v1162	SES105	1.34565	-43.5974	-44.9431
spk_ver/v11/v1163	SES183	-4.47914	-49.6903	-45.2111
spk_ver/v11/v1164	SES259	2.20596	-42.4657	-44.6717
spk_ver/v11/v1165	SES183	-2.11388	-47.6307	-45.5168
spk_ver/v11/v1166	SES183	-4.049	-48.6151	-44.5661
spk_ver/v11/v1167	SES183	-2.11395	-46.9299	-44.816
spk_ver/v11/v1168	SES183	-2.08445	-45.9324	-43.8479
spk_ver/v11/v1169	SES183	-4.93626	-49.4248	-44.4885
spk_ver/v11/v1170	SES183	-4.04011	-47.6693	-43.6292
spk_ver/v11/v1171	SES183	-6.30798	-53.069	-46.761
spk_ver/v11/v1172	SES187	-2.2937	-47.0418	-44.7481
spk_ver/v11/v1173	SES019	3.18832	-43.6805	-46.8688
spk_ver/v11/v1174	SES187	-4.89975	-51.443	-46.5433
spk_ver/v11/v1175	SES187	-1.40868	-47.3003	-45.8917
spk_ver/v11/v1176	SES083	0.570969	-42.3336	-42.9045
spk_ver/v11/v1177	SES187	-4.56665	-51.5013	-46.9346
spk_ver/v11/v1178	SES187	-4.3176	-49.3046	-44.987
spk_ver/v11/v1179	SES187	-2.80908	-48.3525	-45.5434
spk_ver/v11/v1180	SES187	-0.510986	-45.4958	-44.9848
spk_ver/v11/v1181	SES187	-3.73345	-48.0899	-44.3564
spk_ver/v11/v1182	SES187	-0.459984	-44.0881	-43.6281
spk_ver/v11/v1183	SES187	-2.3211	-47.2267	-44.9056
spk_ver/v11/v1184	SES187	0.172043	-44.3913	-44.5633
spk_ver/v11/v1185	SES127	0.502975	-43.6507	-44.1537
spk_ver/v11/v1186	SES187	-0.657509	-44.4307	-43.7732
spk_ver/v11/v1187	SES187	-0.955223	-44.1564	-43.2011
spk_ver/v11/v1188	SES187	-2.20644	-47.633	-45.4265
spk_ver/v11/v1189	SES042	2.40593	-42.2962	-44.7021
spk_ver/v11/v1190	SES187	-0.780197	-44.6568	-43.8767
spk_ver/v11/v1191	SES187	-3.85983	-50.6008	-46.741
spk_ver/v11/v1192	SES187	-3.60851	-49.0907	-45.4822
spk_ver/v11/v1193	SES183	0.770531	-44.0845	-44.855
spk_ver/v11/v1194	SES187	-2.08834	-47.2604	-45.1721
spk_ver/v11/v1195	SES187	-3.99068	-49.4598	-45.4691
spk_ver/v11/v1196	SES146	0.932186	-44.847	-45.7792
spk_ver/v11/v1197	SES189	-3.72829	-48.5342	-44.8059
spk_ver/v11/v1198	SES175	1.22066	-43.9199	-45.1406
spk_ver/v11/v1199	SES189	-3.44754	-49.628	-46.1804
spk_ver/v12/v1200	SES189	-1.86353	-45.0715	-43.208
spk_ver/v12/v1201	SES177	0.931046	-42.7764	-43.7075
spk_ver/v12/v1202	SES189	-1.11097	-46.5178	-45.4068
spk_ver/v12/v1203	SES143	0.879597	-43.7452	-44.6248
spk_ver/v12/v1204	SES189	-2.4742	-46.8155	-44.3413
spk_ver/v12/v1205	SES189	-1.85137	-45.5323	-43.681
spk_ver/v12/v1206	SES189	-4.46635	-51.18	-46.7136
spk_ver/v12/v1207	SES189	-2.82607	-46.7766	-43.9506
spk_ver/v12/v1208	SES189	-3.03756	-46.1166	-43.0791
spk_ver/v12/v1209	SES189	-4.31992	-50.4379	-46.118
spk_ver/v12/v1210	SES189	-0.250389	-45.5258	-45.2754
spk_ver/v12/v1211	SES062	1.50143	-42.0768	-43.5783
spk_ver/v12/v1212	SES189	-2.2253	-45.8587	-43.6334
spk_ver/v12/v1213	SES048	1.46408	-42.6835	-44.1476
spk_ver/v12/v1214	SES042	2.63035	-41.5814	-44.2118
spk_ver/v12/v1215	SES008	1.93181	-41.7906	-43.7224
spk_ver/v12/v1216	SES202	-4.06683	-48.0155	-43.9487
spk_ver/v12/v1217	SES202	-2.71084	-48.4699	-45.7591
spk_ver/v12/v1218	SES085	1.13467	-41.5327	-42.6674
spk_ver/v12/v1219	SES202	-1.24135	-44.8639	-43.6226
spk_ver/v12/v1220	SES202	-3.39624	-47.2675	-43.8712
spk_ver/v12/v1221	SES202	-1.86541	-47.582	-45.7166
spk_ver/v12/v1222	SES202	-5.99848	-52.1796	-46.1811
spk_ver/v12/v1223	SES158	1.00361	-43.6606	-44.6642
spk_ver/v12/v1224	SES202	-1.22789	-47.1624	-45.9345
spk_ver/v12/v1225	SES202	-5.12963	-49.6398	-44.5102
spk_ver/v12/v1226	SES202	-4.10063	-48.7653	-44.6647
spk_ver/v12/v1227	SES202	-3.62009	-49.0423	-45.4222
spk_ver/v12/v1228	SES177	0.385048	-43.9987	-44.3837
spk_ver/v12/v1229	SES202	-3.99787	-48.8315	-44.8336
spk_ver/v12/v1230	SES202	-1.45268	-46.0198	-44.5672
spk_ver/v12/v1231	SES202	-4.22134	-49.9168	-45.6955
spk_ver/v12/v1232	SES202	-1.3943	-48.5996	-47.2053
spk_ver/v12/v1233	SES206	1.53368	-42.4393	-43.973
spk_ver/v12/v1234	SES202	-5.03969	-50.3025	-45.2628
spk_ver/v12/v1235	SES202	-1.88585	-45.9254	-44.0395
spk_ver/v12/v1236	SES125	2.25036	-42.8564	-45.1068
spk_ver/v12/v1237	SES127	1.07662	-43.0213	-44.0979
spk_ver/v12/v1238	SES202	1.98851	-42.1272	-44.1157
spk_ver/v12/v1239	SES167	1.34514	-42.3576	-43.7028
spk_ver/v12/v1240	SES206	-10.5015	-55.6096	-45.1081
spk_ver/v12/v1241	SES206	-8.4166	-53.8277	-45.4111
spk_ver/v12/v1242	SES206	-0.539207	-44.9495	-44.4103
spk_ver/v12/v1243	SES206	-2.16339	-47.678	-45.5146
spk_ver/v12/v1244	SES259	2.55492	-42.6991	-45.254
spk_ver/v12/v1245	SES206	-3.52387	-47.8039	-44.2801
spk_ver/v12/v1246	SES206	-5.22054	-49.4903	-44.2697
spk_ver/v12/v1247	SES206	-0.408218	-45.0757	-44.6675
spk_ver/v12/v1248	SES206	-10.582	-56.5358	-45.9538
spk_ver/v12/v1249	SES270	2.52953	-43.6251	-46.1546
spk_ver/v12/v1250	SES206	-7.11808	-51.9559	-44.8378
spk_ver/v12/v1251	SES206	-4.76736	-48.5254	-43.758
spk_ver/v12/v1252	SES206	-4.00753	-48.5733	-44.5658
spk_ver/v12/v1253	SES206	-0.961666	-45.5354	-44.5737
spk_ver/v12/v1254	SES206	-0.997368	-46.03	-45.0326
spk_ver/v12/v1255	SES125	1.53	-42.9245	-44.4545
spk_ver/v12/v1256	SES206	-10.3814	-54.6749	-44.2935
spk_ver/v12/v1257	SES206	-6.46165	-49.9999	-43.5383
spk_ver/v12/v1258	SES206	-1.73785	-47.4006	-45.6628
spk_ver/v12/v1259	SES206	-7.84634	-52.4475	-44.6012
spk_ver/v12/v1260	SES206	-10.9617	-56.4916	-45.5299
spk_ver/v12/v1261	SES206	-7.54236	-51.4824	-43.9401
spk_ver/v12/v1262	SES206	-8.47592	-53.3862	-44.9103
spk_ver/v12/v1263	SES206	-6.15331	-50.2251	-44.0718
spk_ver/v12/v1264	SES149	1.16543	-43.4552	-44.6206
spk_ver/v12/v1265	SES206	-0.567081	-47.488	-46.9209
spk_ver/v12/v1266	SES206	-11.9962	-57.3134	-45.3172
spk_ver/v12/v1267	SES206	-0.00310135	-47.4219	-47.4188
spk_ver/v12/v1268	SES206	-3.11757	-48.1429	-45.0253
spk_ver/v12/v1269	SES206	-10.007	-57.3218	-47.3148
spk_ver/v12/v1270	SES206	-12.61	-59.6657	-47.0556
spk_ver/v12/v1271	SES226	-8.46966	-54.5774	-46.1077
spk_ver/v12/v1272	SES226	-0.441856	-44.5774	-44.1355
spk_ver/v12/v1273	SES226	-7.69733	-51.1295	-43.4321
spk_ver/v12/v1274	SES226	-4.86849	-49.6391	-44.7707
spk_ver/v12/v1275	SES226	0.243671	-44.7777	-45.0214
spk_ver/v12/v1276	SES226	-6.20525	-51.132	-44.9268
spk_ver/v12/v1277	SES226	-0.698719	-45.0852	-44.3865
spk_ver/v12/v1278	SES226	0.00304031	-45.6054	-45.6084
spk_ver/v12/v1279	SES226	-6.16406	-49.3965	-43.2324
spk_ver/v12/v1280	SES226	-2.16927	-46.3309	-44.1616
spk_ver/v12/v1281	SES226	-1.16227	-47.1081	-45.9458
spk_ver/v12/v1282	SES226	-1.2623	-47.0613	-45.799
spk_ver/v12/v1283	SES143	1.0494	-43.5078	-44.5572
spk_ver/v12/v1284	SES226	-4.88224	-48.4389	-43.5567
spk_ver/v12/v1285	SES226	-1.41844	-46.2933	-44.8748
spk_ver/v12/v1286	SES226	-1.56531	-46.8164	-45.2511
spk_ver/v12/v1287	SES226	-2.35675	-47.3631	-45.0064
spk_ver/v12/v1288	SES226	-6.05507	-49.7953	-43.7402
spk_ver/v12/v1289	SES104	1.42843	-43.6629	-45.0913
spk_ver/v12/v1290	SES008	2.29259	-43.0452	-45.3377
spk_ver/v12/v1291	SES226	-0.894947	-45.5546	-44.6596
spk_ver/v12/v1292	SES259	-3.10275	-48.9856	-45.8829
spk_ver/v12/v1293	SES062	1.06497	-42.5335	-43.5985
spk_ver/v12/v1294	SES099	1.6377	-44.5176	-46.1553
spk_ver/v12/v1295	SES158	0.976639	-44.4814	-45.458
spk_ver/v12/v1296	SES259	-5.50883	-48.7949	-43.286
spk_ver/v12/v1297	SES259	-2.69033	-48.2315	-45.5412
spk_ver/v12/v1298	SES259	-1.34365	-46.5545	-45.2108
spk_ver/v12/v1299	SES259	-6.22211	-50.6735	-44.4514
spk_ver/v13/v1300	SES120	0.760757	-44.3067	-45.0675
spk_ver/v13/v1301	SES259	-8.46496	-52.9116	-44.4466
spk_ver/v13/v1302	SES259	-8.69232	-53.4112	-44.7188
spk_ver/v13/v1303	SES129	1.10788	-43.4051	-44.513
spk_ver/v13/v1304	SES259	-2.83474	-48.0763	-45.2415
spk_ver/v13/v1305	SES259	-3.14195	-49.0041	-45.8622
spk_ver/v13/v1306	SES106	1.16697	-43.731	-44.898
spk_ver/v13/v1307	SES259	-2.68848	-48.344	-45.6555
spk_ver/v13/v1308	SES259	-0.946011	-46.0571	-45.1111
spk_ver/v13/v1309	SES259	-6.20311	-50.0044	-43.8013
spk_ver/v13/v1310	SES259	-6.65689	-50.0427	-43.3858
spk_ver/v13/v1311	SES259	-6.06179	-49.9338	-43.872
spk_ver/v13/v1312	SES259	-1.52129	-45.3517	-43.8305
spk_ver/v13/v1313	SES144	0.931499	-43.5342	-44.4657
spk_ver/v13/v1314	SES259	-7.78543	-52.5334	-44.748
spk_ver/v13/v1315	SES162	1.23012	-43.0541	-44.2842
spk_ver/v13/v1316	SES206	1.16022	-43.0689	-44.2291
spk_ver/v13/v1317	SES175	0.842266	-44.4322	-45.2745
spk_ver/v13/v1318	SES259	-5.5677	-51.1287	-45.561
spk_ver/v13/v1319	SES259	-7.92659	-52.8461	-44.9195
spk_ver/v13/v1320	SES270	0.310139	-45.1516	-45.4618
spk_ver/v13/v1321	SES101	-0.107841	-43.9866	-43.8787
spk_ver/v13/v1322	SES177	0.309921	-43.189	-43.4989
spk_ver/v13/v1323	SES127	0.784271	-42.1489	-42.9331
spk_ver/v13/v1324	SES270	-6.21792	-51.0713	-44.8533
spk_ver/v13/v1325	SES062	0.987789	-42.7811	-43.7689
spk_ver/v13/v1326	SES270	0.762077	-44.8163	-45.5784
spk_ver/v13/v1327	SES120	-0.165779	-45.3527	-45.1869
spk_ver/v13/v1328	SES270	-3.06207	-49.1443	-46.0823
spk_ver/v13/v1329	SES270	-5.60694	-48.2371	-42.6302
spk_ver/v13/v1330	SES270	0.890846	-45.6051	-46.496
spk_ver/v13/v1331	SES270	-6.05335	-49.3334	-43.28
spk_ver/v13/v1332	SES270	-0.537563	-44.709	-44.1715
spk_ver/v13/v1333	SES270	-0.142036	-46.5898	-46.4478
spk_ver/v13/v1334	SES270	-2.22294	-46.8545	-44.6316
spk_ver/v13/v1335	SES270	0.748169	-44.012	-44.7602
spk_ver/v13/v1336	SES270	-0.655499	-45.3355	-44.68
spk_ver/v13/v1337	SES016	1.13512	-43.2915	-44.4266
spk_ver/v13/v1338	SES270	-4.60816	-48.6424	-44.0342
spk_ver/v13/v1339	SES002	2.07835	-42.0979	-44.1762
spk_ver/v13/v1340	SES105	1.60398	-44.0879	-45.6919
spk_ver/v13/v1341	SES275	-2.72918	-48.513	-45.7839
spk_ver/v13/v1342	SES187	1.61314	-44.0042	-45.6173
spk_ver/v13/v1343	SES275	-2.5391	-47.1979	-44.6588
spk_ver/v13/v1344	SES275	-3.58004	-49.1611	-45.5811
spk_ver/v13/v1345	SES275	-2.65218	-47.912	-45.2598
spk_ver/v13/v1346	SES275	-5.2764	-50.6848	-45.4084
spk_ver/v13/v1347	SES275	-3.9837	-49.8019	-45.8182
spk_ver/v13/v1348	SES180	0.640656	-43.5461	-44.1868
spk_ver/v13/v1349	SES275	-2.59508	-49.3398	-46.7447
spk_ver/v13/v1350	SES275	-0.82906	-44.018	-43.1889
spk_ver/v13/v1351	SES275	-3.32211	-52.2203	-48.8982
spk_ver/v13/v1352	SES275	-1.84848	-46.992	-45.1435
spk_ver/v13/v1353	SES275	-2.28456	-48.9688	-46.6843
spk_ver/v13/v1354	SES189	1.29951	-45.1841	-46.4836
spk_ver/v13/v1355	SES068	0.688404	-42.7107	-43.3991
spk_ver/v13/v1356	SES275	-2.86203	-49.228	-46.366
spk_ver/v13/v1357	SES048	0.569721	-43.7917	-44.3615
spk_ver/v13/v1358	SES226	1.76744	-42.4004	-44.1679
spk_ver/v13/v1359	SES016	0.831017	-43.1512	-43.9822
spk_ver/v13/v1360	SES275	-3.28963	-48.5489	-45.2593
spk_ver/v13/v1361	SES068	0.706837	-42.5963	-43.3031
spk_ver/v13/v1362	SES275	-3.76027	-48.4389	-44.6786
spk_ver/v13/v1363	SES275	-2.72731	-48.0765	-45.3492
spk_ver/v13/v1364	SES275	-2.72768	-49.601	-46.8733
spk_ver/v13/v1365	SES275	-2.29118	-46.2654	-43.9743
spk_ver/v13/v1366	SES187	0.351105	-43.7666	-44.1177
spk_ver/v13/v1367	SES275	-4.32496	-50.7131	-46.3881
spk_ver/v13/v1368	SES125	1.68589	-42.9293	-44.6152
spk_ver/v13/v1369	SES275	-1.72164	-47.507	-45.7853
spk_ver/v13/v1370	SES292	-2.26196	-46.7662	-44.5042
spk_ver/v13/v1371	SES292	-1.7323	-46.442	-44.7097
spk_ver/v13/v1372	SES292	-2.2835	-48.3878	-46.1043
spk_ver/v13/v1373	SES292	-1.75779	-45.9541	-44.1963
spk_ver/v13/v1374	SES101	1.24557	-43.8181	-45.0637
spk_ver/v13/v1375	SES292	-2.20474	-47.1541	-44.9493
spk_ver/v13/v1376	SES292	-2.11713	-45.977	-43.8599
spk_ver/v13/v1377	SES292	-3.8317	-49.7961	-45.9644
spk_ver/v13/v1378	SES292	-0.931751	-45.0255	-44.0938
spk_ver/v13/v1379	SES292	-0.940845	-45.5014	-44.5605
spk_ver/v13/v1380	SES292	-2.27504	-46.9977	-44.7226
spk_ver/v13/v1381	SES292	-2.43932	-45.7713	-43.332
spk_ver/v13/v1382	SES292	-2.0332	-47.5934	-45.5602
spk_ver/v13/v1383	SES292	-1.86389	-46.9675	-45.1036
spk_ver/v13/v1384	SES292	-1.6048	-45.7423	-44.1375
spk_ver/v13/v1385	SES292	-1.65323	-46.247	-44.5938
spk_ver/v13/v1386	SES292	-1.99681	-47.2944	-45.2976
spk_ver/v13/v1387	SES158	2.52164	-44.4405	-46.9622
spk_ver/v13/v1388	SES292	-0.731632	-44.4122	-43.6805
spk_ver/v13/v1389	SES292	-1.01469	-43.577	-42.5624
spk_ver/v13/v1390	SES292	-3.00526	-47.446	-44.4408
spk_ver/v13/v1391	SES292	-2.0058	-46.4742	-44.4684
spk_ver/v13/v1392	SES292	-3.12061	-48.8694	-45.7488
spk_ver/v13/v1393	SES292	-2.27532	-46.9195	-44.6442
spk_ver/v13/v1394	SES292	-2.42661	-47.1973	-44.7707
spk_ver/v13/v1395	SES292	-3.58992	-47.6969	-44.107
spk_ver/v13/v1396	SES117	1.08043	-44.2318	-45.3122
spk_ver/v13/v1397	SES292	-2.75499	-47.1075	-44.3525
spk_ver/v13/v1398	SES292	-2.3523	-48.3373	-45.985
spk_ver/v13/v1399	SES292	-2.2123	-47.0665	-44.8542
