BLOCK00/SES002/SA002S12	SES002	1.2616	15.6166	14.355
BLOCK00/SES002/SA002S13	SES002	2.1733	14.6653	12.492
BLOCK00/SES002/SA002S23	SES002	1.31455	15.2271	13.9126
BLOCK00/SES002/SA002S26	SES002	1.36909	15.2985	13.9294
BLOCK00/SES002/SA002S28	SES002	0.602401	13.8294	13.227
BLOCK00/SES007/SA007S14	SES007	1.93109	17.7489	15.8179
BLOCK00/SES007/SA007S15	SES007	0.706267	15.2108	14.5045
BLOCK00/SES007/SA007S24	SES007	1.19888	15.9346	14.7357
BLOCK00/SES007/SA007S27	SES007	0.796803	14.4593	13.6625
BLOCK00/SES007/SA007S29	SES007	0.403752	15.6514	15.2477
BLOCK00/SES008/SA008S11	SES008	1.43892	16.1437	14.7047
BLOCK00/SES008/SA008S12	SES008	0.615911	15.8079	15.192
BLOCK00/SES008/SA008S19	SES008	2.11658	17.8787	15.7621
BLOCK00/SES008/SA008S22	SES008	1.43878	15.0129	13.5741
BLOCK00/SES008/SA008S29	SES008	2.17728	17.9907	15.8134
BLOCK01/SES014/SA014S10	SES014	2.57853	16.6867	14.1082
BLOCK01/SES014/SA014S12	SES014	3.50626	19.4743	15.968
BLOCK01/SES014/SA014S24	SES014	1.33341	15.8952	14.5618
BLOCK01/SES014/SA014S26	SES014	2.44343	18.6841	16.2407
BLOCK01/SES014/SA014S28	SES014	3.41077	18.9991	15.5883
BLOCK01/SES016/SA016S12	SES016	1.47771	13.8552	12.3775
BLOCK01/SES016/SA016S13	SES016	1.37862	16.1743	14.7957
BLOCK01/SES016/SA016S22	SES016	1.38327	15.6111	14.2278
BLOCK01/SES016/SA016S25	SES016	2.02287	18.4423	16.4194
BLOCK01/SES016/SA016S27	SES016	1.55736	18.021	16.4637
BLOCK01/SES019/SA019S13	SES019	3.40215	15.088	11.6858
BLOCK01/SES019/SA019S14	SES019	2.52495	15.1486	12.6236
BLOCK01/SES019/SA019S22	SES019	3.65438	15.4735	11.8191
BLOCK01/SES019/SA019S25	SES019	3.27688	15.6348	12.3579
BLOCK01/SES019/SA019S29	SES019	4.16985	15.4332	11.2634
BLOCK02/SES029/SA029S11	SES029	1.91763	17.0102	15.0926
BLOCK02/SES029/SA029S12	SES029	0.446222	16.6055	16.1592
BLOCK02/SES029/SA029S20	SES029	1.27189	16.5068	15.2349
BLOCK02/SES029/SA029S25	SES029	0.868059	16.7159	15.8479
BLOCK02/SES029/SA029S28	SES029	0.273581	16.0026	15.729
BLOCK04/SES042/SA042S12	SES042	2.2677	16.7268	14.4591
BLOCK04/SES042/SA042S15	SES042	2.49787	18.1867	15.6888
BLOCK04/SES042/SA042S22	SES042	3.55294	19.3664	15.8135
BLOCK04/SES042/SA042S25	SES042	2.08746	15.678	13.5906
BLOCK04/SES042/SA042S27	SES042	2.0348	17.8401	15.8053
BLOCK04/SES048/SA048S11	SES048	1.49846	17.4796	15.9812
BLOCK04/SES048/SA048S12	SES048	0.977065	16.7523	15.7752
BLOCK04/SES048/SA048S20	SES048	0.676664	17.542	16.8654
BLOCK04/SES048/SA048S23	SES048	1.1665	16.3287	15.1622
BLOCK04/SES048/SA048S27	SES048	0.602623	17.7723	17.1697
BLOCK06/SES060/SA060S11	SES060	1.61715	17.6902	16.0731
BLOCK06/SES060/SA060S12	SES060	0.508947	16.6066	16.0976
BLOCK06/SES060/SA060S22	SES060	-0.515468	14.0769	14.5924
BLOCK06/SES060/SA060S24	SES060	1.55427	17.9251	16.3709
BLOCK06/SES060/SA060S28	SES060	1.42931	19.5232	18.0939
BLOCK06/SES062/SA062S10	SES062	0.463168	16.213	15.7499
BLOCK06/SES062/SA062S11	SES062	1.44919	15.9601	14.5109
BLOCK06/SES062/SA062S21	SES062	1.35458	19.8492	18.4947
BLOCK06/SES062/SA062S26	SES062	1.2052	17.7706	16.5654
BLOCK06/SES062/SA062S29	SES062	1.69893	19.2283	17.5293
BLOCK06/SES068/SA068S14	SES068	0.356262	15.9887	15.6324
BLOCK06/SES068/SA068S15	SES068	1.39492	17.1939	15.799
BLOCK06/SES068/SA068S23	SES068	1.30693	15.9944	14.6875
BLOCK06/SES068/SA068S27	SES068	2.18337	18.0079	15.8245
BLOCK06/SES068/SA068S29	SES068	0.805255	16.1993	15.3941
BLOCK08/SES082/SA082S12	SES082	0.188139	14.2831	14.095
BLOCK08/SES082/SA082S14	SES082	0.389582	13.7799	13.3903
BLOCK08/SES082/SA082S21	SES082	0.352606	14.0564	13.7038
BLOCK08/SES082/SA082S24	SES082	0.658798	14.9432	14.2844
BLOCK08/SES082/SA082S28	SES082	0.75183	14.5455	13.7937
BLOCK08/SES083/SA083S14	SES083	0.270714	16.3344	16.0637
BLOCK08/SES083/SA083S15	SES083	0.91053	16.991	16.0805
BLOCK08/SES083/SA083S24	SES083	0.466786	16.0487	15.5819
BLOCK08/SES083/SA083S26	SES083	1.17464	16.1482	14.9736
BLOCK08/SES083/SA083S29	SES083	-0.0065403	16.1304	16.1369
BLOCK08/SES085/SA085S10	SES085	0.726387	16.8738	16.1474
BLOCK08/SES085/SA085S13	SES085	0.227561	15.4469	15.2193
BLOCK08/SES085/SA085S22	SES085	-0.135908	16.0588	16.1947
BLOCK08/SES085/SA085S26	SES085	0.423389	16.8045	16.3811
BLOCK08/SES085/SA085S28	SES085	1.40054	17.1748	15.7743
BLOCK08/SES087/SA087S15	SES087	1.30492	15.5155	14.2105
BLOCK08/SES087/SA087S16	SES087	1.2997	14.9378	13.6381
BLOCK08/SES087/SA087S24	SES087	1.3873	15.6194	14.2321
BLOCK08/SES087/SA087S26	SES087	1.01842	16.7418	15.7234
BLOCK08/SES087/SA087S29	SES087	1.46376	15.5143	14.0505
BLOCK09/SES099/SA099S15	SES099	1.83867	14.683	12.8443
BLOCK09/SES099/SA099S16	SES099	2.01967	15.0295	13.0098
BLOCK09/SES099/SA099S24	SES099	1.84306	15.5383	13.6952
BLOCK09/SES099/SA099S26	SES099	2.14226	15.8507	13.7084
BLOCK09/SES099/SA099S29	SES099	2.0936	15.8759	13.7823
BLOCK10/SES101/SA101S11	SES101	-0.185712	15.2448	15.4305
BLOCK10/SES101/SA101S13	SES101	1.38282	17.693	16.3102
BLOCK10/SES101/SA101S22	SES101	0.414211	14.2634	13.8492
BLOCK10/SES101/SA101S24	SES101	1.39548	15.6795	14.2841
BLOCK10/SES101/SA101S28	SES101	0.495544	15.5973	15.1017
BLOCK10/SES104/SA104S11	SES104	1.86231	17.4804	15.6181
BLOCK10/SES104/SA104S12	SES104	1.61384	16.1398	14.5259
BLOCK10/SES104/SA104S21	SES104	1.24421	15.5035	14.2593
BLOCK10/SES104/SA104S24	SES104	0.70438	15.0365	14.3321
BLOCK10/SES104/SA104S28	SES104	1.5506	15.902	14.3514
BLOCK10/SES105/SA105S12	SES105	0.770391	14.7057	13.9354
BLOCK10/SES105/SA105S13	SES105	0.721402	15.0458	14.3244
BLOCK10/SES105/SA105S22	SES105	-0.0448284	14.2399	14.2847
BLOCK10/SES105/SA105S26	SES105	1.08615	15.3593	14.2732
BLOCK10/SES105/SA105S29	SES105	1.28677	16.3686	15.0818
BLOCK10/SES106/SA106S09	SES106	1.65304	14.1219	12.4688
BLOCK10/SES106/SA106S11	SES106	1.77085	15.3882	13.6173
BLOCK10/SES106/SA106S22	SES106	4.33492	15.0426	10.7077
BLOCK10/SES106/SA106S27	SES106	1.75002	15.1991	13.4491
BLOCK10/SES106/SA106S29	SES106	1.31847	14.8884	13.5699
BLOCK11/SES117/SA117S12	SES117	0.581143	14.5849	14.0038
BLOCK11/SES117/SA117S13	SES117	0.105	15.5258	15.4208
BLOCK11/SES117/SA117S23	SES117	1.50341	13.3645	11.8611
BLOCK11/SES117/SA117S25	SES117	1.06283	13.8807	12.8179
BLOCK11/SES117/SA117S28	SES117	1.16093	14.1531	12.9922
BLOCK12/SES120/SA120S08	SES120	0.963252	13.4772	12.5139
BLOCK12/SES120/SA120S11	SES120	0.609584	11.3355	10.726
BLOCK12/SES120/SA120S22	SES120	0.3375	15.5481	15.2106
BLOCK12/SES120/SA120S24	SES120	0.843371	14.183	13.3396
BLOCK12/SES120/SA120S28	SES120	-0.314946	11.9821	12.2971
BLOCK12/SES125/SA125S13	SES125	2.02128	15.6526	13.6313
BLOCK12/SES125/SA125S14	SES125	1.1973	14.4548	13.2575
BLOCK12/SES125/SA125S25	SES125	1.69922	14.5982	12.899
BLOCK12/SES125/SA125S27	SES125	2.08187	16.866	14.7841
BLOCK12/SES125/SA125S29	SES125	1.74065	15.341	13.6003
BLOCK12/SES127/SA127S11	SES127	1.21253	16.3807	15.1681
BLOCK12/SES127/SA127S12	SES127	0.178558	17.0097	16.8311
BLOCK12/SES127/SA127S23	SES127	0.454021	16.0666	15.6126
BLOCK12/SES127/SA127S25	SES127	0.348043	15.8447	15.4967
BLOCK12/SES127/SA127S27	SES127	1.32381	16.1431	14.8193
BLOCK12/SES129/SA129S11	SES129	1.91507	18.059	16.1439
BLOCK12/SES129/SA129S12	SES129	1.32847	17.3832	16.0547
BLOCK12/SES129/SA129S22	SES129	1.5909	16.5334	14.9425
BLOCK12/SES129/SA129S27	SES129	1.95478	17.424	15.4692
BLOCK12/SES129/SA129S29	SES129	1.60548	17.5461	15.9406
BLOCK14/SES142/SA142S11	SES142	1.88855	15.395	13.5065
BLOCK14/SES142/SA142S12	SES142	1.35428	14.8822	13.5279
BLOCK14/SES142/SA142S24	SES142	1.48772	15.6574	14.1697
BLOCK14/SES142/SA142S27	SES142	1.55103	16.2451	14.6941
BLOCK14/SES142/SA142S29	SES142	1.72775	16.3259	14.5982
BLOCK14/SES143/SA143S12	SES143	1.27773	16.1624	14.8847
BLOCK14/SES143/SA143S13	SES143	0.693559	15.0604	14.3669
BLOCK14/SES143/SA143S23	SES143	1.23937	15.5128	14.2735
BLOCK14/SES143/SA143S25	SES143	1.76007	17.0025	15.2425
BLOCK14/SES143/SA143S28	SES143	1.17953	15.3433	14.1637
BLOCK14/SES144/SA144S09	SES144	1.37487	16.1096	14.7347
BLOCK14/SES144/SA144S11	SES144	1.3646	15.4161	14.0515
BLOCK14/SES144/SA144S21	SES144	-0.450925	13.5421	13.9931
BLOCK14/SES144/SA144S25	SES144	0.317029	15.3881	15.0711
BLOCK14/SES144/SA144S29	SES144	0.305054	15.8329	15.5278
BLOCK14/SES146/SA146S14	SES146	0.739925	14.6197	13.8798
BLOCK14/SES146/SA146S15	SES146	0.689192	14.5884	13.8992
BLOCK14/SES146/SA146S24	SES146	1.19607	15.0955	13.8994
BLOCK14/SES146/SA146S26	SES146	1.19077	15.7031	14.5123
BLOCK14/SES146/SA146S29	SES146	0.797568	13.3219	12.5243
BLOCK14/SES147/SA147S11	SES147	1.85999	15.8489	13.9889
BLOCK14/SES147/SA147S13	SES147	2.28547	17.5797	15.2942
BLOCK14/SES147/SA147S23	SES147	-0.117565	14.544	14.6616
BLOCK14/SES147/SA147S26	SES147	1.2145	15.5128	14.2983
BLOCK14/SES147/SA147S28	SES147	0.563612	15.1994	14.6358
BLOCK14/SES148/SA148S10	SES148	0.996155	16.7086	15.7124
BLOCK14/SES148/SA148S12	SES148	0.777197	14.6654	13.8882
BLOCK14/SES148/SA148S22	SES148	1.70688	17.9991	16.2922
BLOCK14/SES148/SA148S26	SES148	0.279034	16.8784	16.5993
BLOCK14/SES148/SA148S29	SES148	0.296592	16.024	15.7275
BLOCK14/SES149/SA149S13	SES149	-0.171428	15.3383	15.5097
BLOCK14/SES149/SA149S14	SES149	0.621708	16.978	16.3563
BLOCK14/SES149/SA149S24	SES149	1.45928	17.1412	15.6819
BLOCK14/SES149/SA149S26	SES149	1.40115	17.7439	16.3428
BLOCK14/SES149/SA149S28	SES149	1.90796	19.0777	17.1698
BLOCK15/SES158/SA158S13	SES158	1.21993	13.9585	12.7385
BLOCK15/SES158/SA158S14	SES158	3.34736	14.1826	10.8352
BLOCK15/SES158/SA158S23	SES158	1.56395	14.9851	13.4212
BLOCK15/SES158/SA158S26	SES158	2.52755	13.9369	11.4093
BLOCK15/SES158/SA158S28	SES158	1.319	14.2492	12.9302
BLOCK16/SES162/SA162S10	SES162	2.04595	14.3314	12.2854
BLOCK16/SES162/SA162S11	SES162	1.31378	16.2128	14.8991
BLOCK16/SES162/SA162S21	SES162	2.12558	15.9201	13.7945
BLOCK16/SES162/SA162S24	SES162	1.20719	15.3629	14.1557
BLOCK16/SES162/SA162S27	SES162	1.71964	14.7819	13.0622
BLOCK16/SES167/SA167S14	SES167	1.04094	17.7681	16.7272
BLOCK16/SES167/SA167S15	SES167	1.22697	17.1677	15.9407
BLOCK16/SES167/SA167S21	SES167	1.57664	17.317	15.7403
BLOCK16/SES167/SA167S25	SES167	1.92461	17.5384	15.6138
BLOCK16/SES167/SA167S29	SES167	2.08662	19.1695	17.0829
BLOCK17/SES172/SA172S12	SES172	2.12913	16.6755	14.5463
BLOCK17/SES172/SA172S13	SES172	2.26983	16.5046	14.2348
BLOCK17/SES172/SA172S23	SES172	1.29706	16.8478	15.5508
BLOCK17/SES172/SA172S27	SES172	1.26697	15.8026	14.5356
BLOCK17/SES172/SA172S29	SES172	2.02193	16.8928	14.8708
BLOCK17/SES175/SA175S11	SES175	0.24351	16.0349	15.7914
BLOCK17/SES175/SA175S13	SES175	0.691894	16.6678	15.9759
BLOCK17/SES175/SA175S23	SES175	0.83559	16.7601	15.9245
BLOCK17/SES175/SA175S25	SES175	0.497154	14.0912	13.5941
BLOCK17/SES175/SA175S28	SES175	0.495523	16.2069	15.7113
BLOCK17/SES177/SA177S15	SES177	0.318673	15.3629	15.0442
BLOCK17/SES177/SA177S17	SES177	0.387817	15.4352	15.0474
BLOCK17/SES177/SA177S23	SES177	-0.275853	14.513	14.7889
BLOCK17/SES177/SA177S26	SES177	0.826984	17.9164	17.0894
BLOCK17/SES177/SA177S28	SES177	0.878237	16.2665	15.3882
BLOCK18/SES180/SA180S13	SES180	0.627168	14.764	14.1369
BLOCK18/SES180/SA180S15	SES180	0.986951	15.1477	14.1608
BLOCK18/SES180/SA180S24	SES180	1.43462	17.8264	16.3918
BLOCK18/SES180/SA180S26	SES180	1.15118	16.6373	15.4861
BLOCK18/SES180/SA180S29	SES180	1.15392	15.7321	14.5782
BLOCK18/SES183/SA183S13	SES183	1.56615	15.6879	14.1218
BLOCK18/SES183/SA183S14	SES183	0.0793009	14.8468	14.7675
BLOCK18/SES183/SA183S24	SES183	1.75399	14.8225	13.0685
BLOCK18/SES183/SA183S27	SES183	1.70361	15.6569	13.9533
BLOCK18/SES183/SA183S29	SES183	1.26861	16.1492	14.8806
BLOCK18/SES187/SA187S13	SES187	0.532474	14.7827	14.2502
BLOCK18/SES187/SA187S14	SES187	0.388858	14.367	13.9781
BLOCK18/SES187/SA187S24	SES187	2.31974	15.3968	13.077
BLOCK18/SES187/SA187S27	SES187	1.49747	14.805	13.3076
BLOCK18/SES187/SA187S29	SES187	0.855429	14.5559	13.7005
BLOCK18/SES189/SA189S10	SES189	1.75793	14.8664	13.1085
BLOCK18/SES189/SA189S13	SES189	0.717801	13.8435	13.1257
BLOCK18/SES189/SA189S24	SES189	2.22256	15.3891	13.1666
BLOCK18/SES189/SA189S26	SES189	1.09116	15.9729	14.8817
BLOCK18/SES189/SA189S29	SES189	1.93352	16.1192	14.1857
BLOCK20/SES202/SA202S12	SES202	0.853103	14.2749	13.4218
BLOCK20/SES202/SA202S14	SES202	2.5484	15.9765	13.4281
BLOCK20/SES202/SA202S24	SES202	1.46258	15.4492	13.9866
BLOCK20/SES202/SA202S27	SES202	1.49231	17.3731	15.8808
BLOCK20/SES202/SA202S29	SES202	1.36746	16.9976	15.6302
BLOCK20/SES206/SA206S15	SES206	-0.443912	14.5195	14.9634
BLOCK20/SES206/SA206S17	SES206	1.40842	15.9476	14.5392
BLOCK20/SES206/SA206S24	SES206	2.25857	17.6078	15.3492
BLOCK20/SES206/SA206S27	SES206	2.12248	16.2949	14.1724
BLOCK20/SES206/SA206S29	SES206	1.34484	17.3062	15.9613
BLOCK22/SES226/SA226S12	SES226	1.16196	14.9077	13.7458
BLOCK22/SES226/SA226S13	SES226	0.0241156	14.0206	13.9965
BLOCK22/SES226/SA226S20	SES226	1.75708	14.792	13.035
BLOCK22/SES226/SA226S23	SES226	1.77898	16.1545	14.3755
BLOCK22/SES226/SA226S28	SES226	1.76201	16.3526	14.5906
BLOCK25/SES259/SA259S13	SES259	3.77579	16.7032	12.9274
BLOCK25/SES259/SA259S14	SES259	2.52535	17.0411	14.5158
BLOCK25/SES259/SA259S22	SES259	2.60398	16.6554	14.0514
BLOCK25/SES259/SA259S24	SES259	2.40826	17.2192	14.811
BLOCK25/SES259/SA259S28	SES259	2.63056	16.501	13.8704
BLOCK27/SES270/SA270S14	SES270	2.94775	13.6624	10.7147
BLOCK27/SES270/SA270S16	SES270	1.04082	13.3034	12.2626
BLOCK27/SES270/SA270S22	SES270	3.03813	15.3004	12.2623
BLOCK27/SES270/SA270S26	SES270	1.25883	12.1436	10.8848
BLOCK27/SES270/SA270S28	SES270	1.4292	13.6719	12.2427
BLOCK27/SES275/SA275S17	SES275	1.51612	16.3351	14.819
BLOCK27/SES275/SA275S18	SES275	0.571662	15.5656	14.9939
BLOCK27/SES275/SA275S24	SES275	0.894562	14.6534	13.7588
BLOCK27/SES275/SA275S26	SES275	1.30184	16.1746	14.8727
BLOCK27/SES275/SA275S28	SES275	0.545845	16.0284	15.4825
BLOCK29/SES292/SA292S10	SES292	0.170927	15.2719	15.101
BLOCK29/SES292/SA292S12	SES292	0.227964	14.5509	14.323
BLOCK29/SES292/SA292S22	SES292	0.41323	16.1105	15.6973
BLOCK29/SES292/SA292S24	SES292	0.0864067	15.8755	15.7891
BLOCK29/SES292/SA292S27	SES292	0.118796	15.6001	15.4813
BLOCK00/SES001/SA001S14	SES062	-2.46361	11.7006	14.1642
BLOCK00/SES001/SA001S14	SES082	-2.04918	12.115	14.1642
BLOCK00/SES001/SA001S14	SES106	-1.60153	12.5626	14.1642
BLOCK00/SES001/SA001S14	SES206	-1.24718	12.917	14.1642
BLOCK00/SES001/SA001S15	SES062	-2.6448	11.9845	14.6293
BLOCK00/SES001/SA001S15	SES104	-2.52092	12.1084	14.6293
BLOCK00/SES001/SA001S15	SES106	-1.42446	13.2048	14.6293
BLOCK00/SES001/SA001S15	SES206	-1.18998	13.4393	14.6293
BLOCK00/SES001/SA001S24	SES062	-3.50204	9.11205	12.6141
BLOCK00/SES001/SA001S24	SES082	-1.66163	10.9525	12.6141
BLOCK00/SES001/SA001S24	SES087	-1.63675	10.9773	12.6141
BLOCK00/SES001/SA001S24	SES206	-1.34156	11.2725	12.6141
BLOCK00/SES001/SA001S27	SES062	-2.23935	13.3743	15.6136
BLOCK00/SES001/SA001S27	SES082	-1.74342	13.8702	15.6136
BLOCK00/SES001/SA001S27	SES087	-1.24152	14.3721	15.6136
BLOCK00/SES001/SA001S27	SES206	-1.21734	14.3963	15.6136
BLOCK00/SES001/SA001S29	SES062	-3.61752	9.94654	13.5641
BLOCK00/SES001/SA001S29	SES082	-1.89392	11.6701	13.5641
BLOCK00/SES001/SA001S29	SES158	-0.848386	12.7157	13.5641
BLOCK00/SES001/SA001S29	SES206	-2.03157	11.5325	13.5641
BLOCK00/SES003/SA003S11	SES002	-0.720268	12.5062	13.2265
BLOCK00/SES003/SA003S11	SES019	-2.11703	11.1095	13.2265
BLOCK00/SES003/SA003S11	SES082	-1.2701	11.9564	13.2265
BLOCK00/SES003/SA003S11	SES125	-2.00432	11.2222	13.2265
BLOCK00/SES003/SA003S15	SES016	-2.05641	13.4175	15.4739
BLOCK00/SES003/SA003S15	SES019	-2.70898	12.7649	15.4739
BLOCK00/SES003/SA003S15	SES062	-2.01908	13.4548	15.4739
BLOCK00/SES003/SA003S15	SES206	-1.94733	13.5266	15.4739
BLOCK00/SES003/SA003S22	SES002	-2.40168	12.3289	14.7306
BLOCK00/SES003/SA003S22	SES062	-1.41025	13.3204	14.7306
BLOCK00/SES003/SA003S22	SES082	-2.62395	12.1067	14.7306
BLOCK00/SES003/SA003S22	SES087	-1.45463	13.276	14.7306
BLOCK00/SES003/SA003S25	SES062	-3.27078	9.58362	12.8544
BLOCK00/SES003/SA003S25	SES082	-1.58031	11.2741	12.8544
BLOCK00/SES003/SA003S25	SES087	-0.959476	11.8949	12.8544
BLOCK00/SES003/SA003S25	SES206	-1.52155	11.3329	12.8544
BLOCK00/SES003/SA003S29	SES002	-1.7781	11.2736	13.0517
BLOCK00/SES003/SA003S29	SES062	-3.34221	9.70949	13.0517
BLOCK00/SES003/SA003S29	SES082	-1.69459	11.3571	13.0517
BLOCK00/SES003/SA003S29	SES087	-1.73668	11.315	13.0517
BLOCK00/SES004/SA004S12	SES083	-1.68806	12.8469	14.535
BLOCK00/SES004/SA004S12	SES148	-2.16859	12.3664	14.535
BLOCK00/SES004/SA004S12	SES172	-0.696692	13.8383	14.535
BLOCK00/SES004/SA004S12	SES292	-1.97564	12.5593	14.535
BLOCK00/SES004/SA004S17	SES083	-1.81532	12.6491	14.4644
BLOCK00/SES004/SA004S17	SES162	-1.6283	12.8362	14.4644
BLOCK00/SES004/SA004S17	SES172	-1.01299	13.4515	14.4644
BLOCK00/SES004/SA004S17	SES292	-1.75648	12.708	14.4644
BLOCK00/SES004/SA004S24	SES083	-1.87184	12.968	14.8399
BLOCK00/SES004/SA004S24	SES148	-2.50651	12.3334	14.8399
BLOCK00/SES004/SA004S24	SES172	-0.653517	14.1864	14.8399
BLOCK00/SES004/SA004S24	SES292	-1.41366	13.4262	14.8399
BLOCK00/SES004/SA004S26	SES083	-2.04468	11.9712	14.0159
BLOCK00/SES004/SA004S26	SES127	-1.72625	12.2897	14.0159
BLOCK00/SES004/SA004S26	SES148	-3.27857	10.7373	14.0159
BLOCK00/SES004/SA004S26	SES292	-2.7117	11.3042	14.0159
BLOCK00/SES004/SA004S28	SES083	-1.77099	14.0683	15.8393
BLOCK00/SES004/SA004S28	SES127	-1.27623	14.5631	15.8393
BLOCK00/SES004/SA004S28	SES187	-0.902863	14.9365	15.8393
BLOCK00/SES004/SA004S28	SES292	-2.66662	13.1727	15.8393
BLOCK00/SES006/SA006S10	SES014	-3.33868	6.59065	9.92933
BLOCK00/SES006/SA006S10	SES158	-2.08334	7.84599	9.92933
BLOCK00/SES006/SA006S10	SES226	-3.54254	6.38679	9.92933
BLOCK00/SES006/SA006S10	SES270	-1.19279	8.73654	9.92933
BLOCK00/SES006/SA006S11	SES158	-1.62227	8.93011	10.5524
BLOCK00/SES006/SA006S11	SES226	-3.01768	7.53471	10.5524
BLOCK00/SES006/SA006S11	SES270	-1.07412	9.47827	10.5524
BLOCK00/SES006/SA006S11	SES275	-2.28017	8.27221	10.5524
BLOCK00/SES006/SA006S23	SES062	-3.66756	9.68004	13.3476
BLOCK00/SES006/SA006S23	SES105	-3.52435	9.82324	13.3476
BLOCK00/SES006/SA006S23	SES158	-1.74888	11.5987	13.3476
BLOCK00/SES006/SA006S23	SES275	-2.68607	10.6615	13.3476
BLOCK00/SES006/SA006S26	SES104	-3.93793	8.81404	12.752
BLOCK00/SES006/SA006S26	SES158	-2.04322	10.7087	12.752
BLOCK00/SES006/SA006S26	SES270	-0.397632	12.3543	12.752
BLOCK00/SES006/SA006S26	SES275	-2.69444	10.0575	12.752
BLOCK00/SES006/SA006S28	SES007	-3.19344	8.15139	11.3448
BLOCK00/SES006/SA006S28	SES105	-2.92332	8.42151	11.3448
BLOCK00/SES006/SA006S28	SES158	-2.1064	9.23844	11.3448
BLOCK00/SES006/SA006S28	SES275	-2.91973	8.4251	11.3448
BLOCK00/SES009/SA009S12	SES083	-3.12183	12.3756	15.4975
BLOCK00/SES009/SA009S12	SES148	-2.25514	13.2423	15.4975
BLOCK00/SES009/SA009S12	SES177	-1.17962	14.3179	15.4975
BLOCK00/SES009/SA009S12	SES292	-1.66185	13.8356	15.4975
BLOCK00/SES009/SA009S15	SES007	-0.396311	15.9871	16.3835
BLOCK00/SES009/SA009S15	SES099	-3.87315	12.5103	16.3835
BLOCK00/SES009/SA009S15	SES148	-1.99655	14.3869	16.3835
BLOCK00/SES009/SA009S15	SES172	-1.49836	14.8851	16.3835
BLOCK00/SES009/SA009S24	SES146	-1.51426	13.9268	15.441
BLOCK00/SES009/SA009S24	SES148	-2.40515	13.0359	15.441
BLOCK00/SES009/SA009S24	SES177	-0.608924	14.8321	15.441
BLOCK00/SES009/SA009S24	SES292	-1.42473	14.0163	15.441
BLOCK00/SES009/SA009S26	SES083	-2.83841	12.2795	15.1179
BLOCK00/SES009/SA009S26	SES101	-2.67738	12.4405	15.1179
BLOCK00/SES009/SA009S26	SES120	-1.76654	13.3513	15.1179
BLOCK00/SES009/SA009S26	SES177	-1.08618	14.0317	15.1179
BLOCK00/SES009/SA009S29	SES083	-2.43174	13.9714	16.4031
BLOCK00/SES009/SA009S29	SES101	-1.87403	14.5291	16.4031
BLOCK00/SES009/SA009S29	SES177	-0.850917	15.5522	16.4031
BLOCK00/SES009/SA009S29	SES292	-1.37069	15.0324	16.4031
BLOCK01/SES011/SA011S10	SES019	-1.03366	12.6315	13.6651
BLOCK01/SES011/SA011S10	SES042	0.0446625	13.7098	13.6651
BLOCK01/SES011/SA011S10	SES082	-2.2836	11.3815	13.6651
BLOCK01/SES011/SA011S10	SES206	-1.26728	12.3979	13.6651
BLOCK01/SES011/SA011S11	SES019	-2.78705	10.1295	12.9166
BLOCK01/SES011/SA011S11	SES042	-3.14545	9.77113	12.9166
BLOCK01/SES011/SA011S11	SES082	-2.89139	10.0252	12.9166
BLOCK01/SES011/SA011S11	SES206	-2.26829	10.6483	12.9166
BLOCK01/SES011/SA011S22	SES019	-0.775755	11.9546	12.7304
BLOCK01/SES011/SA011S22	SES042	0.168032	12.8984	12.7304
BLOCK01/SES011/SA011S22	SES082	-2.56379	10.1666	12.7304
BLOCK01/SES011/SA011S22	SES206	-1.40296	11.3274	12.7304
BLOCK01/SES011/SA011S24	SES019	-2.08611	11.3981	13.4842
BLOCK01/SES011/SA011S24	SES042	-0.659681	12.8245	13.4842
BLOCK01/SES011/SA011S24	SES104	-2.19251	11.2917	13.4842
BLOCK01/SES011/SA011S24	SES206	-1.33328	12.1509	13.4842
BLOCK01/SES011/SA011S27	SES082	-0.420339	12.5307	12.951
BLOCK01/SES011/SA011S27	SES087	-2.13201	10.819	12.951
BLOCK01/SES011/SA011S27	SES125	-1.20279	11.7482	12.951
BLOCK01/SES011/SA011S27	SES206	-1.30847	11.6426	12.951
BLOCK01/SES012/SA012S11	SES007	-1.2366	15.2766	16.5132
BLOCK01/SES012/SA012S11	SES082	-2.39108	14.1221	16.5132
BLOCK01/SES012/SA012S11	SES083	-2.5461	13.9671	16.5132
BLOCK01/SES012/SA012S11	SES206	-2.28541	14.2278	16.5132
BLOCK01/SES012/SA012S14	SES082	-1.2192	14.4204	15.6396
BLOCK01/SES012/SA012S14	SES087	-2.49963	13.1399	15.6396
BLOCK01/SES012/SA012S14	SES206	-1.49881	14.1407	15.6396
BLOCK01/SES012/SA012S14	SES292	-2.10054	13.539	15.6396
BLOCK01/SES012/SA012S24	SES082	-0.881371	12.4464	13.3278
BLOCK01/SES012/SA012S24	SES087	-1.60031	11.7274	13.3278
BLOCK01/SES012/SA012S24	SES120	-1.59616	11.7316	13.3278
BLOCK01/SES012/SA012S24	SES206	-1.01356	12.3142	13.3278
BLOCK01/SES012/SA012S26	SES019	-4.09313	11.1411	15.2343
BLOCK01/SES012/SA012S26	SES082	-2.38892	12.8453	15.2343
BLOCK01/SES012/SA012S26	SES206	-0.853534	14.3807	15.2343
BLOCK01/SES012/SA012S26	SES292	-1.44485	13.7894	15.2343
BLOCK01/SES012/SA012S29	SES062	-1.71068	14.3465	16.0572
BLOCK01/SES012/SA012S29	SES082	-1.35887	14.6983	16.0572
BLOCK01/SES012/SA012S29	SES083	-3.62127	12.4359	16.0572
BLOCK01/SES012/SA012S29	SES206	-1.44387	14.6133	16.0572
BLOCK01/SES013/SA013S16	SES062	-4.1967	8.61598	12.8127
BLOCK01/SES013/SA013S16	SES106	-0.955326	11.8574	12.8127
BLOCK01/SES013/SA013S16	SES206	-1.19663	11.6161	12.8127
BLOCK01/SES013/SA013S16	SES226	-0.966337	11.8463	12.8127
BLOCK01/SES013/SA013S17	SES062	-3.9694	10.8903	14.8597
BLOCK01/SES013/SA013S17	SES106	-2.03936	12.8204	14.8597
BLOCK01/SES013/SA013S17	SES206	-0.275607	14.5841	14.8597
BLOCK01/SES013/SA013S17	SES226	-0.323944	14.5358	14.8597
BLOCK01/SES013/SA013S23	SES104	-1.87518	10.7817	12.6569
BLOCK01/SES013/SA013S23	SES106	-0.325782	12.3311	12.6569
BLOCK01/SES013/SA013S23	SES206	-1.20254	11.4543	12.6569
BLOCK01/SES013/SA013S23	SES270	-0.10924	12.5476	12.6569
BLOCK01/SES013/SA013S25	SES042	-1.72153	12.0016	13.7231
BLOCK01/SES013/SA013S25	SES104	-1.70119	12.022	13.7231
BLOCK01/SES013/SA013S25	SES106	-0.391138	13.332	13.7231
BLOCK01/SES013/SA013S25	SES206	-0.850192	12.873	13.7231
BLOCK01/SES013/SA013S29	SES062	-4.6208	8.32292	12.9437
BLOCK01/SES013/SA013S29	SES104	-2.64214	10.3016	12.9437
BLOCK01/SES013/SA013S29	SES106	-0.861602	12.0821	12.9437
BLOCK01/SES013/SA013S29	SES206	-1.09449	11.8492	12.9437
BLOCK02/SES021/SA021S13	SES016	-3.22484	11.8472	15.072
BLOCK02/SES021/SA021S13	SES029	-1.76326	13.3088	15.072
BLOCK02/SES021/SA021S13	SES087	-1.64655	13.4255	15.072
BLOCK02/SES021/SA021S13	SES206	-1.85733	13.2147	15.072
BLOCK02/SES021/SA021S15	SES087	-1.31447	15.1963	16.5108
BLOCK02/SES021/SA021S15	SES125	-1.41973	15.0911	16.5108
BLOCK02/SES021/SA021S15	SES206	-1.29076	15.2201	16.5108
BLOCK02/SES021/SA021S15	SES226	-2.38586	14.125	16.5108
BLOCK02/SES021/SA021S23	SES062	-4.24867	8.6818	12.9305
BLOCK02/SES021/SA021S23	SES087	-1.38618	11.5443	12.9305
BLOCK02/SES021/SA021S23	SES206	-1.80032	11.1302	12.9305
BLOCK02/SES021/SA021S23	SES226	-1.19488	11.7356	12.9305
BLOCK02/SES021/SA021S27	SES002	-1.17458	14.1891	15.3637
BLOCK02/SES021/SA021S27	SES016	-3.83773	11.5259	15.3637
BLOCK02/SES021/SA021S27	SES019	-2.07454	13.2891	15.3637
BLOCK02/SES021/SA021S27	SES062	-2.58617	12.7775	15.3637
BLOCK02/SES021/SA021S29	SES087	-1.23713	13.1891	14.4263
BLOCK02/SES021/SA021S29	SES125	-0.230247	14.196	14.4263
BLOCK02/SES021/SA021S29	SES206	-0.70235	13.7239	14.4263
BLOCK02/SES021/SA021S29	SES226	-1.65713	12.7691	14.4263
BLOCK04/SES043/SA043S09	SES083	-1.39989	12.4684	13.8683
BLOCK04/SES043/SA043S09	SES101	-1.26955	12.5987	13.8683
BLOCK04/SES043/SA043S09	SES144	-0.495842	13.3724	13.8683
BLOCK04/SES043/SA043S09	SES172	-1.81883	12.0494	13.8683
BLOCK04/SES043/SA043S11	SES083	-1.34779	14.2818	15.6296
BLOCK04/SES043/SA043S11	SES101	-1.3874	14.2422	15.6296
BLOCK04/SES043/SA043S11	SES144	-0.483984	15.1456	15.6296
BLOCK04/SES043/SA043S11	SES172	-1.56841	14.0612	15.6296
BLOCK04/SES043/SA043S23	SES083	-1.03524	13.8064	14.8417
BLOCK04/SES043/SA043S23	SES144	-0.350016	14.4917	14.8417
BLOCK04/SES043/SA043S23	SES177	-2.17961	12.6621	14.8417
BLOCK04/SES043/SA043S23	SES275	-1.10395	13.7377	14.8417
BLOCK04/SES043/SA043S26	SES083	-1.07531	13.1505	14.2258
BLOCK04/SES043/SA043S26	SES101	-1.4511	12.7747	14.2258
BLOCK04/SES043/SA043S26	SES144	0.0838985	14.3097	14.2258
BLOCK04/SES043/SA043S26	SES177	-1.43852	12.7873	14.2258
BLOCK04/SES043/SA043S28	SES016	-2.27876	12.9527	15.2315
BLOCK04/SES043/SA043S28	SES083	-0.971929	14.2596	15.2315
BLOCK04/SES043/SA043S28	SES101	-0.641041	14.5905	15.2315
BLOCK04/SES043/SA043S28	SES144	-0.877241	14.3543	15.2315
BLOCK04/SES044/SA044S10	SES127	-2.97558	7.48805	10.4636
BLOCK04/SES044/SA044S10	SES144	-0.617216	9.84642	10.4636
BLOCK04/SES044/SA044S10	SES147	-2.99567	7.46797	10.4636
BLOCK04/SES044/SA044S10	SES148	-1.98973	8.4739	10.4636
BLOCK04/SES044/SA044S11	SES101	-1.17039	11.7765	12.9469
BLOCK04/SES044/SA044S11	SES144	0.0423355	12.9892	12.9469
BLOCK04/SES044/SA044S11	SES147	-2.37997	10.5669	12.9469
BLOCK04/SES044/SA044S11	SES177	-1.4874	11.4595	12.9469
BLOCK04/SES044/SA044S24	SES007	-3.07034	10.1712	13.2415
BLOCK04/SES044/SA044S24	SES101	-1.8375	11.404	13.2415
BLOCK04/SES044/SA044S24	SES147	-2.65067	10.5909	13.2415
BLOCK04/SES044/SA044S24	SES177	-2.47266	10.7689	13.2415
BLOCK04/SES044/SA044S26	SES007	-2.15108	11.4674	13.6184
BLOCK04/SES044/SA044S26	SES016	-1.38884	12.2296	13.6184
BLOCK04/SES044/SA044S26	SES101	-1.063	12.5554	13.6184
BLOCK04/SES044/SA044S26	SES147	-1.89029	11.7282	13.6184
BLOCK04/SES044/SA044S29	SES007	-2.22689	12.7246	14.9514
BLOCK04/SES044/SA044S29	SES101	-0.762585	14.1889	14.9514
BLOCK04/SES044/SA044S29	SES147	-2.19803	12.7534	14.9514
BLOCK04/SES044/SA044S29	SES177	-2.20365	12.7478	14.9514
BLOCK04/SES046/SA046S13	SES101	-0.578606	13.1234	13.702
BLOCK04/SES046/SA046S13	SES144	-0.694122	13.0079	13.702
BLOCK04/SES046/SA046S13	SES147	-1.80545	11.8965	13.702
BLOCK04/SES046/SA046S13	SES177	-1.81537	11.8866	13.702
BLOCK04/SES046/SA046S15	SES048	-0.656277	15.852	16.5083
BLOCK04/SES046/SA046S15	SES083	-0.998237	15.51	16.5083
BLOCK04/SES046/SA046S15	SES120	-2.85357	13.6547	16.5083
BLOCK04/SES046/SA046S15	SES148	-1.88714	14.6211	16.5083
BLOCK04/SES046/SA046S22	SES101	-0.604241	13.8134	14.4177
BLOCK04/SES046/SA046S22	SES144	-0.391839	14.0258	14.4177
BLOCK04/SES046/SA046S22	SES147	-2.43847	11.9792	14.4177
BLOCK04/SES046/SA046S22	SES172	-0.839328	13.5784	14.4177
BLOCK04/SES046/SA046S25	SES083	-1.34782	13.5851	14.9329
BLOCK04/SES046/SA046S25	SES127	-1.50716	13.4258	14.9329
BLOCK04/SES046/SA046S25	SES144	-1.38241	13.5505	14.9329
BLOCK04/SES046/SA046S25	SES148	-1.6953	13.2376	14.9329
BLOCK04/SES046/SA046S28	SES007	-1.90069	12.9054	14.8061
BLOCK04/SES046/SA046S28	SES105	-2.25677	12.5493	14.8061
BLOCK04/SES046/SA046S28	SES147	-1.27124	13.5348	14.8061
BLOCK04/SES046/SA046S28	SES148	-0.950661	13.8554	14.8061
BLOCK04/SES049/SA049S16	SES104	-2.62964	9.61262	12.2423
BLOCK04/SES049/SA049S16	SES106	-2.21666	10.0256	12.2423
BLOCK04/SES049/SA049S16	SES120	-1.50596	10.7363	12.2423
BLOCK04/SES049/SA049S16	SES206	-1.13255	11.1097	12.2423
BLOCK04/SES049/SA049S18	SES099	-1.60217	10.1438	11.746
BLOCK04/SES049/SA049S18	SES104	-3.11629	8.62968	11.746
BLOCK04/SES049/SA049S18	SES125	-4.47973	7.26624	11.746
BLOCK04/SES049/SA049S18	SES206	-2.37322	9.37275	11.746
BLOCK04/SES049/SA049S25	SES087	-1.41477	10.5304	11.9452
BLOCK04/SES049/SA049S25	SES104	-1.16275	10.7824	11.9452
BLOCK04/SES049/SA049S25	SES125	-1.79611	10.149	11.9452
BLOCK04/SES049/SA049S25	SES206	-0.491628	11.4535	11.9452
BLOCK04/SES049/SA049S27	SES099	-0.796139	12.2936	13.0897
BLOCK04/SES049/SA049S27	SES104	-0.498364	12.5913	13.0897
BLOCK04/SES049/SA049S27	SES125	-1.9491	11.1406	13.0897
BLOCK04/SES049/SA049S27	SES206	-1.20191	11.8878	13.0897
BLOCK04/SES049/SA049S29	SES099	-0.509283	13.6004	14.1097
BLOCK04/SES049/SA049S29	SES104	-1.10378	13.0059	14.1097
BLOCK04/SES049/SA049S29	SES125	-1.45694	12.6528	14.1097
BLOCK04/SES049/SA049S29	SES206	-0.727096	13.3826	14.1097
BLOCK06/SES063/SA063S09	SES068	-2.56965	13.3755	15.9451
BLOCK06/SES063/SA063S09	SES083	-0.963662	14.9815	15.9451
BLOCK06/SES063/SA063S09	SES177	-1.58236	14.3628	15.9451
BLOCK06/SES063/SA063S09	SES187	-1.57101	14.3741	15.9451
BLOCK06/SES063/SA063S10	SES068	-2.38109	12.4155	14.7966
BLOCK06/SES063/SA063S10	SES083	-1.63818	13.1584	14.7966
BLOCK06/SES063/SA063S10	SES172	-1.74994	13.0467	14.7966
BLOCK06/SES063/SA063S10	SES187	-1.21605	13.5806	14.7966
BLOCK06/SES063/SA063S20	SES068	-2.15081	12.7448	14.8956
BLOCK06/SES063/SA063S20	SES083	-1.12339	13.7722	14.8956
BLOCK06/SES063/SA063S20	SES172	-0.793211	14.1024	14.8956
BLOCK06/SES063/SA063S20	SES187	-0.653982	14.2416	14.8956
BLOCK06/SES063/SA063S24	SES029	-2.69798	13.7955	16.4934
BLOCK06/SES063/SA063S24	SES083	-0.755322	15.7381	16.4934
BLOCK06/SES063/SA063S24	SES177	-1.06528	15.4282	16.4934
BLOCK06/SES063/SA063S24	SES189	-0.605994	15.8874	16.4934
BLOCK06/SES063/SA063S27	SES083	-0.407299	14.9018	15.3091
BLOCK06/SES063/SA063S27	SES172	-2.12266	13.1864	15.3091
BLOCK06/SES063/SA063S27	SES187	-1.22919	14.0799	15.3091
BLOCK06/SES063/SA063S27	SES292	-2.5211	12.788	15.3091
BLOCK06/SES067/SA067S12	SES083	-1.44014	14.7358	16.176
BLOCK06/SES067/SA067S12	SES172	-1.59967	14.5763	16.176
BLOCK06/SES067/SA067S12	SES202	-1.08268	15.0933	16.176
BLOCK06/SES067/SA067S12	SES292	-1.99218	14.1838	16.176
BLOCK06/SES067/SA067S14	SES085	-1.57893	15.3908	16.9697
BLOCK06/SES067/SA067S14	SES177	-1.80423	15.1655	16.9697
BLOCK06/SES067/SA067S14	SES183	-0.565794	16.4039	16.9697
BLOCK06/SES067/SA067S14	SES202	-1.05381	15.9159	16.9697
BLOCK06/SES067/SA067S21	SES144	-0.916473	13.8004	14.7169
BLOCK06/SES067/SA067S21	SES177	-0.762942	13.9539	14.7169
BLOCK06/SES067/SA067S21	SES183	-0.685261	14.0316	14.7169
BLOCK06/SES067/SA067S21	SES189	-1.22924	13.4876	14.7169
BLOCK06/SES067/SA067S25	SES085	-0.475881	15.6845	16.1603
BLOCK06/SES067/SA067S25	SES177	-1.64749	14.5129	16.1603
BLOCK06/SES067/SA067S25	SES183	-0.730126	15.4302	16.1603
BLOCK06/SES067/SA067S25	SES202	-1.79635	14.364	16.1603
BLOCK06/SES067/SA067S29	SES085	-1.13904	13.9964	15.1355
BLOCK06/SES067/SA067S29	SES177	-1.25842	13.8771	15.1355
BLOCK06/SES067/SA067S29	SES183	0.0136404	15.1491	15.1355
BLOCK06/SES067/SA067S29	SES202	0.0660496	15.2015	15.1355
BLOCK06/SES069/SA069S12	SES029	-2.71133	11.8811	14.5924
BLOCK06/SES069/SA069S12	SES082	-0.36775	14.2247	14.5924
BLOCK06/SES069/SA069S12	SES087	-1.51562	13.0768	14.5924
BLOCK06/SES069/SA069S12	SES206	-1.06494	13.5275	14.5924
BLOCK06/SES069/SA069S13	SES029	-3.69565	11.5015	15.1972
BLOCK06/SES069/SA069S13	SES087	-0.744036	14.4531	15.1972
BLOCK06/SES069/SA069S13	SES206	-0.778164	14.419	15.1972
BLOCK06/SES069/SA069S13	SES226	-0.0139256	15.1832	15.1972
BLOCK06/SES069/SA069S23	SES029	-1.02537	15.6063	16.6317
BLOCK06/SES069/SA069S23	SES087	-0.627361	16.0043	16.6317
BLOCK06/SES069/SA069S23	SES206	-1.34488	15.2868	16.6317
BLOCK06/SES069/SA069S23	SES226	-0.679925	15.9517	16.6317
BLOCK06/SES069/SA069S25	SES087	-1.02275	15.389	16.4117
BLOCK06/SES069/SA069S25	SES206	-2.82921	13.5825	16.4117
BLOCK06/SES069/SA069S25	SES226	-0.827882	15.5839	16.4117
BLOCK06/SES069/SA069S25	SES270	-2.38095	14.0308	16.4117
BLOCK06/SES069/SA069S27	SES087	-1.60992	13.9186	15.5285
BLOCK06/SES069/SA069S27	SES206	-0.6075	14.921	15.5285
BLOCK06/SES069/SA069S27	SES226	0.0997601	15.6283	15.5285
BLOCK06/SES069/SA069S27	SES270	-1.48109	14.0475	15.5285
BLOCK08/SES081/SA081S11	SES060	-2.17641	12.9476	15.124
BLOCK08/SES081/SA081S11	SES062	-1.54849	13.5755	15.124
BLOCK08/SES081/SA081S11	SES117	-3.35499	11.7691	15.124
BLOCK08/SES081/SA081S11	SES162	-2.80074	12.3233	15.124
BLOCK08/SES081/SA081S13	SES016	-1.46928	14.751	16.2202
BLOCK08/SES081/SA081S13	SES060	-0.210394	16.0098	16.2202
BLOCK08/SES081/SA081S13	SES068	-0.978381	15.2419	16.2202
BLOCK08/SES081/SA081S13	SES129	-2.09504	14.1252	16.2202
BLOCK08/SES081/SA081S24	SES060	-1.15881	14.2576	15.4164
BLOCK08/SES081/SA081S24	SES068	-1.15109	14.2654	15.4164
BLOCK08/SES081/SA081S24	SES117	-2.63122	12.7852	15.4164
BLOCK08/SES081/SA081S24	SES275	-2.2419	13.1745	15.4164
BLOCK08/SES081/SA081S27	SES007	-1.08343	13.845	14.9284
BLOCK08/SES081/SA081S27	SES060	-1.65145	13.277	14.9284
BLOCK08/SES081/SA081S27	SES117	-1.65219	13.2762	14.9284
BLOCK08/SES081/SA081S27	SES275	-1.43445	13.494	14.9284
BLOCK08/SES081/SA081S29	SES007	-1.30333	14.0388	15.3421
BLOCK08/SES081/SA081S29	SES060	-1.78284	13.5593	15.3421
BLOCK08/SES081/SA081S29	SES117	-2.21493	13.1272	15.3421
BLOCK08/SES081/SA081S29	SES275	-1.977	13.3651	15.3421
BLOCK08/SES086/SA086S11	SES029	-4.1621	8.09084	12.2529
BLOCK08/SES086/SA086S11	SES082	-1.82935	10.4236	12.2529
BLOCK08/SES086/SA086S11	SES087	-0.305658	11.9473	12.2529
BLOCK08/SES086/SA086S11	SES206	-1.72131	10.5316	12.2529
BLOCK08/SES086/SA086S12	SES029	-3.20027	10.4262	13.6265
BLOCK08/SES086/SA086S12	SES082	-1.91971	11.7067	13.6265
BLOCK08/SES086/SA086S12	SES087	0.243083	13.8695	13.6265
BLOCK08/SES086/SA086S12	SES206	-1.55167	12.0748	13.6265
BLOCK08/SES086/SA086S20	SES029	-4.10193	10.8169	14.9188
BLOCK08/SES086/SA086S20	SES082	-2.49598	12.4229	14.9188
BLOCK08/SES086/SA086S20	SES087	-0.330735	14.5881	14.9188
BLOCK08/SES086/SA086S20	SES206	-0.974795	13.944	14.9188
BLOCK08/SES086/SA086S24	SES087	-0.596776	13.0679	13.6647
BLOCK08/SES086/SA086S24	SES104	-1.90936	11.7553	13.6647
BLOCK08/SES086/SA086S24	SES120	-1.95337	11.7113	13.6647
BLOCK08/SES086/SA086S24	SES206	-0.392372	13.2723	13.6647
BLOCK08/SES086/SA086S28	SES029	-2.80272	12.0052	14.8079
BLOCK08/SES086/SA086S28	SES082	-1.60526	13.2027	14.8079
BLOCK08/SES086/SA086S28	SES087	-0.509124	14.2988	14.8079
BLOCK08/SES086/SA086S28	SES206	-0.528111	14.2798	14.8079
BLOCK08/SES089/SA089S13	SES087	-1.24106	11.6976	12.9387
BLOCK08/SES089/SA089S13	SES206	-1.54938	11.3893	12.9387
BLOCK08/SES089/SA089S13	SES226	-1.12064	11.8181	12.9387
BLOCK08/SES089/SA089S13	SES270	-2.86583	10.0729	12.9387
BLOCK08/SES089/SA089S14	SES062	-2.4392	11.4971	13.9363
BLOCK08/SES089/SA089S14	SES087	-1.16503	12.7713	13.9363
BLOCK08/SES089/SA089S14	SES206	-1.05326	12.8831	13.9363
BLOCK08/SES089/SA089S14	SES226	-1.36106	12.5753	13.9363
BLOCK08/SES089/SA089S23	SES087	-0.935524	10.4619	11.3974
BLOCK08/SES089/SA089S23	SES206	-1.17011	10.2273	11.3974
BLOCK08/SES089/SA089S23	SES226	-1.10547	10.2919	11.3974
BLOCK08/SES089/SA089S23	SES270	-2.94955	8.44782	11.3974
BLOCK08/SES089/SA089S25	SES062	-2.63651	11.1656	13.8021
BLOCK08/SES089/SA089S25	SES087	-0.846138	12.956	13.8021
BLOCK08/SES089/SA089S25	SES206	-2.5035	11.2986	13.8021
BLOCK08/SES089/SA089S25	SES226	-1.03421	12.7679	13.8021
BLOCK08/SES089/SA089S28	SES062	-2.06634	11.7051	13.7714
BLOCK08/SES089/SA089S28	SES087	-0.0905495	13.6809	13.7714
BLOCK08/SES089/SA089S28	SES206	-0.996958	12.7745	13.7714
BLOCK08/SES089/SA089S28	SES226	-0.956047	12.8154	13.7714
BLOCK09/SES097/SA097S11	SES099	0.601938	12.7455	12.1435
BLOCK09/SES097/SA097S11	SES125	-2.46761	9.67593	12.1435
BLOCK09/SES097/SA097S11	SES206	-1.58556	10.558	12.1435
BLOCK09/SES097/SA097S11	SES226	-0.375639	11.7679	12.1435
BLOCK09/SES097/SA097S14	SES062	-2.25417	10.672	12.9262
BLOCK09/SES097/SA097S14	SES099	-0.497544	12.4287	12.9262
BLOCK09/SES097/SA097S14	SES104	-1.53925	11.387	12.9262
BLOCK09/SES097/SA097S14	SES206	-1.45672	11.4695	12.9262
BLOCK09/SES097/SA097S22	SES099	0.468465	12.6259	12.1574
BLOCK09/SES097/SA097S22	SES206	-1.39772	10.7597	12.1574
BLOCK09/SES097/SA097S22	SES226	-1.65847	10.4989	12.1574
BLOCK09/SES097/SA097S22	SES270	0.225664	12.3831	12.1574
BLOCK09/SES097/SA097S26	SES099	0.444763	12.9234	12.4786
BLOCK09/SES097/SA097S26	SES120	-0.753775	11.7248	12.4786
BLOCK09/SES097/SA097S26	SES206	-1.24372	11.2349	12.4786
BLOCK09/SES097/SA097S26	SES226	-1.94345	10.5352	12.4786
BLOCK09/SES097/SA097S28	SES099	-0.56599	13.0382	13.6042
BLOCK09/SES097/SA097S28	SES120	-1.54566	12.0585	13.6042
BLOCK09/SES097/SA097S28	SES206	-2.02103	11.5831	13.6042
BLOCK09/SES097/SA097S28	SES226	-2.58233	11.0218	13.6042
BLOCK09/SES098/SA098S11	SES127	-2.1378	12.2344	14.3722
BLOCK09/SES098/SA098S11	SES144	-1.88159	12.4907	14.3722
BLOCK09/SES098/SA098S11	SES147	-1.3548	13.0174	14.3722
BLOCK09/SES098/SA098S11	SES148	-3.76374	10.6085	14.3722
BLOCK09/SES098/SA098S12	SES127	-3.56065	9.74763	13.3083
BLOCK09/SES098/SA098S12	SES144	-2.84982	10.4585	13.3083
BLOCK09/SES098/SA098S12	SES147	-2.07786	11.2304	13.3083
BLOCK09/SES098/SA098S12	SES189	-2.7139	10.5944	13.3083
BLOCK09/SES098/SA098S20	SES127	-3.7297	9.95082	13.6805
BLOCK09/SES098/SA098S20	SES147	-1.34974	12.3308	13.6805
BLOCK09/SES098/SA098S20	SES148	-3.25383	10.4267	13.6805
BLOCK09/SES098/SA098S20	SES292	-1.78853	11.892	13.6805
BLOCK09/SES098/SA098S23	SES127	-2.18444	11.7893	13.9738
BLOCK09/SES098/SA098S23	SES147	-1.62584	12.3479	13.9738
BLOCK09/SES098/SA098S23	SES187	-1.4581	12.5157	13.9738
BLOCK09/SES098/SA098S23	SES292	-2.10186	11.8719	13.9738
BLOCK09/SES098/SA098S27	SES127	-3.70003	9.8303	13.5303
BLOCK09/SES098/SA098S27	SES147	-3.22335	10.307	13.5303
BLOCK09/SES098/SA098S27	SES148	-3.689	9.84133	13.5303
BLOCK09/SES098/SA098S27	SES292	-1.55938	11.971	13.5303
BLOCK10/SES102/SA102S13	SES101	-1.49634	12.4412	13.9376
BLOCK10/SES102/SA102S13	SES105	-1.90261	12.035	13.9376
BLOCK10/SES102/SA102S13	SES120	-3.27583	10.6617	13.9376
BLOCK10/SES102/SA102S13	SES158	-2.38469	11.5529	13.9376
BLOCK10/SES102/SA102S14	SES007	-1.21602	15.2745	16.4905
BLOCK10/SES102/SA102S14	SES101	-0.212816	16.2777	16.4905
BLOCK10/SES102/SA102S14	SES105	-0.909072	15.5814	16.4905
BLOCK10/SES102/SA102S14	SES147	-3.0673	13.4232	16.4905
BLOCK10/SES102/SA102S22	SES007	-1.99001	14.0017	15.9917
BLOCK10/SES102/SA102S22	SES101	-0.633584	15.3581	15.9917
BLOCK10/SES102/SA102S22	SES105	-1.53532	14.4564	15.9917
BLOCK10/SES102/SA102S22	SES158	-2.53426	13.4574	15.9917
BLOCK10/SES102/SA102S25	SES007	-1.12056	14.7979	15.9185
BLOCK10/SES102/SA102S25	SES101	-0.722662	15.1958	15.9185
BLOCK10/SES102/SA102S25	SES105	-1.47427	14.4442	15.9185
BLOCK10/SES102/SA102S25	SES147	-3.25702	12.6615	15.9185
BLOCK10/SES102/SA102S27	SES007	-1.72	13.1892	14.9092
BLOCK10/SES102/SA102S27	SES101	-0.639986	14.2692	14.9092
BLOCK10/SES102/SA102S27	SES105	-2.03569	12.8735	14.9092
BLOCK10/SES102/SA102S27	SES147	-2.85176	12.0575	14.9092
BLOCK10/SES103/SA103S14	SES105	-2.57095	10.0478	12.6188
BLOCK10/SES103/SA103S14	SES106	-1.40882	11.21	12.6188
BLOCK10/SES103/SA103S14	SES120	-2.14105	10.4777	12.6188
BLOCK10/SES103/SA103S14	SES206	-2.72845	9.89034	12.6188
BLOCK10/SES103/SA103S15	SES099	-1.7204	9.35345	11.0738
BLOCK10/SES103/SA103S15	SES101	-3.72759	7.34625	11.0738
BLOCK10/SES103/SA103S15	SES104	-2.39356	8.68029	11.0738
BLOCK10/SES103/SA103S15	SES125	-2.23406	8.83979	11.0738
BLOCK10/SES103/SA103S24	SES104	-2.5209	11.1969	13.7178
BLOCK10/SES103/SA103S24	SES125	-2.51171	11.2061	13.7178
BLOCK10/SES103/SA103S24	SES148	-2.39888	11.3189	13.7178
BLOCK10/SES103/SA103S24	SES158	-1.38499	12.3328	13.7178
BLOCK10/SES103/SA103S26	SES104	-1.92462	9.99383	11.9185
BLOCK10/SES103/SA103S26	SES106	-1.19003	10.7284	11.9185
BLOCK10/SES103/SA103S26	SES125	-1.77857	10.1399	11.9185
BLOCK10/SES103/SA103S26	SES148	-2.87384	9.04462	11.9185
BLOCK10/SES103/SA103S28	SES104	-2.64513	7.2743	9.91944
BLOCK10/SES103/SA103S28	SES106	-0.615756	9.30368	9.91944
BLOCK10/SES103/SA103S28	SES125	-2.67137	7.24807	9.91944
BLOCK10/SES103/SA103S28	SES206	-3.19923	6.72021	9.91944
BLOCK12/SES121/SA121S12	SES042	-3.92413	8.00414	11.9283
BLOCK12/SES121/SA121S12	SES087	-2.14956	9.77871	11.9283
BLOCK12/SES121/SA121S12	SES105	-1.76863	10.1596	11.9283
BLOCK12/SES121/SA121S12	SES206	-2.04437	9.8839	11.9283
BLOCK12/SES121/SA121S14	SES007	-2.35447	8.10113	10.4556
BLOCK12/SES121/SA121S14	SES105	-2.44849	8.00711	10.4556
BLOCK12/SES121/SA121S14	SES106	-1.83359	8.62202	10.4556
BLOCK12/SES121/SA121S14	SES206	-2.389	8.0666	10.4556
BLOCK12/SES121/SA121S23	SES105	-2.0109	8.58415	10.595
BLOCK12/SES121/SA121S23	SES106	-0.255129	10.3399	10.595
BLOCK12/SES121/SA121S23	SES120	-1.80095	8.79409	10.595
BLOCK12/SES121/SA121S23	SES206	-1.00639	9.58866	10.595
BLOCK12/SES121/SA121S25	SES007	-1.8577	7.49516	9.35286
BLOCK12/SES121/SA121S25	SES105	-2.64968	6.70318	9.35286
BLOCK12/SES121/SA121S25	SES106	-1.48283	7.87003	9.35286
BLOCK12/SES121/SA121S25	SES206	-2.8242	6.52866	9.35286
BLOCK12/SES121/SA121S27	SES087	-1.16667	10.3931	11.5598
BLOCK12/SES121/SA121S27	SES105	-3.8584	7.7014	11.5598
BLOCK12/SES121/SA121S27	SES120	-1.26955	10.2903	11.5598
BLOCK12/SES121/SA121S27	SES206	-1.16917	10.3906	11.5598
BLOCK12/SES124/SA124S16	SES042	-0.926107	12.5671	13.4932
BLOCK12/SES124/SA124S16	SES082	-2.01831	11.4749	13.4932
BLOCK12/SES124/SA124S16	SES183	-2.78829	10.7049	13.4932
BLOCK12/SES124/SA124S16	SES206	-2.21845	11.2748	13.4932
BLOCK12/SES124/SA124S17	SES105	-2.37459	9.18839	11.563
BLOCK12/SES124/SA124S17	SES149	-3.43069	8.13229	11.563
BLOCK12/SES124/SA124S17	SES158	-2.68978	8.8732	11.563
BLOCK12/SES124/SA124S17	SES275	-1.52808	10.0349	11.563
BLOCK12/SES124/SA124S23	SES105	-3.00371	11.0672	14.0709
BLOCK12/SES124/SA124S23	SES125	-0.0842228	13.9867	14.0709
BLOCK12/SES124/SA124S23	SES129	-3.4447	10.6262	14.0709
BLOCK12/SES124/SA124S23	SES158	-0.894554	13.1763	14.0709
BLOCK12/SES124/SA124S26	SES105	-4.14589	8.69703	12.8429
BLOCK12/SES124/SA124S26	SES125	-2.26522	10.5777	12.8429
BLOCK12/SES124/SA124S26	SES129	-3.50637	9.33655	12.8429
BLOCK12/SES124/SA124S26	SES158	-1.39426	11.4487	12.8429
BLOCK12/SES124/SA124S28	SES104	-1.42267	11.791	13.2137
BLOCK12/SES124/SA124S28	SES106	-1.06624	12.1475	13.2137
BLOCK12/SES124/SA124S28	SES125	-0.412645	12.8011	13.2137
BLOCK12/SES124/SA124S28	SES275	-2.42853	10.7852	13.2137
BLOCK12/SES126/SA126S13	SES007	-1.68379	12.1311	13.8149
BLOCK12/SES126/SA126S13	SES162	-3.01563	10.7992	13.8149
BLOCK12/SES126/SA126S13	SES177	-1.96696	11.8479	13.8149
BLOCK12/SES126/SA126S13	SES180	-2.32438	11.4905	13.8149
BLOCK12/SES126/SA126S14	SES144	-1.54321	13.4352	14.9785
BLOCK12/SES126/SA126S14	SES148	-1.78878	13.1897	14.9785
BLOCK12/SES126/SA126S14	SES177	-0.985738	13.9927	14.9785
BLOCK12/SES126/SA126S14	SES180	-2.12108	12.8574	14.9785
BLOCK12/SES126/SA126S20	SES007	-1.63265	13.739	15.3716
BLOCK12/SES126/SA126S20	SES162	-2.58941	12.7822	15.3716
BLOCK12/SES126/SA126S20	SES172	-2.45187	12.9198	15.3716
BLOCK12/SES126/SA126S20	SES180	-2.38453	12.9871	15.3716
BLOCK12/SES126/SA126S24	SES120	-0.506774	14.9566	15.4633
BLOCK12/SES126/SA126S24	SES162	-2.49482	12.9685	15.4633
BLOCK12/SES126/SA126S24	SES177	-1.27873	14.1846	15.4633
BLOCK12/SES126/SA126S24	SES180	-1.41862	14.0447	15.4633
BLOCK12/SES126/SA126S26	SES120	-0.400012	13.438	13.838
BLOCK12/SES126/SA126S26	SES177	-1.56183	12.2762	13.838
BLOCK12/SES126/SA126S26	SES180	-1.55655	12.2814	13.838
BLOCK12/SES126/SA126S26	SES202	-1.89045	11.9475	13.838
BLOCK12/SES128/SA128S10	SES087	-2.36539	11.3576	13.723
BLOCK12/SES128/SA128S10	SES206	-1.3863	12.3367	13.723
BLOCK12/SES128/SA128S10	SES226	-0.951848	12.7711	13.723
BLOCK12/SES128/SA128S10	SES270	-0.584973	13.138	13.723
BLOCK12/SES128/SA128S12	SES120	-1.44526	12.3335	13.7788
BLOCK12/SES128/SA128S12	SES158	-2.78426	10.9945	13.7788
BLOCK12/SES128/SA128S12	SES206	-1.12859	12.6502	13.7788
BLOCK12/SES128/SA128S12	SES226	-1.87796	11.9008	13.7788
BLOCK12/SES128/SA128S21	SES106	-1.23322	11.1173	12.3506
BLOCK12/SES128/SA128S21	SES120	-1.96477	10.3858	12.3506
BLOCK12/SES128/SA128S21	SES206	-0.834681	11.5159	12.3506
BLOCK12/SES128/SA128S21	SES226	-0.86399	11.4866	12.3506
BLOCK12/SES128/SA128S24	SES087	-1.5105	11.8151	13.3256
BLOCK12/SES128/SA128S24	SES120	-0.971061	12.3545	13.3256
BLOCK12/SES128/SA128S24	SES206	-0.580441	12.7451	13.3256
BLOCK12/SES128/SA128S24	SES226	-1.34232	11.9832	13.3256
BLOCK12/SES128/SA128S27	SES099	-0.745158	14.1313	14.8765
BLOCK12/SES128/SA128S27	SES120	-0.833195	14.0433	14.8765
BLOCK12/SES128/SA128S27	SES206	-1.24841	13.6281	14.8765
BLOCK12/SES128/SA128S27	SES226	-1.37733	13.4992	14.8765
BLOCK13/SES130/SA130S13	SES143	-0.627468	12.9799	13.6074
BLOCK13/SES130/SA130S13	SES144	-0.893129	12.7142	13.6074
BLOCK13/SES130/SA130S13	SES146	-1.11096	12.4964	13.6074
BLOCK13/SES130/SA130S13	SES275	-1.74955	11.8578	13.6074
BLOCK13/SES130/SA130S15	SES143	-1.86236	13.7572	15.6195
BLOCK13/SES130/SA130S15	SES144	-0.633445	14.9861	15.6195
BLOCK13/SES130/SA130S15	SES146	-1.39081	14.2287	15.6195
BLOCK13/SES130/SA130S15	SES275	-1.49999	14.1195	15.6195
BLOCK13/SES130/SA130S23	SES127	-2.59432	10.6877	13.282
BLOCK13/SES130/SA130S23	SES144	-2.37078	10.9112	13.282
BLOCK13/SES130/SA130S23	SES146	-1.61363	11.6684	13.282
BLOCK13/SES130/SA130S23	SES162	-1.52076	11.7613	13.282
BLOCK13/SES130/SA130S25	SES127	-1.05183	14.5112	15.5631
BLOCK13/SES130/SA130S25	SES144	-0.905571	14.6575	15.5631
BLOCK13/SES130/SA130S25	SES146	-1.15652	14.4065	15.5631
BLOCK13/SES130/SA130S25	SES275	-1.15563	14.4074	15.5631
BLOCK13/SES130/SA130S28	SES127	-1.34326	13.313	14.6562
BLOCK13/SES130/SA130S28	SES144	-1.21802	13.4382	14.6562
BLOCK13/SES130/SA130S28	SES146	-1.50186	13.1544	14.6562
BLOCK13/SES130/SA130S28	SES275	-0.970718	13.6855	14.6562
BLOCK13/SES131/SA131S13	SES002	-2.17272	8.08719	10.2599
BLOCK13/SES131/SA131S13	SES007	-2.40066	7.85925	10.2599
BLOCK13/SES131/SA131S13	SES099	-2.0139	8.24601	10.2599
BLOCK13/SES131/SA131S13	SES105	-2.21818	8.04173	10.2599
BLOCK13/SES131/SA131S14	SES104	-1.16363	13.2351	14.3987
BLOCK13/SES131/SA131S14	SES106	-1.5621	12.8366	14.3987
BLOCK13/SES131/SA131S14	SES125	-1.75813	12.6406	14.3987
BLOCK13/SES131/SA131S14	SES148	-1.30177	13.0969	14.3987
BLOCK13/SES131/SA131S20	SES104	-2.65538	8.12725	10.7826
BLOCK13/SES131/SA131S20	SES106	-1.92684	8.8558	10.7826
BLOCK13/SES131/SA131S20	SES125	-3.35367	7.42897	10.7826
BLOCK13/SES131/SA131S20	SES148	-1.73466	9.04798	10.7826
BLOCK13/SES131/SA131S22	SES099	-2.17233	10.6322	12.8045
BLOCK13/SES131/SA131S22	SES104	-2.43855	10.3659	12.8045
BLOCK13/SES131/SA131S22	SES125	-2.98865	9.81583	12.8045
BLOCK13/SES131/SA131S22	SES206	-2.78834	10.0161	12.8045
BLOCK13/SES131/SA131S29	SES087	-2.09295	9.92952	12.0225
BLOCK13/SES131/SA131S29	SES104	-3.05159	8.97089	12.0225
BLOCK13/SES131/SA131S29	SES125	-3.36435	8.65813	12.0225
BLOCK13/SES131/SA131S29	SES206	-2.72233	9.30015	12.0225
BLOCK13/SES132/SA132S11	SES083	-2.71641	12.5083	15.2247
BLOCK13/SES132/SA132S11	SES120	-0.296997	14.9277	15.2247
BLOCK13/SES132/SA132S11	SES127	-1.99365	13.2311	15.2247
BLOCK13/SES132/SA132S11	SES275	-1.46873	13.756	15.2247
BLOCK13/SES132/SA132S12	SES083	-2.62642	13.3794	16.0058
BLOCK13/SES132/SA132S12	SES143	-2.51791	13.4879	16.0058
BLOCK13/SES132/SA132S12	SES144	-1.8551	14.1507	16.0058
BLOCK13/SES132/SA132S12	SES148	-1.88043	14.1253	16.0058
BLOCK13/SES132/SA132S22	SES062	-1.31375	14.3722	15.6859
BLOCK13/SES132/SA132S22	SES083	-2.3673	13.3186	15.6859
BLOCK13/SES132/SA132S22	SES127	-1.65316	14.0328	15.6859
BLOCK13/SES132/SA132S22	SES275	-1.4217	14.2642	15.6859
BLOCK13/SES132/SA132S24	SES007	-1.48547	15.1596	16.6451
BLOCK13/SES132/SA132S24	SES083	-2.58624	14.0589	16.6451
BLOCK13/SES132/SA132S24	SES127	-1.83368	14.8114	16.6451
BLOCK13/SES132/SA132S24	SES275	-1.3148	15.3303	16.6451
BLOCK13/SES132/SA132S27	SES083	-2.6219	12.1681	14.79
BLOCK13/SES132/SA132S27	SES120	-0.0555563	14.7344	14.79
BLOCK13/SES132/SA132S27	SES127	-2.26221	12.5278	14.79
BLOCK13/SES132/SA132S27	SES275	-2.08126	12.7087	14.79
BLOCK14/SES141/SA141S09	SES143	-2.0599	13.8287	15.8886
BLOCK14/SES141/SA141S09	SES144	-0.948923	14.9397	15.8886
BLOCK14/SES141/SA141S09	SES162	-2.08595	13.8027	15.8886
BLOCK14/SES141/SA141S09	SES180	-1.81259	14.076	15.8886
BLOCK14/SES141/SA141S15	SES127	-1.47329	13.777	15.2503
BLOCK14/SES141/SA141S15	SES144	-1.72108	13.5292	15.2503
BLOCK14/SES141/SA141S15	SES162	-2.59235	12.658	15.2503
BLOCK14/SES141/SA141S15	SES180	-1.71663	13.5337	15.2503
BLOCK14/SES141/SA141S24	SES127	-1.10993	14.5251	15.635
BLOCK14/SES141/SA141S24	SES144	-1.83035	13.8046	15.635
BLOCK14/SES141/SA141S24	SES162	-1.902	13.733	15.635
BLOCK14/SES141/SA141S24	SES183	-2.0495	13.5855	15.635
BLOCK14/SES141/SA141S26	SES142	-1.46236	13.1966	14.6589
BLOCK14/SES141/SA141S26	SES144	-2.02747	12.6315	14.6589
BLOCK14/SES141/SA141S26	SES172	-1.26303	13.3959	14.6589
BLOCK14/SES141/SA141S26	SES180	-1.7171	12.9418	14.6589
BLOCK14/SES141/SA141S29	SES127	-1.27309	13.8489	15.122
BLOCK14/SES141/SA141S29	SES142	-0.959978	14.162	15.122
BLOCK14/SES141/SA141S29	SES144	-1.82433	13.2977	15.122
BLOCK14/SES141/SA141S29	SES180	-1.54242	13.5796	15.122
BLOCK15/SES157/SA157S08	SES083	-2.31242	12.5404	14.8528
BLOCK15/SES157/SA157S08	SES127	-1.44488	13.4079	14.8528
BLOCK15/SES157/SA157S08	SES148	-1.70149	13.1513	14.8528
BLOCK15/SES157/SA157S08	SES292	-2.66298	12.1898	14.8528
BLOCK15/SES157/SA157S11	SES083	-2.17431	12.9861	15.1604
BLOCK15/SES157/SA157S11	SES127	-1.36534	13.7951	15.1604
BLOCK15/SES157/SA157S11	SES148	-1.78683	13.3736	15.1604
BLOCK15/SES157/SA157S11	SES292	-2.41914	12.7413	15.1604
BLOCK15/SES157/SA157S21	SES127	-0.889555	14.4617	15.3512
BLOCK15/SES157/SA157S21	SES148	-0.211608	15.1396	15.3512
BLOCK15/SES157/SA157S21	SES158	-5.8201	9.53114	15.3512
BLOCK15/SES157/SA157S21	SES292	-1.98708	13.3642	15.3512
BLOCK15/SES157/SA157S24	SES127	-1.22045	13.7771	14.9975
BLOCK15/SES157/SA157S24	SES148	-1.3445	13.653	14.9975
BLOCK15/SES157/SA157S24	SES183	-2.30457	12.6929	14.9975
BLOCK15/SES157/SA157S24	SES292	-2.47168	12.5258	14.9975
BLOCK15/SES157/SA157S26	SES007	-1.11038	14.5427	15.6531
BLOCK15/SES157/SA157S26	SES127	-0.862127	14.791	15.6531
BLOCK15/SES157/SA157S26	SES147	-2.51809	13.135	15.6531
BLOCK15/SES157/SA157S26	SES148	-1.48384	14.1692	15.6531
BLOCK16/SES161/SA161S10	SES007	-1.83149	10.8614	12.6929
BLOCK16/SES161/SA161S10	SES105	-1.71036	10.9826	12.6929
BLOCK16/SES161/SA161S10	SES158	-1.85983	10.8331	12.6929
BLOCK16/SES161/SA161S10	SES275	-1.76579	10.9271	12.6929
BLOCK16/SES161/SA161S12	SES007	-2.65644	10.6454	13.3018
BLOCK16/SES161/SA161S12	SES105	-2.81258	10.4892	13.3018
BLOCK16/SES161/SA161S12	SES158	-1.74827	11.5535	13.3018
BLOCK16/SES161/SA161S12	SES275	-1.58291	11.7189	13.3018
BLOCK16/SES161/SA161S20	SES007	-2.17111	9.83692	12.008
BLOCK16/SES161/SA161S20	SES105	-2.34928	9.65875	12.008
BLOCK16/SES161/SA161S20	SES158	-1.49865	10.5094	12.008
BLOCK16/SES161/SA161S20	SES275	-2.04704	9.96099	12.008
BLOCK16/SES161/SA161S23	SES007	-2.4786	11.4679	13.9464
BLOCK16/SES161/SA161S23	SES105	-1.62214	12.3243	13.9464
BLOCK16/SES161/SA161S23	SES148	-1.73056	12.2159	13.9464
BLOCK16/SES161/SA161S23	SES158	-2.28844	11.658	13.9464
BLOCK16/SES161/SA161S28	SES007	-2.71235	11.0126	13.7249
BLOCK16/SES161/SA161S28	SES105	-2.86056	10.8644	13.7249
BLOCK16/SES161/SA161S28	SES158	-1.66761	12.0573	13.7249
BLOCK16/SES161/SA161S28	SES206	-1.44006	12.2849	13.7249
BLOCK16/SES164/SA164S11	SES104	-2.31941	10.6264	12.9458
BLOCK16/SES164/SA164S11	SES125	-1.40295	11.5429	12.9458
BLOCK16/SES164/SA164S11	SES158	-0.324343	12.6215	12.9458
BLOCK16/SES164/SA164S11	SES206	-2.08452	10.8613	12.9458
BLOCK16/SES164/SA164S13	SES099	-1.43275	10.2336	11.6664
BLOCK16/SES164/SA164S13	SES104	-2.18734	9.47904	11.6664
BLOCK16/SES164/SA164S13	SES125	-1.95791	9.70847	11.6664
BLOCK16/SES164/SA164S13	SES206	-1.68836	9.97802	11.6664
BLOCK16/SES164/SA164S24	SES002	-0.164043	11.6416	11.8056
BLOCK16/SES164/SA164S24	SES099	-1.27098	10.5346	11.8056
BLOCK16/SES164/SA164S24	SES125	-2.17786	9.62777	11.8056
BLOCK16/SES164/SA164S24	SES226	0.225252	12.0309	11.8056
BLOCK16/SES164/SA164S27	SES087	-2.03687	9.12084	11.1577
BLOCK16/SES164/SA164S27	SES125	-1.95403	9.20368	11.1577
BLOCK16/SES164/SA164S27	SES206	-2.47654	8.68117	11.1577
BLOCK16/SES164/SA164S27	SES226	-1.45964	9.69807	11.1577
BLOCK16/SES164/SA164S29	SES002	-0.201455	10.8547	11.0562
BLOCK16/SES164/SA164S29	SES019	-1.63484	9.42134	11.0562
BLOCK16/SES164/SA164S29	SES125	-1.68782	9.36836	11.0562
BLOCK16/SES164/SA164S29	SES226	-1.56511	9.49107	11.0562
BLOCK16/SES169/SA169S13	SES117	-1.23812	12.5982	13.8363
BLOCK16/SES169/SA169S13	SES144	-1.52355	12.3128	13.8363
BLOCK16/SES169/SA169S13	SES146	-1.5286	12.3077	13.8363
BLOCK16/SES169/SA169S13	SES162	-1.22022	12.6161	13.8363
BLOCK16/SES169/SA169S14	SES144	-1.8686	13.7534	15.622
BLOCK16/SES169/SA169S14	SES148	-1.80941	13.8126	15.622
BLOCK16/SES169/SA169S14	SES177	-1.00015	14.6219	15.622
BLOCK16/SES169/SA169S14	SES180	-1.83362	13.7884	15.622
BLOCK16/SES169/SA169S24	SES117	-1.40516	11.7642	13.1694
BLOCK16/SES169/SA169S24	SES144	-2.09706	11.0723	13.1694
BLOCK16/SES169/SA169S24	SES146	-1.48577	11.6836	13.1694
BLOCK16/SES169/SA169S24	SES162	-1.63657	11.5328	13.1694
BLOCK16/SES169/SA169S27	SES127	-1.00823	12.7225	13.7307
BLOCK16/SES169/SA169S27	SES129	-1.31839	12.4123	13.7307
BLOCK16/SES169/SA169S27	SES144	-2.17526	11.5555	13.7307
BLOCK16/SES169/SA169S27	SES146	-0.379598	13.3511	13.7307
BLOCK16/SES169/SA169S29	SES144	-1.00201	14.3396	15.3416
BLOCK16/SES169/SA169S29	SES162	-1.10176	14.2398	15.3416
BLOCK16/SES169/SA169S29	SES177	-1.93316	13.4084	15.3416
BLOCK16/SES169/SA169S29	SES180	-1.18614	14.1554	15.3416
BLOCK17/SES171/SA171S12	SES083	-1.97485	11.454	13.4289
BLOCK17/SES171/SA171S12	SES148	-2.16221	11.2667	13.4289
BLOCK17/SES171/SA171S12	SES172	-2.03693	11.3919	13.4289
BLOCK17/SES171/SA171S12	SES292	-3.11915	10.3097	13.4289
BLOCK17/SES171/SA171S15	SES148	-1.69672	11.7882	13.485
BLOCK17/SES171/SA171S15	SES177	-1.2855	12.1995	13.485
BLOCK17/SES171/SA171S15	SES180	-2.39513	11.0898	13.485
BLOCK17/SES171/SA171S15	SES292	-1.79822	11.6867	13.485
BLOCK17/SES171/SA171S22	SES007	-2.21808	13.532	15.7501
BLOCK17/SES171/SA171S22	SES148	-1.56336	14.1867	15.7501
BLOCK17/SES171/SA171S22	SES177	-1.15709	14.593	15.7501
BLOCK17/SES171/SA171S22	SES180	-3.0301	12.72	15.7501
BLOCK17/SES171/SA171S25	SES101	-1.66323	11.641	13.3043
BLOCK17/SES171/SA171S25	SES120	-3.01565	10.2886	13.3043
BLOCK17/SES171/SA171S25	SES177	-1.70179	11.6025	13.3043
BLOCK17/SES171/SA171S25	SES180	-2.5979	10.7064	13.3043
BLOCK17/SES171/SA171S27	SES177	-1.25226	12.8043	14.0566
BLOCK17/SES171/SA171S27	SES180	-2.38757	11.669	14.0566
BLOCK17/SES171/SA171S27	SES189	-0.804405	13.2522	14.0566
BLOCK17/SES171/SA171S27	SES292	-2.00591	12.0507	14.0566
BLOCK17/SES173/SA173S13	SES162	-3.67183	10.722	14.3938
BLOCK17/SES173/SA173S13	SES177	-2.10057	12.2933	14.3938
BLOCK17/SES173/SA173S13	SES180	-3.6396	10.7542	14.3938
BLOCK17/SES173/SA173S13	SES292	-1.32779	13.066	14.3938
BLOCK17/SES173/SA173S14	SES007	-1.64291	12.1315	13.7744
BLOCK17/SES173/SA173S14	SES162	-3.38137	10.3931	13.7744
BLOCK17/SES173/SA173S14	SES177	-1.77208	12.0024	13.7744
BLOCK17/SES173/SA173S14	SES180	-3.25876	10.5157	13.7744
BLOCK17/SES173/SA173S24	SES144	-2.255	10.2574	12.5124
BLOCK17/SES173/SA173S24	SES162	-3.43123	9.08115	12.5124
BLOCK17/SES173/SA173S24	SES177	-1.51946	10.9929	12.5124
BLOCK17/SES173/SA173S24	SES180	-3.42114	9.09124	12.5124
BLOCK17/SES173/SA173S27	SES162	-3.76138	10.1797	13.9411
BLOCK17/SES173/SA173S27	SES177	-2.57487	11.3662	13.9411
BLOCK17/SES173/SA173S27	SES180	-2.5262	11.4149	13.9411
BLOCK17/SES173/SA173S27	SES292	-0.959779	12.9813	13.9411
BLOCK17/SES173/SA173S29	SES162	-2.97411	10.6072	13.5813
BLOCK17/SES173/SA173S29	SES175	-2.27939	11.3019	13.5813
BLOCK17/SES173/SA173S29	SES177	-1.43848	12.1428	13.5813
BLOCK17/SES173/SA173S29	SES292	-1.9892	11.5921	13.5813
BLOCK18/SES182/SA182S10	SES144	-1.30658	12.9834	14.29
BLOCK18/SES182/SA182S10	SES177	-1.8324	12.4576	14.29
BLOCK18/SES182/SA182S10	SES180	-2.15883	12.1312	14.29
BLOCK18/SES182/SA182S10	SES275	-0.860765	13.4293	14.29
BLOCK18/SES182/SA182S12	SES144	-0.382743	14.7431	15.1258
BLOCK18/SES182/SA182S12	SES177	-0.724555	14.4012	15.1258
BLOCK18/SES182/SA182S12	SES180	-1.90338	13.2224	15.1258
BLOCK18/SES182/SA182S12	SES275	-0.0474033	15.0784	15.1258
BLOCK18/SES182/SA182S21	SES117	-1.89497	11.8121	13.7071
BLOCK18/SES182/SA182S21	SES144	-1.89512	11.812	13.7071
BLOCK18/SES182/SA182S21	SES162	-1.53088	12.1762	13.7071
BLOCK18/SES182/SA182S21	SES180	-2.65868	11.0484	13.7071
BLOCK18/SES182/SA182S23	SES117	-1.37187	12.486	13.8579
BLOCK18/SES182/SA182S23	SES144	-1.46634	12.3916	13.8579
BLOCK18/SES182/SA182S23	SES180	-2.09599	11.7619	13.8579
BLOCK18/SES182/SA182S23	SES275	-0.39425	13.4636	13.8579
BLOCK18/SES182/SA182S25	SES007	-0.374484	13.5523	13.9268
BLOCK18/SES182/SA182S25	SES162	-1.53144	12.3953	13.9268
BLOCK18/SES182/SA182S25	SES177	-1.52393	12.4029	13.9268
BLOCK18/SES182/SA182S25	SES180	-2.26013	11.6667	13.9268
BLOCK18/SES184/SA184S12	SES177	-2.27375	11.8145	14.0882
BLOCK18/SES184/SA184S12	SES180	-1.70093	12.3873	14.0882
BLOCK18/SES184/SA184S12	SES189	-2.53133	11.5569	14.0882
BLOCK18/SES184/SA184S12	SES292	-2.17603	11.9122	14.0882
BLOCK18/SES184/SA184S13	SES101	-1.41768	12.607	14.0247
BLOCK18/SES184/SA184S13	SES177	-2.33757	11.6871	14.0247
BLOCK18/SES184/SA184S13	SES180	-1.98832	12.0364	14.0247
BLOCK18/SES184/SA184S13	SES292	-2.52032	11.5044	14.0247
BLOCK18/SES184/SA184S22	SES177	-2.2503	13.0733	15.3236
BLOCK18/SES184/SA184S22	SES180	-2.27855	13.0451	15.3236
BLOCK18/SES184/SA184S22	SES189	-2.77106	12.5526	15.3236
BLOCK18/SES184/SA184S22	SES292	-2.56127	12.7624	15.3236
BLOCK18/SES184/SA184S25	SES101	-1.3814	14.108	15.4894
BLOCK18/SES184/SA184S25	SES177	-2.39248	13.097	15.4894
BLOCK18/SES184/SA184S25	SES180	-1.42319	14.0662	15.4894
BLOCK18/SES184/SA184S25	SES292	-2.19865	13.2908	15.4894
BLOCK18/SES184/SA184S27	SES083	-1.6094	12.1858	13.7951
BLOCK18/SES184/SA184S27	SES177	-1.4805	12.3147	13.7951
BLOCK18/SES184/SA184S27	SES202	-2.3188	11.4764	13.7951
BLOCK18/SES184/SA184S27	SES292	-2.63009	11.1651	13.7951
BLOCK20/SES204/SA204S12	SES062	-1.73876	13.6952	15.4339
BLOCK20/SES204/SA204S12	SES083	-3.65583	11.7781	15.4339
BLOCK20/SES204/SA204S12	SES206	-1.80687	13.6271	15.4339
BLOCK20/SES204/SA204S12	SES226	-2.03504	13.3989	15.4339
BLOCK20/SES204/SA204S14	SES068	-1.39277	15.6808	17.0736
BLOCK20/SES204/SA204S14	SES087	-0.226801	16.8468	17.0736
BLOCK20/SES204/SA204S14	SES206	-2.02836	15.0452	17.0736
BLOCK20/SES204/SA204S14	SES226	-2.66281	14.4108	17.0736
BLOCK20/SES204/SA204S22	SES068	-1.30989	13.7121	15.022
BLOCK20/SES204/SA204S22	SES082	-3.0268	11.9952	15.022
BLOCK20/SES204/SA204S22	SES083	-3.61955	11.4024	15.022
BLOCK20/SES204/SA204S22	SES206	-1.7262	13.2958	15.022
BLOCK20/SES204/SA204S25	SES062	-2.65865	12.781	15.4397
BLOCK20/SES204/SA204S25	SES083	-3.30302	12.1367	15.4397
BLOCK20/SES204/SA204S25	SES206	-1.61649	13.8232	15.4397
BLOCK20/SES204/SA204S25	SES226	-2.07731	13.3624	15.4397
BLOCK20/SES204/SA204S27	SES068	-1.98989	12.2846	14.2745
BLOCK20/SES204/SA204S27	SES082	-2.59587	11.6786	14.2745
BLOCK20/SES204/SA204S27	SES087	-0.804839	13.4697	14.2745
BLOCK20/SES204/SA204S27	SES206	-1.9009	12.3736	14.2745
BLOCK20/SES207/SA207S10	SES127	-2.22332	12.3773	14.6006
BLOCK20/SES207/SA207S10	SES183	-2.36602	12.2346	14.6006
BLOCK20/SES207/SA207S10	SES189	-2.42583	12.1748	14.6006
BLOCK20/SES207/SA207S10	SES292	-2.4514	12.1492	14.6006
BLOCK20/SES207/SA207S11	SES127	-2.56223	11.6224	14.1846
BLOCK20/SES207/SA207S11	SES183	-2.04303	12.1416	14.1846
BLOCK20/SES207/SA207S11	SES187	-2.05993	12.1247	14.1846
BLOCK20/SES207/SA207S11	SES292	-1.69999	12.4846	14.1846
BLOCK20/SES207/SA207S25	SES068	-1.9739	12.287	14.2609
BLOCK20/SES207/SA207S25	SES083	-2.18207	12.0788	14.2609
BLOCK20/SES207/SA207S25	SES127	-1.10902	13.1519	14.2609
BLOCK20/SES207/SA207S25	SES187	-1.32426	12.9366	14.2609
BLOCK20/SES207/SA207S27	SES127	-2.0647	11.4413	13.506
BLOCK20/SES207/SA207S27	SES183	-1.90871	11.5973	13.506
BLOCK20/SES207/SA207S27	SES187	-1.76816	11.7378	13.506
BLOCK20/SES207/SA207S27	SES292	-2.22073	11.2852	13.506
BLOCK20/SES207/SA207S29	SES083	-2.4822	11.4373	13.9195
BLOCK20/SES207/SA207S29	SES085	-1.26458	12.655	13.9195
BLOCK20/SES207/SA207S29	SES172	-1.13189	12.7877	13.9195
BLOCK20/SES207/SA207S29	SES189	-2.12331	11.7962	13.9195
BLOCK22/SES221/SA221S12	SES068	-0.821209	15.0046	15.8258
BLOCK22/SES221/SA221S12	SES143	-3.27059	12.5552	15.8258
BLOCK22/SES221/SA221S12	SES175	-2.13626	13.6895	15.8258
BLOCK22/SES221/SA221S12	SES202	-2.15509	13.6707	15.8258
BLOCK22/SES221/SA221S15	SES085	-1.15525	12.9242	14.0795
BLOCK22/SES221/SA221S15	SES143	-3.16196	10.9175	14.0795
BLOCK22/SES221/SA221S15	SES175	-2.13655	11.9429	14.0795
BLOCK22/SES221/SA221S15	SES187	-2.19021	11.8893	14.0795
BLOCK22/SES221/SA221S23	SES068	-0.93066	14.2165	15.1472
BLOCK22/SES221/SA221S23	SES143	-2.51201	12.6352	15.1472
BLOCK22/SES221/SA221S23	SES175	-1.32243	13.8248	15.1472
BLOCK22/SES221/SA221S23	SES189	-1.7493	13.3979	15.1472
BLOCK22/SES221/SA221S27	SES085	0.00791931	15.1963	15.1884
BLOCK22/SES221/SA221S27	SES143	-2.58417	12.6042	15.1884
BLOCK22/SES221/SA221S27	SES175	-2.08269	13.1057	15.1884
BLOCK22/SES221/SA221S27	SES189	-0.771669	14.4167	15.1884
BLOCK22/SES221/SA221S29	SES085	0.0635557	14.3324	14.2689
BLOCK22/SES221/SA221S29	SES143	-2.595	11.6739	14.2689
BLOCK22/SES221/SA221S29	SES175	-1.33737	12.9315	14.2689
BLOCK22/SES221/SA221S29	SES187	-2.16249	12.1064	14.2689
BLOCK22/SES223/SA223S11	SES143	-2.88678	10.1593	13.0461
BLOCK22/SES223/SA223S11	SES144	-3.52745	9.51861	13.0461
BLOCK22/SES223/SA223S11	SES175	-2.01078	11.0353	13.0461
BLOCK22/SES223/SA223S11	SES187	-2.25595	10.7901	13.0461
BLOCK22/SES223/SA223S13	SES068	-1.05505	10.9624	12.0175
BLOCK22/SES223/SA223S13	SES143	-3.64135	8.37612	12.0175
BLOCK22/SES223/SA223S13	SES146	-3.19047	8.827	12.0175
BLOCK22/SES223/SA223S13	SES202	-3.21557	8.8019	12.0175
BLOCK22/SES223/SA223S22	SES143	-2.69756	10.2841	12.9817
BLOCK22/SES223/SA223S22	SES144	-3.16576	9.81594	12.9817
BLOCK22/SES223/SA223S22	SES175	-2.01876	10.9629	12.9817
BLOCK22/SES223/SA223S22	SES187	-1.98349	10.9982	12.9817
BLOCK22/SES223/SA223S25	SES068	-1.3377	12.5	13.8377
BLOCK22/SES223/SA223S25	SES143	-3.09434	10.7434	13.8377
BLOCK22/SES223/SA223S25	SES175	-1.67814	12.1596	13.8377
BLOCK22/SES223/SA223S25	SES187	-2.19828	11.6394	13.8377
BLOCK22/SES223/SA223S27	SES143	-2.41144	9.85258	12.264
BLOCK22/SES223/SA223S27	SES146	-1.65474	10.6093	12.264
BLOCK22/SES223/SA223S27	SES187	-2.07675	10.1873	12.264
BLOCK22/SES223/SA223S27	SES292	-1.29938	10.9646	12.264
BLOCK27/SES273/SA273S12	SES099	-1.07006	14.9689	16.039
BLOCK27/SES273/SA273S12	SES104	-1.27428	14.7647	16.039
BLOCK27/SES273/SA273S12	SES125	-1.8983	14.1407	16.039
BLOCK27/SES273/SA273S12	SES206	-1.26986	14.7691	16.039
BLOCK27/SES273/SA273S13	SES099	-1.63185	14.5727	16.2046
BLOCK27/SES273/SA273S13	SES104	-1.75208	14.4525	16.2046
BLOCK27/SES273/SA273S13	SES206	-1.77147	14.4331	16.2046
BLOCK27/SES273/SA273S13	SES292	-1.9916	14.213	16.2046
BLOCK27/SES273/SA273S21	SES099	-0.860679	14.3675	15.2281
BLOCK27/SES273/SA273S21	SES148	-2.7564	12.4717	15.2281
BLOCK27/SES273/SA273S21	SES149	-2.26775	12.9604	15.2281
BLOCK27/SES273/SA273S21	SES177	-2.42681	12.8013	15.2281
BLOCK27/SES273/SA273S25	SES104	-1.83468	13.5217	15.3564
BLOCK27/SES273/SA273S25	SES125	-1.90995	13.4464	15.3564
BLOCK27/SES273/SA273S25	SES158	-0.902423	14.4539	15.3564
BLOCK27/SES273/SA273S25	SES206	-0.923336	14.433	15.3564
BLOCK27/SES273/SA273S27	SES099	-0.682335	15.3876	16.07
BLOCK27/SES273/SA273S27	SES104	-1.54967	14.5203	16.07
BLOCK27/SES273/SA273S27	SES149	-1.4902	14.5798	16.07
BLOCK27/SES273/SA273S27	SES275	-2.32247	13.7475	16.07
BLOCK27/SES274/SA274S10	SES105	-2.70501	13.1011	15.8061
BLOCK27/SES274/SA274S10	SES125	-3.3339	12.4722	15.8061
BLOCK27/SES274/SA274S10	SES129	-1.29129	14.5149	15.8061
BLOCK27/SES274/SA274S10	SES158	-3.64085	12.1653	15.8061
BLOCK27/SES274/SA274S11	SES105	-1.86046	14.4816	16.342
BLOCK27/SES274/SA274S11	SES149	-2.37432	13.9677	16.342
BLOCK27/SES274/SA274S11	SES158	-2.57085	13.7712	16.342
BLOCK27/SES274/SA274S11	SES275	-1.16516	15.1769	16.342
BLOCK27/SES274/SA274S21	SES105	-2.20166	13.8264	16.0281
BLOCK27/SES274/SA274S21	SES129	-0.954206	15.0739	16.0281
BLOCK27/SES274/SA274S21	SES149	-2.10674	13.9214	16.0281
BLOCK27/SES274/SA274S21	SES158	-3.89212	12.136	16.0281
BLOCK27/SES274/SA274S24	SES105	-1.96605	14.1094	16.0755
BLOCK27/SES274/SA274S24	SES129	-1.59067	14.4848	16.0755
BLOCK27/SES274/SA274S24	SES149	-3.04743	13.028	16.0755
BLOCK27/SES274/SA274S24	SES158	-4.5737	11.5018	16.0755
BLOCK27/SES274/SA274S29	SES105	-2.05394	13.1728	15.2267
BLOCK27/SES274/SA274S29	SES106	-2.60144	12.6253	15.2267
BLOCK27/SES274/SA274S29	SES120	-1.42459	13.8021	15.2267
BLOCK27/SES274/SA274S29	SES275	-1.57725	13.6495	15.2267
BLOCK27/SES276/SA276S16	SES148	-1.87229	12.4773	14.3496
BLOCK27/SES276/SA276S16	SES172	-1.09483	13.2548	14.3496
BLOCK27/SES276/SA276S16	SES180	-1.55892	12.7907	14.3496
BLOCK27/SES276/SA276S16	SES292	-1.47141	12.8782	14.3496
BLOCK27/SES276/SA276S17	SES101	-1.31131	13.8331	15.1444
BLOCK27/SES276/SA276S17	SES177	-1.51012	13.6343	15.1444
BLOCK27/SES276/SA276S17	SES180	-1.45122	13.6932	15.1444
BLOCK27/SES276/SA276S17	SES292	-1.9102	13.2342	15.1444
BLOCK27/SES276/SA276S24	SES101	-0.645969	15.0116	15.6576
BLOCK27/SES276/SA276S24	SES177	-1.40234	14.2552	15.6576
BLOCK27/SES276/SA276S24	SES180	-1.65904	13.9985	15.6576
BLOCK27/SES276/SA276S24	SES292	-3.05832	12.5992	15.6576
BLOCK27/SES276/SA276S26	SES101	-1.86085	14.6617	16.5225
BLOCK27/SES276/SA276S26	SES177	-1.38952	15.133	16.5225
BLOCK27/SES276/SA276S26	SES180	-0.906445	15.6161	16.5225
BLOCK27/SES276/SA276S26	SES292	-0.725418	15.7971	16.5225
BLOCK27/SES276/SA276S28	SES101	-1.29994	14.6476	15.9476
BLOCK27/SES276/SA276S28	SES177	-1.81995	14.1276	15.9476
BLOCK27/SES276/SA276S28	SES180	-0.478064	15.4695	15.9476
BLOCK27/SES276/SA276S28	SES292	-1.09234	14.8553	15.9476
BLOCK27/SES277/SA277S12	SES101	-0.620128	12.3148	12.9349
BLOCK27/SES277/SA277S12	SES177	-1.79751	11.1374	12.9349
BLOCK27/SES277/SA277S12	SES180	-2.17725	10.7577	12.9349
BLOCK27/SES277/SA277S12	SES292	-2.92602	10.0089	12.9349
BLOCK27/SES277/SA277S14	SES177	-1.35388	11.2189	12.5728
BLOCK27/SES277/SA277S14	SES180	-3.29502	9.27776	12.5728
BLOCK27/SES277/SA277S14	SES189	-0.516279	12.0565	12.5728
BLOCK27/SES277/SA277S14	SES292	-2.7389	9.83388	12.5728
BLOCK27/SES277/SA277S21	SES177	-1.27604	13.2372	14.5132
BLOCK27/SES277/SA277S21	SES180	-2.66373	11.8495	14.5132
BLOCK27/SES277/SA277S21	SES189	-0.289675	14.2236	14.5132
BLOCK27/SES277/SA277S21	SES292	-2.87633	11.6369	14.5132
BLOCK27/SES277/SA277S24	SES144	-1.9471	9.98571	11.9328
BLOCK27/SES277/SA277S24	SES177	-1.60597	10.3268	11.9328
BLOCK27/SES277/SA277S24	SES180	-3.16823	8.76459	11.9328
BLOCK27/SES277/SA277S24	SES189	-0.658184	11.2746	11.9328
BLOCK27/SES277/SA277S29	SES177	-1.69108	13.9505	15.6416
BLOCK27/SES277/SA277S29	SES180	-2.66202	12.9795	15.6416
BLOCK27/SES277/SA277S29	SES202	-2.09003	13.5515	15.6416
BLOCK27/SES277/SA277S29	SES292	-2.99288	12.6487	15.6416
BLOCK27/SES279/SA279S09	SES120	-1.9328	13.1926	15.1254
BLOCK27/SES279/SA279S09	SES146	-2.61138	12.514	15.1254
BLOCK27/SES279/SA279S09	SES206	-1.48202	13.6434	15.1254
BLOCK27/SES279/SA279S09	SES226	-2.50417	12.6212	15.1254
BLOCK27/SES279/SA279S10	SES099	-0.472094	14.8315	15.3036
BLOCK27/SES279/SA279S10	SES206	-1.08309	14.2205	15.3036
BLOCK27/SES279/SA279S10	SES226	-2.29963	13.0039	15.3036
BLOCK27/SES279/SA279S10	SES292	-1.53629	13.7673	15.3036
BLOCK27/SES279/SA279S20	SES099	-1.61065	12.6674	14.278
BLOCK27/SES279/SA279S20	SES206	-0.559063	13.719	14.278
BLOCK27/SES279/SA279S20	SES226	-2.16393	12.1141	14.278
BLOCK27/SES279/SA279S20	SES292	-0.903269	13.3748	14.278
BLOCK27/SES279/SA279S26	SES099	-0.918939	13.7272	14.6461
BLOCK27/SES279/SA279S26	SES206	0.0177927	14.6639	14.6461
BLOCK27/SES279/SA279S26	SES226	-2.15763	12.4885	14.6461
BLOCK27/SES279/SA279S26	SES292	-0.802943	13.8432	14.6461
BLOCK27/SES279/SA279S28	SES099	-1.08267	16.0156	17.0983
BLOCK27/SES279/SA279S28	SES120	-0.766886	16.3314	17.0983
BLOCK27/SES279/SA279S28	SES177	-2.02903	15.0693	17.0983
BLOCK27/SES279/SA279S28	SES206	-1.1943	15.904	17.0983
BLOCK29/SES290/SA290S12	SES162	-1.23286	15.4956	16.7285
BLOCK29/SES290/SA290S12	SES177	-0.764441	15.964	16.7285
BLOCK29/SES290/SA290S12	SES180	-1.74727	14.9812	16.7285
BLOCK29/SES290/SA290S12	SES292	-2.19577	14.5327	16.7285
BLOCK29/SES290/SA290S13	SES007	-1.70174	14.1871	15.8888
BLOCK29/SES290/SA290S13	SES162	-2.93939	12.9494	15.8888
BLOCK29/SES290/SA290S13	SES177	-1.38066	14.5082	15.8888
BLOCK29/SES290/SA290S13	SES180	-1.52749	14.3613	15.8888
BLOCK29/SES290/SA290S22	SES177	-0.676488	14.7877	15.4642
BLOCK29/SES290/SA290S22	SES180	-1.2452	14.219	15.4642
BLOCK29/SES290/SA290S22	SES202	-1.50094	13.9633	15.4642
BLOCK29/SES290/SA290S22	SES292	-1.72359	13.7406	15.4642
BLOCK29/SES290/SA290S25	SES162	-1.56178	14.7244	16.2862
BLOCK29/SES290/SA290S25	SES177	-1.2235	15.0627	16.2862
BLOCK29/SES290/SA290S25	SES180	-1.28437	15.0018	16.2862
BLOCK29/SES290/SA290S25	SES292	-1.39614	14.8901	16.2862
BLOCK29/SES290/SA290S29	SES177	-1.39787	14.5461	15.9439
BLOCK29/SES290/SA290S29	SES180	-1.5876	14.3563	15.9439
BLOCK29/SES290/SA290S29	SES275	-1.84646	14.0975	15.9439
BLOCK29/SES290/SA290S29	SES292	-1.47788	14.4661	15.9439
BLOCK29/SES291/SA291S11	SES105	-3.2723	9.62987	12.9022
BLOCK29/SES291/SA291S11	SES125	-1.23745	11.6647	12.9022
BLOCK29/SES291/SA291S11	SES158	-1.07281	11.8294	12.9022
BLOCK29/SES291/SA291S11	SES275	-3.02561	9.87656	12.9022
BLOCK29/SES291/SA291S12	SES158	0.340034	13.8206	13.4805
BLOCK29/SES291/SA291S12	SES226	-1.76742	11.7131	13.4805
BLOCK29/SES291/SA291S12	SES270	0.928594	14.4091	13.4805
BLOCK29/SES291/SA291S12	SES275	-4.6122	8.86832	13.4805
BLOCK29/SES291/SA291S22	SES082	-1.73796	12.1266	13.8646
BLOCK29/SES291/SA291S22	SES158	-1.27342	12.5912	13.8646
BLOCK29/SES291/SA291S22	SES259	-2.11287	11.7517	13.8646
BLOCK29/SES291/SA291S22	SES275	-3.19709	10.6675	13.8646
BLOCK29/SES291/SA291S24	SES104	-0.262227	14.8466	15.1088
BLOCK29/SES291/SA291S24	SES125	-1.14573	13.963	15.1088
BLOCK29/SES291/SA291S24	SES158	-0.378091	14.7307	15.1088
BLOCK29/SES291/SA291S24	SES275	-3.48683	11.622	15.1088
BLOCK29/SES291/SA291S27	SES158	0.288715	14.6931	14.4044
BLOCK29/SES291/SA291S27	SES172	-4.33359	10.0708	14.4044
BLOCK29/SES291/SA291S27	SES275	-4.01664	10.3877	14.4044
BLOCK29/SES291/SA291S27	SES292	-2.70136	11.703	14.4044
