BLOCK00/SES002/SA002S12	SES002	2.16648	-42.7727	-44.9392
BLOCK00/SES002/SA002S13	SES002	2.42094	-42.7952	-45.2161
BLOCK00/SES002/SA002S23	SES002	2.16037	-42.4384	-44.5988
BLOCK00/SES002/SA002S26	SES002	2.43033	-42.8104	-45.2407
BLOCK00/SES002/SA002S28	SES002	1.88663	-43.1682	-45.0549
BLOCK00/SES007/SA007S14	SES007	1.21764	-42.1015	-43.3192
BLOCK00/SES007/SA007S15	SES007	0.630207	-43.5532	-44.1834
BLOCK00/SES007/SA007S24	SES007	0.763058	-43.1492	-43.9123
BLOCK00/SES007/SA007S27	SES007	0.830887	-44.0235	-44.8544
BLOCK00/SES007/SA007S29	SES007	0.414387	-43.1494	-43.5638
BLOCK00/SES008/SA008S11	SES008	1.27221	-43.2995	-44.5717
BLOCK00/SES008/SA008S12	SES008	0.673496	-43.8658	-44.5393
BLOCK00/SES008/SA008S19	SES008	1.58831	-42.4802	-44.0685
BLOCK00/SES008/SA008S22	SES008	1.18062	-43.6548	-44.8355
BLOCK00/SES008/SA008S29	SES008	1.17774	-43.2528	-44.4305
BLOCK01/SES014/SA014S10	SES014	2.62341	-42.4431	-45.0665
BLOCK01/SES014/SA014S12	SES014	3.28425	-40.6372	-43.9214
BLOCK01/SES014/SA014S24	SES014	2.08785	-42.6276	-44.7154
BLOCK01/SES014/SA014S26	SES014	2.81178	-40.6242	-43.436
BLOCK01/SES014/SA014S28	SES014	3.15107	-40.7989	-43.9499
BLOCK01/SES016/SA016S12	SES016	1.37275	-44.4284	-45.8011
BLOCK01/SES016/SA016S13	SES016	1.50498	-43.2036	-44.7086
BLOCK01/SES016/SA016S22	SES016	0.60041	-43.9588	-44.5592
BLOCK01/SES016/SA016S25	SES016	1.40848	-41.801	-43.2095
BLOCK01/SES016/SA016S27	SES016	1.58289	-42.0788	-43.6617
BLOCK01/SES019/SA019S13	SES019	3.18809	-43.3523	-46.5404
BLOCK01/SES019/SA019S14	SES019	2.18222	-43.6784	-45.8606
BLOCK01/SES019/SA019S22	SES019	2.94086	-42.8785	-45.8194
BLOCK01/SES019/SA019S25	SES019	2.67494	-43.5006	-46.1755
BLOCK01/SES019/SA019S29	SES019	3.48105	-43.2642	-46.7452
BLOCK02/SES029/SA029S11	SES029	1.45772	-42.5585	-44.0162
BLOCK02/SES029/SA029S12	SES029	0.723789	-43.0862	-43.81
BLOCK02/SES029/SA029S20	SES029	0.838528	-44.0568	-44.8953
BLOCK02/SES029/SA029S25	SES029	0.770439	-42.9598	-43.7302
BLOCK02/SES029/SA029S28	SES029	0.674873	-43.6032	-44.2781
BLOCK04/SES042/SA042S12	SES042	2.45866	-42.1313	-44.59
BLOCK04/SES042/SA042S15	SES042	2.62162	-42.351	-44.9727
BLOCK04/SES042/SA042S22	SES042	3.37592	-41.0781	-44.454
BLOCK04/SES042/SA042S25	SES042	2.25655	-43.4841	-45.7406
BLOCK04/SES042/SA042S27	SES042	1.94971	-42.481	-44.4307
BLOCK04/SES048/SA048S11	SES048	1.5347	-42.9041	-44.4388
BLOCK04/SES048/SA048S12	SES048	0.788082	-43.4783	-44.2664
BLOCK04/SES048/SA048S20	SES048	0.699059	-43.235	-43.934
BLOCK04/SES048/SA048S23	SES048	1.40701	-43.6394	-45.0464
BLOCK04/SES048/SA048S27	SES048	0.5979	-42.9801	-43.578
BLOCK06/SES060/SA060S11	SES060	1.65906	-42.7743	-44.4333
BLOCK06/SES060/SA060S12	SES060	-0.119186	-44.2152	-44.096
BLOCK06/SES060/SA060S22	SES060	0.151741	-44.717	-44.8688
BLOCK06/SES060/SA060S24	SES060	1.05853	-42.9934	-44.0519
BLOCK06/SES060/SA060S28	SES060	1.54366	-41.3376	-42.8813
BLOCK06/SES062/SA062S10	SES062	0.925926	-43.0003	-43.9263
BLOCK06/SES062/SA062S11	SES062	1.62906	-42.3633	-43.9924
BLOCK06/SES062/SA062S21	SES062	1.99605	-40.9074	-42.9034
BLOCK06/SES062/SA062S26	SES062	0.92128	-41.9848	-42.9061
BLOCK06/SES062/SA062S29	SES062	1.37303	-41.6954	-43.0684
BLOCK06/SES068/SA068S14	SES068	0.548946	-43.5028	-44.0517
BLOCK06/SES068/SA068S15	SES068	1.34534	-42.265	-43.6103
BLOCK06/SES068/SA068S23	SES068	0.607742	-43.9032	-44.5109
BLOCK06/SES068/SA068S27	SES068	1.59714	-42.151	-43.7482
BLOCK06/SES068/SA068S29	SES068	0.938263	-43.005	-43.9432
BLOCK08/SES082/SA082S12	SES082	1.24212	-44.5576	-45.7997
BLOCK08/SES082/SA082S14	SES082	1.16161	-44.7003	-45.8619
BLOCK08/SES082/SA082S21	SES082	0.97168	-44.0559	-45.0276
BLOCK08/SES082/SA082S24	SES082	1.15506	-44.2008	-45.3558
BLOCK08/SES082/SA082S28	SES082	0.739162	-44.4467	-45.1859
BLOCK08/SES083/SA083S14	SES083	-0.33873	-44.0105	-43.6718
BLOCK08/SES083/SA083S15	SES083	0.329063	-43.3207	-43.6498
BLOCK08/SES083/SA083S24	SES083	0.267975	-43.7719	-44.0399
BLOCK08/SES083/SA083S26	SES083	0.930096	-43.185	-44.1151
BLOCK08/SES083/SA083S29	SES083	-0.107193	-43.5399	-43.4327
BLOCK08/SES085/SA085S10	SES085	-0.0553703	-44.0374	-43.9821
BLOCK08/SES085/SA085S13	SES085	0.66077	-43.8114	-44.4722
BLOCK08/SES085/SA085S22	SES085	-0.798992	-44.6697	-43.8708
BLOCK08/SES085/SA085S26	SES085	-0.571114	-44.5909	-44.0198
BLOCK08/SES085/SA085S28	SES085	0.874535	-43.0483	-43.9229
BLOCK08/SES087/SA087S15	SES087	1.88057	-43.6593	-45.5399
BLOCK08/SES087/SA087S16	SES087	2.10444	-43.1798	-45.2842
BLOCK08/SES087/SA087S24	SES087	2.07751	-43.3549	-45.4324
BLOCK08/SES087/SA087S26	SES087	1.93756	-42.0384	-43.976
BLOCK08/SES087/SA087S29	SES087	1.94208	-43.2214	-45.1635
BLOCK09/SES099/SA099S15	SES099	1.89275	-43.7228	-45.6155
BLOCK09/SES099/SA099S16	SES099	1.8385	-43.5143	-45.3528
BLOCK09/SES099/SA099S24	SES099	1.82128	-43.1591	-44.9803
BLOCK09/SES099/SA099S26	SES099	2.10543	-42.9547	-45.0601
BLOCK09/SES099/SA099S29	SES099	2.05909	-43.0661	-45.1252
BLOCK10/SES101/SA101S11	SES101	0.600407	-43.0736	-43.674
BLOCK10/SES101/SA101S13	SES101	0.95187	-42.6846	-43.6365
BLOCK10/SES101/SA101S22	SES101	1.40132	-43.4151	-44.8164
BLOCK10/SES101/SA101S24	SES101	1.47067	-43.0776	-44.5482
BLOCK10/SES101/SA101S28	SES101	0.607449	-43.8375	-44.4449
BLOCK10/SES104/SA104S11	SES104	1.90706	-42.2486	-44.1556
BLOCK10/SES104/SA104S12	SES104	1.82568	-42.5624	-44.3881
BLOCK10/SES104/SA104S21	SES104	1.33937	-43.2406	-44.5799
BLOCK10/SES104/SA104S24	SES104	1.0589	-43.9354	-44.9943
BLOCK10/SES104/SA104S28	SES104	1.43823	-43.6629	-45.1011
BLOCK10/SES105/SA105S12	SES105	1.03077	-44.2116	-45.2424
BLOCK10/SES105/SA105S13	SES105	0.894653	-44.1369	-45.0315
BLOCK10/SES105/SA105S22	SES105	0.347309	-45.1078	-45.4551
BLOCK10/SES105/SA105S26	SES105	1.18197	-43.8063	-44.9883
BLOCK10/SES105/SA105S29	SES105	1.0842	-43.5978	-44.682
BLOCK10/SES106/SA106S09	SES106	1.42686	-44.9495	-46.3764
BLOCK10/SES106/SA106S11	SES106	1.64843	-42.8929	-44.5414
BLOCK10/SES106/SA106S22	SES106	3.07858	-43.3395	-46.4181
BLOCK10/SES106/SA106S27	SES106	1.56026	-43.4022	-44.9625
BLOCK10/SES106/SA106S29	SES106	1.26531	-43.4955	-44.7608
BLOCK11/SES117/SA117S12	SES117	0.844692	-43.6952	-44.5399
BLOCK11/SES117/SA117S13	SES117	0.79221	-43.3833	-44.1755
BLOCK11/SES117/SA117S23	SES117	1.66518	-44.2115	-45.8767
BLOCK11/SES117/SA117S25	SES117	0.967709	-44.2433	-45.211
BLOCK11/SES117/SA117S28	SES117	1.32804	-44.2196	-45.5477
BLOCK12/SES120/SA120S08	SES120	0.912804	-45.0456	-45.9584
BLOCK12/SES120/SA120S11	SES120	1.21805	-45.6929	-46.9109
BLOCK12/SES120/SA120S22	SES120	0.116875	-44.4409	-44.5577
BLOCK12/SES120/SA120S24	SES120	0.464588	-44.7981	-45.2627
BLOCK12/SES120/SA120S28	SES120	0.487988	-45.8374	-46.3254
BLOCK12/SES125/SA125S13	SES125	2.09742	-42.6487	-44.7462
BLOCK12/SES125/SA125S14	SES125	1.54718	-43.3616	-44.9088
BLOCK12/SES125/SA125S25	SES125	2.56386	-42.4739	-45.0378
BLOCK12/SES125/SA125S27	SES125	2.14641	-42.2533	-44.3997
BLOCK12/SES125/SA125S29	SES125	2.00928	-42.5275	-44.5367
BLOCK12/SES127/SA127S11	SES127	0.912266	-43.82	-44.7323
BLOCK12/SES127/SA127S12	SES127	-0.343929	-44.1198	-43.7759
BLOCK12/SES127/SA127S23	SES127	0.396835	-43.9074	-44.3043
BLOCK12/SES127/SA127S25	SES127	-0.682076	-44.8476	-44.1656
BLOCK12/SES127/SA127S27	SES127	0.781342	-43.0759	-43.8572
BLOCK12/SES129/SA129S11	SES129	1.78989	-42.0232	-43.813
BLOCK12/SES129/SA129S12	SES129	1.43773	-42.3379	-43.7756
BLOCK12/SES129/SA129S22	SES129	1.23749	-42.7569	-43.9944
BLOCK12/SES129/SA129S27	SES129	1.76355	-42.1584	-43.922
BLOCK12/SES129/SA129S29	SES129	1.66425	-42.2209	-43.8851
BLOCK14/SES142/SA142S11	SES142	1.60155	-43.375	-44.9765
BLOCK14/SES142/SA142S12	SES142	1.29987	-43.8078	-45.1077
BLOCK14/SES142/SA142S24	SES142	1.63866	-43.1595	-44.7981
BLOCK14/SES142/SA142S27	SES142	1.97272	-42.8384	-44.8112
BLOCK14/SES142/SA142S29	SES142	1.71744	-42.0817	-43.7991
BLOCK14/SES143/SA143S12	SES143	1.1306	-43.6483	-44.7789
BLOCK14/SES143/SA143S13	SES143	0.853462	-43.9297	-44.7832
BLOCK14/SES143/SA143S23	SES143	1.01644	-43.9179	-44.9343
BLOCK14/SES143/SA143S25	SES143	1.15307	-43.5573	-44.7103
BLOCK14/SES143/SA143S28	SES143	1.14614	-42.9609	-44.107
BLOCK14/SES144/SA144S09	SES144	1.03624	-43.3674	-44.4037
BLOCK14/SES144/SA144S11	SES144	0.903751	-44.4093	-45.313
BLOCK14/SES144/SA144S21	SES144	0.214386	-44.4117	-44.6261
BLOCK14/SES144/SA144S25	SES144	0.691639	-44.3058	-44.9975
BLOCK14/SES144/SA144S29	SES144	0.204407	-44.0828	-44.2872
BLOCK14/SES146/SA146S14	SES146	0.729485	-44.5189	-45.2484
BLOCK14/SES146/SA146S15	SES146	0.388039	-44.3522	-44.7403
BLOCK14/SES146/SA146S24	SES146	0.664593	-44.1707	-44.8353
BLOCK14/SES146/SA146S26	SES146	1.08519	-44.2654	-45.3506
BLOCK14/SES146/SA146S29	SES146	0.611069	-45.033	-45.6441
BLOCK14/SES147/SA147S11	SES147	1.59813	-44.0177	-45.6159
BLOCK14/SES147/SA147S13	SES147	2.17056	-42.6949	-44.8655
BLOCK14/SES147/SA147S23	SES147	1.68862	-44.1169	-45.8056
BLOCK14/SES147/SA147S26	SES147	1.64434	-43.8741	-45.5185
BLOCK14/SES147/SA147S28	SES147	2.65071	-43.115	-45.7657
BLOCK14/SES148/SA148S10	SES148	1.23316	-43.0123	-44.2455
BLOCK14/SES148/SA148S12	SES148	0.890759	-43.9526	-44.8434
BLOCK14/SES148/SA148S22	SES148	0.985928	-42.6611	-43.6471
BLOCK14/SES148/SA148S26	SES148	0.672039	-43.3089	-43.9809
BLOCK14/SES148/SA148S29	SES148	0.675308	-44.0318	-44.7071
BLOCK14/SES149/SA149S13	SES149	0.348625	-44.1022	-44.4508
BLOCK14/SES149/SA149S14	SES149	0.539299	-43.419	-43.9583
BLOCK14/SES149/SA149S24	SES149	1.25028	-43.3466	-44.5969
BLOCK14/SES149/SA149S26	SES149	1.72026	-42.7729	-44.4931
BLOCK14/SES149/SA149S28	SES149	2.00822	-42.0071	-44.0154
BLOCK15/SES158/SA158S13	SES158	1.16107	-44.3733	-45.5344
BLOCK15/SES158/SA158S14	SES158	2.06168	-44.2149	-46.2766
BLOCK15/SES158/SA158S23	SES158	1.33269	-43.6319	-44.9646
BLOCK15/SES158/SA158S26	SES158	2.22409	-43.3033	-45.5274
BLOCK15/SES158/SA158S28	SES158	1.1005	-44.3211	-45.4216
BLOCK16/SES162/SA162S10	SES162	0.7789	-44.6911	-45.47
BLOCK16/SES162/SA162S11	SES162	0.639633	-43.7235	-44.3631
BLOCK16/SES162/SA162S21	SES162	1.63768	-43.3244	-44.962
BLOCK16/SES162/SA162S24	SES162	1.24458	-43.5603	-44.8048
BLOCK16/SES162/SA162S27	SES162	1.31277	-44.1098	-45.4226
BLOCK16/SES167/SA167S14	SES167	1.22461	-42.2992	-43.5238
BLOCK16/SES167/SA167S15	SES167	1.36032	-42.8709	-44.2312
BLOCK16/SES167/SA167S21	SES167	1.54513	-42.2643	-43.8094
BLOCK16/SES167/SA167S25	SES167	1.40924	-43.3873	-44.7966
BLOCK16/SES167/SA167S29	SES167	2.22743	-41.6768	-43.9042
BLOCK17/SES172/SA172S12	SES172	1.22704	-43.3576	-44.5847
BLOCK17/SES172/SA172S13	SES172	1.6851	-43.2503	-44.9354
BLOCK17/SES172/SA172S23	SES172	0.992889	-42.1272	-43.1201
BLOCK17/SES172/SA172S27	SES172	1.11206	-43.485	-44.5971
BLOCK17/SES172/SA172S29	SES172	1.28481	-43.2251	-44.5099
BLOCK17/SES175/SA175S11	SES175	1.29019	-43.258	-44.5482
BLOCK17/SES175/SA175S13	SES175	0.90126	-43.3444	-44.2457
BLOCK17/SES175/SA175S23	SES175	1.21695	-43.673	-44.89
BLOCK17/SES175/SA175S25	SES175	0.728409	-45.0353	-45.7637
BLOCK17/SES175/SA175S28	SES175	0.926643	-43.2413	-44.168
BLOCK17/SES177/SA177S15	SES177	-0.00475693	-44.0923	-44.0876
BLOCK17/SES177/SA177S17	SES177	0.202671	-43.9144	-44.1171
BLOCK17/SES177/SA177S23	SES177	0.352638	-43.9333	-44.2859
BLOCK17/SES177/SA177S26	SES177	0.366169	-42.3143	-42.6805
BLOCK17/SES177/SA177S28	SES177	0.431545	-42.9731	-43.4046
BLOCK18/SES180/SA180S13	SES180	0.745781	-43.6862	-44.432
BLOCK18/SES180/SA180S15	SES180	0.51133	-44.0268	-44.5381
BLOCK18/SES180/SA180S24	SES180	0.689617	-42.6851	-43.3747
BLOCK18/SES180/SA180S26	SES180	0.958385	-43.1973	-44.1556
BLOCK18/SES180/SA180S29	SES180	1.08024	-43.5601	-44.6403
BLOCK18/SES183/SA183S13	SES183	1.1881	-43.9399	-45.128
BLOCK18/SES183/SA183S14	SES183	0.366199	-44.5233	-44.8895
BLOCK18/SES183/SA183S24	SES183	1.38049	-43.9877	-45.3682
BLOCK18/SES183/SA183S27	SES183	1.23213	-43.8399	-45.072
BLOCK18/SES183/SA183S29	SES183	1.16722	-43.4233	-44.5905
BLOCK18/SES187/SA187S13	SES187	0.775791	-44.4347	-45.2105
BLOCK18/SES187/SA187S14	SES187	0.477921	-44.5908	-45.0687
BLOCK18/SES187/SA187S24	SES187	0.901512	-44.0641	-44.9656
BLOCK18/SES187/SA187S27	SES187	1.07473	-43.6565	-44.7313
BLOCK18/SES187/SA187S29	SES187	0.779057	-44.4399	-45.219
BLOCK18/SES189/SA189S10	SES189	1.60566	-45.2765	-46.8822
BLOCK18/SES189/SA189S13	SES189	1.71741	-45.7758	-47.4933
BLOCK18/SES189/SA189S24	SES189	1.67764	-44.5969	-46.2746
BLOCK18/SES189/SA189S26	SES189	1.37545	-44.3577	-45.7332
BLOCK18/SES189/SA189S29	SES189	1.75368	-44.6074	-46.3611
BLOCK20/SES202/SA202S12	SES202	1.05165	-44.5562	-45.6078
BLOCK20/SES202/SA202S14	SES202	2.03779	-42.8038	-44.8416
BLOCK20/SES202/SA202S24	SES202	1.16615	-43.9913	-45.1575
BLOCK20/SES202/SA202S27	SES202	1.35244	-42.4803	-43.8327
BLOCK20/SES202/SA202S29	SES202	1.61797	-42.5114	-44.1294
BLOCK20/SES206/SA206S15	SES206	0.323597	-43.4965	-43.82
BLOCK20/SES206/SA206S17	SES206	2.35434	-42.1802	-44.5345
BLOCK20/SES206/SA206S24	SES206	1.70103	-42.4387	-44.1397
BLOCK20/SES206/SA206S27	SES206	2.38745	-42.8114	-45.1988
BLOCK20/SES206/SA206S29	SES206	1.74562	-42.1479	-43.8935
BLOCK22/SES226/SA226S12	SES226	1.21043	-44.1043	-45.3148
BLOCK22/SES226/SA226S13	SES226	-0.0655136	-45.3236	-45.258
BLOCK22/SES226/SA226S20	SES226	1.34051	-44.2509	-45.5914
BLOCK22/SES226/SA226S23	SES226	1.31175	-43.6173	-44.929
BLOCK22/SES226/SA226S28	SES226	1.7628	-43.3863	-45.1491
BLOCK25/SES259/SA259S13	SES259	3.44872	-41.6812	-45.1299
BLOCK25/SES259/SA259S14	SES259	2.01755	-42.4955	-44.513
BLOCK25/SES259/SA259S22	SES259	1.86534	-42.4192	-44.2846
BLOCK25/SES259/SA259S24	SES259	1.83196	-42.3873	-44.2193
BLOCK25/SES259/SA259S28	SES259	2.07537	-42.092	-44.1674
BLOCK27/SES270/SA270S14	SES270	2.33569	-44.2589	-46.5946
BLOCK27/SES270/SA270S16	SES270	1.00703	-44.0648	-45.0719
BLOCK27/SES270/SA270S22	SES270	2.79064	-43.267	-46.0577
BLOCK27/SES270/SA270S26	SES270	2.07695	-44.315	-46.3919
BLOCK27/SES270/SA270S28	SES270	1.2491	-43.7019	-44.951
BLOCK27/SES275/SA275S17	SES275	1.34734	-43.9869	-45.3343
BLOCK27/SES275/SA275S18	SES275	0.391262	-43.9429	-44.3342
BLOCK27/SES275/SA275S24	SES275	0.518806	-45.1998	-45.7186
BLOCK27/SES275/SA275S26	SES275	1.17797	-43.2549	-44.4329
BLOCK27/SES275/SA275S28	SES275	0.292496	-43.9859	-44.2784
BLOCK29/SES292/SA292S10	SES292	0.572666	-43.7988	-44.3715
BLOCK29/SES292/SA292S12	SES292	0.610065	-44.412	-45.0221
BLOCK29/SES292/SA292S22	SES292	0.826366	-43.2089	-44.0353
BLOCK29/SES292/SA292S24	SES292	0.414398	-43.4982	-43.9126
BLOCK29/SES292/SA292S27	SES292	0.409863	-43.2867	-43.6966
BLOCK00/SES001/SA001S14	SES062	-1.50848	-46.3802	-44.8718
BLOCK00/SES001/SA001S14	SES082	-1.28341	-46.1552	-44.8718
BLOCK00/SES001/SA001S14	SES106	-3.47189	-48.3437	-44.8718
BLOCK00/SES001/SA001S14	SES206	-2.81631	-47.6881	-44.8718
BLOCK00/SES001/SA001S15	SES062	-1.96934	-46.0354	-44.0661
BLOCK00/SES001/SA001S15	SES104	-2.97721	-47.0433	-44.0661
BLOCK00/SES001/SA001S15	SES106	-3.125	-47.1911	-44.0661
BLOCK00/SES001/SA001S15	SES206	-2.70821	-46.7743	-44.0661
BLOCK00/SES001/SA001S24	SES062	-1.96077	-47.3885	-45.4277
BLOCK00/SES001/SA001S24	SES082	-1.25225	-46.6799	-45.4277
BLOCK00/SES001/SA001S24	SES087	-2.55559	-47.9833	-45.4277
BLOCK00/SES001/SA001S24	SES206	-1.12159	-46.5493	-45.4277
BLOCK00/SES001/SA001S27	SES062	-1.45446	-45.1576	-43.7031
BLOCK00/SES001/SA001S27	SES082	-1.51552	-45.2186	-43.7031
BLOCK00/SES001/SA001S27	SES087	-2.13811	-45.8412	-43.7031
BLOCK00/SES001/SA001S27	SES206	-2.31097	-46.0141	-43.7031
BLOCK00/SES001/SA001S29	SES062	-2.30048	-47.3362	-45.0357
BLOCK00/SES001/SA001S29	SES082	-0.92149	-45.9572	-45.0357
BLOCK00/SES001/SA001S29	SES158	-1.28194	-46.3177	-45.0357
BLOCK00/SES001/SA001S29	SES206	-3.30352	-48.3393	-45.0357
BLOCK00/SES003/SA003S11	SES002	-1.10185	-46.3311	-45.2292
BLOCK00/SES003/SA003S11	SES019	-1.3065	-46.5357	-45.2292
BLOCK00/SES003/SA003S11	SES082	0.0115623	-45.2177	-45.2292
BLOCK00/SES003/SA003S11	SES125	-1.3209	-46.5501	-45.2292
BLOCK00/SES003/SA003S15	SES016	-1.77312	-46.3257	-44.5525
BLOCK00/SES003/SA003S15	SES019	-1.12412	-45.6767	-44.5525
BLOCK00/SES003/SA003S15	SES062	-1.65162	-46.2042	-44.5525
BLOCK00/SES003/SA003S15	SES206	-1.43632	-45.9888	-44.5525
BLOCK00/SES003/SA003S22	SES002	-2.43327	-47.0898	-44.6565
BLOCK00/SES003/SA003S22	SES062	-0.813564	-45.4701	-44.6565
BLOCK00/SES003/SA003S22	SES082	-0.293358	-44.9499	-44.6565
BLOCK00/SES003/SA003S22	SES087	-1.77175	-46.4283	-44.6565
BLOCK00/SES003/SA003S25	SES062	-2.10431	-47.6213	-45.517
BLOCK00/SES003/SA003S25	SES082	-0.656216	-46.1732	-45.517
BLOCK00/SES003/SA003S25	SES087	-1.96025	-47.4772	-45.517
BLOCK00/SES003/SA003S25	SES206	-2.00436	-47.5213	-45.517
BLOCK00/SES003/SA003S29	SES002	-2.40144	-47.6559	-45.2544
BLOCK00/SES003/SA003S29	SES062	-1.70494	-46.9594	-45.2544
BLOCK00/SES003/SA003S29	SES082	-0.388855	-45.6433	-45.2544
BLOCK00/SES003/SA003S29	SES087	-2.35793	-47.6124	-45.2544
BLOCK00/SES004/SA004S12	SES083	-1.74799	-46.2272	-44.4792
BLOCK00/SES004/SA004S12	SES148	-1.39218	-45.8714	-44.4792
BLOCK00/SES004/SA004S12	SES172	-1.10216	-45.5814	-44.4792
BLOCK00/SES004/SA004S12	SES292	-1.38379	-45.863	-44.4792
BLOCK00/SES004/SA004S17	SES083	-1.19159	-46.2243	-45.0327
BLOCK00/SES004/SA004S17	SES162	-0.725685	-45.7584	-45.0327
BLOCK00/SES004/SA004S17	SES172	-1.70269	-46.7354	-45.0327
BLOCK00/SES004/SA004S17	SES292	-1.29525	-46.328	-45.0327
BLOCK00/SES004/SA004S24	SES083	-1.81402	-45.9424	-44.1283
BLOCK00/SES004/SA004S24	SES148	-1.3833	-45.5116	-44.1283
BLOCK00/SES004/SA004S24	SES172	-1.0361	-45.1644	-44.1283
BLOCK00/SES004/SA004S24	SES292	-0.709515	-44.8378	-44.1283
BLOCK00/SES004/SA004S26	SES083	-1.4281	-45.5926	-44.1645
BLOCK00/SES004/SA004S26	SES127	-0.580177	-44.7447	-44.1645
BLOCK00/SES004/SA004S26	SES148	-1.91144	-46.076	-44.1645
BLOCK00/SES004/SA004S26	SES292	-1.19695	-45.3615	-44.1645
BLOCK00/SES004/SA004S28	SES083	-1.80238	-45.4971	-43.6947
BLOCK00/SES004/SA004S28	SES127	-0.727898	-44.4226	-43.6947
BLOCK00/SES004/SA004S28	SES187	-0.397572	-44.0923	-43.6947
BLOCK00/SES004/SA004S28	SES292	-1.88132	-45.576	-43.6947
BLOCK00/SES006/SA006S10	SES014	-2.65028	-49.5549	-46.9047
BLOCK00/SES006/SA006S10	SES158	-1.00758	-47.9122	-46.9047
BLOCK00/SES006/SA006S10	SES226	-3.14999	-50.0547	-46.9047
BLOCK00/SES006/SA006S10	SES270	0.044281	-46.8604	-46.9047
BLOCK00/SES006/SA006S11	SES158	-1.25803	-47.9511	-46.6931
BLOCK00/SES006/SA006S11	SES226	-2.10379	-48.7969	-46.6931
BLOCK00/SES006/SA006S11	SES270	0.0679054	-46.6252	-46.6931
BLOCK00/SES006/SA006S11	SES275	-3.34776	-50.0408	-46.6931
BLOCK00/SES006/SA006S23	SES062	-1.63612	-47.2857	-45.6496
BLOCK00/SES006/SA006S23	SES105	-2.04199	-47.6916	-45.6496
BLOCK00/SES006/SA006S23	SES158	-1.26701	-46.9166	-45.6496
BLOCK00/SES006/SA006S23	SES275	-2.37973	-48.0293	-45.6496
BLOCK00/SES006/SA006S26	SES104	-2.19655	-47.872	-45.6755
BLOCK00/SES006/SA006S26	SES158	-0.524521	-46.2	-45.6755
BLOCK00/SES006/SA006S26	SES270	0.411777	-45.2637	-45.6755
BLOCK00/SES006/SA006S26	SES275	-2.89924	-48.5747	-45.6755
BLOCK00/SES006/SA006S28	SES007	-2.20524	-48.498	-46.2928
BLOCK00/SES006/SA006S28	SES105	-2.41494	-48.7077	-46.2928
BLOCK00/SES006/SA006S28	SES158	-1.351	-47.6438	-46.2928
BLOCK00/SES006/SA006S28	SES275	-3.64431	-49.9371	-46.2928
BLOCK00/SES009/SA009S12	SES083	-1.706	-46.1142	-44.4082
BLOCK00/SES009/SA009S12	SES148	-1.15498	-45.5632	-44.4082
BLOCK00/SES009/SA009S12	SES177	-0.35009	-44.7583	-44.4082
BLOCK00/SES009/SA009S12	SES292	-1.06211	-45.4703	-44.4082
BLOCK00/SES009/SA009S15	SES007	0.292328	-43.4188	-43.7112
BLOCK00/SES009/SA009S15	SES099	-9.77391	-53.4851	-43.7112
BLOCK00/SES009/SA009S15	SES148	-1.30409	-45.0152	-43.7112
BLOCK00/SES009/SA009S15	SES172	-0.25024	-43.9614	-43.7112
BLOCK00/SES009/SA009S24	SES146	-0.744083	-44.6818	-43.9378
BLOCK00/SES009/SA009S24	SES148	-1.25307	-45.1908	-43.9378
BLOCK00/SES009/SA009S24	SES177	-0.0680656	-44.0058	-43.9378
BLOCK00/SES009/SA009S24	SES292	-0.56868	-44.5064	-43.9378
BLOCK00/SES009/SA009S26	SES083	-1.94036	-46.4088	-44.4684
BLOCK00/SES009/SA009S26	SES101	-1.6977	-46.1661	-44.4684
BLOCK00/SES009/SA009S26	SES120	-0.860661	-45.3291	-44.4684
BLOCK00/SES009/SA009S26	SES177	-0.312801	-44.7812	-44.4684
BLOCK00/SES009/SA009S29	SES083	-1.55529	-45.5912	-44.0359
BLOCK00/SES009/SA009S29	SES101	-1.48728	-45.5232	-44.0359
BLOCK00/SES009/SA009S29	SES177	-0.294186	-44.3301	-44.0359
BLOCK00/SES009/SA009S29	SES292	-1.00252	-45.0384	-44.0359
BLOCK01/SES011/SA011S10	SES019	-0.640675	-45.9675	-45.3268
BLOCK01/SES011/SA011S10	SES042	-0.27795	-45.6047	-45.3268
BLOCK01/SES011/SA011S10	SES082	-1.89113	-47.2179	-45.3268
BLOCK01/SES011/SA011S10	SES206	-0.485924	-45.8127	-45.3268
BLOCK01/SES011/SA011S11	SES019	-0.532455	-46.2223	-45.6898
BLOCK01/SES011/SA011S11	SES042	-0.690163	-46.38	-45.6898
BLOCK01/SES011/SA011S11	SES082	-1.56384	-47.2537	-45.6898
BLOCK01/SES011/SA011S11	SES206	-0.417614	-46.1074	-45.6898
BLOCK01/SES011/SA011S22	SES019	-0.0475159	-45.5432	-45.4956
BLOCK01/SES011/SA011S22	SES042	-0.38953	-45.8852	-45.4956
BLOCK01/SES011/SA011S22	SES082	-0.965717	-46.4614	-45.4956
BLOCK01/SES011/SA011S22	SES206	-0.347569	-45.8432	-45.4956
BLOCK01/SES011/SA011S24	SES019	-0.504509	-45.3304	-44.8259
BLOCK01/SES011/SA011S24	SES042	-0.262295	-45.0882	-44.8259
BLOCK01/SES011/SA011S24	SES104	-1.32557	-46.1514	-44.8259
BLOCK01/SES011/SA011S24	SES206	0.0827217	-44.7432	-44.8259
BLOCK01/SES011/SA011S27	SES082	0.387512	-44.3756	-44.7631
BLOCK01/SES011/SA011S27	SES087	-0.960819	-45.724	-44.7631
BLOCK01/SES011/SA011S27	SES125	-0.103558	-44.8667	-44.7631
BLOCK01/SES011/SA011S27	SES206	0.0710754	-44.6921	-44.7631
BLOCK01/SES012/SA012S11	SES007	-1.62536	-45.7284	-44.103
BLOCK01/SES012/SA012S11	SES082	-1.1046	-45.2076	-44.103
BLOCK01/SES012/SA012S11	SES083	-2.14267	-46.2457	-44.103
BLOCK01/SES012/SA012S11	SES206	-0.52174	-44.6247	-44.103
BLOCK01/SES012/SA012S14	SES082	-0.758595	-45.4352	-44.6766
BLOCK01/SES012/SA012S14	SES087	-1.84195	-46.5186	-44.6766
BLOCK01/SES012/SA012S14	SES206	-0.432693	-45.1093	-44.6766
BLOCK01/SES012/SA012S14	SES292	-2.81609	-47.4927	-44.6766
BLOCK01/SES012/SA012S24	SES082	0.386833	-45.5165	-45.9034
BLOCK01/SES012/SA012S24	SES087	-0.877586	-46.7809	-45.9034
BLOCK01/SES012/SA012S24	SES120	-2.60643	-48.5098	-45.9034
BLOCK01/SES012/SA012S24	SES206	-0.116451	-46.0198	-45.9034
BLOCK01/SES012/SA012S26	SES019	-1.80681	-46.5729	-44.7661
BLOCK01/SES012/SA012S26	SES082	-1.84813	-46.6142	-44.7661
BLOCK01/SES012/SA012S26	SES206	-0.102455	-44.8686	-44.7661
BLOCK01/SES012/SA012S26	SES292	-2.50637	-47.2725	-44.7661
BLOCK01/SES012/SA012S29	SES062	-1.57496	-45.8949	-44.32
BLOCK01/SES012/SA012S29	SES082	-0.703892	-45.0238	-44.32
BLOCK01/SES012/SA012S29	SES083	-2.21745	-46.5374	-44.32
BLOCK01/SES012/SA012S29	SES206	-0.445564	-44.7655	-44.32
BLOCK01/SES013/SA013S16	SES062	-3.18848	-48.2118	-45.0233
BLOCK01/SES013/SA013S16	SES106	-0.176579	-45.1999	-45.0233
BLOCK01/SES013/SA013S16	SES206	-0.784679	-45.808	-45.0233
BLOCK01/SES013/SA013S16	SES226	0.00259399	-45.0207	-45.0233
BLOCK01/SES013/SA013S17	SES062	-2.90188	-47.3388	-44.4369
BLOCK01/SES013/SA013S17	SES106	-0.330513	-44.7674	-44.4369
BLOCK01/SES013/SA013S17	SES206	0.0485954	-44.3883	-44.4369
BLOCK01/SES013/SA013S17	SES226	0.488945	-43.948	-44.4369
BLOCK01/SES013/SA013S23	SES104	-1.02036	-46.1812	-45.1609
BLOCK01/SES013/SA013S23	SES106	-0.270931	-45.4318	-45.1609
BLOCK01/SES013/SA013S23	SES206	-0.671902	-45.8328	-45.1609
BLOCK01/SES013/SA013S23	SES270	0.0139923	-45.1469	-45.1609
BLOCK01/SES013/SA013S25	SES042	-0.812172	-45.5123	-44.7002
BLOCK01/SES013/SA013S25	SES104	-0.632324	-45.3325	-44.7002
BLOCK01/SES013/SA013S25	SES106	0.00770569	-44.6925	-44.7002
BLOCK01/SES013/SA013S25	SES206	-0.833881	-45.534	-44.7002
BLOCK01/SES013/SA013S29	SES062	-3.29827	-48.5735	-45.2753
BLOCK01/SES013/SA013S29	SES104	-1.06786	-46.3431	-45.2753
BLOCK01/SES013/SA013S29	SES106	0.331245	-44.944	-45.2753
BLOCK01/SES013/SA013S29	SES206	-0.972012	-46.2473	-45.2753
BLOCK02/SES021/SA021S13	SES016	-1.65425	-45.8515	-44.1972
BLOCK02/SES021/SA021S13	SES029	-1.18087	-45.3781	-44.1972
BLOCK02/SES021/SA021S13	SES087	-2.15272	-46.3499	-44.1972
BLOCK02/SES021/SA021S13	SES206	-0.916264	-45.1135	-44.1972
BLOCK02/SES021/SA021S15	SES087	-1.8201	-45.028	-43.2079
BLOCK02/SES021/SA021S15	SES125	-1.24539	-44.4533	-43.2079
BLOCK02/SES021/SA021S15	SES206	-0.882042	-44.09	-43.2079
BLOCK02/SES021/SA021S15	SES226	-1.10977	-44.3177	-43.2079
BLOCK02/SES021/SA021S23	SES062	-2.42325	-47.6817	-45.2585
BLOCK02/SES021/SA021S23	SES087	-2.4085	-47.667	-45.2585
BLOCK02/SES021/SA021S23	SES206	-1.85122	-47.1097	-45.2585
BLOCK02/SES021/SA021S23	SES226	-1.2342	-46.4927	-45.2585
BLOCK02/SES021/SA021S27	SES002	-2.2566	-45.9685	-43.7119
BLOCK02/SES021/SA021S27	SES016	-2.63628	-46.3482	-43.7119
BLOCK02/SES021/SA021S27	SES019	-1.87519	-45.5871	-43.7119
BLOCK02/SES021/SA021S27	SES062	-0.820351	-44.5323	-43.7119
BLOCK02/SES021/SA021S29	SES087	-2.08692	-45.9874	-43.9005
BLOCK02/SES021/SA021S29	SES125	-1.80627	-45.7068	-43.9005
BLOCK02/SES021/SA021S29	SES206	-1.5649	-45.4654	-43.9005
BLOCK02/SES021/SA021S29	SES226	-1.31619	-45.2167	-43.9005
BLOCK04/SES043/SA043S09	SES083	-1.24697	-46.7337	-45.4868
BLOCK04/SES043/SA043S09	SES101	-1.90235	-47.3891	-45.4868
BLOCK04/SES043/SA043S09	SES144	-0.312103	-45.7989	-45.4868
BLOCK04/SES043/SA043S09	SES172	-2.72425	-48.211	-45.4868
BLOCK04/SES043/SA043S11	SES083	-0.794395	-45.01	-44.2156
BLOCK04/SES043/SA043S11	SES101	-1.25373	-45.4693	-44.2156
BLOCK04/SES043/SA043S11	SES144	-0.35043	-44.566	-44.2156
BLOCK04/SES043/SA043S11	SES172	-1.28971	-45.5053	-44.2156
BLOCK04/SES043/SA043S23	SES083	-0.44706	-45.1056	-44.6586
BLOCK04/SES043/SA043S23	SES144	0.411877	-44.2467	-44.6586
BLOCK04/SES043/SA043S23	SES177	-0.847557	-45.5061	-44.6586
BLOCK04/SES043/SA043S23	SES275	-0.806534	-45.4651	-44.6586
BLOCK04/SES043/SA043S26	SES083	-1.0233	-45.8114	-44.7881
BLOCK04/SES043/SA043S26	SES101	-1.06973	-45.8578	-44.7881
BLOCK04/SES043/SA043S26	SES144	0.318352	-44.4698	-44.7881
BLOCK04/SES043/SA043S26	SES177	-1.01055	-45.7987	-44.7881
BLOCK04/SES043/SA043S28	SES016	-1.23832	-45.2289	-43.9906
BLOCK04/SES043/SA043S28	SES083	-0.656792	-44.6474	-43.9906
BLOCK04/SES043/SA043S28	SES101	-0.505379	-44.496	-43.9906
BLOCK04/SES043/SA043S28	SES144	-0.652138	-44.6427	-43.9906
BLOCK04/SES044/SA044S10	SES127	-2.21173	-48.9689	-46.7572
BLOCK04/SES044/SA044S10	SES144	0.0553017	-46.7019	-46.7572
BLOCK04/SES044/SA044S10	SES147	-3.30171	-50.0589	-46.7572
BLOCK04/SES044/SA044S10	SES148	-2.22874	-48.9859	-46.7572
BLOCK04/SES044/SA044S11	SES101	-1.87536	-47.7354	-45.8601
BLOCK04/SES044/SA044S11	SES144	0.0174599	-45.8426	-45.8601
BLOCK04/SES044/SA044S11	SES147	-2.58766	-48.4477	-45.8601
BLOCK04/SES044/SA044S11	SES177	-1.43899	-47.299	-45.8601
BLOCK04/SES044/SA044S24	SES007	-1.71609	-47.0838	-45.3677
BLOCK04/SES044/SA044S24	SES101	-1.09338	-46.461	-45.3677
BLOCK04/SES044/SA044S24	SES147	-2.33611	-47.7038	-45.3677
BLOCK04/SES044/SA044S24	SES177	-0.926033	-46.2937	-45.3677
BLOCK04/SES044/SA044S26	SES007	-1.45495	-46.7768	-45.3218
BLOCK04/SES044/SA044S26	SES016	-0.996662	-46.3185	-45.3218
BLOCK04/SES044/SA044S26	SES101	-1.18507	-46.5069	-45.3218
BLOCK04/SES044/SA044S26	SES147	-1.13895	-46.4608	-45.3218
BLOCK04/SES044/SA044S29	SES007	-1.43386	-45.8681	-44.4343
BLOCK04/SES044/SA044S29	SES101	-0.791119	-45.2254	-44.4343
BLOCK04/SES044/SA044S29	SES147	-2.09681	-46.5311	-44.4343
BLOCK04/SES044/SA044S29	SES177	-1.55325	-45.9875	-44.4343
BLOCK04/SES046/SA046S13	SES101	-1.82894	-47.1469	-45.3179
BLOCK04/SES046/SA046S13	SES144	-0.465439	-45.7834	-45.3179
BLOCK04/SES046/SA046S13	SES147	-3.01015	-48.3281	-45.3179
BLOCK04/SES046/SA046S13	SES177	-1.01134	-46.3293	-45.3179
BLOCK04/SES046/SA046S15	SES048	-1.76018	-45.5754	-43.8152
BLOCK04/SES046/SA046S15	SES083	-1.21245	-45.0277	-43.8152
BLOCK04/SES046/SA046S15	SES120	-2.18947	-46.0047	-43.8152
BLOCK04/SES046/SA046S15	SES148	-1.14254	-44.9578	-43.8152
BLOCK04/SES046/SA046S22	SES101	-0.986984	-46.0463	-45.0593
BLOCK04/SES046/SA046S22	SES144	-0.840805	-45.9001	-45.0593
BLOCK04/SES046/SA046S22	SES147	-2.96666	-48.0259	-45.0593
BLOCK04/SES046/SA046S22	SES172	-1.57262	-46.6319	-45.0593
BLOCK04/SES046/SA046S25	SES083	-1.48272	-45.9822	-44.4995
BLOCK04/SES046/SA046S25	SES127	-1.25149	-45.751	-44.4995
BLOCK04/SES046/SA046S25	SES144	-1.32389	-45.8234	-44.4995
BLOCK04/SES046/SA046S25	SES148	-0.887371	-45.3868	-44.4995
BLOCK04/SES046/SA046S28	SES007	-2.56258	-48.2609	-45.6983
BLOCK04/SES046/SA046S28	SES105	-2.00744	-47.7058	-45.6983
BLOCK04/SES046/SA046S28	SES147	-2.21295	-47.9113	-45.6983
BLOCK04/SES046/SA046S28	SES148	-0.956757	-46.6551	-45.6983
BLOCK04/SES049/SA049S16	SES104	-0.811699	-47.1458	-46.3341
BLOCK04/SES049/SA049S16	SES106	-0.245876	-46.5799	-46.3341
BLOCK04/SES049/SA049S16	SES120	-2.29943	-48.6335	-46.3341
BLOCK04/SES049/SA049S16	SES206	-0.8657	-47.1998	-46.3341
BLOCK04/SES049/SA049S18	SES099	0.16164	-46.9298	-47.0914
BLOCK04/SES049/SA049S18	SES104	-0.989853	-48.0813	-47.0914
BLOCK04/SES049/SA049S18	SES125	-2.05038	-49.1418	-47.0914
BLOCK04/SES049/SA049S18	SES206	-1.38734	-48.4787	-47.0914
BLOCK04/SES049/SA049S25	SES087	-0.50803	-46.7829	-46.2749
BLOCK04/SES049/SA049S25	SES104	-0.5742	-46.8491	-46.2749
BLOCK04/SES049/SA049S25	SES125	-1.49694	-47.7719	-46.2749
BLOCK04/SES049/SA049S25	SES206	-0.236214	-46.5111	-46.2749
BLOCK04/SES049/SA049S27	SES099	-0.959049	-46.3299	-45.3708
BLOCK04/SES049/SA049S27	SES104	-0.286419	-45.6573	-45.3708
BLOCK04/SES049/SA049S27	SES125	-1.55421	-46.9251	-45.3708
BLOCK04/SES049/SA049S27	SES206	-1.33156	-46.7024	-45.3708
BLOCK04/SES049/SA049S29	SES099	0.0929718	-44.5996	-44.6926
BLOCK04/SES049/SA049S29	SES104	0.269966	-44.4226	-44.6926
BLOCK04/SES049/SA049S29	SES125	-0.98391	-45.6765	-44.6926
BLOCK04/SES049/SA049S29	SES206	-0.124825	-44.8174	-44.6926
BLOCK06/SES063/SA063S09	SES068	-1.40039	-45.9412	-44.5408
BLOCK06/SES063/SA063S09	SES083	-0.53307	-45.0739	-44.5408
BLOCK06/SES063/SA063S09	SES177	-1.15386	-45.6947	-44.5408
BLOCK06/SES063/SA063S09	SES187	-1.38279	-45.9236	-44.5408
BLOCK06/SES063/SA063S10	SES068	-1.19235	-46.1117	-44.9194
BLOCK06/SES063/SA063S10	SES083	-0.349701	-45.2691	-44.9194
BLOCK06/SES063/SA063S10	SES172	-0.945587	-45.865	-44.9194
BLOCK06/SES063/SA063S10	SES187	-1.2708	-46.1902	-44.9194
BLOCK06/SES063/SA063S20	SES068	-1.52447	-46.3993	-44.8748
BLOCK06/SES063/SA063S20	SES083	-0.771118	-45.6459	-44.8748
BLOCK06/SES063/SA063S20	SES172	-1.27306	-46.1479	-44.8748
BLOCK06/SES063/SA063S20	SES187	-0.365303	-45.2401	-44.8748
BLOCK06/SES063/SA063S24	SES029	-1.90973	-46.1614	-44.2517
BLOCK06/SES063/SA063S24	SES083	0.15176	-44.0999	-44.2517
BLOCK06/SES063/SA063S24	SES177	-0.599575	-44.8513	-44.2517
BLOCK06/SES063/SA063S24	SES189	-1.1089	-45.3606	-44.2517
BLOCK06/SES063/SA063S27	SES083	-0.153965	-45.091	-44.9371
BLOCK06/SES063/SA063S27	SES172	-0.694317	-45.6314	-44.9371
BLOCK06/SES063/SA063S27	SES187	-1.58243	-46.5195	-44.9371
BLOCK06/SES063/SA063S27	SES292	-1.26907	-46.2061	-44.9371
BLOCK06/SES067/SA067S12	SES083	-1.62956	-46.0558	-44.4263
BLOCK06/SES067/SA067S12	SES172	-2.19839	-46.6246	-44.4263
BLOCK06/SES067/SA067S12	SES202	-0.324188	-44.7504	-44.4263
BLOCK06/SES067/SA067S12	SES292	-1.319	-45.7452	-44.4263
BLOCK06/SES067/SA067S14	SES085	-1.29033	-45.3162	-44.0258
BLOCK06/SES067/SA067S14	SES177	-1.19716	-45.223	-44.0258
BLOCK06/SES067/SA067S14	SES183	-0.914108	-44.94	-44.0258
BLOCK06/SES067/SA067S14	SES202	-0.435402	-44.4613	-44.0258
BLOCK06/SES067/SA067S21	SES144	-0.92852	-46.1433	-45.2148
BLOCK06/SES067/SA067S21	SES177	-0.858299	-46.0731	-45.2148
BLOCK06/SES067/SA067S21	SES183	-2.30769	-47.5225	-45.2148
BLOCK06/SES067/SA067S21	SES189	-0.400505	-45.6153	-45.2148
BLOCK06/SES067/SA067S25	SES085	-1.41943	-46.0883	-44.6689
BLOCK06/SES067/SA067S25	SES177	-1.0957	-45.7646	-44.6689
BLOCK06/SES067/SA067S25	SES183	-0.897182	-45.5661	-44.6689
BLOCK06/SES067/SA067S25	SES202	-0.587467	-45.2563	-44.6689
BLOCK06/SES067/SA067S29	SES085	-0.841724	-45.6069	-44.7652
BLOCK06/SES067/SA067S29	SES177	-1.26658	-46.0318	-44.7652
BLOCK06/SES067/SA067S29	SES183	-0.908825	-45.674	-44.7652
BLOCK06/SES067/SA067S29	SES202	-0.232311	-44.9975	-44.7652
BLOCK06/SES069/SA069S12	SES029	-1.09957	-45.8788	-44.7792
BLOCK06/SES069/SA069S12	SES082	-0.410675	-45.1899	-44.7792
BLOCK06/SES069/SA069S12	SES087	-1.93873	-46.7179	-44.7792
BLOCK06/SES069/SA069S12	SES206	-1.37944	-46.1586	-44.7792
BLOCK06/SES069/SA069S13	SES029	-2.08892	-46.6647	-44.5758
BLOCK06/SES069/SA069S13	SES087	-1.91298	-46.4887	-44.5758
BLOCK06/SES069/SA069S13	SES206	-1.96142	-46.5372	-44.5758
BLOCK06/SES069/SA069S13	SES226	-1.33293	-45.9087	-44.5758
BLOCK06/SES069/SA069S23	SES029	-0.776752	-43.8623	-43.0856
BLOCK06/SES069/SA069S23	SES087	-2.67487	-45.7605	-43.0856
BLOCK06/SES069/SA069S23	SES206	-2.09767	-45.1832	-43.0856
BLOCK06/SES069/SA069S23	SES226	-0.577824	-43.6634	-43.0856
BLOCK06/SES069/SA069S25	SES087	-1.354	-45.1857	-43.8317
BLOCK06/SES069/SA069S25	SES206	-1.78752	-45.6192	-43.8317
BLOCK06/SES069/SA069S25	SES226	-0.703156	-44.5349	-43.8317
BLOCK06/SES069/SA069S25	SES270	-0.667042	-44.4987	-43.8317
BLOCK06/SES069/SA069S27	SES087	-2.2465	-46.265	-44.0185
BLOCK06/SES069/SA069S27	SES206	-1.10733	-45.1258	-44.0185
BLOCK06/SES069/SA069S27	SES226	-0.49445	-44.513	-44.0185
BLOCK06/SES069/SA069S27	SES270	-0.727104	-44.7456	-44.0185
BLOCK08/SES081/SA081S11	SES060	-1.3392	-45.4811	-44.1419
BLOCK08/SES081/SA081S11	SES062	-2.44481	-46.5867	-44.1419
BLOCK08/SES081/SA081S11	SES117	-2.45414	-46.596	-44.1419
BLOCK08/SES081/SA081S11	SES162	-2.09223	-46.2341	-44.1419
BLOCK08/SES081/SA081S13	SES016	-1.07783	-44.6029	-43.525
BLOCK08/SES081/SA081S13	SES060	-0.0696907	-43.5947	-43.525
BLOCK08/SES081/SA081S13	SES068	-0.515251	-44.0403	-43.525
BLOCK08/SES081/SA081S13	SES129	-1.24866	-44.7737	-43.525
BLOCK08/SES081/SA081S24	SES060	-0.571507	-44.4349	-43.8634
BLOCK08/SES081/SA081S24	SES068	-0.361423	-44.2248	-43.8634
BLOCK08/SES081/SA081S24	SES117	-1.69865	-45.5621	-43.8634
BLOCK08/SES081/SA081S24	SES275	-1.36515	-45.2286	-43.8634
BLOCK08/SES081/SA081S27	SES007	-0.757675	-45.0312	-44.2735
BLOCK08/SES081/SA081S27	SES060	-1.24637	-45.5199	-44.2735
BLOCK08/SES081/SA081S27	SES117	-0.746185	-45.0197	-44.2735
BLOCK08/SES081/SA081S27	SES275	-0.846012	-45.1195	-44.2735
BLOCK08/SES081/SA081S29	SES007	-0.402611	-44.1491	-43.7465
BLOCK08/SES081/SA081S29	SES060	-0.536648	-44.2831	-43.7465
BLOCK08/SES081/SA081S29	SES117	-1.43616	-45.1827	-43.7465
BLOCK08/SES081/SA081S29	SES275	-1.59845	-45.345	-43.7465
BLOCK08/SES086/SA086S11	SES029	-4.03157	-50.6048	-46.5732
BLOCK08/SES086/SA086S11	SES082	-1.30924	-47.8825	-46.5732
BLOCK08/SES086/SA086S11	SES087	-0.115711	-46.6889	-46.5732
BLOCK08/SES086/SA086S11	SES206	-1.28557	-47.8588	-46.5732
BLOCK08/SES086/SA086S12	SES029	-3.21341	-49.3769	-46.1635
BLOCK08/SES086/SA086S12	SES082	-1.39143	-47.5549	-46.1635
BLOCK08/SES086/SA086S12	SES087	0.814606	-45.3489	-46.1635
BLOCK08/SES086/SA086S12	SES206	-0.456039	-46.6195	-46.1635
BLOCK08/SES086/SA086S20	SES029	-2.73199	-47.3213	-44.5893
BLOCK08/SES086/SA086S20	SES082	-0.969845	-45.5592	-44.5893
BLOCK08/SES086/SA086S20	SES087	0.763718	-43.8256	-44.5893
BLOCK08/SES086/SA086S20	SES206	0.163795	-44.4255	-44.5893
BLOCK08/SES086/SA086S24	SES087	0.456467	-45.3575	-45.814
BLOCK08/SES086/SA086S24	SES104	-1.1581	-46.9721	-45.814
BLOCK08/SES086/SA086S24	SES120	-2.74118	-48.5551	-45.814
BLOCK08/SES086/SA086S24	SES206	0.309029	-45.5049	-45.814
BLOCK08/SES086/SA086S28	SES029	-2.4926	-47.1522	-44.6595
BLOCK08/SES086/SA086S28	SES082	-1.44087	-46.1004	-44.6595
BLOCK08/SES086/SA086S28	SES087	0.264404	-44.3951	-44.6595
BLOCK08/SES086/SA086S28	SES206	-0.220478	-44.88	-44.6595
BLOCK08/SES089/SA089S13	SES087	-1.95548	-47.1008	-45.1454
BLOCK08/SES089/SA089S13	SES206	-2.21721	-47.3626	-45.1454
BLOCK08/SES089/SA089S13	SES226	-1.15372	-46.2991	-45.1454
BLOCK08/SES089/SA089S13	SES270	-2.55967	-47.705	-45.1454
BLOCK08/SES089/SA089S14	SES062	-1.49334	-46.6418	-45.1484
BLOCK08/SES089/SA089S14	SES087	-0.729332	-45.8778	-45.1484
BLOCK08/SES089/SA089S14	SES206	-0.837917	-45.9863	-45.1484
BLOCK08/SES089/SA089S14	SES226	-0.559139	-45.7076	-45.1484
BLOCK08/SES089/SA089S23	SES087	-2.06005	-47.7338	-45.6738
BLOCK08/SES089/SA089S23	SES206	-1.5416	-47.2154	-45.6738
BLOCK08/SES089/SA089S23	SES226	-1.37057	-47.0443	-45.6738
BLOCK08/SES089/SA089S23	SES270	-2.42655	-48.1003	-45.6738
BLOCK08/SES089/SA089S25	SES062	-2.17813	-47.2791	-45.101
BLOCK08/SES089/SA089S25	SES087	-1.73351	-46.8345	-45.101
BLOCK08/SES089/SA089S25	SES206	-2.0431	-47.1441	-45.101
BLOCK08/SES089/SA089S25	SES226	-0.712997	-45.814	-45.101
BLOCK08/SES089/SA089S28	SES062	-1.53091	-46.3443	-44.8134
BLOCK08/SES089/SA089S28	SES087	-1.85526	-46.6687	-44.8134
BLOCK08/SES089/SA089S28	SES206	-1.55765	-46.3711	-44.8134
BLOCK08/SES089/SA089S28	SES226	-0.980316	-45.7937	-44.8134
BLOCK09/SES097/SA097S11	SES099	0.388462	-45.477	-45.8655
BLOCK09/SES097/SA097S11	SES125	-1.64356	-47.509	-45.8655
BLOCK09/SES097/SA097S11	SES206	-0.757111	-46.6226	-45.8655
BLOCK09/SES097/SA097S11	SES226	0.286404	-45.5791	-45.8655
BLOCK09/SES097/SA097S14	SES062	-1.93056	-47.4943	-45.5637
BLOCK09/SES097/SA097S14	SES099	-0.757229	-46.3209	-45.5637
BLOCK09/SES097/SA097S14	SES104	-1.31142	-46.8751	-45.5637
BLOCK09/SES097/SA097S14	SES206	-1.25697	-46.8207	-45.5637
BLOCK09/SES097/SA097S22	SES099	0.381367	-45.6057	-45.9871
BLOCK09/SES097/SA097S22	SES206	-0.837093	-46.8241	-45.9871
BLOCK09/SES097/SA097S22	SES226	-0.375515	-46.3626	-45.9871
BLOCK09/SES097/SA097S22	SES270	0.753136	-45.2339	-45.9871
BLOCK09/SES097/SA097S26	SES099	0.227211	-45.3787	-45.6059
BLOCK09/SES097/SA097S26	SES120	-1.48012	-47.086	-45.6059
BLOCK09/SES097/SA097S26	SES206	-0.604454	-46.2104	-45.6059
BLOCK09/SES097/SA097S26	SES226	-0.751244	-46.3571	-45.6059
BLOCK09/SES097/SA097S28	SES099	-0.555763	-46.056	-45.5003
BLOCK09/SES097/SA097S28	SES120	-1.24586	-46.7461	-45.5003
BLOCK09/SES097/SA097S28	SES206	-1.2071	-46.7074	-45.5003
BLOCK09/SES097/SA097S28	SES226	-1.40245	-46.9027	-45.5003
BLOCK09/SES098/SA098S11	SES127	-1.62858	-47.4227	-45.7942
BLOCK09/SES098/SA098S11	SES144	-1.19102	-46.9852	-45.7942
BLOCK09/SES098/SA098S11	SES147	-0.690266	-46.4844	-45.7942
BLOCK09/SES098/SA098S11	SES148	-1.98898	-47.7831	-45.7942
BLOCK09/SES098/SA098S12	SES127	-2.66436	-49.6524	-46.988
BLOCK09/SES098/SA098S12	SES144	-1.29395	-48.282	-46.988
BLOCK09/SES098/SA098S12	SES147	-1.77388	-48.7619	-46.988
BLOCK09/SES098/SA098S12	SES189	-0.893162	-47.8812	-46.988
BLOCK09/SES098/SA098S20	SES127	-2.13189	-48.3222	-46.1903
BLOCK09/SES098/SA098S20	SES147	-2.49654	-48.6869	-46.1903
BLOCK09/SES098/SA098S20	SES148	-2.4586	-48.6489	-46.1903
BLOCK09/SES098/SA098S20	SES292	-2.78244	-48.9728	-46.1903
BLOCK09/SES098/SA098S23	SES127	-1.43449	-46.8668	-45.4324
BLOCK09/SES098/SA098S23	SES147	-1.349	-46.7813	-45.4324
BLOCK09/SES098/SA098S23	SES187	-0.773956	-46.2063	-45.4324
BLOCK09/SES098/SA098S23	SES292	-1.66653	-47.0989	-45.4324
BLOCK09/SES098/SA098S27	SES127	-2.17554	-48.1319	-45.9564
BLOCK09/SES098/SA098S27	SES147	-1.90531	-47.8617	-45.9564
BLOCK09/SES098/SA098S27	SES148	-2.44629	-48.4026	-45.9564
BLOCK09/SES098/SA098S27	SES292	-1.47768	-47.434	-45.9564
BLOCK10/SES102/SA102S13	SES101	-0.0787354	-45.6971	-45.6184
BLOCK10/SES102/SA102S13	SES105	-1.74559	-47.364	-45.6184
BLOCK10/SES102/SA102S13	SES120	-1.52741	-47.1458	-45.6184
BLOCK10/SES102/SA102S13	SES158	-4.11567	-49.7341	-45.6184
BLOCK10/SES102/SA102S14	SES007	-0.578625	-44.3199	-43.7413
BLOCK10/SES102/SA102S14	SES101	-0.877811	-44.6191	-43.7413
BLOCK10/SES102/SA102S14	SES105	-0.788376	-44.5297	-43.7413
BLOCK10/SES102/SA102S14	SES147	-2.54209	-46.2834	-43.7413
BLOCK10/SES102/SA102S22	SES007	-1.10886	-45.3127	-44.2038
BLOCK10/SES102/SA102S22	SES101	-0.262142	-44.466	-44.2038
BLOCK10/SES102/SA102S22	SES105	-0.737408	-44.9412	-44.2038
BLOCK10/SES102/SA102S22	SES158	-3.0932	-47.297	-44.2038
BLOCK10/SES102/SA102S25	SES007	-0.712845	-45.066	-44.3532
BLOCK10/SES102/SA102S25	SES101	0.123245	-44.2299	-44.3532
BLOCK10/SES102/SA102S25	SES105	-1.00189	-45.3551	-44.3532
BLOCK10/SES102/SA102S25	SES147	-2.78247	-47.1357	-44.3532
BLOCK10/SES102/SA102S27	SES007	-1.07022	-45.7559	-44.6856
BLOCK10/SES102/SA102S27	SES101	-0.552132	-45.2378	-44.6856
BLOCK10/SES102/SA102S27	SES105	-1.57823	-46.2639	-44.6856
BLOCK10/SES102/SA102S27	SES147	-2.30828	-46.9939	-44.6856
BLOCK10/SES103/SA103S14	SES105	-2.09795	-48.3497	-46.2518
BLOCK10/SES103/SA103S14	SES106	-0.0760956	-46.3279	-46.2518
BLOCK10/SES103/SA103S14	SES120	-2.9088	-49.1606	-46.2518
BLOCK10/SES103/SA103S14	SES206	-1.23991	-47.4917	-46.2518
BLOCK10/SES103/SA103S15	SES099	-0.713768	-47.6481	-46.9343
BLOCK10/SES103/SA103S15	SES101	-2.23666	-49.1709	-46.9343
BLOCK10/SES103/SA103S15	SES104	-1.03749	-47.9718	-46.9343
BLOCK10/SES103/SA103S15	SES125	-0.927505	-47.8618	-46.9343
BLOCK10/SES103/SA103S24	SES104	-1.01453	-46.6585	-45.644
BLOCK10/SES103/SA103S24	SES125	-1.47013	-47.1141	-45.644
BLOCK10/SES103/SA103S24	SES148	-2.19585	-47.8398	-45.644
BLOCK10/SES103/SA103S24	SES158	-0.620171	-46.2642	-45.644
BLOCK10/SES103/SA103S26	SES104	-1.83212	-47.8954	-46.0632
BLOCK10/SES103/SA103S26	SES106	-0.47905	-46.5423	-46.0632
BLOCK10/SES103/SA103S26	SES125	-1.63556	-47.6988	-46.0632
BLOCK10/SES103/SA103S26	SES148	-2.43396	-48.4972	-46.0632
BLOCK10/SES103/SA103S28	SES104	-1.83568	-48.1626	-46.327
BLOCK10/SES103/SA103S28	SES106	-0.707001	-47.034	-46.327
BLOCK10/SES103/SA103S28	SES125	-2.12756	-48.4545	-46.327
BLOCK10/SES103/SA103S28	SES206	-1.95266	-48.2796	-46.327
BLOCK12/SES121/SA121S12	SES042	-1.26734	-48.3396	-47.0723
BLOCK12/SES121/SA121S12	SES087	-1.16588	-48.2382	-47.0723
BLOCK12/SES121/SA121S12	SES105	-1.17659	-48.2489	-47.0723
BLOCK12/SES121/SA121S12	SES206	-1.38178	-48.4541	-47.0723
BLOCK12/SES121/SA121S14	SES007	-2.34236	-49.7881	-47.4457
BLOCK12/SES121/SA121S14	SES105	-2.08273	-49.5285	-47.4457
BLOCK12/SES121/SA121S14	SES106	-1.06068	-48.5064	-47.4457
BLOCK12/SES121/SA121S14	SES206	-1.04764	-48.4934	-47.4457
BLOCK12/SES121/SA121S23	SES105	-1.81699	-49.4474	-47.6304
BLOCK12/SES121/SA121S23	SES106	-0.468189	-48.0986	-47.6304
BLOCK12/SES121/SA121S23	SES120	-2.52792	-50.1583	-47.6304
BLOCK12/SES121/SA121S23	SES206	-0.652954	-48.2833	-47.6304
BLOCK12/SES121/SA121S25	SES007	-1.85901	-50.0416	-48.1826
BLOCK12/SES121/SA121S25	SES105	-2.60303	-50.7856	-48.1826
BLOCK12/SES121/SA121S25	SES106	-0.945736	-49.1283	-48.1826
BLOCK12/SES121/SA121S25	SES206	-0.893173	-49.0757	-48.1826
BLOCK12/SES121/SA121S27	SES087	-0.421352	-47.2129	-46.7915
BLOCK12/SES121/SA121S27	SES105	-3.18927	-49.9808	-46.7915
BLOCK12/SES121/SA121S27	SES120	-1.89631	-48.6878	-46.7915
BLOCK12/SES121/SA121S27	SES206	-0.450966	-47.2425	-46.7915
BLOCK12/SES124/SA124S16	SES042	-0.257389	-45.0518	-44.7945
BLOCK12/SES124/SA124S16	SES082	-0.374187	-45.1686	-44.7945
BLOCK12/SES124/SA124S16	SES183	-3.59085	-48.3853	-44.7945
BLOCK12/SES124/SA124S16	SES206	-0.519718	-45.3142	-44.7945
BLOCK12/SES124/SA124S17	SES105	-2.41824	-48.3576	-45.9394
BLOCK12/SES124/SA124S17	SES149	-1.79264	-47.732	-45.9394
BLOCK12/SES124/SA124S17	SES158	-2.11763	-48.057	-45.9394
BLOCK12/SES124/SA124S17	SES275	-3.5433	-49.4827	-45.9394
BLOCK12/SES124/SA124S23	SES105	-2.26963	-45.7404	-43.4707
BLOCK12/SES124/SA124S23	SES125	0.33234	-43.1384	-43.4707
BLOCK12/SES124/SA124S23	SES129	-2.57543	-46.0462	-43.4707
BLOCK12/SES124/SA124S23	SES158	-0.758171	-44.2289	-43.4707
BLOCK12/SES124/SA124S26	SES105	-2.98317	-47.6185	-44.6353
BLOCK12/SES124/SA124S26	SES125	0.32375	-44.3116	-44.6353
BLOCK12/SES124/SA124S26	SES129	-3.245	-47.8803	-44.6353
BLOCK12/SES124/SA124S26	SES158	-0.683563	-45.3189	-44.6353
BLOCK12/SES124/SA124S28	SES104	-0.221336	-44.6142	-44.3928
BLOCK12/SES124/SA124S28	SES106	0.298424	-44.0944	-44.3928
BLOCK12/SES124/SA124S28	SES125	0.376881	-44.0159	-44.3928
BLOCK12/SES124/SA124S28	SES275	-3.27195	-47.6648	-44.3928
BLOCK12/SES126/SA126S13	SES007	-1.32033	-47.3341	-46.0138
BLOCK12/SES126/SA126S13	SES162	-1.62571	-47.6395	-46.0138
BLOCK12/SES126/SA126S13	SES177	-1.16294	-47.1767	-46.0138
BLOCK12/SES126/SA126S13	SES180	-1.57834	-47.5921	-46.0138
BLOCK12/SES126/SA126S14	SES144	-0.601227	-45.0962	-44.495
BLOCK12/SES126/SA126S14	SES148	-1.42251	-45.9175	-44.495
BLOCK12/SES126/SA126S14	SES177	-0.345547	-44.8405	-44.495
BLOCK12/SES126/SA126S14	SES180	-1.63448	-46.1295	-44.495
BLOCK12/SES126/SA126S20	SES007	-1.38213	-46.4461	-45.064
BLOCK12/SES126/SA126S20	SES162	-1.40568	-46.4696	-45.064
BLOCK12/SES126/SA126S20	SES172	-3.16019	-48.2242	-45.064
BLOCK12/SES126/SA126S20	SES180	-2.74755	-47.8115	-45.064
BLOCK12/SES126/SA126S24	SES120	-1.23063	-45.7753	-44.5447
BLOCK12/SES126/SA126S24	SES162	-1.58196	-46.1266	-44.5447
BLOCK12/SES126/SA126S24	SES177	-0.813175	-45.3578	-44.5447
BLOCK12/SES126/SA126S24	SES180	-1.54745	-46.0921	-44.5447
BLOCK12/SES126/SA126S26	SES120	-0.716557	-46.4272	-45.7106
BLOCK12/SES126/SA126S26	SES177	-0.529419	-46.2401	-45.7106
BLOCK12/SES126/SA126S26	SES180	-1.11626	-46.8269	-45.7106
BLOCK12/SES126/SA126S26	SES202	-1.17814	-46.8888	-45.7106
BLOCK12/SES128/SA128S10	SES087	-2.09094	-47.1227	-45.0317
BLOCK12/SES128/SA128S10	SES206	-1.58628	-46.618	-45.0317
BLOCK12/SES128/SA128S10	SES226	-0.722736	-45.7545	-45.0317
BLOCK12/SES128/SA128S10	SES270	-0.50732	-45.5391	-45.0317
BLOCK12/SES128/SA128S12	SES120	-1.81179	-46.7175	-44.9057
BLOCK12/SES128/SA128S12	SES158	-1.33263	-46.2383	-44.9057
BLOCK12/SES128/SA128S12	SES206	-0.967556	-45.8732	-44.9057
BLOCK12/SES128/SA128S12	SES226	-1.25565	-46.1613	-44.9057
BLOCK12/SES128/SA128S21	SES106	-2.93977	-49.0872	-46.1474
BLOCK12/SES128/SA128S21	SES120	-0.923553	-47.071	-46.1474
BLOCK12/SES128/SA128S21	SES206	-3.00224	-49.1497	-46.1474
BLOCK12/SES128/SA128S21	SES226	-1.96625	-48.1137	-46.1474
BLOCK12/SES128/SA128S24	SES087	-2.71317	-48.3738	-45.6606
BLOCK12/SES128/SA128S24	SES120	-0.487267	-46.1479	-45.6606
BLOCK12/SES128/SA128S24	SES206	-2.15882	-47.8194	-45.6606
BLOCK12/SES128/SA128S24	SES226	-1.58319	-47.2438	-45.6606
BLOCK12/SES128/SA128S27	SES099	-2.34932	-47.1759	-44.8266
BLOCK12/SES128/SA128S27	SES120	-0.85828	-45.6849	-44.8266
BLOCK12/SES128/SA128S27	SES206	-1.71042	-46.537	-44.8266
BLOCK12/SES128/SA128S27	SES226	-0.709152	-45.5357	-44.8266
BLOCK13/SES130/SA130S13	SES143	-1.08331	-47.5194	-46.4361
BLOCK13/SES130/SA130S13	SES144	0.115555	-46.3205	-46.4361
BLOCK13/SES130/SA130S13	SES146	-0.817158	-47.2532	-46.4361
BLOCK13/SES130/SA130S13	SES275	-2.78439	-49.2204	-46.4361
BLOCK13/SES130/SA130S15	SES143	-1.64051	-46.4983	-44.8578
BLOCK13/SES130/SA130S15	SES144	-0.68325	-45.541	-44.8578
BLOCK13/SES130/SA130S15	SES146	-0.581844	-45.4396	-44.8578
BLOCK13/SES130/SA130S15	SES275	-1.24554	-46.1033	-44.8578
BLOCK13/SES130/SA130S23	SES127	-1.67983	-47.9949	-46.3151
BLOCK13/SES130/SA130S23	SES144	-1.76517	-48.0802	-46.3151
BLOCK13/SES130/SA130S23	SES146	-0.0676498	-46.3827	-46.3151
BLOCK13/SES130/SA130S23	SES162	-0.775402	-47.0905	-46.3151
BLOCK13/SES130/SA130S25	SES127	-1.05126	-45.8395	-44.7882
BLOCK13/SES130/SA130S25	SES144	-0.767265	-45.5555	-44.7882
BLOCK13/SES130/SA130S25	SES146	-0.551617	-45.3399	-44.7882
BLOCK13/SES130/SA130S25	SES275	-1.17222	-45.9605	-44.7882
BLOCK13/SES130/SA130S28	SES127	-0.940285	-45.7883	-44.848
BLOCK13/SES130/SA130S28	SES144	-0.917164	-45.7652	-44.848
BLOCK13/SES130/SA130S28	SES146	-0.738861	-45.5869	-44.848
BLOCK13/SES130/SA130S28	SES275	-0.623447	-45.4715	-44.848
BLOCK13/SES131/SA131S13	SES002	-1.90051	-49.1061	-47.2056
BLOCK13/SES131/SA131S13	SES007	-3.1679	-50.3735	-47.2056
BLOCK13/SES131/SA131S13	SES099	-1.32814	-48.5337	-47.2056
BLOCK13/SES131/SA131S13	SES105	-2.04439	-49.25	-47.2056
BLOCK13/SES131/SA131S14	SES104	-0.69598	-46.0247	-45.3288
BLOCK13/SES131/SA131S14	SES106	-0.208576	-45.5373	-45.3288
BLOCK13/SES131/SA131S14	SES125	-1.34129	-46.67	-45.3288
BLOCK13/SES131/SA131S14	SES148	-2.17158	-47.5003	-45.3288
BLOCK13/SES131/SA131S20	SES104	-1.0559	-47.5493	-46.4934
BLOCK13/SES131/SA131S20	SES106	-0.403362	-46.8967	-46.4934
BLOCK13/SES131/SA131S20	SES125	-1.32239	-47.8157	-46.4934
BLOCK13/SES131/SA131S20	SES148	-2.67672	-49.1701	-46.4934
BLOCK13/SES131/SA131S22	SES099	-0.72208	-46.4683	-45.7462
BLOCK13/SES131/SA131S22	SES104	-0.885765	-46.6319	-45.7462
BLOCK13/SES131/SA131S22	SES125	-1.18628	-46.9324	-45.7462
BLOCK13/SES131/SA131S22	SES206	-1.25153	-46.9977	-45.7462
BLOCK13/SES131/SA131S29	SES087	-0.931812	-47.4065	-46.4747
BLOCK13/SES131/SA131S29	SES104	-1.362	-47.8367	-46.4747
BLOCK13/SES131/SA131S29	SES125	-1.24474	-47.7194	-46.4747
BLOCK13/SES131/SA131S29	SES206	-0.996895	-47.4716	-46.4747
BLOCK13/SES132/SA132S11	SES083	-1.91996	-46.304	-44.384
BLOCK13/SES132/SA132S11	SES120	0.111679	-44.2723	-44.384
BLOCK13/SES132/SA132S11	SES127	-1.31029	-45.6943	-44.384
BLOCK13/SES132/SA132S11	SES275	-0.514942	-44.899	-44.384
BLOCK13/SES132/SA132S12	SES083	-1.4292	-45.6102	-44.181
BLOCK13/SES132/SA132S12	SES143	-1.07809	-45.2591	-44.181
BLOCK13/SES132/SA132S12	SES144	-1.08895	-45.27	-44.181
BLOCK13/SES132/SA132S12	SES148	-0.627651	-44.8087	-44.181
BLOCK13/SES132/SA132S22	SES062	-0.107296	-44.2974	-44.1901
BLOCK13/SES132/SA132S22	SES083	-1.2255	-45.4156	-44.1901
BLOCK13/SES132/SA132S22	SES127	-1.00079	-45.1909	-44.1901
BLOCK13/SES132/SA132S22	SES275	-0.610275	-44.8004	-44.1901
BLOCK13/SES132/SA132S24	SES007	-0.328396	-44.1237	-43.7953
BLOCK13/SES132/SA132S24	SES083	-2.01845	-45.8138	-43.7953
BLOCK13/SES132/SA132S24	SES127	-1.57665	-45.372	-43.7953
BLOCK13/SES132/SA132S24	SES275	-0.690712	-44.486	-43.7953
BLOCK13/SES132/SA132S27	SES083	-2.29443	-47.0586	-44.7642
BLOCK13/SES132/SA132S27	SES120	-0.0187225	-44.7829	-44.7642
BLOCK13/SES132/SA132S27	SES127	-1.82605	-46.5902	-44.7642
BLOCK13/SES132/SA132S27	SES275	-1.40225	-46.1664	-44.7642
BLOCK14/SES141/SA141S09	SES143	-0.986084	-45.6738	-44.6877
BLOCK14/SES141/SA141S09	SES144	-0.435158	-45.1228	-44.6877
BLOCK14/SES141/SA141S09	SES162	-1.11538	-45.8031	-44.6877
BLOCK14/SES141/SA141S09	SES180	-1.19089	-45.8786	-44.6877
BLOCK14/SES141/SA141S15	SES127	-1.0895	-45.6202	-44.5307
BLOCK14/SES141/SA141S15	SES144	-0.93169	-45.4624	-44.5307
BLOCK14/SES141/SA141S15	SES162	-1.28188	-45.8125	-44.5307
BLOCK14/SES141/SA141S15	SES180	-0.848083	-45.3787	-44.5307
BLOCK14/SES141/SA141S24	SES127	-0.594322	-44.8994	-44.3051
BLOCK14/SES141/SA141S24	SES144	-0.871391	-45.1765	-44.3051
BLOCK14/SES141/SA141S24	SES162	-0.773548	-45.0787	-44.3051
BLOCK14/SES141/SA141S24	SES183	-1.89476	-46.1999	-44.3051
BLOCK14/SES141/SA141S26	SES142	-0.876579	-46.0037	-45.1271
BLOCK14/SES141/SA141S26	SES144	-0.820362	-45.9475	-45.1271
BLOCK14/SES141/SA141S26	SES172	-1.52913	-46.6563	-45.1271
BLOCK14/SES141/SA141S26	SES180	-1.0992	-46.2263	-45.1271
BLOCK14/SES141/SA141S29	SES127	-0.186031	-44.374	-44.188
BLOCK14/SES141/SA141S29	SES142	-0.0553627	-44.2433	-44.188
BLOCK14/SES141/SA141S29	SES144	-0.643604	-44.8316	-44.188
BLOCK14/SES141/SA141S29	SES180	-0.600449	-44.7884	-44.188
BLOCK15/SES157/SA157S08	SES083	-2.17896	-47.4523	-45.2734
BLOCK15/SES157/SA157S08	SES127	-0.997482	-46.2709	-45.2734
BLOCK15/SES157/SA157S08	SES148	-0.884792	-46.1582	-45.2734
BLOCK15/SES157/SA157S08	SES292	-1.59596	-46.8693	-45.2734
BLOCK15/SES157/SA157S11	SES083	-1.98801	-46.9221	-44.934
BLOCK15/SES157/SA157S11	SES127	-1.23815	-46.1722	-44.934
BLOCK15/SES157/SA157S11	SES148	-1.10079	-46.0348	-44.934
BLOCK15/SES157/SA157S11	SES292	-1.71657	-46.6506	-44.934
BLOCK15/SES157/SA157S21	SES127	-0.895443	-45.3609	-44.4655
BLOCK15/SES157/SA157S21	SES148	-0.581638	-45.0471	-44.4655
BLOCK15/SES157/SA157S21	SES158	-4.77779	-49.2433	-44.4655
BLOCK15/SES157/SA157S21	SES292	-1.25075	-45.7162	-44.4655
BLOCK15/SES157/SA157S24	SES127	-0.391636	-45.1462	-44.7546
BLOCK15/SES157/SA157S24	SES148	-1.06583	-45.8204	-44.7546
BLOCK15/SES157/SA157S24	SES183	-1.49965	-46.2542	-44.7546
BLOCK15/SES157/SA157S24	SES292	-1.67763	-46.4322	-44.7546
BLOCK15/SES157/SA157S26	SES007	-0.428253	-44.8756	-44.4473
BLOCK15/SES157/SA157S26	SES127	-0.677063	-45.1244	-44.4473
BLOCK15/SES157/SA157S26	SES147	-3.46246	-47.9098	-44.4473
BLOCK15/SES157/SA157S26	SES148	-1.05388	-45.5012	-44.4473
BLOCK16/SES161/SA161S10	SES007	-1.41738	-47.7667	-46.3493
BLOCK16/SES161/SA161S10	SES105	-1.23108	-47.5804	-46.3493
BLOCK16/SES161/SA161S10	SES158	-1.88662	-48.2359	-46.3493
BLOCK16/SES161/SA161S10	SES275	-1.81615	-48.1654	-46.3493
BLOCK16/SES161/SA161S12	SES007	-1.38422	-47.1173	-45.7331
BLOCK16/SES161/SA161S12	SES105	-1.55639	-47.2895	-45.7331
BLOCK16/SES161/SA161S12	SES158	-1.24946	-46.9826	-45.7331
BLOCK16/SES161/SA161S12	SES275	-1.44229	-47.1754	-45.7331
BLOCK16/SES161/SA161S20	SES007	-1.68076	-48.4489	-46.7681
BLOCK16/SES161/SA161S20	SES105	-1.87477	-48.6429	-46.7681
BLOCK16/SES161/SA161S20	SES158	-1.49955	-48.2676	-46.7681
BLOCK16/SES161/SA161S20	SES275	-2.26965	-49.0377	-46.7681
BLOCK16/SES161/SA161S23	SES007	-1.82695	-47.3099	-45.4829
BLOCK16/SES161/SA161S23	SES105	-1.27174	-46.7547	-45.4829
BLOCK16/SES161/SA161S23	SES148	-1.3863	-46.8692	-45.4829
BLOCK16/SES161/SA161S23	SES158	-0.922375	-46.4053	-45.4829
BLOCK16/SES161/SA161S28	SES007	-2.43949	-48.4015	-45.962
BLOCK16/SES161/SA161S28	SES105	-2.04757	-48.0096	-45.962
BLOCK16/SES161/SA161S28	SES158	-1.01228	-46.9743	-45.962
BLOCK16/SES161/SA161S28	SES206	-1.14357	-47.1056	-45.962
BLOCK16/SES164/SA164S11	SES104	-1.22311	-46.2104	-44.9873
BLOCK16/SES164/SA164S11	SES125	-0.413349	-45.4006	-44.9873
BLOCK16/SES164/SA164S11	SES158	-0.402523	-45.3898	-44.9873
BLOCK16/SES164/SA164S11	SES206	-1.45158	-46.4388	-44.9873
BLOCK16/SES164/SA164S13	SES099	-0.46497	-46.6992	-46.2342
BLOCK16/SES164/SA164S13	SES104	-0.917095	-47.1513	-46.2342
BLOCK16/SES164/SA164S13	SES125	-1.56874	-47.803	-46.2342
BLOCK16/SES164/SA164S13	SES206	-1.27031	-47.5045	-46.2342
BLOCK16/SES164/SA164S24	SES002	0.220314	-45.362	-45.5823
BLOCK16/SES164/SA164S24	SES099	-0.203075	-45.7854	-45.5823
BLOCK16/SES164/SA164S24	SES125	-1.45826	-47.0406	-45.5823
BLOCK16/SES164/SA164S24	SES226	-0.140724	-45.7231	-45.5823
BLOCK16/SES164/SA164S27	SES087	-1.68812	-47.7171	-46.0289
BLOCK16/SES164/SA164S27	SES125	-0.681511	-46.7104	-46.0289
BLOCK16/SES164/SA164S27	SES206	-0.908463	-46.9374	-46.0289
BLOCK16/SES164/SA164S27	SES226	-0.487682	-46.5166	-46.0289
BLOCK16/SES164/SA164S29	SES002	0.62508	-44.964	-45.5891
BLOCK16/SES164/SA164S29	SES019	-0.556057	-46.1451	-45.5891
BLOCK16/SES164/SA164S29	SES125	-0.582226	-46.1713	-45.5891
BLOCK16/SES164/SA164S29	SES226	-0.646385	-46.2355	-45.5891
BLOCK16/SES169/SA169S13	SES117	-1.47472	-46.4388	-44.9641
BLOCK16/SES169/SA169S13	SES144	-0.853565	-45.8176	-44.9641
BLOCK16/SES169/SA169S13	SES146	-1.11212	-46.0762	-44.9641
BLOCK16/SES169/SA169S13	SES162	-0.91275	-45.8768	-44.9641
BLOCK16/SES169/SA169S14	SES144	-1.23264	-45.1823	-43.9497
BLOCK16/SES169/SA169S14	SES148	-1.05243	-45.0021	-43.9497
BLOCK16/SES169/SA169S14	SES177	-0.754429	-44.7041	-43.9497
BLOCK16/SES169/SA169S14	SES180	-1.64694	-45.5966	-43.9497
BLOCK16/SES169/SA169S24	SES117	-1.05648	-47.0361	-45.9797
BLOCK16/SES169/SA169S24	SES144	-0.72855	-46.7082	-45.9797
BLOCK16/SES169/SA169S24	SES146	-0.659782	-46.6394	-45.9797
BLOCK16/SES169/SA169S24	SES162	-0.542084	-46.5217	-45.9797
BLOCK16/SES169/SA169S27	SES127	-0.705257	-45.552	-44.8467
BLOCK16/SES169/SA169S27	SES129	-1.13858	-45.9853	-44.8467
BLOCK16/SES169/SA169S27	SES144	-0.981823	-45.8286	-44.8467
BLOCK16/SES169/SA169S27	SES146	-0.522243	-45.369	-44.8467
BLOCK16/SES169/SA169S29	SES144	-0.365898	-44.3328	-43.9669
BLOCK16/SES169/SA169S29	SES162	-0.420242	-44.3871	-43.9669
BLOCK16/SES169/SA169S29	SES177	-1.40337	-45.3702	-43.9669
BLOCK16/SES169/SA169S29	SES180	-0.674473	-44.6413	-43.9669
BLOCK17/SES171/SA171S12	SES083	-1.35049	-46.9466	-45.5961
BLOCK17/SES171/SA171S12	SES148	-1.07354	-46.6696	-45.5961
BLOCK17/SES171/SA171S12	SES172	-1.48676	-47.0829	-45.5961
BLOCK17/SES171/SA171S12	SES292	-1.74985	-47.346	-45.5961
BLOCK17/SES171/SA171S15	SES148	-0.982059	-47.1105	-46.1285
BLOCK17/SES171/SA171S15	SES177	-1.35892	-47.4874	-46.1285
BLOCK17/SES171/SA171S15	SES180	-3.29563	-49.4241	-46.1285
BLOCK17/SES171/SA171S15	SES292	-1.69544	-47.8239	-46.1285
BLOCK17/SES171/SA171S22	SES007	-1.32983	-46.0738	-44.744
BLOCK17/SES171/SA171S22	SES148	-0.917465	-45.6614	-44.744
BLOCK17/SES171/SA171S22	SES177	-0.428223	-45.1722	-44.744
BLOCK17/SES171/SA171S22	SES180	-2.0198	-46.7638	-44.744
BLOCK17/SES171/SA171S25	SES101	-1.8508	-47.6761	-45.8253
BLOCK17/SES171/SA171S25	SES120	-3.0705	-48.8958	-45.8253
BLOCK17/SES171/SA171S25	SES177	-1.0766	-46.9019	-45.8253
BLOCK17/SES171/SA171S25	SES180	-2.78823	-48.6135	-45.8253
BLOCK17/SES171/SA171S27	SES177	-0.488613	-45.6298	-45.1412
BLOCK17/SES171/SA171S27	SES180	-2.57034	-47.7116	-45.1412
BLOCK17/SES171/SA171S27	SES189	-0.798927	-45.9402	-45.1412
BLOCK17/SES171/SA171S27	SES292	-1.79491	-46.9361	-45.1412
BLOCK17/SES173/SA173S13	SES162	-1.50997	-47.5973	-46.0874
BLOCK17/SES173/SA173S13	SES177	-1.9341	-48.0215	-46.0874
BLOCK17/SES173/SA173S13	SES180	-2.49347	-48.5808	-46.0874
BLOCK17/SES173/SA173S13	SES292	-0.644947	-46.7323	-46.0874
BLOCK17/SES173/SA173S14	SES007	-1.94902	-48.2466	-46.2976
BLOCK17/SES173/SA173S14	SES162	-1.24755	-47.5451	-46.2976
BLOCK17/SES173/SA173S14	SES177	-1.11719	-47.4148	-46.2976
BLOCK17/SES173/SA173S14	SES180	-2.24945	-48.547	-46.2976
BLOCK17/SES173/SA173S24	SES144	-1.25116	-47.9236	-46.6724
BLOCK17/SES173/SA173S24	SES162	-1.77914	-48.4515	-46.6724
BLOCK17/SES173/SA173S24	SES177	-1.60979	-48.2822	-46.6724
BLOCK17/SES173/SA173S24	SES180	-2.95967	-49.6321	-46.6724
BLOCK17/SES173/SA173S27	SES162	-2.34615	-48.4449	-46.0988
BLOCK17/SES173/SA173S27	SES177	-1.45259	-47.5514	-46.0988
BLOCK17/SES173/SA173S27	SES180	-2.70621	-48.805	-46.0988
BLOCK17/SES173/SA173S27	SES292	-1.41412	-47.5129	-46.0988
BLOCK17/SES173/SA173S29	SES162	-1.61971	-47.7561	-46.1363
BLOCK17/SES173/SA173S29	SES175	-0.54705	-46.6834	-46.1363
BLOCK17/SES173/SA173S29	SES177	-1.67901	-47.8154	-46.1363
BLOCK17/SES173/SA173S29	SES292	-1.63528	-47.7716	-46.1363
BLOCK18/SES182/SA182S10	SES144	-0.707981	-45.6454	-44.9374
BLOCK18/SES182/SA182S10	SES177	-0.910915	-45.8483	-44.9374
BLOCK18/SES182/SA182S10	SES180	-1.21709	-46.1545	-44.9374
BLOCK18/SES182/SA182S10	SES275	-0.426224	-45.3636	-44.9374
BLOCK18/SES182/SA182S12	SES144	-0.460903	-44.902	-44.4411
BLOCK18/SES182/SA182S12	SES177	-0.89777	-45.3389	-44.4411
BLOCK18/SES182/SA182S12	SES180	-1.42619	-45.8673	-44.4411
BLOCK18/SES182/SA182S12	SES275	-0.870384	-45.3115	-44.4411
BLOCK18/SES182/SA182S21	SES117	-1.18734	-46.3884	-45.201
BLOCK18/SES182/SA182S21	SES144	-0.687618	-45.8887	-45.201
BLOCK18/SES182/SA182S21	SES162	-1.08061	-46.2816	-45.201
BLOCK18/SES182/SA182S21	SES180	-1.76179	-46.9628	-45.201
BLOCK18/SES182/SA182S23	SES117	-1.18691	-46.4336	-45.2466
BLOCK18/SES182/SA182S23	SES144	-0.88586	-46.1325	-45.2466
BLOCK18/SES182/SA182S23	SES180	-1.86819	-47.1148	-45.2466
BLOCK18/SES182/SA182S23	SES275	-0.406086	-45.6527	-45.2466
BLOCK18/SES182/SA182S25	SES007	-0.0734291	-44.7789	-44.7054
BLOCK18/SES182/SA182S25	SES162	-0.929535	-45.635	-44.7054
BLOCK18/SES182/SA182S25	SES177	-0.952877	-45.6583	-44.7054
BLOCK18/SES182/SA182S25	SES180	-1.53195	-46.2374	-44.7054
BLOCK18/SES184/SA184S12	SES177	-1.39066	-46.4299	-45.0392
BLOCK18/SES184/SA184S12	SES180	-1.30889	-46.3481	-45.0392
BLOCK18/SES184/SA184S12	SES189	-1.94849	-46.9877	-45.0392
BLOCK18/SES184/SA184S12	SES292	-0.865841	-45.9051	-45.0392
BLOCK18/SES184/SA184S13	SES101	-1.96542	-46.81	-44.8446
BLOCK18/SES184/SA184S13	SES177	-0.95845	-45.803	-44.8446
BLOCK18/SES184/SA184S13	SES180	-1.5102	-46.3548	-44.8446
BLOCK18/SES184/SA184S13	SES292	-1.38046	-46.225	-44.8446
BLOCK18/SES184/SA184S22	SES177	-1.46887	-45.6283	-44.1595
BLOCK18/SES184/SA184S22	SES180	-1.1763	-45.3358	-44.1595
BLOCK18/SES184/SA184S22	SES189	-2.32446	-46.4839	-44.1595
BLOCK18/SES184/SA184S22	SES292	-1.49212	-45.6516	-44.1595
BLOCK18/SES184/SA184S25	SES101	-1.14305	-44.6971	-43.5541
BLOCK18/SES184/SA184S25	SES177	-1.35162	-44.9057	-43.5541
BLOCK18/SES184/SA184S25	SES180	-1.0276	-44.5817	-43.5541
BLOCK18/SES184/SA184S25	SES292	-0.649998	-44.2041	-43.5541
BLOCK18/SES184/SA184S27	SES083	-1.28779	-45.8921	-44.6043
BLOCK18/SES184/SA184S27	SES177	-0.943256	-45.5476	-44.6043
BLOCK18/SES184/SA184S27	SES202	-1.15338	-45.7577	-44.6043
BLOCK18/SES184/SA184S27	SES292	-1.1091	-45.7134	-44.6043
BLOCK20/SES204/SA204S12	SES062	-1.41928	-45.994	-44.5747
BLOCK20/SES204/SA204S12	SES083	-2.43726	-47.0119	-44.5747
BLOCK20/SES204/SA204S12	SES206	-0.537216	-45.1119	-44.5747
BLOCK20/SES204/SA204S12	SES226	-1.73133	-46.306	-44.5747
BLOCK20/SES204/SA204S14	SES068	-1.31746	-45.0088	-43.6913
BLOCK20/SES204/SA204S14	SES087	-0.741459	-44.4328	-43.6913
BLOCK20/SES204/SA204S14	SES206	-1.29644	-44.9878	-43.6913
BLOCK20/SES204/SA204S14	SES226	-1.83026	-45.5216	-43.6913
BLOCK20/SES204/SA204S22	SES068	-2.23866	-46.8612	-44.6225
BLOCK20/SES204/SA204S22	SES082	-3.03554	-47.6581	-44.6225
BLOCK20/SES204/SA204S22	SES083	-3.13995	-47.7625	-44.6225
BLOCK20/SES204/SA204S22	SES206	-1.11771	-45.7402	-44.6225
BLOCK20/SES204/SA204S25	SES062	-2.50161	-47.5023	-45.0007
BLOCK20/SES204/SA204S25	SES083	-2.81204	-47.8128	-45.0007
BLOCK20/SES204/SA204S25	SES206	-0.291779	-45.2925	-45.0007
BLOCK20/SES204/SA204S25	SES226	-1.55931	-46.5601	-45.0007
BLOCK20/SES204/SA204S27	SES068	-2.19778	-47.1979	-45.0002
BLOCK20/SES204/SA204S27	SES082	-2.12932	-47.1295	-45.0002
BLOCK20/SES204/SA204S27	SES087	-0.506115	-45.5063	-45.0002
BLOCK20/SES204/SA204S27	SES206	-0.752563	-45.7527	-45.0002
BLOCK20/SES207/SA207S10	SES127	-0.75964	-45.7637	-45.0041
BLOCK20/SES207/SA207S10	SES183	-1.63479	-46.6388	-45.0041
BLOCK20/SES207/SA207S10	SES189	-1.77389	-46.7779	-45.0041
BLOCK20/SES207/SA207S10	SES292	-1.5266	-46.5307	-45.0041
BLOCK20/SES207/SA207S11	SES127	-2.00854	-47.2332	-45.2247
BLOCK20/SES207/SA207S11	SES183	-1.51458	-46.7392	-45.2247
BLOCK20/SES207/SA207S11	SES187	-0.497932	-45.7226	-45.2247
BLOCK20/SES207/SA207S11	SES292	-1.29073	-46.5154	-45.2247
BLOCK20/SES207/SA207S25	SES068	-1.24647	-46.26	-45.0136
BLOCK20/SES207/SA207S25	SES083	-2.08679	-47.1004	-45.0136
BLOCK20/SES207/SA207S25	SES127	-0.918999	-45.9326	-45.0136
BLOCK20/SES207/SA207S25	SES187	-0.648251	-45.6618	-45.0136
BLOCK20/SES207/SA207S27	SES127	-1.41333	-46.9673	-45.554
BLOCK20/SES207/SA207S27	SES183	-1.07293	-46.6269	-45.554
BLOCK20/SES207/SA207S27	SES187	-1.31314	-46.8671	-45.554
BLOCK20/SES207/SA207S27	SES292	-1.62111	-47.1751	-45.554
BLOCK20/SES207/SA207S29	SES083	-1.91518	-46.8267	-44.9116
BLOCK20/SES207/SA207S29	SES085	-1.1293	-46.0409	-44.9116
BLOCK20/SES207/SA207S29	SES172	-1.56966	-46.4812	-44.9116
BLOCK20/SES207/SA207S29	SES189	-2.23648	-47.148	-44.9116
BLOCK22/SES221/SA221S12	SES068	-1.37682	-46.1929	-44.816
BLOCK22/SES221/SA221S12	SES143	-1.62826	-46.4443	-44.816
BLOCK22/SES221/SA221S12	SES175	-0.738098	-45.5541	-44.816
BLOCK22/SES221/SA221S12	SES202	-0.555672	-45.3717	-44.816
BLOCK22/SES221/SA221S15	SES085	-2.51215	-48.5421	-46.0299
BLOCK22/SES221/SA221S15	SES143	-2.28137	-48.3113	-46.0299
BLOCK22/SES221/SA221S15	SES175	-1.04147	-47.0714	-46.0299
BLOCK22/SES221/SA221S15	SES187	-0.811802	-46.8417	-46.0299
BLOCK22/SES221/SA221S23	SES068	-1.62703	-46.3361	-44.7091
BLOCK22/SES221/SA221S23	SES143	-2.20321	-46.9123	-44.7091
BLOCK22/SES221/SA221S23	SES175	-0.975288	-45.6844	-44.7091
BLOCK22/SES221/SA221S23	SES189	-0.505474	-45.2146	-44.7091
BLOCK22/SES221/SA221S27	SES085	-3.09839	-48.3776	-45.2792
BLOCK22/SES221/SA221S27	SES143	-1.72265	-47.0019	-45.2792
BLOCK22/SES221/SA221S27	SES175	-1.14292	-46.4222	-45.2792
BLOCK22/SES221/SA221S27	SES189	0.585442	-44.6938	-45.2792
BLOCK22/SES221/SA221S29	SES085	-3.08702	-49.296	-46.209
BLOCK22/SES221/SA221S29	SES143	-1.85651	-48.0655	-46.209
BLOCK22/SES221/SA221S29	SES175	0.0437851	-46.1652	-46.209
BLOCK22/SES221/SA221S29	SES187	-0.499863	-46.7089	-46.209
BLOCK22/SES223/SA223S11	SES143	-1.48451	-47.1563	-45.6718
BLOCK22/SES223/SA223S11	SES144	-2.21907	-47.8909	-45.6718
BLOCK22/SES223/SA223S11	SES175	-0.860844	-46.5326	-45.6718
BLOCK22/SES223/SA223S11	SES187	-1.30582	-46.9776	-45.6718
BLOCK22/SES223/SA223S13	SES068	-0.863731	-47.5967	-46.733
BLOCK22/SES223/SA223S13	SES143	-1.71072	-48.4437	-46.733
BLOCK22/SES223/SA223S13	SES146	-2.27539	-49.0084	-46.733
BLOCK22/SES223/SA223S13	SES202	-0.927345	-47.6603	-46.733
BLOCK22/SES223/SA223S22	SES143	-1.56617	-47.1098	-45.5437
BLOCK22/SES223/SA223S22	SES144	-2.33484	-47.8785	-45.5437
BLOCK22/SES223/SA223S22	SES175	-1.46	-47.0037	-45.5437
BLOCK22/SES223/SA223S22	SES187	-0.965706	-46.5094	-45.5437
BLOCK22/SES223/SA223S25	SES068	-0.760498	-46.5608	-45.8003
BLOCK22/SES223/SA223S25	SES143	-1.51108	-47.3114	-45.8003
BLOCK22/SES223/SA223S25	SES175	-0.777184	-46.5775	-45.8003
BLOCK22/SES223/SA223S25	SES187	-0.642681	-46.443	-45.8003
BLOCK22/SES223/SA223S27	SES143	-0.859348	-46.8586	-45.9992
BLOCK22/SES223/SA223S27	SES146	-1.42305	-47.4223	-45.9992
BLOCK22/SES223/SA223S27	SES187	-0.373737	-46.373	-45.9992
BLOCK22/SES223/SA223S27	SES292	-1.03669	-47.0359	-45.9992
BLOCK27/SES273/SA273S12	SES099	-0.348656	-44.3513	-44.0026
BLOCK27/SES273/SA273S12	SES104	-0.0504608	-44.0531	-44.0026
BLOCK27/SES273/SA273S12	SES125	-0.63924	-44.6419	-44.0026
BLOCK27/SES273/SA273S12	SES206	0.0389481	-43.9637	-44.0026
BLOCK27/SES273/SA273S13	SES099	-0.952045	-44.5201	-43.568
BLOCK27/SES273/SA273S13	SES104	-0.234169	-43.8022	-43.568
BLOCK27/SES273/SA273S13	SES206	-0.777596	-44.3456	-43.568
BLOCK27/SES273/SA273S13	SES292	-2.71276	-46.2808	-43.568
BLOCK27/SES273/SA273S21	SES099	-0.0871849	-44.4131	-44.3259
BLOCK27/SES273/SA273S21	SES148	-2.84845	-47.1744	-44.3259
BLOCK27/SES273/SA273S21	SES149	-0.791477	-45.1174	-44.3259
BLOCK27/SES273/SA273S21	SES177	-2.86674	-47.1926	-44.3259
BLOCK27/SES273/SA273S25	SES104	-0.292019	-44.5512	-44.2591
BLOCK27/SES273/SA273S25	SES125	-0.977104	-45.2362	-44.2591
BLOCK27/SES273/SA273S25	SES158	-0.127121	-44.3863	-44.2591
BLOCK27/SES273/SA273S25	SES206	0.0955544	-44.1636	-44.2591
BLOCK27/SES273/SA273S27	SES099	-0.410374	-44.0995	-43.6891
BLOCK27/SES273/SA273S27	SES104	-0.575367	-44.2645	-43.6891
BLOCK27/SES273/SA273S27	SES149	-0.622398	-44.3115	-43.6891
BLOCK27/SES273/SA273S27	SES275	-2.06132	-45.7504	-43.6891
BLOCK27/SES274/SA274S10	SES105	-1.45041	-45.4081	-43.9577
BLOCK27/SES274/SA274S10	SES125	-0.752262	-44.7099	-43.9577
BLOCK27/SES274/SA274S10	SES129	-0.668194	-44.6259	-43.9577
BLOCK27/SES274/SA274S10	SES158	-0.985435	-44.9431	-43.9577
BLOCK27/SES274/SA274S11	SES105	-1.56767	-45.8666	-44.299
BLOCK27/SES274/SA274S11	SES149	-0.505562	-44.8045	-44.299
BLOCK27/SES274/SA274S11	SES158	-0.709023	-45.008	-44.299
BLOCK27/SES274/SA274S11	SES275	-1.89248	-46.1914	-44.299
BLOCK27/SES274/SA274S21	SES105	-1.19789	-45.6548	-44.4569
BLOCK27/SES274/SA274S21	SES129	-0.651211	-45.1081	-44.4569
BLOCK27/SES274/SA274S21	SES149	-0.324986	-44.7819	-44.4569
BLOCK27/SES274/SA274S21	SES158	-2.00349	-46.4604	-44.4569
BLOCK27/SES274/SA274S24	SES105	-1.60191	-46.1702	-44.5683
BLOCK27/SES274/SA274S24	SES129	-0.753876	-45.3222	-44.5683
BLOCK27/SES274/SA274S24	SES149	-0.733437	-45.3017	-44.5683
BLOCK27/SES274/SA274S24	SES158	-1.85104	-46.4193	-44.5683
BLOCK27/SES274/SA274S29	SES105	-1.55687	-45.7997	-44.2428
BLOCK27/SES274/SA274S29	SES106	-1.43246	-45.6753	-44.2428
BLOCK27/SES274/SA274S29	SES120	-1.21646	-45.4593	-44.2428
BLOCK27/SES274/SA274S29	SES275	-1.43981	-45.6827	-44.2428
BLOCK27/SES276/SA276S16	SES148	-0.883808	-45.8425	-44.9586
BLOCK27/SES276/SA276S16	SES172	-0.718559	-45.6772	-44.9586
BLOCK27/SES276/SA276S16	SES180	-1.70849	-46.6671	-44.9586
BLOCK27/SES276/SA276S16	SES292	-0.344627	-45.3033	-44.9586
BLOCK27/SES276/SA276S17	SES101	-1.85826	-46.7725	-44.9142
BLOCK27/SES276/SA276S17	SES177	-1.20768	-46.1219	-44.9142
BLOCK27/SES276/SA276S17	SES180	-1.17894	-46.0931	-44.9142
BLOCK27/SES276/SA276S17	SES292	-1.14347	-46.0577	-44.9142
BLOCK27/SES276/SA276S24	SES101	-0.931465	-44.9653	-44.0339
BLOCK27/SES276/SA276S24	SES177	-1.18483	-45.2187	-44.0339
BLOCK27/SES276/SA276S24	SES180	-1.25284	-45.2867	-44.0339
BLOCK27/SES276/SA276S24	SES292	-1.53625	-45.5701	-44.0339
BLOCK27/SES276/SA276S26	SES101	-2.27795	-46.6297	-44.3517
BLOCK27/SES276/SA276S26	SES177	-0.851063	-45.2028	-44.3517
BLOCK27/SES276/SA276S26	SES180	-0.917259	-45.269	-44.3517
BLOCK27/SES276/SA276S26	SES292	-0.253613	-44.6054	-44.3517
BLOCK27/SES276/SA276S28	SES101	-1.61294	-46.1203	-44.5073
BLOCK27/SES276/SA276S28	SES177	-1.37767	-45.885	-44.5073
BLOCK27/SES276/SA276S28	SES180	-1.03048	-45.5378	-44.5073
BLOCK27/SES276/SA276S28	SES292	-0.993465	-45.5008	-44.5073
BLOCK27/SES277/SA277S12	SES101	-0.42181	-45.5335	-45.1117
BLOCK27/SES277/SA277S12	SES177	-1.49694	-46.6086	-45.1117
BLOCK27/SES277/SA277S12	SES180	-1.63797	-46.7496	-45.1117
BLOCK27/SES277/SA277S12	SES292	-1.91674	-47.0284	-45.1117
BLOCK27/SES277/SA277S14	SES177	-0.789516	-46.6337	-45.8442
BLOCK27/SES277/SA277S14	SES180	-2.40826	-48.2525	-45.8442
BLOCK27/SES277/SA277S14	SES189	-0.614143	-46.4583	-45.8442
BLOCK27/SES277/SA277S14	SES292	-2.12881	-47.973	-45.8442
BLOCK27/SES277/SA277S21	SES177	-0.581474	-45.4224	-44.8409
BLOCK27/SES277/SA277S21	SES180	-2.10899	-46.9499	-44.8409
BLOCK27/SES277/SA277S21	SES189	-0.931068	-45.772	-44.8409
BLOCK27/SES277/SA277S21	SES292	-2.19875	-47.0397	-44.8409
BLOCK27/SES277/SA277S24	SES144	-1.2365	-47.0449	-45.8084
BLOCK27/SES277/SA277S24	SES177	-0.896656	-46.7051	-45.8084
BLOCK27/SES277/SA277S24	SES180	-1.9716	-47.78	-45.8084
BLOCK27/SES277/SA277S24	SES189	-0.828281	-46.6367	-45.8084
BLOCK27/SES277/SA277S29	SES177	-0.969261	-44.5442	-43.5749
BLOCK27/SES277/SA277S29	SES180	-1.20483	-44.7798	-43.5749
BLOCK27/SES277/SA277S29	SES202	-1.06391	-44.6389	-43.5749
BLOCK27/SES277/SA277S29	SES292	-1.95029	-45.5252	-43.5749
BLOCK27/SES279/SA279S09	SES120	-0.831394	-45.1389	-44.3075
BLOCK27/SES279/SA279S09	SES146	-1.67274	-45.9803	-44.3075
BLOCK27/SES279/SA279S09	SES206	-2.19408	-46.5016	-44.3075
BLOCK27/SES279/SA279S09	SES226	-2.71207	-47.0196	-44.3075
BLOCK27/SES279/SA279S10	SES099	-2.34986	-46.9452	-44.5954
BLOCK27/SES279/SA279S10	SES206	-1.51796	-46.1133	-44.5954
BLOCK27/SES279/SA279S10	SES226	-2.02746	-46.6228	-44.5954
BLOCK27/SES279/SA279S10	SES292	-0.859562	-45.455	-44.5954
BLOCK27/SES279/SA279S20	SES099	-3.72242	-48.7808	-45.0584
BLOCK27/SES279/SA279S20	SES206	-2.07915	-47.1376	-45.0584
BLOCK27/SES279/SA279S20	SES226	-2.91721	-47.9756	-45.0584
BLOCK27/SES279/SA279S20	SES292	-0.330982	-45.3894	-45.0584
BLOCK27/SES279/SA279S26	SES099	-3.29508	-48.3188	-45.0237
BLOCK27/SES279/SA279S26	SES206	-1.39298	-46.4167	-45.0237
BLOCK27/SES279/SA279S26	SES226	-1.84647	-46.8701	-45.0237
BLOCK27/SES279/SA279S26	SES292	-0.780716	-45.8044	-45.0237
BLOCK27/SES279/SA279S28	SES099	-3.24546	-46.7204	-43.475
BLOCK27/SES279/SA279S28	SES120	-0.729969	-44.2049	-43.475
BLOCK27/SES279/SA279S28	SES177	-1.26168	-44.7367	-43.475
BLOCK27/SES279/SA279S28	SES206	-2.2028	-45.6778	-43.475
BLOCK29/SES290/SA290S12	SES162	-1.38256	-45.2539	-43.8714
BLOCK29/SES290/SA290S12	SES177	-1.48738	-45.3587	-43.8714
BLOCK29/SES290/SA290S12	SES180	-2.32911	-46.2005	-43.8714
BLOCK29/SES290/SA290S12	SES292	-1.85437	-45.7257	-43.8714
BLOCK29/SES290/SA290S13	SES007	-1.82663	-46.5287	-44.7021
BLOCK29/SES290/SA290S13	SES162	-2.02446	-46.7266	-44.7021
BLOCK29/SES290/SA290S13	SES177	-0.670952	-45.373	-44.7021
BLOCK29/SES290/SA290S13	SES180	-1.18082	-45.8829	-44.7021
BLOCK29/SES290/SA290S22	SES177	-0.955528	-45.1005	-44.145
BLOCK29/SES290/SA290S22	SES180	-1.28165	-45.4266	-44.145
BLOCK29/SES290/SA290S22	SES202	-1.44442	-45.5894	-44.145
BLOCK29/SES290/SA290S22	SES292	-1.51331	-45.6583	-44.145
BLOCK29/SES290/SA290S25	SES162	-1.26777	-45.3039	-44.0361
BLOCK29/SES290/SA290S25	SES177	-0.901077	-44.9372	-44.0361
BLOCK29/SES290/SA290S25	SES180	-1.27554	-45.3116	-44.0361
BLOCK29/SES290/SA290S25	SES292	-0.920193	-44.9563	-44.0361
BLOCK29/SES290/SA290S29	SES177	-0.411724	-44.372	-43.9603
BLOCK29/SES290/SA290S29	SES180	-0.790474	-44.7507	-43.9603
BLOCK29/SES290/SA290S29	SES275	-1.35834	-45.3186	-43.9603
BLOCK29/SES290/SA290S29	SES292	-0.889069	-44.8493	-43.9603
BLOCK29/SES291/SA291S11	SES105	-3.00913	-48.5458	-45.5367
BLOCK29/SES291/SA291S11	SES125	-0.849697	-46.3864	-45.5367
BLOCK29/SES291/SA291S11	SES158	-1.1423	-46.679	-45.5367
BLOCK29/SES291/SA291S11	SES275	-4.38047	-49.9172	-45.5367
BLOCK29/SES291/SA291S12	SES158	-0.265278	-45.3626	-45.0973
BLOCK29/SES291/SA291S12	SES226	-1.25267	-46.35	-45.0973
BLOCK29/SES291/SA291S12	SES270	0.122032	-44.9753	-45.0973
BLOCK29/SES291/SA291S12	SES275	-4.9477	-50.0451	-45.0973
BLOCK29/SES291/SA291S22	SES082	-0.759094	-45.7529	-44.9938
BLOCK29/SES291/SA291S22	SES158	-0.82655	-45.8203	-44.9938
BLOCK29/SES291/SA291S22	SES259	-0.9049	-45.8987	-44.9938
BLOCK29/SES291/SA291S22	SES275	-3.39283	-48.3866	-44.9938
BLOCK29/SES291/SA291S24	SES104	-0.15382	-44.1494	-43.9956
BLOCK29/SES291/SA291S24	SES125	-0.158169	-44.1538	-43.9956
BLOCK29/SES291/SA291S24	SES158	-0.639423	-44.635	-43.9956
BLOCK29/SES291/SA291S24	SES275	-3.5907	-47.5863	-43.9956
BLOCK29/SES291/SA291S27	SES158	-0.232132	-44.4563	-44.2242
BLOCK29/SES291/SA291S27	SES172	-3.95626	-48.1804	-44.2242
BLOCK29/SES291/SA291S27	SES275	-4.27943	-48.5036	-44.2242
BLOCK29/SES291/SA291S27	SES292	-3.2166	-47.4408	-44.2242
