BLOCK00/SES002/SA002S12	SES002	0.737914	-4.22553	-4.96344
BLOCK00/SES002/SA002S13	SES002	1.27436	-5.0437	-6.31806
BLOCK00/SES002/SA002S23	SES002	0.0964785	-5.38992	-5.48639
BLOCK00/SES002/SA002S26	SES002	0.190571	-8.58366	-8.77423
BLOCK00/SES002/SA002S28	SES002	-0.549727	-7.64068	-7.09095
BLOCK00/SES007/SA007S14	SES007	0.343415	-4.35619	-4.6996
BLOCK00/SES007/SA007S15	SES007	-0.007164	-5.29334	-5.28617
BLOCK00/SES007/SA007S24	SES007	0.445761	-4.2579	-4.70366
BLOCK00/SES007/SA007S27	SES007	-0.523873	-7.43473	-6.91085
BLOCK00/SES007/SA007S29	SES007	0.0491233	-4.08255	-4.13167
BLOCK00/SES008/SA008S11	SES008	1.44451	-1.36423	-2.80874
BLOCK00/SES008/SA008S12	SES008	-0.117149	-2.7547	-2.63755
BLOCK00/SES008/SA008S19	SES008	1.22852	-2.16232	-3.39084
BLOCK00/SES008/SA008S22	SES008	0.737014	-4.04509	-4.7821
BLOCK00/SES008/SA008S29	SES008	1.11751	-1.33641	-2.45392
BLOCK01/SES014/SA014S10	SES014	0.0388207	-4.34214	-4.38096
BLOCK01/SES014/SA014S12	SES014	1.6005	-3.04442	-4.64492
BLOCK01/SES014/SA014S24	SES014	1.63561	-3.52477	-5.16038
BLOCK01/SES014/SA014S26	SES014	1.90711	-4.65169	-6.55881
BLOCK01/SES014/SA014S28	SES014	3.21778	-0.352494	-3.57027
BLOCK01/SES016/SA016S12	SES016	0.813891	-6.69782	-7.51171
BLOCK01/SES016/SA016S13	SES016	0.876807	-5.39541	-6.27222
BLOCK01/SES016/SA016S22	SES016	0.656134	-5.67523	-6.33136
BLOCK01/SES016/SA016S25	SES016	0.981631	-3.752	-4.73363
BLOCK01/SES016/SA016S27	SES016	0.434987	-7.25711	-7.69209
BLOCK01/SES019/SA019S13	SES019	2.3386	-4.88378	-7.22238
BLOCK01/SES019/SA019S14	SES019	1.36663	-4.87624	-6.24287
BLOCK01/SES019/SA019S22	SES019	2.03848	-3.43645	-5.47493
BLOCK01/SES019/SA019S25	SES019	1.236	-5.92161	-7.1576
BLOCK01/SES019/SA019S29	SES019	2.51687	-5.66355	-8.18042
BLOCK02/SES029/SA029S11	SES029	0.857931	-3.18176	-4.03969
BLOCK02/SES029/SA029S12	SES029	-0.0996866	-5.16704	-5.06735
BLOCK02/SES029/SA029S20	SES029	0.563716	-2.75397	-3.31769
BLOCK02/SES029/SA029S25	SES029	0.00803518	-4.82128	-4.82932
BLOCK02/SES029/SA029S28	SES029	-0.039794	-4.62409	-4.58429
BLOCK04/SES042/SA042S12	SES042	1.64007	-4.35829	-5.99836
BLOCK04/SES042/SA042S15	SES042	1.14645	-5.34319	-6.48964
BLOCK04/SES042/SA042S22	SES042	2.62723	-9.35088	-11.9781
BLOCK04/SES042/SA042S25	SES042	1.38813	-7.70584	-9.09397
BLOCK04/SES042/SA042S27	SES042	2.21188	-7.84682	-10.0587
BLOCK04/SES048/SA048S11	SES048	1.00464	-2.77348	-3.77811
BLOCK04/SES048/SA048S12	SES048	-0.191268	-5.74428	-5.55302
BLOCK04/SES048/SA048S20	SES048	1.05257	-4.27045	-5.32302
BLOCK04/SES048/SA048S23	SES048	1.23714	-2.54615	-3.78328
BLOCK04/SES048/SA048S27	SES048	-0.0655193	-4.96623	-4.90071
BLOCK06/SES060/SA060S11	SES060	0.584534	-5.59102	-6.17556
BLOCK06/SES060/SA060S12	SES060	-0.0140495	-8.33609	-8.32204
BLOCK06/SES060/SA060S22	SES060	-1.23953	-7.51876	-6.27923
BLOCK06/SES060/SA060S24	SES060	0.719794	-2.39594	-3.11573
BLOCK06/SES060/SA060S28	SES060	0.849698	-1.99099	-2.84069
BLOCK06/SES062/SA062S10	SES062	-0.493743	-5.18547	-4.69173
BLOCK06/SES062/SA062S11	SES062	0.534348	-6.41256	-6.94691
BLOCK06/SES062/SA062S21	SES062	0.221718	-1.0666	-1.28832
BLOCK06/SES062/SA062S26	SES062	0.127823	-4.15067	-4.27849
BLOCK06/SES062/SA062S29	SES062	0.826994	-2.24825	-3.07524
BLOCK06/SES068/SA068S14	SES068	0.0188727	-4.12022	-4.13909
BLOCK06/SES068/SA068S15	SES068	0.526124	-4.39396	-4.92008
BLOCK06/SES068/SA068S23	SES068	-0.228612	-5.71046	-5.48185
BLOCK06/SES068/SA068S27	SES068	0.923084	-4.03429	-4.95737
BLOCK06/SES068/SA068S29	SES068	-0.0657148	-5.64201	-5.5763
BLOCK08/SES082/SA082S12	SES082	-1.16442	-5.51586	-4.35145
BLOCK08/SES082/SA082S14	SES082	0.0344214	-4.09608	-4.13051
BLOCK08/SES082/SA082S21	SES082	-0.00947547	-3.58784	-3.57837
BLOCK08/SES082/SA082S24	SES082	0.0858984	-5.67837	-5.76427
BLOCK08/SES082/SA082S28	SES082	0.022212	-5.90501	-5.92722
BLOCK08/SES083/SA083S14	SES083	0.42946	-3.37433	-3.80379
BLOCK08/SES083/SA083S15	SES083	0.30576	-5.43924	-5.745
BLOCK08/SES083/SA083S24	SES083	0.00938129	-4.62217	-4.63155
BLOCK08/SES083/SA083S26	SES083	-0.352633	-7.21199	-6.85936
BLOCK08/SES083/SA083S29	SES083	0.259513	-5.38346	-5.64298
BLOCK08/SES085/SA085S10	SES085	0.53542	-3.21726	-3.75268
BLOCK08/SES085/SA085S13	SES085	-0.410386	-6.88193	-6.47155
BLOCK08/SES085/SA085S22	SES085	0.350289	-2.9221	-3.27239
BLOCK08/SES085/SA085S26	SES085	-1.12207	-8.17416	-7.0521
BLOCK08/SES085/SA085S28	SES085	0.744374	-3.24305	-3.98743
BLOCK08/SES087/SA087S15	SES087	0.917752	-4.93393	-5.85168
BLOCK08/SES087/SA087S16	SES087	1.58275	-3.53239	-5.11514
BLOCK08/SES087/SA087S24	SES087	0.753078	-8.55693	-9.31001
BLOCK08/SES087/SA087S26	SES087	0.388675	-4.81254	-5.20122
BLOCK08/SES087/SA087S29	SES087	1.42052	-2.53667	-3.95719
BLOCK09/SES099/SA099S15	SES099	1.52644	-5.09192	-6.61835
BLOCK09/SES099/SA099S16	SES099	1.32717	-1.84444	-3.17161
BLOCK09/SES099/SA099S24	SES099	1.26989	-3.96743	-5.23731
BLOCK09/SES099/SA099S26	SES099	1.13848	-4.78277	-5.92125
BLOCK09/SES099/SA099S29	SES099	1.64713	-5.1207	-6.76783
BLOCK10/SES101/SA101S11	SES101	0.224276	-4.55254	-4.77681
BLOCK10/SES101/SA101S13	SES101	1.2475	-0.212227	-1.45972
BLOCK10/SES101/SA101S22	SES101	1.28266	-4.32358	-5.60624
BLOCK10/SES101/SA101S24	SES101	0.185099	-4.47829	-4.66339
BLOCK10/SES101/SA101S28	SES101	0.473189	-4.53655	-5.00974
BLOCK10/SES104/SA104S11	SES104	1.12405	-2.92127	-4.04531
BLOCK10/SES104/SA104S12	SES104	0.752951	-4.43467	-5.18762
BLOCK10/SES104/SA104S21	SES104	0.796473	-4.44077	-5.23724
BLOCK10/SES104/SA104S24	SES104	-0.408787	-7.62176	-7.21297
BLOCK10/SES104/SA104S28	SES104	0.831829	-6.72722	-7.55905
BLOCK10/SES105/SA105S12	SES105	0.771016	-5.82483	-6.59585
BLOCK10/SES105/SA105S13	SES105	-0.560021	-6.69775	-6.13773
BLOCK10/SES105/SA105S22	SES105	-0.374559	-6.30743	-5.93287
BLOCK10/SES105/SA105S26	SES105	0.582004	-6.40214	-6.98414
BLOCK10/SES105/SA105S29	SES105	0.826947	-3.28663	-4.11358
BLOCK10/SES106/SA106S09	SES106	0.0666008	-8.51512	-8.58173
BLOCK10/SES106/SA106S11	SES106	1.18268	-3.85187	-5.03456
BLOCK10/SES106/SA106S22	SES106	1.98841	-7.77968	-9.7681
BLOCK10/SES106/SA106S27	SES106	1.06613	-4.23157	-5.29771
BLOCK10/SES106/SA106S29	SES106	0.967027	-4.8584	-5.82542
BLOCK11/SES117/SA117S12	SES117	-0.378507	-6.41494	-6.03644
BLOCK11/SES117/SA117S13	SES117	-0.488652	-4.88462	-4.39597
BLOCK11/SES117/SA117S23	SES117	1.25816	-8.04464	-9.30279
BLOCK11/SES117/SA117S25	SES117	0.517086	-4.95966	-5.47675
BLOCK11/SES117/SA117S28	SES117	0.869903	-7.95456	-8.82446
BLOCK12/SES120/SA120S08	SES120	0.92678	-7.71659	-8.64337
BLOCK12/SES120/SA120S11	SES120	0.901027	-12.1677	-13.0687
BLOCK12/SES120/SA120S22	SES120	0.309644	-4.93523	-5.24487
BLOCK12/SES120/SA120S24	SES120	-0.408467	-10.1742	-9.76574
BLOCK12/SES120/SA120S28	SES120	-0.405222	-8.52452	-8.1193
BLOCK12/SES125/SA125S13	SES125	0.869141	-7.6674	-8.53654
BLOCK12/SES125/SA125S14	SES125	0.910081	-8.49417	-9.40425
BLOCK12/SES125/SA125S25	SES125	1.71258	-5.72877	-7.44135
BLOCK12/SES125/SA125S27	SES125	1.66617	-5.85474	-7.52091
BLOCK12/SES125/SA125S29	SES125	1.06653	-4.64429	-5.71081
BLOCK12/SES127/SA127S11	SES127	0.660347	-3.71338	-4.37373
BLOCK12/SES127/SA127S12	SES127	0.598622	-0.839519	-1.43814
BLOCK12/SES127/SA127S23	SES127	0.0181384	-2.89854	-2.91668
BLOCK12/SES127/SA127S25	SES127	-0.61412	-2.70989	-2.09577
BLOCK12/SES127/SA127S27	SES127	0.516876	-2.8538	-3.37068
BLOCK12/SES129/SA129S11	SES129	0.744032	-2.38216	-3.1262
BLOCK12/SES129/SA129S12	SES129	0.592486	-2.01667	-2.60916
BLOCK12/SES129/SA129S22	SES129	1.15632	-2.05228	-3.2086
BLOCK12/SES129/SA129S27	SES129	1.0971	-2.78285	-3.87994
BLOCK12/SES129/SA129S29	SES129	0.281618	-7.61616	-7.89778
BLOCK14/SES142/SA142S11	SES142	1.33112	-3.24909	-4.58021
BLOCK14/SES142/SA142S12	SES142	0.950502	-7.87317	-8.82368
BLOCK14/SES142/SA142S24	SES142	0.649385	-6.46427	-7.11366
BLOCK14/SES142/SA142S27	SES142	0.0799541	-6.36637	-6.44632
BLOCK14/SES142/SA142S29	SES142	-0.0270982	-6.55596	-6.52886
BLOCK14/SES143/SA143S12	SES143	0.535351	-4.26085	-4.7962
BLOCK14/SES143/SA143S13	SES143	0.787638	-3.92211	-4.70975
BLOCK14/SES143/SA143S23	SES143	0.192277	-4.39402	-4.58629
BLOCK14/SES143/SA143S25	SES143	0.0762224	-7.22158	-7.29781
BLOCK14/SES143/SA143S28	SES143	0.332087	-6.20233	-6.53441
BLOCK14/SES144/SA144S09	SES144	0.382558	-3.84143	-4.22399
BLOCK14/SES144/SA144S11	SES144	0.307879	-3.91849	-4.22637
BLOCK14/SES144/SA144S21	SES144	-0.685484	-4.08189	-3.3964
BLOCK14/SES144/SA144S25	SES144	0.377906	-4.40739	-4.78529
BLOCK14/SES144/SA144S29	SES144	-1.12368	-6.6688	-5.54512
BLOCK14/SES146/SA146S14	SES146	-0.0389891	-5.28665	-5.24767
BLOCK14/SES146/SA146S15	SES146	-0.150969	-5.71768	-5.56671
BLOCK14/SES146/SA146S24	SES146	0.285708	-6.34409	-6.6298
BLOCK14/SES146/SA146S26	SES146	0.661457	-5.44945	-6.11091
BLOCK14/SES146/SA146S29	SES146	0.0847621	-6.72138	-6.80614
BLOCK14/SES147/SA147S11	SES147	0.153664	-5.78071	-5.93437
BLOCK14/SES147/SA147S13	SES147	0.664746	-2.55849	-3.22324
BLOCK14/SES147/SA147S23	SES147	0.42921	-3.17211	-3.60132
BLOCK14/SES147/SA147S26	SES147	0.859266	-2.9247	-3.78397
BLOCK14/SES147/SA147S28	SES147	1.31565	-1.10396	-2.41961
BLOCK14/SES148/SA148S10	SES148	0.570253	-2.40079	-2.97105
BLOCK14/SES148/SA148S12	SES148	0.42288	-4.33503	-4.75791
BLOCK14/SES148/SA148S22	SES148	0.848583	-1.93498	-2.78356
BLOCK14/SES148/SA148S26	SES148	0.13799	-1.66015	-1.79814
BLOCK14/SES148/SA148S29	SES148	-0.431959	-5.36048	-4.92853
BLOCK14/SES149/SA149S13	SES149	-0.319726	-4.65823	-4.3385
BLOCK14/SES149/SA149S14	SES149	0.128285	-2.51189	-2.64018
BLOCK14/SES149/SA149S24	SES149	0.435217	-3.50081	-3.93603
BLOCK14/SES149/SA149S26	SES149	0.772206	-4.1913	-4.9635
BLOCK14/SES149/SA149S28	SES149	1.44512	0.67132	-0.773795
BLOCK15/SES158/SA158S13	SES158	1.46481	-7.78804	-9.25285
BLOCK15/SES158/SA158S14	SES158	2.44225	-7.53723	-9.97948
BLOCK15/SES158/SA158S23	SES158	1.0323	-5.85305	-6.88534
BLOCK15/SES158/SA158S26	SES158	1.81656	-7.66126	-9.47782
BLOCK15/SES158/SA158S28	SES158	0.717658	-7.13416	-7.85181
BLOCK16/SES162/SA162S10	SES162	-0.194881	-7.40012	-7.20524
BLOCK16/SES162/SA162S11	SES162	0.556065	-2.96692	-3.52299
BLOCK16/SES162/SA162S21	SES162	0.827788	-3.46195	-4.28974
BLOCK16/SES162/SA162S24	SES162	1.36086	-2.89697	-4.25783
BLOCK16/SES162/SA162S27	SES162	1.04626	-6.97305	-8.01932
BLOCK16/SES167/SA167S14	SES167	1.21886	-1.41465	-2.63351
BLOCK16/SES167/SA167S15	SES167	1.21005	-0.806518	-2.01656
BLOCK16/SES167/SA167S21	SES167	1.50439	0.139818	-1.36458
BLOCK16/SES167/SA167S25	SES167	2.33487	-1.85997	-4.19484
BLOCK16/SES167/SA167S29	SES167	2.03644	0.639027	-1.39741
BLOCK17/SES172/SA172S12	SES172	0.606687	-5.20883	-5.81551
BLOCK17/SES172/SA172S13	SES172	0.47364	-5.64814	-6.12178
BLOCK17/SES172/SA172S23	SES172	0.74523	-2.59062	-3.33585
BLOCK17/SES172/SA172S27	SES172	0.0597463	-6.66239	-6.72214
BLOCK17/SES172/SA172S29	SES172	1.09097	-2.9663	-4.05727
BLOCK17/SES175/SA175S11	SES175	0.177729	-6.51535	-6.69308
BLOCK17/SES175/SA175S13	SES175	0.714462	-0.774769	-1.48923
BLOCK17/SES175/SA175S23	SES175	0.853293	-2.44376	-3.29705
BLOCK17/SES175/SA175S25	SES175	-0.0190444	-5.64041	-5.62136
BLOCK17/SES175/SA175S28	SES175	0.149185	-4.67217	-4.82136
BLOCK17/SES177/SA177S15	SES177	0.0889111	-5.66736	-5.75627
BLOCK17/SES177/SA177S17	SES177	0.208573	-5.1001	-5.30868
BLOCK17/SES177/SA177S23	SES177	-0.440907	-5.16633	-4.72543
BLOCK17/SES177/SA177S26	SES177	0.680372	-1.50121	-2.18159
BLOCK17/SES177/SA177S28	SES177	-0.309969	-6.95598	-6.64601
BLOCK18/SES180/SA180S13	SES180	0.310149	-7.93924	-8.24939
BLOCK18/SES180/SA180S15	SES180	-0.161191	-3.3407	-3.17951
BLOCK18/SES180/SA180S24	SES180	0.362542	-2.90565	-3.26819
BLOCK18/SES180/SA180S26	SES180	0.0192914	-4.72267	-4.74196
BLOCK18/SES180/SA180S29	SES180	-0.408857	-7.35879	-6.94994
BLOCK18/SES183/SA183S13	SES183	0.507928	-4.72671	-5.23464
BLOCK18/SES183/SA183S14	SES183	-0.593661	-5.34593	-4.75227
BLOCK18/SES183/SA183S24	SES183	0.474706	-6.42878	-6.90348
BLOCK18/SES183/SA183S27	SES183	0.398715	-5.44084	-5.83955
BLOCK18/SES183/SA183S29	SES183	0.922938	-3.31528	-4.23822
BLOCK18/SES187/SA187S13	SES187	0.260528	-6.80732	-7.06785
BLOCK18/SES187/SA187S14	SES187	-0.322362	-7.48188	-7.15952
BLOCK18/SES187/SA187S24	SES187	1.03465	-4.79868	-5.83333
BLOCK18/SES187/SA187S27	SES187	0.515329	-3.81192	-4.32725
BLOCK18/SES187/SA187S29	SES187	0.669423	-8.13361	-8.80304
BLOCK18/SES189/SA189S10	SES189	1.14046	-6.0924	-7.23286
BLOCK18/SES189/SA189S13	SES189	0.75875	-10.2675	-11.0262
BLOCK18/SES189/SA189S24	SES189	0.896545	-5.91576	-6.81231
BLOCK18/SES189/SA189S26	SES189	0.735784	-5.80605	-6.54184
BLOCK18/SES189/SA189S29	SES189	1.06779	-5.41558	-6.48336
BLOCK20/SES202/SA202S12	SES202	1.03936	-8.5925	-9.63186
BLOCK20/SES202/SA202S14	SES202	1.32041	-6.26175	-7.58216
BLOCK20/SES202/SA202S24	SES202	-0.302173	-8.01616	-7.71398
BLOCK20/SES202/SA202S27	SES202	0.788146	-4.33622	-5.12437
BLOCK20/SES202/SA202S29	SES202	0.844234	-5.6797	-6.52394
BLOCK20/SES206/SA206S15	SES206	-0.826547	-3.49	-2.66345
BLOCK20/SES206/SA206S17	SES206	0.501102	-5.8395	-6.3406
BLOCK20/SES206/SA206S24	SES206	1.00872	-3.29415	-4.30287
BLOCK20/SES206/SA206S27	SES206	1.68419	-6.41105	-8.09524
BLOCK20/SES206/SA206S29	SES206	1.17272	-6.56512	-7.73784
BLOCK22/SES226/SA226S12	SES226	0.997416	-4.22074	-5.21815
BLOCK22/SES226/SA226S13	SES226	-1.63479	-5.61868	-3.98389
BLOCK22/SES226/SA226S20	SES226	-0.0222015	-4.42574	-4.40354
BLOCK22/SES226/SA226S23	SES226	0.1708	-3.51789	-3.68869
BLOCK22/SES226/SA226S28	SES226	0.955333	-3.09801	-4.05334
BLOCK25/SES259/SA259S13	SES259	2.19842	-4.62886	-6.82728
BLOCK25/SES259/SA259S14	SES259	1.76805	-4.14819	-5.91624
BLOCK25/SES259/SA259S22	SES259	1.07614	-4.50213	-5.57827
BLOCK25/SES259/SA259S24	SES259	1.34396	-5.48866	-6.83262
BLOCK25/SES259/SA259S28	SES259	1.32687	-4.44813	-5.775
BLOCK27/SES270/SA270S14	SES270	1.8578	-3.87049	-5.72829
BLOCK27/SES270/SA270S16	SES270	0.573813	-3.40375	-3.97756
BLOCK27/SES270/SA270S22	SES270	1.28746	-3.55197	-4.83943
BLOCK27/SES270/SA270S26	SES270	2.33617	-4.32635	-6.66252
BLOCK27/SES270/SA270S28	SES270	2.09274	-1.44887	-3.54161
BLOCK27/SES275/SA275S17	SES275	-0.229009	-4.5334	-4.30439
BLOCK27/SES275/SA275S18	SES275	-0.449674	-5.48433	-5.03466
BLOCK27/SES275/SA275S24	SES275	-0.0644631	-5.37471	-5.31025
BLOCK27/SES275/SA275S26	SES275	0.502608	-4.0333	-4.53591
BLOCK27/SES275/SA275S28	SES275	-0.0690312	-4.73492	-4.66588
BLOCK29/SES292/SA292S10	SES292	-0.348536	-4.51897	-4.17044
BLOCK29/SES292/SA292S12	SES292	1.03531	-5.23307	-6.26838
BLOCK29/SES292/SA292S22	SES292	0.121171	-5.01574	-5.13691
BLOCK29/SES292/SA292S24	SES292	0.632762	-2.36229	-2.99505
BLOCK29/SES292/SA292S27	SES292	-0.0144687	-3.66649	-3.65202
BLOCK00/SES001/SA001S14	SES062	-2.25361	-10.0969	-7.84326
BLOCK00/SES001/SA001S14	SES082	-0.428244	-8.27151	-7.84326
BLOCK00/SES001/SA001S14	SES106	-0.745357	-8.58862	-7.84326
BLOCK00/SES001/SA001S14	SES206	-1.34462	-9.18788	-7.84326
BLOCK00/SES001/SA001S15	SES062	-2.17316	-7.88883	-5.71567
BLOCK00/SES001/SA001S15	SES104	-0.819056	-6.53473	-5.71567
BLOCK00/SES001/SA001S15	SES106	-0.846872	-6.56254	-5.71567
BLOCK00/SES001/SA001S15	SES206	-1.95663	-7.6723	-5.71567
BLOCK00/SES001/SA001S24	SES062	-3.15287	-10.9231	-7.77025
BLOCK00/SES001/SA001S24	SES082	-2.09189	-9.86214	-7.77025
BLOCK00/SES001/SA001S24	SES087	-4.98698	-12.7572	-7.77025
BLOCK00/SES001/SA001S24	SES206	-1.71415	-9.4844	-7.77025
BLOCK00/SES001/SA001S27	SES062	-1.26084	-4.03131	-2.77047
BLOCK00/SES001/SA001S27	SES082	-1.11164	-3.8821	-2.77047
BLOCK00/SES001/SA001S27	SES087	-1.35606	-4.12653	-2.77047
BLOCK00/SES001/SA001S27	SES206	-1.75666	-4.52713	-2.77047
BLOCK00/SES001/SA001S29	SES062	-2.0216	-8.82447	-6.80287
BLOCK00/SES001/SA001S29	SES082	-0.922175	-7.72505	-6.80287
BLOCK00/SES001/SA001S29	SES158	-0.862172	-7.66504	-6.80287
BLOCK00/SES001/SA001S29	SES206	-1.89411	-8.69698	-6.80287
BLOCK00/SES003/SA003S11	SES002	0.0874929	-3.22856	-3.31606
BLOCK00/SES003/SA003S11	SES019	-1.45007	-4.76612	-3.31606
BLOCK00/SES003/SA003S11	SES082	-0.670269	-3.98633	-3.31606
BLOCK00/SES003/SA003S11	SES125	-1.25085	-4.56691	-3.31606
BLOCK00/SES003/SA003S15	SES016	-0.920116	-6.18403	-5.26392
BLOCK00/SES003/SA003S15	SES019	-2.3996	-7.66352	-5.26392
BLOCK00/SES003/SA003S15	SES062	0.346048	-4.91787	-5.26392
BLOCK00/SES003/SA003S15	SES206	-0.655161	-5.91908	-5.26392
BLOCK00/SES003/SA003S22	SES002	-1.50682	-5.88872	-4.38189
BLOCK00/SES003/SA003S22	SES062	-0.641747	-5.02364	-4.38189
BLOCK00/SES003/SA003S22	SES082	-1.17837	-5.56027	-4.38189
BLOCK00/SES003/SA003S22	SES087	-1.84626	-6.22816	-4.38189
BLOCK00/SES003/SA003S25	SES062	-1.98325	-8.65983	-6.67658
BLOCK00/SES003/SA003S25	SES082	-0.314369	-6.99095	-6.67658
BLOCK00/SES003/SA003S25	SES087	0.184652	-6.49193	-6.67658
BLOCK00/SES003/SA003S25	SES206	-1.08879	-7.76537	-6.67658
BLOCK00/SES003/SA003S29	SES002	-0.9672	-4.9968	-4.0296
BLOCK00/SES003/SA003S29	SES062	-2.1941	-6.2237	-4.0296
BLOCK00/SES003/SA003S29	SES082	-1.60187	-5.63147	-4.0296
BLOCK00/SES003/SA003S29	SES087	-1.05798	-5.08758	-4.0296
BLOCK00/SES004/SA004S12	SES083	-0.823935	-3.90139	-3.07745
BLOCK00/SES004/SA004S12	SES148	-1.41691	-4.49436	-3.07745
BLOCK00/SES004/SA004S12	SES172	0.00479388	-3.07266	-3.07745
BLOCK00/SES004/SA004S12	SES292	-1.31899	-4.39645	-3.07745
BLOCK00/SES004/SA004S17	SES083	-0.861536	-4.70281	-3.84127
BLOCK00/SES004/SA004S17	SES162	-0.296121	-4.13739	-3.84127
BLOCK00/SES004/SA004S17	SES172	-0.0572124	-3.89848	-3.84127
BLOCK00/SES004/SA004S17	SES292	-1.37601	-5.21728	-3.84127
BLOCK00/SES004/SA004S24	SES083	-0.94087	-5.33859	-4.39772
BLOCK00/SES004/SA004S24	SES148	-2.42132	-6.81904	-4.39772
BLOCK00/SES004/SA004S24	SES172	0.0820889	-4.31563	-4.39772
BLOCK00/SES004/SA004S24	SES292	-1.40167	-5.79939	-4.39772
BLOCK00/SES004/SA004S26	SES083	-0.826055	-6.3135	-5.48744
BLOCK00/SES004/SA004S26	SES127	-1.57547	-7.06291	-5.48744
BLOCK00/SES004/SA004S26	SES148	-3.03423	-8.52168	-5.48744
BLOCK00/SES004/SA004S26	SES292	-1.90708	-7.39453	-5.48744
BLOCK00/SES004/SA004S28	SES083	-1.16128	-1.76508	-0.603806
BLOCK00/SES004/SA004S28	SES127	-0.279603	-0.883409	-0.603806
BLOCK00/SES004/SA004S28	SES187	-0.522827	-1.12663	-0.603806
BLOCK00/SES004/SA004S28	SES292	-0.991737	-1.59554	-0.603806
BLOCK00/SES006/SA006S10	SES014	-3.76435	-13.7791	-10.0148
BLOCK00/SES006/SA006S10	SES158	-4.25542	-14.2702	-10.0148
BLOCK00/SES006/SA006S10	SES226	-4.08778	-14.1026	-10.0148
BLOCK00/SES006/SA006S10	SES270	-2.42327	-12.4381	-10.0148
BLOCK00/SES006/SA006S11	SES158	-3.63649	-11.7307	-8.09417
BLOCK00/SES006/SA006S11	SES226	-2.7734	-10.8676	-8.09417
BLOCK00/SES006/SA006S11	SES270	-2.01119	-10.1054	-8.09417
BLOCK00/SES006/SA006S11	SES275	-1.83777	-9.93194	-8.09417
BLOCK00/SES006/SA006S23	SES062	-4.23711	-11.7493	-7.51217
BLOCK00/SES006/SA006S23	SES105	-2.85112	-10.3633	-7.51217
BLOCK00/SES006/SA006S23	SES158	-3.81735	-11.3295	-7.51217
BLOCK00/SES006/SA006S23	SES275	-2.64165	-10.1538	-7.51217
BLOCK00/SES006/SA006S26	SES104	-4.94086	-13.4645	-8.52369
BLOCK00/SES006/SA006S26	SES158	-3.6996	-12.2233	-8.52369
BLOCK00/SES006/SA006S26	SES270	-2.03824	-10.5619	-8.52369
BLOCK00/SES006/SA006S26	SES275	-2.07781	-10.6015	-8.52369
BLOCK00/SES006/SA006S28	SES007	-2.30464	-10.3747	-8.07004
BLOCK00/SES006/SA006S28	SES105	-3.03046	-11.1005	-8.07004
BLOCK00/SES006/SA006S28	SES158	-2.342	-10.412	-8.07004
BLOCK00/SES006/SA006S28	SES275	-2.24735	-10.3174	-8.07004
BLOCK00/SES009/SA009S12	SES083	-2.47573	-9.10859	-6.63287
BLOCK00/SES009/SA009S12	SES148	-2.99967	-9.63254	-6.63287
BLOCK00/SES009/SA009S12	SES177	-0.854744	-7.48761	-6.63287
BLOCK00/SES009/SA009S12	SES292	-1.63533	-8.2682	-6.63287
BLOCK00/SES009/SA009S15	SES007	-1.23388	-7.34017	-6.10629
BLOCK00/SES009/SA009S15	SES099	-3.85248	-9.95877	-6.10629
BLOCK00/SES009/SA009S15	SES148	-2.88116	-8.98745	-6.10629
BLOCK00/SES009/SA009S15	SES172	-0.718257	-6.82455	-6.10629
BLOCK00/SES009/SA009S24	SES146	-1.15321	-8.27436	-7.12115
BLOCK00/SES009/SA009S24	SES148	-3.94536	-11.0665	-7.12115
BLOCK00/SES009/SA009S24	SES177	-0.551457	-7.67261	-7.12115
BLOCK00/SES009/SA009S24	SES292	-1.18028	-8.30143	-7.12115
BLOCK00/SES009/SA009S26	SES083	-1.85924	-7.15975	-5.30052
BLOCK00/SES009/SA009S26	SES101	-2.45161	-7.75213	-5.30052
BLOCK00/SES009/SA009S26	SES120	-1.40588	-6.70639	-5.30052
BLOCK00/SES009/SA009S26	SES177	-0.927722	-6.22824	-5.30052
BLOCK00/SES009/SA009S29	SES083	-1.8686	-7.0827	-5.2141
BLOCK00/SES009/SA009S29	SES101	-1.9724	-7.18651	-5.2141
BLOCK00/SES009/SA009S29	SES177	-1.04199	-6.25609	-5.2141
BLOCK00/SES009/SA009S29	SES292	-1.65306	-6.86716	-5.2141
BLOCK01/SES011/SA011S10	SES019	-3.26885	-13.104	-9.83519
BLOCK01/SES011/SA011S10	SES042	-0.511092	-10.3463	-9.83519
BLOCK01/SES011/SA011S10	SES082	-1.92252	-11.7577	-9.83519
BLOCK01/SES011/SA011S10	SES206	-0.583506	-10.4187	-9.83519
BLOCK01/SES011/SA011S11	SES019	-1.86122	-10.1163	-8.25509
BLOCK01/SES011/SA011S11	SES042	-0.620523	-8.87562	-8.25509
BLOCK01/SES011/SA011S11	SES082	-1.43036	-9.68545	-8.25509
BLOCK01/SES011/SA011S11	SES206	-2.20709	-10.4622	-8.25509
BLOCK01/SES011/SA011S22	SES019	-1.76675	-10.7311	-8.96438
BLOCK01/SES011/SA011S22	SES042	0.705718	-8.25866	-8.96438
BLOCK01/SES011/SA011S22	SES082	-0.579264	-9.54364	-8.96438
BLOCK01/SES011/SA011S22	SES206	-1.16366	-10.128	-8.96438
BLOCK01/SES011/SA011S24	SES019	-2.67252	-10.6396	-7.96708
BLOCK01/SES011/SA011S24	SES042	0.540102	-7.42698	-7.96708
BLOCK01/SES011/SA011S24	SES104	-1.02812	-8.9952	-7.96708
BLOCK01/SES011/SA011S24	SES206	-0.341746	-8.30883	-7.96708
BLOCK01/SES011/SA011S27	SES082	-0.848525	-7.70276	-6.85424
BLOCK01/SES011/SA011S27	SES087	-4.52377	-11.378	-6.85424
BLOCK01/SES011/SA011S27	SES125	-2.04689	-8.90113	-6.85424
BLOCK01/SES011/SA011S27	SES206	-1.69796	-8.5522	-6.85424
BLOCK01/SES012/SA012S11	SES007	-0.718007	-4.84214	-4.12414
BLOCK01/SES012/SA012S11	SES082	-0.483881	-4.60802	-4.12414
BLOCK01/SES012/SA012S11	SES083	-1.16835	-5.29249	-4.12414
BLOCK01/SES012/SA012S11	SES206	-0.767232	-4.89137	-4.12414
BLOCK01/SES012/SA012S14	SES082	-0.784716	-7.42222	-6.6375
BLOCK01/SES012/SA012S14	SES087	-2.28375	-8.92125	-6.6375
BLOCK01/SES012/SA012S14	SES206	-0.642717	-7.28022	-6.6375
BLOCK01/SES012/SA012S14	SES292	-1.67177	-8.30927	-6.6375
BLOCK01/SES012/SA012S24	SES082	-1.17229	-9.4242	-8.25191
BLOCK01/SES012/SA012S24	SES087	-1.94405	-10.196	-8.25191
BLOCK01/SES012/SA012S24	SES120	-1.94961	-10.2015	-8.25191
BLOCK01/SES012/SA012S24	SES206	-1.60456	-9.85647	-8.25191
BLOCK01/SES012/SA012S26	SES019	-6.05533	-15.2408	-9.18543
BLOCK01/SES012/SA012S26	SES082	-0.915412	-10.1008	-9.18543
BLOCK01/SES012/SA012S26	SES206	0.43424	-8.75119	-9.18543
BLOCK01/SES012/SA012S26	SES292	-0.380798	-9.56623	-9.18543
BLOCK01/SES012/SA012S29	SES062	-1.42173	-3.59959	-2.17786
BLOCK01/SES012/SA012S29	SES082	-0.680475	-2.85833	-2.17786
BLOCK01/SES012/SA012S29	SES083	-1.34688	-3.52474	-2.17786
BLOCK01/SES012/SA012S29	SES206	-0.167571	-2.34543	-2.17786
BLOCK01/SES013/SA013S16	SES062	-3.04043	-11.1038	-8.06342
BLOCK01/SES013/SA013S16	SES106	-2.23324	-10.2967	-8.06342
BLOCK01/SES013/SA013S16	SES206	-1.91259	-9.97602	-8.06342
BLOCK01/SES013/SA013S16	SES226	-2.31499	-10.3784	-8.06342
BLOCK01/SES013/SA013S17	SES062	-1.66396	-6.97455	-5.31059
BLOCK01/SES013/SA013S17	SES106	-1.95577	-7.26636	-5.31059
BLOCK01/SES013/SA013S17	SES206	-0.753569	-6.06416	-5.31059
BLOCK01/SES013/SA013S17	SES226	-0.91422	-6.22481	-5.31059
BLOCK01/SES013/SA013S23	SES104	-0.418705	-6.62909	-6.21039
BLOCK01/SES013/SA013S23	SES106	-1.27498	-7.48536	-6.21039
BLOCK01/SES013/SA013S23	SES206	-1.09579	-7.30617	-6.21039
BLOCK01/SES013/SA013S23	SES270	-1.61865	-7.82904	-6.21039
BLOCK01/SES013/SA013S25	SES042	-3.26365	-9.59031	-6.32666
BLOCK01/SES013/SA013S25	SES104	0.301036	-6.02562	-6.32666
BLOCK01/SES013/SA013S25	SES106	-0.144703	-6.47136	-6.32666
BLOCK01/SES013/SA013S25	SES206	-0.705103	-7.03176	-6.32666
BLOCK01/SES013/SA013S29	SES062	-2.88383	-10.3389	-7.45502
BLOCK01/SES013/SA013S29	SES104	-0.495542	-7.95056	-7.45502
BLOCK01/SES013/SA013S29	SES106	-0.696415	-8.15144	-7.45502
BLOCK01/SES013/SA013S29	SES206	-1.04928	-8.5043	-7.45502
BLOCK02/SES021/SA021S13	SES016	-2.56446	-7.60471	-5.04024
BLOCK02/SES021/SA021S13	SES029	-1.80776	-6.848	-5.04024
BLOCK02/SES021/SA021S13	SES087	-3.37117	-8.41142	-5.04024
BLOCK02/SES021/SA021S13	SES206	-1.53141	-6.57165	-5.04024
BLOCK02/SES021/SA021S15	SES087	-1.5803	-6.56018	-4.97988
BLOCK02/SES021/SA021S15	SES125	-1.41784	-6.39772	-4.97988
BLOCK02/SES021/SA021S15	SES206	-1.98054	-6.96042	-4.97988
BLOCK02/SES021/SA021S15	SES226	-1.75215	-6.73203	-4.97988
BLOCK02/SES021/SA021S23	SES062	-2.68138	-8.65674	-5.97536
BLOCK02/SES021/SA021S23	SES087	-0.411203	-6.38657	-5.97536
BLOCK02/SES021/SA021S23	SES206	-1.44852	-7.42389	-5.97536
BLOCK02/SES021/SA021S23	SES226	-0.721454	-6.69682	-5.97536
BLOCK02/SES021/SA021S27	SES002	-2.61431	-5.8867	-3.27239
BLOCK02/SES021/SA021S27	SES016	-4.09031	-7.3627	-3.27239
BLOCK02/SES021/SA021S27	SES019	-1.94747	-5.21986	-3.27239
BLOCK02/SES021/SA021S27	SES062	-1.13806	-4.41045	-3.27239
BLOCK02/SES021/SA021S29	SES087	-1.14008	-6.14261	-5.00253
BLOCK02/SES021/SA021S29	SES125	-1.31977	-6.32229	-5.00253
BLOCK02/SES021/SA021S29	SES206	-0.666962	-5.66949	-5.00253
BLOCK02/SES021/SA021S29	SES226	-1.28875	-6.29128	-5.00253
BLOCK04/SES043/SA043S09	SES083	-0.272756	-7.11216	-6.83941
BLOCK04/SES043/SA043S09	SES101	-0.858401	-7.69781	-6.83941
BLOCK04/SES043/SA043S09	SES144	-0.498468	-7.33788	-6.83941
BLOCK04/SES043/SA043S09	SES172	-0.929842	-7.76925	-6.83941
BLOCK04/SES043/SA043S11	SES083	-0.494945	-3.77659	-3.28165
BLOCK04/SES043/SA043S11	SES101	-0.720402	-4.00205	-3.28165
BLOCK04/SES043/SA043S11	SES144	-0.23034	-3.51199	-3.28165
BLOCK04/SES043/SA043S11	SES172	-1.50336	-4.78501	-3.28165
BLOCK04/SES043/SA043S23	SES083	-0.744455	-4.84821	-4.10375
BLOCK04/SES043/SA043S23	SES144	0.120267	-3.98348	-4.10375
BLOCK04/SES043/SA043S23	SES177	-1.40659	-5.51034	-4.10375
BLOCK04/SES043/SA043S23	SES275	-1.1384	-5.24215	-4.10375
BLOCK04/SES043/SA043S26	SES083	-0.453547	-9.66643	-9.21289
BLOCK04/SES043/SA043S26	SES101	-1.03276	-10.2456	-9.21289
BLOCK04/SES043/SA043S26	SES144	-0.218387	-9.43127	-9.21289
BLOCK04/SES043/SA043S26	SES177	-1.71248	-10.9254	-9.21289
BLOCK04/SES043/SA043S28	SES016	-1.882	-7.01787	-5.13587
BLOCK04/SES043/SA043S28	SES083	-0.87068	-6.00655	-5.13587
BLOCK04/SES043/SA043S28	SES101	-0.818068	-5.95394	-5.13587
BLOCK04/SES043/SA043S28	SES144	-1.54582	-6.68168	-5.13587
BLOCK04/SES044/SA044S10	SES127	-3.86875	-13.8551	-9.98635
BLOCK04/SES044/SA044S10	SES144	-0.851739	-10.8381	-9.98635
BLOCK04/SES044/SA044S10	SES147	-4.22874	-14.2151	-9.98635
BLOCK04/SES044/SA044S10	SES148	-2.88584	-12.8722	-9.98635
BLOCK04/SES044/SA044S11	SES101	-1.1644	-8.57524	-7.41084
BLOCK04/SES044/SA044S11	SES144	-0.321496	-7.73233	-7.41084
BLOCK04/SES044/SA044S11	SES147	-2.13703	-9.54787	-7.41084
BLOCK04/SES044/SA044S11	SES177	-2.00908	-9.41992	-7.41084
BLOCK04/SES044/SA044S24	SES007	-1.76289	-8.95065	-7.18776
BLOCK04/SES044/SA044S24	SES101	-0.207787	-7.39555	-7.18776
BLOCK04/SES044/SA044S24	SES147	-1.32672	-8.51448	-7.18776
BLOCK04/SES044/SA044S24	SES177	-0.883983	-8.07174	-7.18776
BLOCK04/SES044/SA044S26	SES007	-1.35331	-5.526	-4.17269
BLOCK04/SES044/SA044S26	SES016	-0.981514	-5.1542	-4.17269
BLOCK04/SES044/SA044S26	SES101	-1.55117	-5.72386	-4.17269
BLOCK04/SES044/SA044S26	SES147	-1.22681	-5.39949	-4.17269
BLOCK04/SES044/SA044S29	SES007	-2.08251	-6.94119	-4.85868
BLOCK04/SES044/SA044S29	SES101	-1.82715	-6.68583	-4.85868
BLOCK04/SES044/SA044S29	SES147	-1.97211	-6.83079	-4.85868
BLOCK04/SES044/SA044S29	SES177	-2.37318	-7.23186	-4.85868
BLOCK04/SES046/SA046S13	SES101	-0.786664	-7.7655	-6.97884
BLOCK04/SES046/SA046S13	SES144	-0.685175	-7.66401	-6.97884
BLOCK04/SES046/SA046S13	SES147	-1.41474	-8.39358	-6.97884
BLOCK04/SES046/SA046S13	SES177	-1.39116	-8.37	-6.97884
BLOCK04/SES046/SA046S15	SES048	-0.137652	-3.17511	-3.03745
BLOCK04/SES046/SA046S15	SES083	-1.01724	-4.05469	-3.03745
BLOCK04/SES046/SA046S15	SES120	-2.37013	-5.40758	-3.03745
BLOCK04/SES046/SA046S15	SES148	-1.96654	-5.00399	-3.03745
BLOCK04/SES046/SA046S22	SES101	-0.97083	-7.08125	-6.11042
BLOCK04/SES046/SA046S22	SES144	-0.0194259	-6.12985	-6.11042
BLOCK04/SES046/SA046S22	SES147	-1.07768	-7.1881	-6.11042
BLOCK04/SES046/SA046S22	SES172	-0.169391	-6.27981	-6.11042
BLOCK04/SES046/SA046S25	SES083	-0.970634	-4.56926	-3.59863
BLOCK04/SES046/SA046S25	SES127	-1.22007	-4.81871	-3.59863
BLOCK04/SES046/SA046S25	SES144	-0.635569	-4.2342	-3.59863
BLOCK04/SES046/SA046S25	SES148	-0.981232	-4.57986	-3.59863
BLOCK04/SES046/SA046S28	SES007	-1.7116	-6.57767	-4.86608
BLOCK04/SES046/SA046S28	SES105	-1.76912	-6.6352	-4.86608
BLOCK04/SES046/SA046S28	SES147	-1.5057	-6.37177	-4.86608
BLOCK04/SES046/SA046S28	SES148	-1.89121	-6.75729	-4.86608
BLOCK04/SES049/SA049S16	SES104	-0.722936	-8.22098	-7.49804
BLOCK04/SES049/SA049S16	SES106	-2.41472	-9.91276	-7.49804
BLOCK04/SES049/SA049S16	SES120	-1.86236	-9.3604	-7.49804
BLOCK04/SES049/SA049S16	SES206	-1.41352	-8.91156	-7.49804
BLOCK04/SES049/SA049S18	SES099	-0.356121	-7.1677	-6.81158
BLOCK04/SES049/SA049S18	SES104	-1.10069	-7.91226	-6.81158
BLOCK04/SES049/SA049S18	SES125	-1.91037	-8.72195	-6.81158
BLOCK04/SES049/SA049S18	SES206	-1.64713	-8.4587	-6.81158
BLOCK04/SES049/SA049S25	SES087	-1.28616	-8.13846	-6.8523
BLOCK04/SES049/SA049S25	SES104	-0.167717	-7.02002	-6.8523
BLOCK04/SES049/SA049S25	SES125	-0.89835	-7.75065	-6.8523
BLOCK04/SES049/SA049S25	SES206	-1.13988	-7.99218	-6.8523
BLOCK04/SES049/SA049S27	SES099	-1.58371	-3.36576	-1.78205
BLOCK04/SES049/SA049S27	SES104	-0.142358	-1.92441	-1.78205
BLOCK04/SES049/SA049S27	SES125	-1.67756	-3.45961	-1.78205
BLOCK04/SES049/SA049S27	SES206	-1.80049	-3.58254	-1.78205
BLOCK04/SES049/SA049S29	SES099	0.471074	-2.91446	-3.38553
BLOCK04/SES049/SA049S29	SES104	1.18989	-2.19564	-3.38553
BLOCK04/SES049/SA049S29	SES125	0.0969603	-3.28857	-3.38553
BLOCK04/SES049/SA049S29	SES206	-0.706195	-4.09173	-3.38553
BLOCK06/SES063/SA063S09	SES068	-2.15493	-9.44049	-7.28556
BLOCK06/SES063/SA063S09	SES083	-1.26547	-8.55103	-7.28556
BLOCK06/SES063/SA063S09	SES177	-1.66373	-8.94929	-7.28556
BLOCK06/SES063/SA063S09	SES187	-2.18487	-9.47043	-7.28556
BLOCK06/SES063/SA063S10	SES068	-1.92525	-8.6029	-6.67765
BLOCK06/SES063/SA063S10	SES083	-1.56735	-8.24501	-6.67765
BLOCK06/SES063/SA063S10	SES172	-1.5429	-8.22056	-6.67765
BLOCK06/SES063/SA063S10	SES187	-1.55215	-8.2298	-6.67765
BLOCK06/SES063/SA063S20	SES068	-2.10705	-10.0687	-7.96167
BLOCK06/SES063/SA063S20	SES083	-0.810822	-8.77249	-7.96167
BLOCK06/SES063/SA063S20	SES172	-0.592167	-8.55383	-7.96167
BLOCK06/SES063/SA063S20	SES187	-0.921948	-8.88361	-7.96167
BLOCK06/SES063/SA063S24	SES029	-1.46315	-8.97887	-7.51573
BLOCK06/SES063/SA063S24	SES083	0.0456796	-7.47005	-7.51573
BLOCK06/SES063/SA063S24	SES177	-1.62693	-9.14265	-7.51573
BLOCK06/SES063/SA063S24	SES189	-1.3533	-8.86903	-7.51573
BLOCK06/SES063/SA063S27	SES083	-0.34933	-8.45298	-8.10365
BLOCK06/SES063/SA063S27	SES172	-1.70001	-9.80366	-8.10365
BLOCK06/SES063/SA063S27	SES187	-1.66985	-9.77351	-8.10365
BLOCK06/SES063/SA063S27	SES292	-1.44613	-9.54978	-8.10365
BLOCK06/SES067/SA067S12	SES083	-1.39354	-6.04244	-4.6489
BLOCK06/SES067/SA067S12	SES172	-1.59732	-6.24622	-4.6489
BLOCK06/SES067/SA067S12	SES202	-1.21253	-5.86143	-4.6489
BLOCK06/SES067/SA067S12	SES292	-1.60684	-6.25574	-4.6489
BLOCK06/SES067/SA067S14	SES085	-0.967948	-3.11261	-2.14466
BLOCK06/SES067/SA067S14	SES177	-1.57825	-3.72291	-2.14466
BLOCK06/SES067/SA067S14	SES183	0.237704	-1.90696	-2.14466
BLOCK06/SES067/SA067S14	SES202	-1.03944	-3.1841	-2.14466
BLOCK06/SES067/SA067S21	SES144	-1.18351	-6.25325	-5.06974
BLOCK06/SES067/SA067S21	SES177	-1.50301	-6.57275	-5.06974
BLOCK06/SES067/SA067S21	SES183	-0.607701	-5.67744	-5.06974
BLOCK06/SES067/SA067S21	SES189	-1.53144	-6.60118	-5.06974
BLOCK06/SES067/SA067S25	SES085	-2.23961	-8.2262	-5.98659
BLOCK06/SES067/SA067S25	SES177	-1.09587	-7.08246	-5.98659
BLOCK06/SES067/SA067S25	SES183	-1.15532	-7.14191	-5.98659
BLOCK06/SES067/SA067S25	SES202	-2.0998	-8.08639	-5.98659
BLOCK06/SES067/SA067S29	SES085	-2.38086	-9.40875	-7.02788
BLOCK06/SES067/SA067S29	SES177	-2.66673	-9.69461	-7.02788
BLOCK06/SES067/SA067S29	SES183	-0.491518	-7.5194	-7.02788
BLOCK06/SES067/SA067S29	SES202	-2.3653	-9.39318	-7.02788
BLOCK06/SES069/SA069S12	SES029	-1.73514	-5.69649	-3.96136
BLOCK06/SES069/SA069S12	SES082	-0.327794	-4.28915	-3.96136
BLOCK06/SES069/SA069S12	SES087	-1.22929	-5.19065	-3.96136
BLOCK06/SES069/SA069S12	SES206	-0.453323	-4.41468	-3.96136
BLOCK06/SES069/SA069S13	SES029	-1.48511	-4.39529	-2.91018
BLOCK06/SES069/SA069S13	SES087	-0.141449	-3.05163	-2.91018
BLOCK06/SES069/SA069S13	SES206	-1.24982	-4.16	-2.91018
BLOCK06/SES069/SA069S13	SES226	0.157104	-2.75307	-2.91018
BLOCK06/SES069/SA069S23	SES029	0.0422432	-1.40643	-1.44867
BLOCK06/SES069/SA069S23	SES087	0.922843	-0.525826	-1.44867
BLOCK06/SES069/SA069S23	SES206	0.0738314	-1.37484	-1.44867
BLOCK06/SES069/SA069S23	SES226	0.641734	-0.806936	-1.44867
BLOCK06/SES069/SA069S25	SES087	-0.206901	-4.19167	-3.98477
BLOCK06/SES069/SA069S25	SES206	-1.75515	-5.73992	-3.98477
BLOCK06/SES069/SA069S25	SES226	-0.0437233	-4.02849	-3.98477
BLOCK06/SES069/SA069S25	SES270	-1.32697	-5.31174	-3.98477
BLOCK06/SES069/SA069S27	SES087	-1.4276	-6.07841	-4.65081
BLOCK06/SES069/SA069S27	SES206	-0.650977	-5.30179	-4.65081
BLOCK06/SES069/SA069S27	SES226	-0.221764	-4.87257	-4.65081
BLOCK06/SES069/SA069S27	SES270	-1.43049	-6.0813	-4.65081
BLOCK08/SES081/SA081S11	SES060	-2.07277	-9.3338	-7.26103
BLOCK08/SES081/SA081S11	SES062	-1.44001	-8.70104	-7.26103
BLOCK08/SES081/SA081S11	SES117	-2.33542	-9.59645	-7.26103
BLOCK08/SES081/SA081S11	SES162	-2.54233	-9.80336	-7.26103
BLOCK08/SES081/SA081S13	SES016	-2.26883	-7.15714	-4.88831
BLOCK08/SES081/SA081S13	SES060	-1.09184	-5.98015	-4.88831
BLOCK08/SES081/SA081S13	SES068	-1.35043	-6.23874	-4.88831
BLOCK08/SES081/SA081S13	SES129	-3.38315	-8.27146	-4.88831
BLOCK08/SES081/SA081S24	SES060	-0.991471	-6.43146	-5.43999
BLOCK08/SES081/SA081S24	SES068	-1.13739	-6.57738	-5.43999
BLOCK08/SES081/SA081S24	SES117	-1.67374	-7.11373	-5.43999
BLOCK08/SES081/SA081S24	SES275	-2.00034	-7.44033	-5.43999
BLOCK08/SES081/SA081S27	SES007	-1.63978	-11.685	-10.0452
BLOCK08/SES081/SA081S27	SES060	-1.68595	-11.7311	-10.0452
BLOCK08/SES081/SA081S27	SES117	-1.7762	-11.8214	-10.0452
BLOCK08/SES081/SA081S27	SES275	-2.89836	-12.9435	-10.0452
BLOCK08/SES081/SA081S29	SES007	-1.0875	-10.2351	-9.1476
BLOCK08/SES081/SA081S29	SES060	-1.39501	-10.5426	-9.1476
BLOCK08/SES081/SA081S29	SES117	-1.56713	-10.7147	-9.1476
BLOCK08/SES081/SA081S29	SES275	-2.98315	-12.1307	-9.1476
BLOCK08/SES086/SA086S11	SES029	-2.88787	-12.4438	-9.55597
BLOCK08/SES086/SA086S11	SES082	-0.658577	-10.2145	-9.55597
BLOCK08/SES086/SA086S11	SES087	0.0477514	-9.50822	-9.55597
BLOCK08/SES086/SA086S11	SES206	-1.00607	-10.562	-9.55597
BLOCK08/SES086/SA086S12	SES029	-2.12089	-9.37045	-7.24956
BLOCK08/SES086/SA086S12	SES082	-1.61953	-8.86909	-7.24956
BLOCK08/SES086/SA086S12	SES087	0.0346727	-7.21489	-7.24956
BLOCK08/SES086/SA086S12	SES206	-1.10014	-8.3497	-7.24956
BLOCK08/SES086/SA086S20	SES029	-1.48694	-8.43502	-6.94808
BLOCK08/SES086/SA086S20	SES082	-1.25109	-8.19917	-6.94808
BLOCK08/SES086/SA086S20	SES087	0.245079	-6.703	-6.94808
BLOCK08/SES086/SA086S20	SES206	-0.651089	-7.59916	-6.94808
BLOCK08/SES086/SA086S24	SES087	-0.218115	-8.31961	-8.10149
BLOCK08/SES086/SA086S24	SES104	-0.270267	-8.37176	-8.10149
BLOCK08/SES086/SA086S24	SES120	-0.0658255	-8.16732	-8.10149
BLOCK08/SES086/SA086S24	SES206	0.692944	-7.40855	-8.10149
BLOCK08/SES086/SA086S28	SES029	-2.44037	-7.22587	-4.7855
BLOCK08/SES086/SA086S28	SES082	-0.946581	-5.73209	-4.7855
BLOCK08/SES086/SA086S28	SES087	-0.0245852	-4.81009	-4.7855
BLOCK08/SES086/SA086S28	SES206	-0.763881	-5.54939	-4.7855
BLOCK08/SES089/SA089S13	SES087	-1.17027	-8.35273	-7.18246
BLOCK08/SES089/SA089S13	SES206	-2.14855	-9.33101	-7.18246
BLOCK08/SES089/SA089S13	SES226	-0.422053	-7.60451	-7.18246
BLOCK08/SES089/SA089S13	SES270	-0.949215	-8.13167	-7.18246
BLOCK08/SES089/SA089S14	SES062	-1.62378	-7.71392	-6.09014
BLOCK08/SES089/SA089S14	SES087	-0.134184	-6.22432	-6.09014
BLOCK08/SES089/SA089S14	SES206	-1.30438	-7.39452	-6.09014
BLOCK08/SES089/SA089S14	SES226	-1.52624	-7.61638	-6.09014
BLOCK08/SES089/SA089S23	SES087	-0.880992	-10.4652	-9.58423
BLOCK08/SES089/SA089S23	SES206	-1.26207	-10.8463	-9.58423
BLOCK08/SES089/SA089S23	SES226	-1.0809	-10.6651	-9.58423
BLOCK08/SES089/SA089S23	SES270	-2.57452	-12.1588	-9.58423
BLOCK08/SES089/SA089S25	SES062	-1.59567	-8.40495	-6.80927
BLOCK08/SES089/SA089S25	SES087	-0.441583	-7.25086	-6.80927
BLOCK08/SES089/SA089S25	SES206	-1.3539	-8.16317	-6.80927
BLOCK08/SES089/SA089S25	SES226	-0.855974	-7.66525	-6.80927
BLOCK08/SES089/SA089S28	SES062	-1.48688	-7.1743	-5.68742
BLOCK08/SES089/SA089S28	SES087	0.037281	-5.65014	-5.68742
BLOCK08/SES089/SA089S28	SES206	-1.22363	-6.91105	-5.68742
BLOCK08/SES089/SA089S28	SES226	-0.629094	-6.31652	-5.68742
BLOCK09/SES097/SA097S11	SES099	0.120571	-5.40507	-5.52564
BLOCK09/SES097/SA097S11	SES125	-0.0490999	-5.57474	-5.52564
BLOCK09/SES097/SA097S11	SES206	-0.671728	-6.19737	-5.52564
BLOCK09/SES097/SA097S11	SES226	0.641005	-4.88464	-5.52564
BLOCK09/SES097/SA097S14	SES062	-2.37151	-6.56056	-4.18905
BLOCK09/SES097/SA097S14	SES099	-0.768191	-4.95725	-4.18905
BLOCK09/SES097/SA097S14	SES104	-1.75928	-5.94834	-4.18905
BLOCK09/SES097/SA097S14	SES206	-1.98318	-6.17224	-4.18905
BLOCK09/SES097/SA097S22	SES099	0.576746	-4.79741	-5.37415
BLOCK09/SES097/SA097S22	SES206	-1.34827	-6.72242	-5.37415
BLOCK09/SES097/SA097S22	SES226	-1.24699	-6.62114	-5.37415
BLOCK09/SES097/SA097S22	SES270	-1.69387	-7.06802	-5.37415
BLOCK09/SES097/SA097S26	SES099	0.849844	-6.12114	-6.97098
BLOCK09/SES097/SA097S26	SES120	-1.23731	-8.20829	-6.97098
BLOCK09/SES097/SA097S26	SES206	-1.35511	-8.32609	-6.97098
BLOCK09/SES097/SA097S26	SES226	-0.377307	-7.34829	-6.97098
BLOCK09/SES097/SA097S28	SES099	0.678606	-4.44362	-5.12222
BLOCK09/SES097/SA097S28	SES120	-1.05009	-6.17231	-5.12222
BLOCK09/SES097/SA097S28	SES206	-1.05066	-6.17288	-5.12222
BLOCK09/SES097/SA097S28	SES226	-1.21457	-6.33679	-5.12222
BLOCK09/SES098/SA098S11	SES127	-2.27352	-7.55581	-5.28229
BLOCK09/SES098/SA098S11	SES144	-1.6213	-6.90359	-5.28229
BLOCK09/SES098/SA098S11	SES147	-1.0877	-6.36999	-5.28229
BLOCK09/SES098/SA098S11	SES148	-3.10451	-8.3868	-5.28229
BLOCK09/SES098/SA098S12	SES127	-3.22798	-10.8071	-7.57908
BLOCK09/SES098/SA098S12	SES144	-1.88205	-9.46113	-7.57908
BLOCK09/SES098/SA098S12	SES147	-1.55705	-9.13613	-7.57908
BLOCK09/SES098/SA098S12	SES189	-2.38682	-9.9659	-7.57908
BLOCK09/SES098/SA098S20	SES127	-3.81671	-13.181	-9.36428
BLOCK09/SES098/SA098S20	SES147	-3.50798	-12.8723	-9.36428
BLOCK09/SES098/SA098S20	SES148	-4.10229	-13.4666	-9.36428
BLOCK09/SES098/SA098S20	SES292	-1.44924	-10.8135	-9.36428
BLOCK09/SES098/SA098S23	SES127	-2.1425	-8.95195	-6.80945
BLOCK09/SES098/SA098S23	SES147	-1.7986	-8.60806	-6.80945
BLOCK09/SES098/SA098S23	SES187	-1.07915	-7.8886	-6.80945
BLOCK09/SES098/SA098S23	SES292	-1.54612	-8.35557	-6.80945
BLOCK09/SES098/SA098S27	SES127	-3.64002	-10.925	-7.28493
BLOCK09/SES098/SA098S27	SES147	-2.25167	-9.5366	-7.28493
BLOCK09/SES098/SA098S27	SES148	-3.69919	-10.9841	-7.28493
BLOCK09/SES098/SA098S27	SES292	-1.64439	-8.92932	-7.28493
BLOCK10/SES102/SA102S13	SES101	-0.875878	-9.42383	-8.54795
BLOCK10/SES102/SA102S13	SES105	-1.12925	-9.6772	-8.54795
BLOCK10/SES102/SA102S13	SES120	-1.76828	-10.3162	-8.54795
BLOCK10/SES102/SA102S13	SES158	-0.470696	-9.01865	-8.54795
BLOCK10/SES102/SA102S14	SES007	0.0273685	-4.25247	-4.27984
BLOCK10/SES102/SA102S14	SES101	-0.657204	-4.93705	-4.27984
BLOCK10/SES102/SA102S14	SES105	-1.19372	-5.47357	-4.27984
BLOCK10/SES102/SA102S14	SES147	-2.55731	-6.83716	-4.27984
BLOCK10/SES102/SA102S22	SES007	-1.28641	-6.53797	-5.25156
BLOCK10/SES102/SA102S22	SES101	-0.763885	-6.01544	-5.25156
BLOCK10/SES102/SA102S22	SES105	-1.03573	-6.28729	-5.25156
BLOCK10/SES102/SA102S22	SES158	-1.41848	-6.67004	-5.25156
BLOCK10/SES102/SA102S25	SES007	-0.476316	-5.55135	-5.07503
BLOCK10/SES102/SA102S25	SES101	-0.619425	-5.69446	-5.07503
BLOCK10/SES102/SA102S25	SES105	-1.35054	-6.42557	-5.07503
BLOCK10/SES102/SA102S25	SES147	-2.39813	-7.47316	-5.07503
BLOCK10/SES102/SA102S27	SES007	-0.153096	-4.66332	-4.51023
BLOCK10/SES102/SA102S27	SES101	0.109137	-4.40109	-4.51023
BLOCK10/SES102/SA102S27	SES105	-1.49673	-6.00696	-4.51023
BLOCK10/SES102/SA102S27	SES147	-1.76884	-6.27906	-4.51023
BLOCK10/SES103/SA103S14	SES105	-1.43153	-11.669	-10.2374
BLOCK10/SES103/SA103S14	SES106	-2.67239	-12.9098	-10.2374
BLOCK10/SES103/SA103S14	SES120	-1.99937	-12.2368	-10.2374
BLOCK10/SES103/SA103S14	SES206	-1.83155	-12.069	-10.2374
BLOCK10/SES103/SA103S15	SES099	-2.70189	-13.2428	-10.5409
BLOCK10/SES103/SA103S15	SES101	-2.41312	-12.9541	-10.5409
BLOCK10/SES103/SA103S15	SES104	-1.60456	-12.1455	-10.5409
BLOCK10/SES103/SA103S15	SES125	-3.87008	-14.411	-10.5409
BLOCK10/SES103/SA103S24	SES104	-1.13889	-7.20439	-6.0655
BLOCK10/SES103/SA103S24	SES125	-3.94704	-10.0125	-6.0655
BLOCK10/SES103/SA103S24	SES148	-2.54794	-8.61343	-6.0655
BLOCK10/SES103/SA103S24	SES158	-1.71871	-7.7842	-6.0655
BLOCK10/SES103/SA103S26	SES104	-0.31494	-9.35243	-9.03749
BLOCK10/SES103/SA103S26	SES106	-0.612323	-9.64982	-9.03749
BLOCK10/SES103/SA103S26	SES125	-1.48878	-10.5263	-9.03749
BLOCK10/SES103/SA103S26	SES148	-3.55056	-12.5881	-9.03749
BLOCK10/SES103/SA103S28	SES104	-1.39753	-11.6613	-10.2637
BLOCK10/SES103/SA103S28	SES106	-2.95107	-13.2148	-10.2637
BLOCK10/SES103/SA103S28	SES125	-3.60075	-13.8645	-10.2637
BLOCK10/SES103/SA103S28	SES206	-2.69825	-12.962	-10.2637
BLOCK12/SES121/SA121S12	SES042	-1.57854	-8.87201	-7.29347
BLOCK12/SES121/SA121S12	SES087	-1.24728	-8.54075	-7.29347
BLOCK12/SES121/SA121S12	SES105	0.0312133	-7.26226	-7.29347
BLOCK12/SES121/SA121S12	SES206	-0.0708289	-7.3643	-7.29347
BLOCK12/SES121/SA121S14	SES007	-1.89543	-13.3646	-11.4691
BLOCK12/SES121/SA121S14	SES105	-1.96171	-13.4309	-11.4691
BLOCK12/SES121/SA121S14	SES106	-1.80607	-13.2752	-11.4691
BLOCK12/SES121/SA121S14	SES206	-1.15923	-12.6284	-11.4691
BLOCK12/SES121/SA121S23	SES105	-1.03828	-10.9061	-9.86787
BLOCK12/SES121/SA121S23	SES106	-2.00255	-11.8704	-9.86787
BLOCK12/SES121/SA121S23	SES120	-1.57692	-11.4448	-9.86787
BLOCK12/SES121/SA121S23	SES206	1.00574	-8.86212	-9.86787
BLOCK12/SES121/SA121S25	SES007	-1.13984	-12.9366	-11.7968
BLOCK12/SES121/SA121S25	SES105	-1.68679	-13.4836	-11.7968
BLOCK12/SES121/SA121S25	SES106	-0.853361	-12.6501	-11.7968
BLOCK12/SES121/SA121S25	SES206	-0.604403	-12.4012	-11.7968
BLOCK12/SES121/SA121S27	SES087	-0.249399	-11.5226	-11.2732
BLOCK12/SES121/SA121S27	SES105	-3.25066	-14.5239	-11.2732
BLOCK12/SES121/SA121S27	SES120	-0.0600185	-11.3332	-11.2732
BLOCK12/SES121/SA121S27	SES206	-0.943862	-12.2171	-11.2732
BLOCK12/SES124/SA124S16	SES042	-0.844974	-5.62829	-4.78332
BLOCK12/SES124/SA124S16	SES082	-1.46413	-6.24744	-4.78332
BLOCK12/SES124/SA124S16	SES183	-1.27966	-6.06298	-4.78332
BLOCK12/SES124/SA124S16	SES206	-2.01642	-6.79974	-4.78332
BLOCK12/SES124/SA124S17	SES105	-1.57384	-9.35142	-7.77758
BLOCK12/SES124/SA124S17	SES149	-1.14468	-8.92227	-7.77758
BLOCK12/SES124/SA124S17	SES158	-2.34442	-10.122	-7.77758
BLOCK12/SES124/SA124S17	SES275	-1.83734	-9.61492	-7.77758
BLOCK12/SES124/SA124S23	SES105	-1.82076	-5.6476	-3.82684
BLOCK12/SES124/SA124S23	SES125	1.54184	-2.285	-3.82684
BLOCK12/SES124/SA124S23	SES129	-1.22435	-5.05119	-3.82684
BLOCK12/SES124/SA124S23	SES158	-1.09907	-4.92591	-3.82684
BLOCK12/SES124/SA124S26	SES105	-2.3159	-8.74714	-6.43124
BLOCK12/SES124/SA124S26	SES125	-0.372481	-6.80372	-6.43124
BLOCK12/SES124/SA124S26	SES129	-2.01708	-8.44832	-6.43124
BLOCK12/SES124/SA124S26	SES158	-1.14649	-7.57773	-6.43124
BLOCK12/SES124/SA124S28	SES104	-0.27177	-5.39674	-5.12497
BLOCK12/SES124/SA124S28	SES106	-0.821812	-5.94678	-5.12497
BLOCK12/SES124/SA124S28	SES125	0.983493	-4.14148	-5.12497
BLOCK12/SES124/SA124S28	SES275	-1.88796	-7.01293	-5.12497
BLOCK12/SES126/SA126S13	SES007	-1.43472	-9.00156	-7.56684
BLOCK12/SES126/SA126S13	SES162	-1.65464	-9.22148	-7.56684
BLOCK12/SES126/SA126S13	SES177	-1.40724	-8.97408	-7.56684
BLOCK12/SES126/SA126S13	SES180	-1.34222	-8.90906	-7.56684
BLOCK12/SES126/SA126S14	SES144	-1.06627	-6.50485	-5.43859
BLOCK12/SES126/SA126S14	SES148	-1.8363	-7.27488	-5.43859
BLOCK12/SES126/SA126S14	SES177	-1.13708	-6.57567	-5.43859
BLOCK12/SES126/SA126S14	SES180	-0.751477	-6.19006	-5.43859
BLOCK12/SES126/SA126S20	SES007	-1.28477	-4.46592	-3.18115
BLOCK12/SES126/SA126S20	SES162	-0.974638	-4.15579	-3.18115
BLOCK12/SES126/SA126S20	SES172	-0.786022	-3.96717	-3.18115
BLOCK12/SES126/SA126S20	SES180	-0.566344	-3.7475	-3.18115
BLOCK12/SES126/SA126S24	SES120	-0.542641	-5.53116	-4.98852
BLOCK12/SES126/SA126S24	SES162	-0.920642	-5.90916	-4.98852
BLOCK12/SES126/SA126S24	SES177	-0.257711	-5.24623	-4.98852
BLOCK12/SES126/SA126S24	SES180	-0.56811	-5.55663	-4.98852
BLOCK12/SES126/SA126S26	SES120	-0.184671	-4.81712	-4.63245
BLOCK12/SES126/SA126S26	SES177	-1.12737	-5.75982	-4.63245
BLOCK12/SES126/SA126S26	SES180	-0.34482	-4.97727	-4.63245
BLOCK12/SES126/SA126S26	SES202	-1.01759	-5.65004	-4.63245
BLOCK12/SES128/SA128S10	SES087	-1.31934	-6.98728	-5.66794
BLOCK12/SES128/SA128S10	SES206	-0.293813	-5.96175	-5.66794
BLOCK12/SES128/SA128S10	SES226	-0.298586	-5.96653	-5.66794
BLOCK12/SES128/SA128S10	SES270	-1.30697	-6.97491	-5.66794
BLOCK12/SES128/SA128S12	SES120	-0.695046	-7.92509	-7.23004
BLOCK12/SES128/SA128S12	SES158	-2.3394	-9.56944	-7.23004
BLOCK12/SES128/SA128S12	SES206	-0.853018	-8.08306	-7.23004
BLOCK12/SES128/SA128S12	SES226	-1.76186	-8.9919	-7.23004
BLOCK12/SES128/SA128S21	SES106	-3.46231	-9.34601	-5.8837
BLOCK12/SES128/SA128S21	SES120	-0.383725	-6.26743	-5.8837
BLOCK12/SES128/SA128S21	SES206	-0.980265	-6.86397	-5.8837
BLOCK12/SES128/SA128S21	SES226	-1.36273	-7.24643	-5.8837
BLOCK12/SES128/SA128S24	SES087	-0.731429	-8.51283	-7.7814
BLOCK12/SES128/SA128S24	SES120	-0.452278	-8.23368	-7.7814
BLOCK12/SES128/SA128S24	SES206	-0.755011	-8.53641	-7.7814
BLOCK12/SES128/SA128S24	SES226	-1.52467	-9.30607	-7.7814
BLOCK12/SES128/SA128S27	SES099	-1.02183	-6.96457	-5.94274
BLOCK12/SES128/SA128S27	SES120	-0.703582	-6.64632	-5.94274
BLOCK12/SES128/SA128S27	SES206	-0.946012	-6.88875	-5.94274
BLOCK12/SES128/SA128S27	SES226	-0.963414	-6.90615	-5.94274
BLOCK13/SES130/SA130S13	SES143	-0.514585	-6.86428	-6.34969
BLOCK13/SES130/SA130S13	SES144	0.411239	-5.93845	-6.34969
BLOCK13/SES130/SA130S13	SES146	-1.92903	-8.27873	-6.34969
BLOCK13/SES130/SA130S13	SES275	-2.2763	-8.62599	-6.34969
BLOCK13/SES130/SA130S15	SES143	-0.711237	-4.85879	-4.14755
BLOCK13/SES130/SA130S15	SES144	-0.353536	-4.50109	-4.14755
BLOCK13/SES130/SA130S15	SES146	-0.77972	-4.92727	-4.14755
BLOCK13/SES130/SA130S15	SES275	-1.60708	-5.75463	-4.14755
BLOCK13/SES130/SA130S23	SES127	-0.6299	-4.86999	-4.24009
BLOCK13/SES130/SA130S23	SES144	0.687766	-3.55233	-4.24009
BLOCK13/SES130/SA130S23	SES146	-0.625076	-4.86517	-4.24009
BLOCK13/SES130/SA130S23	SES162	-0.299663	-4.53976	-4.24009
BLOCK13/SES130/SA130S25	SES127	-1.12401	-2.81332	-1.68931
BLOCK13/SES130/SA130S25	SES144	-0.249914	-1.93922	-1.68931
BLOCK13/SES130/SA130S25	SES146	-0.565491	-2.2548	-1.68931
BLOCK13/SES130/SA130S25	SES275	-1.63592	-3.32523	-1.68931
BLOCK13/SES130/SA130S28	SES127	-0.768309	-5.34228	-4.57397
BLOCK13/SES130/SA130S28	SES144	-1.07895	-5.65292	-4.57397
BLOCK13/SES130/SA130S28	SES146	-1.02731	-5.60128	-4.57397
BLOCK13/SES130/SA130S28	SES275	-1.16667	-5.74064	-4.57397
BLOCK13/SES131/SA131S13	SES002	-2.02426	-8.34213	-6.31787
BLOCK13/SES131/SA131S13	SES007	-1.64879	-7.96666	-6.31787
BLOCK13/SES131/SA131S13	SES099	-0.692225	-7.0101	-6.31787
BLOCK13/SES131/SA131S13	SES105	-0.699156	-7.01703	-6.31787
BLOCK13/SES131/SA131S14	SES104	-0.607243	-2.43871	-1.83146
BLOCK13/SES131/SA131S14	SES106	-2.58133	-4.4128	-1.83146
BLOCK13/SES131/SA131S14	SES125	-1.57205	-3.40352	-1.83146
BLOCK13/SES131/SA131S14	SES148	0.171031	-1.66043	-1.83146
BLOCK13/SES131/SA131S20	SES104	-2.74703	-10.5767	-7.8297
BLOCK13/SES131/SA131S20	SES106	-2.37928	-10.209	-7.8297
BLOCK13/SES131/SA131S20	SES125	-2.29046	-10.1202	-7.8297
BLOCK13/SES131/SA131S20	SES148	-1.84217	-9.67186	-7.8297
BLOCK13/SES131/SA131S22	SES099	-1.81956	-6.75639	-4.93683
BLOCK13/SES131/SA131S22	SES104	-0.991196	-5.92803	-4.93683
BLOCK13/SES131/SA131S22	SES125	-0.951358	-5.88819	-4.93683
BLOCK13/SES131/SA131S22	SES206	-1.88816	-6.82499	-4.93683
BLOCK13/SES131/SA131S29	SES087	-2.0684	-8.79416	-6.72576
BLOCK13/SES131/SA131S29	SES104	-3.73094	-10.4567	-6.72576
BLOCK13/SES131/SA131S29	SES125	-4.97561	-11.7014	-6.72576
BLOCK13/SES131/SA131S29	SES206	-3.31639	-10.0422	-6.72576
BLOCK13/SES132/SA132S11	SES083	-1.29125	-9.31357	-8.02232
BLOCK13/SES132/SA132S11	SES120	0.199686	-7.82264	-8.02232
BLOCK13/SES132/SA132S11	SES127	-2.96222	-10.9845	-8.02232
BLOCK13/SES132/SA132S11	SES275	-1.38836	-9.41069	-8.02232
BLOCK13/SES132/SA132S12	SES083	-1.67758	-6.34164	-4.66407
BLOCK13/SES132/SA132S12	SES143	-1.70062	-6.36469	-4.66407
BLOCK13/SES132/SA132S12	SES144	-1.16725	-5.83132	-4.66407
BLOCK13/SES132/SA132S12	SES148	-0.911329	-5.57539	-4.66407
BLOCK13/SES132/SA132S22	SES062	-0.984794	-7.47434	-6.48954
BLOCK13/SES132/SA132S22	SES083	-1.61278	-8.10232	-6.48954
BLOCK13/SES132/SA132S22	SES127	-1.93401	-8.42356	-6.48954
BLOCK13/SES132/SA132S22	SES275	-1.46048	-7.95002	-6.48954
BLOCK13/SES132/SA132S24	SES007	-1.20972	-6.01828	-4.80856
BLOCK13/SES132/SA132S24	SES083	-1.68421	-6.49277	-4.80856
BLOCK13/SES132/SA132S24	SES127	-2.35863	-7.16719	-4.80856
BLOCK13/SES132/SA132S24	SES275	-1.4012	-6.20976	-4.80856
BLOCK13/SES132/SA132S27	SES083	-2.39402	-10.1541	-7.76005
BLOCK13/SES132/SA132S27	SES120	0.422151	-7.3379	-7.76005
BLOCK13/SES132/SA132S27	SES127	-4.86768	-12.6277	-7.76005
BLOCK13/SES132/SA132S27	SES275	-2.52425	-10.2843	-7.76005
BLOCK14/SES141/SA141S09	SES143	-1.06306	-5.17132	-4.10826
BLOCK14/SES141/SA141S09	SES144	-0.441227	-4.54949	-4.10826
BLOCK14/SES141/SA141S09	SES162	-0.963718	-5.07198	-4.10826
BLOCK14/SES141/SA141S09	SES180	-0.654316	-4.76258	-4.10826
BLOCK14/SES141/SA141S15	SES127	-1.0072	-6.6231	-5.6159
BLOCK14/SES141/SA141S15	SES144	-1.17611	-6.79201	-5.6159
BLOCK14/SES141/SA141S15	SES162	-1.9094	-7.52531	-5.6159
BLOCK14/SES141/SA141S15	SES180	-0.965202	-6.5811	-5.6159
BLOCK14/SES141/SA141S24	SES127	-1.77251	-7.96111	-6.1886
BLOCK14/SES141/SA141S24	SES144	-1.92772	-8.11632	-6.1886
BLOCK14/SES141/SA141S24	SES162	-1.16497	-7.35357	-6.1886
BLOCK14/SES141/SA141S24	SES183	-1.97989	-8.1685	-6.1886
BLOCK14/SES141/SA141S26	SES142	-0.334661	-6.65655	-6.32189
BLOCK14/SES141/SA141S26	SES144	-1.28716	-7.60904	-6.32189
BLOCK14/SES141/SA141S26	SES172	-0.773431	-7.09532	-6.32189
BLOCK14/SES141/SA141S26	SES180	-0.836124	-7.15801	-6.32189
BLOCK14/SES141/SA141S29	SES127	-0.40769	-4.71097	-4.30328
BLOCK14/SES141/SA141S29	SES142	0.00857496	-4.2947	-4.30328
BLOCK14/SES141/SA141S29	SES144	-0.572735	-4.87601	-4.30328
BLOCK14/SES141/SA141S29	SES180	-0.459742	-4.76302	-4.30328
BLOCK15/SES157/SA157S08	SES083	-1.21475	-5.21626	-4.00152
BLOCK15/SES157/SA157S08	SES127	-1.33902	-5.34053	-4.00152
BLOCK15/SES157/SA157S08	SES148	-1.09483	-5.09635	-4.00152
BLOCK15/SES157/SA157S08	SES292	-1.7238	-5.72531	-4.00152
BLOCK15/SES157/SA157S11	SES083	-1.599	-5.82105	-4.22205
BLOCK15/SES157/SA157S11	SES127	-2.07763	-6.29968	-4.22205
BLOCK15/SES157/SA157S11	SES148	-2.24257	-6.46462	-4.22205
BLOCK15/SES157/SA157S11	SES292	-1.40659	-5.62865	-4.22205
BLOCK15/SES157/SA157S21	SES127	-0.314493	-2.41935	-2.10486
BLOCK15/SES157/SA157S21	SES148	-0.29158	-2.39644	-2.10486
BLOCK15/SES157/SA157S21	SES158	-5.0018	-7.10665	-2.10486
BLOCK15/SES157/SA157S21	SES292	-1.22325	-3.3281	-2.10486
BLOCK15/SES157/SA157S24	SES127	-1.23335	-6.93415	-5.7008
BLOCK15/SES157/SA157S24	SES148	-1.0223	-6.7231	-5.7008
BLOCK15/SES157/SA157S24	SES183	-1.52767	-7.22847	-5.7008
BLOCK15/SES157/SA157S24	SES292	-1.89471	-7.59551	-5.7008
BLOCK15/SES157/SA157S26	SES007	-0.984748	-5.14557	-4.16082
BLOCK15/SES157/SA157S26	SES127	0.144792	-4.01603	-4.16082
BLOCK15/SES157/SA157S26	SES147	-0.929047	-5.08987	-4.16082
BLOCK15/SES157/SA157S26	SES148	-0.968797	-5.12962	-4.16082
BLOCK16/SES161/SA161S10	SES007	-1.14248	-7.36179	-6.21931
BLOCK16/SES161/SA161S10	SES105	-0.931083	-7.15039	-6.21931
BLOCK16/SES161/SA161S10	SES158	-1.44835	-7.66766	-6.21931
BLOCK16/SES161/SA161S10	SES275	-1.18453	-7.40384	-6.21931
BLOCK16/SES161/SA161S12	SES007	-2.43436	-11.9969	-9.56254
BLOCK16/SES161/SA161S12	SES105	-2.28756	-11.8501	-9.56254
BLOCK16/SES161/SA161S12	SES158	-2.24923	-11.8118	-9.56254
BLOCK16/SES161/SA161S12	SES275	-1.87019	-11.4327	-9.56254
BLOCK16/SES161/SA161S20	SES007	-1.36929	-11.6779	-10.3086
BLOCK16/SES161/SA161S20	SES105	-1.40837	-11.717	-10.3086
BLOCK16/SES161/SA161S20	SES158	-0.392081	-10.7007	-10.3086
BLOCK16/SES161/SA161S20	SES275	-2.50199	-12.8106	-10.3086
BLOCK16/SES161/SA161S23	SES007	-4.35979	-14.3247	-9.96487
BLOCK16/SES161/SA161S23	SES105	-1.97802	-11.9429	-9.96487
BLOCK16/SES161/SA161S23	SES148	-1.80419	-11.7691	-9.96487
BLOCK16/SES161/SA161S23	SES158	-3.77003	-13.7349	-9.96487
BLOCK16/SES161/SA161S28	SES007	-1.35782	-10.7541	-9.39627
BLOCK16/SES161/SA161S28	SES105	-2.394	-11.7903	-9.39627
BLOCK16/SES161/SA161S28	SES158	-0.719131	-10.1154	-9.39627
BLOCK16/SES161/SA161S28	SES206	-1.11139	-10.5077	-9.39627
BLOCK16/SES164/SA164S11	SES104	-0.269956	-4.92919	-4.65923
BLOCK16/SES164/SA164S11	SES125	-0.207291	-4.86652	-4.65923
BLOCK16/SES164/SA164S11	SES158	-2.94058	-7.5998	-4.65923
BLOCK16/SES164/SA164S11	SES206	-0.325485	-4.98471	-4.65923
BLOCK16/SES164/SA164S13	SES099	-2.335	-7.45645	-5.12145
BLOCK16/SES164/SA164S13	SES104	-1.66482	-6.78626	-5.12145
BLOCK16/SES164/SA164S13	SES125	-2.4312	-7.55265	-5.12145
BLOCK16/SES164/SA164S13	SES206	-2.70444	-7.82589	-5.12145
BLOCK16/SES164/SA164S24	SES002	0.130924	-4.31681	-4.44774
BLOCK16/SES164/SA164S24	SES099	-1.05719	-5.50493	-4.44774
BLOCK16/SES164/SA164S24	SES125	-0.956578	-5.40432	-4.44774
BLOCK16/SES164/SA164S24	SES226	0.0970564	-4.35068	-4.44774
BLOCK16/SES164/SA164S27	SES087	-0.549659	-6.34066	-5.791
BLOCK16/SES164/SA164S27	SES125	-1.82605	-7.61705	-5.791
BLOCK16/SES164/SA164S27	SES206	-1.53967	-7.33068	-5.791
BLOCK16/SES164/SA164S27	SES226	-1.21148	-7.00248	-5.791
BLOCK16/SES164/SA164S29	SES002	-0.848049	-4.98533	-4.13728
BLOCK16/SES164/SA164S29	SES019	-2.48914	-6.62642	-4.13728
BLOCK16/SES164/SA164S29	SES125	-1.54167	-5.67895	-4.13728
BLOCK16/SES164/SA164S29	SES226	-0.991175	-5.12846	-4.13728
BLOCK16/SES169/SA169S13	SES117	-1.80474	-7.98757	-6.18283
BLOCK16/SES169/SA169S13	SES144	-1.53472	-7.71755	-6.18283
BLOCK16/SES169/SA169S13	SES146	-1.31745	-7.50027	-6.18283
BLOCK16/SES169/SA169S13	SES162	-1.43409	-7.61692	-6.18283
BLOCK16/SES169/SA169S14	SES144	-0.954934	-3.95427	-2.99933
BLOCK16/SES169/SA169S14	SES148	-1.12692	-4.12626	-2.99933
BLOCK16/SES169/SA169S14	SES177	-0.545637	-3.54497	-2.99933
BLOCK16/SES169/SA169S14	SES180	-1.26839	-4.26773	-2.99933
BLOCK16/SES169/SA169S24	SES117	-0.393581	-6.15595	-5.76237
BLOCK16/SES169/SA169S24	SES144	-0.45883	-6.2212	-5.76237
BLOCK16/SES169/SA169S24	SES146	-0.404617	-6.16699	-5.76237
BLOCK16/SES169/SA169S24	SES162	-0.201546	-5.96392	-5.76237
BLOCK16/SES169/SA169S27	SES127	-0.916997	-6.61112	-5.69412
BLOCK16/SES169/SA169S27	SES129	-1.05859	-6.75271	-5.69412
BLOCK16/SES169/SA169S27	SES144	-1.19154	-6.88567	-5.69412
BLOCK16/SES169/SA169S27	SES146	-0.861291	-6.55542	-5.69412
BLOCK16/SES169/SA169S29	SES144	-0.601619	-3.55168	-2.95006
BLOCK16/SES169/SA169S29	SES162	-0.477229	-3.42729	-2.95006
BLOCK16/SES169/SA169S29	SES177	-1.17697	-4.12703	-2.95006
BLOCK16/SES169/SA169S29	SES180	-1.34552	-4.29558	-2.95006
BLOCK17/SES171/SA171S12	SES083	-1.75368	-7.0195	-5.26582
BLOCK17/SES171/SA171S12	SES148	-1.77074	-7.03656	-5.26582
BLOCK17/SES171/SA171S12	SES172	-1.41979	-6.6856	-5.26582
BLOCK17/SES171/SA171S12	SES292	-2.83255	-8.09837	-5.26582
BLOCK17/SES171/SA171S15	SES148	-2.15798	-8.03572	-5.87774
BLOCK17/SES171/SA171S15	SES177	-1.43477	-7.3125	-5.87774
BLOCK17/SES171/SA171S15	SES180	-3.67316	-9.5509	-5.87774
BLOCK17/SES171/SA171S15	SES292	-2.03782	-7.91556	-5.87774
BLOCK17/SES171/SA171S22	SES007	-0.844699	-2.92901	-2.08431
BLOCK17/SES171/SA171S22	SES148	-0.805942	-2.89025	-2.08431
BLOCK17/SES171/SA171S22	SES177	-0.162616	-2.24692	-2.08431
BLOCK17/SES171/SA171S22	SES180	-2.39656	-4.48086	-2.08431
BLOCK17/SES171/SA171S25	SES101	-2.20295	-8.62357	-6.42062
BLOCK17/SES171/SA171S25	SES120	-3.20154	-9.62216	-6.42062
BLOCK17/SES171/SA171S25	SES177	-1.23804	-7.65866	-6.42062
BLOCK17/SES171/SA171S25	SES180	-1.69768	-8.1183	-6.42062
BLOCK17/SES171/SA171S27	SES177	-1.44056	-7.70852	-6.26796
BLOCK17/SES171/SA171S27	SES180	-2.40058	-8.66854	-6.26796
BLOCK17/SES171/SA171S27	SES189	-1.24731	-7.51527	-6.26796
BLOCK17/SES171/SA171S27	SES292	-1.60199	-7.86995	-6.26796
BLOCK17/SES173/SA173S13	SES162	-3.38803	-9.35951	-5.97148
BLOCK17/SES173/SA173S13	SES177	-1.4174	-7.38888	-5.97148
BLOCK17/SES173/SA173S13	SES180	-1.51423	-7.48571	-5.97148
BLOCK17/SES173/SA173S13	SES292	-0.0319428	-6.00342	-5.97148
BLOCK17/SES173/SA173S14	SES007	-1.94527	-7.2478	-5.30253
BLOCK17/SES173/SA173S14	SES162	-2.08192	-7.38445	-5.30253
BLOCK17/SES173/SA173S14	SES177	-1.01451	-6.31704	-5.30253
BLOCK17/SES173/SA173S14	SES180	-1.59317	-6.8957	-5.30253
BLOCK17/SES173/SA173S24	SES144	-2.21678	-8.06731	-5.85053
BLOCK17/SES173/SA173S24	SES162	-2.44308	-8.29361	-5.85053
BLOCK17/SES173/SA173S24	SES177	-0.337403	-6.18793	-5.85053
BLOCK17/SES173/SA173S24	SES180	-2.3669	-8.21743	-5.85053
BLOCK17/SES173/SA173S27	SES162	-3.30743	-10.062	-6.75461
BLOCK17/SES173/SA173S27	SES177	-1.82034	-8.57495	-6.75461
BLOCK17/SES173/SA173S27	SES180	-2.09337	-8.84798	-6.75461
BLOCK17/SES173/SA173S27	SES292	-1.00126	-7.75587	-6.75461
BLOCK17/SES173/SA173S29	SES162	-2.02912	-5.42559	-3.39648
BLOCK17/SES173/SA173S29	SES175	-1.37327	-4.76974	-3.39648
BLOCK17/SES173/SA173S29	SES177	-0.468608	-3.86509	-3.39648
BLOCK17/SES173/SA173S29	SES292	-1.07242	-4.4689	-3.39648
BLOCK18/SES182/SA182S10	SES144	-1.73334	-7.45343	-5.7201
BLOCK18/SES182/SA182S10	SES177	-1.0742	-6.7943	-5.7201
BLOCK18/SES182/SA182S10	SES180	-2.24323	-7.96333	-5.7201
BLOCK18/SES182/SA182S10	SES275	-1.23337	-6.95346	-5.7201
BLOCK18/SES182/SA182S12	SES144	-1.83889	-7.43876	-5.59986
BLOCK18/SES182/SA182S12	SES177	-1.29883	-6.8987	-5.59986
BLOCK18/SES182/SA182S12	SES180	-2.89169	-8.49155	-5.59986
BLOCK18/SES182/SA182S12	SES275	-1.4095	-7.00937	-5.59986
BLOCK18/SES182/SA182S21	SES117	-1.1582	-8.88122	-7.72302
BLOCK18/SES182/SA182S21	SES144	-1.42227	-9.1453	-7.72302
BLOCK18/SES182/SA182S21	SES162	-1.36231	-9.08533	-7.72302
BLOCK18/SES182/SA182S21	SES180	-2.52698	-10.25	-7.72302
BLOCK18/SES182/SA182S23	SES117	-2.2487	-12.0224	-9.77371
BLOCK18/SES182/SA182S23	SES144	-3.73878	-13.5125	-9.77371
BLOCK18/SES182/SA182S23	SES180	-5.34556	-15.1193	-9.77371
BLOCK18/SES182/SA182S23	SES275	-2.78052	-12.5542	-9.77371
BLOCK18/SES182/SA182S25	SES007	0.057725	-6.48307	-6.54079
BLOCK18/SES182/SA182S25	SES162	-1.02307	-7.56386	-6.54079
BLOCK18/SES182/SA182S25	SES177	-0.795122	-7.33592	-6.54079
BLOCK18/SES182/SA182S25	SES180	-2.62986	-9.17065	-6.54079
BLOCK18/SES184/SA184S12	SES177	-0.466691	-4.77797	-4.31128
BLOCK18/SES184/SA184S12	SES180	-0.438233	-4.74951	-4.31128
BLOCK18/SES184/SA184S12	SES189	-2.51481	-6.82609	-4.31128
BLOCK18/SES184/SA184S12	SES292	-0.819471	-5.13075	-4.31128
BLOCK18/SES184/SA184S13	SES101	-1.15157	-6.13197	-4.9804
BLOCK18/SES184/SA184S13	SES177	-1.36084	-6.34124	-4.9804
BLOCK18/SES184/SA184S13	SES180	-1.01488	-5.99528	-4.9804
BLOCK18/SES184/SA184S13	SES292	-1.44315	-6.42355	-4.9804
BLOCK18/SES184/SA184S22	SES177	-1.39419	-5.7561	-4.36191
BLOCK18/SES184/SA184S22	SES180	-0.615165	-4.97708	-4.36191
BLOCK18/SES184/SA184S22	SES189	-1.93303	-6.29495	-4.36191
BLOCK18/SES184/SA184S22	SES292	-1.73703	-6.09895	-4.36191
BLOCK18/SES184/SA184S25	SES101	-1.04032	-4.4115	-3.37119
BLOCK18/SES184/SA184S25	SES177	-1.51004	-4.88123	-3.37119
BLOCK18/SES184/SA184S25	SES180	-1.0738	-4.44499	-3.37119
BLOCK18/SES184/SA184S25	SES292	-1.04518	-4.41636	-3.37119
BLOCK18/SES184/SA184S27	SES083	-1.64869	-5.34578	-3.69709
BLOCK18/SES184/SA184S27	SES177	-1.47344	-5.17053	-3.69709
BLOCK18/SES184/SA184S27	SES202	-1.65767	-5.35476	-3.69709
BLOCK18/SES184/SA184S27	SES292	-1.85379	-5.55088	-3.69709
BLOCK20/SES204/SA204S12	SES062	-0.713377	-5.69139	-4.97802
BLOCK20/SES204/SA204S12	SES083	-1.81151	-6.78953	-4.97802
BLOCK20/SES204/SA204S12	SES206	-0.997036	-5.97505	-4.97802
BLOCK20/SES204/SA204S12	SES226	-1.50074	-6.47875	-4.97802
BLOCK20/SES204/SA204S14	SES068	-0.447511	-3.58301	-3.1355
BLOCK20/SES204/SA204S14	SES087	-0.537433	-3.67293	-3.1355
BLOCK20/SES204/SA204S14	SES206	-1.48009	-4.61559	-3.1355
BLOCK20/SES204/SA204S14	SES226	-2.1372	-5.2727	-3.1355
BLOCK20/SES204/SA204S22	SES068	-0.869592	-5.79172	-4.92212
BLOCK20/SES204/SA204S22	SES082	-1.59638	-6.5185	-4.92212
BLOCK20/SES204/SA204S22	SES083	-2.32777	-7.2499	-4.92212
BLOCK20/SES204/SA204S22	SES206	-0.756473	-5.6786	-4.92212
BLOCK20/SES204/SA204S25	SES062	-1.09918	-6.11703	-5.01785
BLOCK20/SES204/SA204S25	SES083	-2.95488	-7.97273	-5.01785
BLOCK20/SES204/SA204S25	SES206	-1.02115	-6.03899	-5.01785
BLOCK20/SES204/SA204S25	SES226	-1.36818	-6.38603	-5.01785
BLOCK20/SES204/SA204S27	SES068	-0.974558	-7.00566	-6.0311
BLOCK20/SES204/SA204S27	SES082	-1.45589	-7.48698	-6.0311
BLOCK20/SES204/SA204S27	SES087	0.366404	-5.66469	-6.0311
BLOCK20/SES204/SA204S27	SES206	-1.56646	-7.59755	-6.0311
BLOCK20/SES207/SA207S10	SES127	-2.22889	-6.28781	-4.05892
BLOCK20/SES207/SA207S10	SES183	-1.32542	-5.38434	-4.05892
BLOCK20/SES207/SA207S10	SES189	-1.178	-5.23692	-4.05892
BLOCK20/SES207/SA207S10	SES292	-1.7577	-5.81662	-4.05892
BLOCK20/SES207/SA207S11	SES127	-1.77475	-5.76812	-3.99337
BLOCK20/SES207/SA207S11	SES183	-1.51982	-5.51319	-3.99337
BLOCK20/SES207/SA207S11	SES187	-1.38785	-5.38121	-3.99337
BLOCK20/SES207/SA207S11	SES292	-1.22853	-5.2219	-3.99337
BLOCK20/SES207/SA207S25	SES068	-1.08569	-6.94725	-5.86156
BLOCK20/SES207/SA207S25	SES083	-1.57423	-7.43579	-5.86156
BLOCK20/SES207/SA207S25	SES127	-0.690482	-6.55204	-5.86156
BLOCK20/SES207/SA207S25	SES187	-1.36198	-7.22354	-5.86156
BLOCK20/SES207/SA207S27	SES127	-1.70816	-8.59276	-6.88461
BLOCK20/SES207/SA207S27	SES183	-1.9318	-8.81641	-6.88461
BLOCK20/SES207/SA207S27	SES187	-1.81003	-8.69464	-6.88461
BLOCK20/SES207/SA207S27	SES292	-1.84835	-8.73296	-6.88461
BLOCK20/SES207/SA207S29	SES083	-1.93213	-5.33829	-3.40616
BLOCK20/SES207/SA207S29	SES085	-1.43244	-4.83861	-3.40616
BLOCK20/SES207/SA207S29	SES172	-0.285386	-3.69155	-3.40616
BLOCK20/SES207/SA207S29	SES189	-3.94344	-7.3496	-3.40616
BLOCK22/SES221/SA221S12	SES068	-0.572269	-4.95058	-4.37831
BLOCK22/SES221/SA221S12	SES143	-1.36774	-5.74605	-4.37831
BLOCK22/SES221/SA221S12	SES175	-1.11626	-5.49457	-4.37831
BLOCK22/SES221/SA221S12	SES202	-0.688528	-5.06684	-4.37831
BLOCK22/SES221/SA221S15	SES085	-0.832341	-5.76762	-4.93528
BLOCK22/SES221/SA221S15	SES143	-1.29944	-6.23472	-4.93528
BLOCK22/SES221/SA221S15	SES175	-1.35692	-6.2922	-4.93528
BLOCK22/SES221/SA221S15	SES187	-1.94811	-6.88339	-4.93528
BLOCK22/SES221/SA221S23	SES068	0.133457	-5.25184	-5.3853
BLOCK22/SES221/SA221S23	SES143	-1.67612	-7.06142	-5.3853
BLOCK22/SES221/SA221S23	SES175	-0.902675	-6.28798	-5.3853
BLOCK22/SES221/SA221S23	SES189	-1.81848	-7.20378	-5.3853
BLOCK22/SES221/SA221S27	SES085	-0.0357041	-5.33087	-5.29516
BLOCK22/SES221/SA221S27	SES143	-1.12925	-6.42441	-5.29516
BLOCK22/SES221/SA221S27	SES175	-1.16264	-6.4578	-5.29516
BLOCK22/SES221/SA221S27	SES189	-2.4078	-7.70296	-5.29516
BLOCK22/SES221/SA221S29	SES085	-0.613174	-8.53809	-7.92492
BLOCK22/SES221/SA221S29	SES143	-1.81588	-9.7408	-7.92492
BLOCK22/SES221/SA221S29	SES175	-1.25349	-9.17841	-7.92492
BLOCK22/SES221/SA221S29	SES187	-1.72011	-9.64503	-7.92492
BLOCK22/SES223/SA223S11	SES143	-0.949725	-7.91215	-6.96243
BLOCK22/SES223/SA223S11	SES144	-2.39134	-9.35377	-6.96243
BLOCK22/SES223/SA223S11	SES175	-1.00659	-7.96901	-6.96243
BLOCK22/SES223/SA223S11	SES187	-1.48421	-8.44664	-6.96243
BLOCK22/SES223/SA223S13	SES068	-0.33565	-8.49194	-8.15629
BLOCK22/SES223/SA223S13	SES143	-1.94521	-10.1015	-8.15629
BLOCK22/SES223/SA223S13	SES146	-1.39929	-9.55557	-8.15629
BLOCK22/SES223/SA223S13	SES202	-0.959908	-9.11619	-8.15629
BLOCK22/SES223/SA223S22	SES143	-0.797334	-5.94195	-5.14462
BLOCK22/SES223/SA223S22	SES144	-2.16494	-7.30956	-5.14462
BLOCK22/SES223/SA223S22	SES175	-1.55296	-6.69758	-5.14462
BLOCK22/SES223/SA223S22	SES187	-0.94488	-6.0895	-5.14462
BLOCK22/SES223/SA223S25	SES068	-0.968978	-6.90297	-5.934
BLOCK22/SES223/SA223S25	SES143	-1.07239	-7.00639	-5.934
BLOCK22/SES223/SA223S25	SES175	-1.01407	-6.94807	-5.934
BLOCK22/SES223/SA223S25	SES187	-1.31547	-7.24946	-5.934
BLOCK22/SES223/SA223S27	SES143	-0.636522	-8.54471	-7.90819
BLOCK22/SES223/SA223S27	SES146	-2.02712	-9.93531	-7.90819
BLOCK22/SES223/SA223S27	SES187	-0.916564	-8.82476	-7.90819
BLOCK22/SES223/SA223S27	SES292	-0.761571	-8.66976	-7.90819
BLOCK27/SES273/SA273S12	SES099	-0.582588	-6.79782	-6.21523
BLOCK27/SES273/SA273S12	SES104	-0.611269	-6.8265	-6.21523
BLOCK27/SES273/SA273S12	SES125	-1.16167	-7.3769	-6.21523
BLOCK27/SES273/SA273S12	SES206	0.030107	-6.18512	-6.21523
BLOCK27/SES273/SA273S13	SES099	-1.12524	-3.68331	-2.55807
BLOCK27/SES273/SA273S13	SES104	-1.19515	-3.75323	-2.55807
BLOCK27/SES273/SA273S13	SES206	-1.85778	-4.41585	-2.55807
BLOCK27/SES273/SA273S13	SES292	-0.567939	-3.12601	-2.55807
BLOCK27/SES273/SA273S21	SES099	-1.48002	-5.15604	-3.67602
BLOCK27/SES273/SA273S21	SES148	-3.59285	-7.26888	-3.67602
BLOCK27/SES273/SA273S21	SES149	-2.34838	-6.02441	-3.67602
BLOCK27/SES273/SA273S21	SES177	-2.08602	-5.76205	-3.67602
BLOCK27/SES273/SA273S25	SES104	-0.164121	-7.0206	-6.85648
BLOCK27/SES273/SA273S25	SES125	-0.946759	-7.80324	-6.85648
BLOCK27/SES273/SA273S25	SES158	0.0509214	-6.80556	-6.85648
BLOCK27/SES273/SA273S25	SES206	-0.816727	-7.67321	-6.85648
BLOCK27/SES273/SA273S27	SES099	-1.35359	-3.11644	-1.76286
BLOCK27/SES273/SA273S27	SES104	-1.60491	-3.36776	-1.76286
BLOCK27/SES273/SA273S27	SES149	-1.28142	-3.04428	-1.76286
BLOCK27/SES273/SA273S27	SES275	-1.35972	-3.12257	-1.76286
BLOCK27/SES274/SA274S10	SES105	-2.47473	-4.68025	-2.20552
BLOCK27/SES274/SA274S10	SES125	-3.12658	-5.3321	-2.20552
BLOCK27/SES274/SA274S10	SES129	-1.08267	-3.2882	-2.20552
BLOCK27/SES274/SA274S10	SES158	-5.35048	-7.556	-2.20552
BLOCK27/SES274/SA274S11	SES105	-1.42614	-6.14682	-4.72067
BLOCK27/SES274/SA274S11	SES149	-1.48271	-6.20338	-4.72067
BLOCK27/SES274/SA274S11	SES158	-2.15029	-6.87096	-4.72067
BLOCK27/SES274/SA274S11	SES275	-1.08434	-5.80501	-4.72067
BLOCK27/SES274/SA274S21	SES105	-1.5	-6.41711	-4.91712
BLOCK27/SES274/SA274S21	SES129	-0.446313	-5.36343	-4.91712
BLOCK27/SES274/SA274S21	SES149	-1.38159	-6.29871	-4.91712
BLOCK27/SES274/SA274S21	SES158	-3.27901	-8.19613	-4.91712
BLOCK27/SES274/SA274S24	SES105	-1.69978	-6.70357	-5.0038
BLOCK27/SES274/SA274S24	SES129	-0.379358	-5.38315	-5.0038
BLOCK27/SES274/SA274S24	SES149	-2.03586	-7.03966	-5.0038
BLOCK27/SES274/SA274S24	SES158	-3.6075	-8.6113	-5.0038
BLOCK27/SES274/SA274S29	SES105	-2.10483	-6.28201	-4.17718
BLOCK27/SES274/SA274S29	SES106	-2.46167	-6.63884	-4.17718
BLOCK27/SES274/SA274S29	SES120	-1.3867	-5.56388	-4.17718
BLOCK27/SES274/SA274S29	SES275	-1.02301	-5.20019	-4.17718
BLOCK27/SES276/SA276S16	SES148	-1.2448	-6.66355	-5.41875
BLOCK27/SES276/SA276S16	SES172	0.103883	-5.31487	-5.41875
BLOCK27/SES276/SA276S16	SES180	-0.26586	-5.68461	-5.41875
BLOCK27/SES276/SA276S16	SES292	-0.431384	-5.85013	-5.41875
BLOCK27/SES276/SA276S17	SES101	-1.17211	-6.00531	-4.8332
BLOCK27/SES276/SA276S17	SES177	-0.787703	-5.6209	-4.8332
BLOCK27/SES276/SA276S17	SES180	-1.17515	-6.00835	-4.8332
BLOCK27/SES276/SA276S17	SES292	-0.677258	-5.51045	-4.8332
BLOCK27/SES276/SA276S24	SES101	-0.963289	-4.79747	-3.83418
BLOCK27/SES276/SA276S24	SES177	-0.649781	-4.48396	-3.83418
BLOCK27/SES276/SA276S24	SES180	-1.17317	-5.00735	-3.83418
BLOCK27/SES276/SA276S24	SES292	-1.07432	-4.9085	-3.83418
BLOCK27/SES276/SA276S26	SES101	-1.9363	-3.32525	-1.38895
BLOCK27/SES276/SA276S26	SES177	-1.23284	-2.62179	-1.38895
BLOCK27/SES276/SA276S26	SES180	-0.953976	-2.34292	-1.38895
BLOCK27/SES276/SA276S26	SES292	-0.143046	-1.53199	-1.38895
BLOCK27/SES276/SA276S28	SES101	-0.786726	-3.26966	-2.48293
BLOCK27/SES276/SA276S28	SES177	-1.03324	-3.51617	-2.48293
BLOCK27/SES276/SA276S28	SES180	-0.178164	-2.6611	-2.48293
BLOCK27/SES276/SA276S28	SES292	-0.211102	-2.69403	-2.48293
BLOCK27/SES277/SA277S12	SES101	-0.829598	-8.39907	-7.56947
BLOCK27/SES277/SA277S12	SES177	-2.21758	-9.78705	-7.56947
BLOCK27/SES277/SA277S12	SES180	-2.01244	-9.58191	-7.56947
BLOCK27/SES277/SA277S12	SES292	-1.22768	-8.79714	-7.56947
BLOCK27/SES277/SA277S14	SES177	-1.8705	-8.57477	-6.70427
BLOCK27/SES277/SA277S14	SES180	-2.19796	-8.90223	-6.70427
BLOCK27/SES277/SA277S14	SES189	-0.592896	-7.29717	-6.70427
BLOCK27/SES277/SA277S14	SES292	-1.92648	-8.63075	-6.70427
BLOCK27/SES277/SA277S21	SES177	-1.46901	-7.85485	-6.38584
BLOCK27/SES277/SA277S21	SES180	-1.76346	-8.1493	-6.38584
BLOCK27/SES277/SA277S21	SES189	-0.636802	-7.02264	-6.38584
BLOCK27/SES277/SA277S21	SES292	-1.13876	-7.5246	-6.38584
BLOCK27/SES277/SA277S24	SES144	-1.35086	-9.03565	-7.68479
BLOCK27/SES277/SA277S24	SES177	-2.06888	-9.75368	-7.68479
BLOCK27/SES277/SA277S24	SES180	-1.96029	-9.64509	-7.68479
BLOCK27/SES277/SA277S24	SES189	-0.903408	-8.5882	-7.68479
BLOCK27/SES277/SA277S29	SES177	-1.05427	-3.53782	-2.48356
BLOCK27/SES277/SA277S29	SES180	-1.32368	-3.80724	-2.48356
BLOCK27/SES277/SA277S29	SES202	-1.32835	-3.81191	-2.48356
BLOCK27/SES277/SA277S29	SES292	-1.71828	-4.20184	-2.48356
BLOCK27/SES279/SA279S09	SES120	-1.2174	-5.07946	-3.86206
BLOCK27/SES279/SA279S09	SES146	-1.39882	-5.26088	-3.86206
BLOCK27/SES279/SA279S09	SES206	-0.450208	-4.31227	-3.86206
BLOCK27/SES279/SA279S09	SES226	-1.82019	-5.68225	-3.86206
BLOCK27/SES279/SA279S10	SES099	-0.212787	-5.06135	-4.84856
BLOCK27/SES279/SA279S10	SES206	-1.0953	-5.94386	-4.84856
BLOCK27/SES279/SA279S10	SES226	-2.27932	-7.12788	-4.84856
BLOCK27/SES279/SA279S10	SES292	-0.0806904	-4.92925	-4.84856
BLOCK27/SES279/SA279S20	SES099	-2.18632	-8.57403	-6.38772
BLOCK27/SES279/SA279S20	SES206	-0.803635	-7.19135	-6.38772
BLOCK27/SES279/SA279S20	SES226	-2.23523	-8.62295	-6.38772
BLOCK27/SES279/SA279S20	SES292	-0.0358787	-6.4236	-6.38772
BLOCK27/SES279/SA279S26	SES099	0.273132	-7.00592	-7.27905
BLOCK27/SES279/SA279S26	SES206	0.00762606	-7.27142	-7.27905
BLOCK27/SES279/SA279S26	SES226	-3.72304	-11.0021	-7.27905
BLOCK27/SES279/SA279S26	SES292	0.554691	-6.72436	-7.27905
BLOCK27/SES279/SA279S28	SES099	-0.332025	-2.23284	-1.90081
BLOCK27/SES279/SA279S28	SES120	-0.990126	-2.89094	-1.90081
BLOCK27/SES279/SA279S28	SES177	-1.27837	-3.17918	-1.90081
BLOCK27/SES279/SA279S28	SES206	-0.577243	-2.47806	-1.90081
BLOCK29/SES290/SA290S12	SES162	-0.697855	-5.3317	-4.63385
BLOCK29/SES290/SA290S12	SES177	-1.41703	-6.05087	-4.63385
BLOCK29/SES290/SA290S12	SES180	-1.22171	-5.85555	-4.63385
BLOCK29/SES290/SA290S12	SES292	-1.56978	-6.20363	-4.63385
BLOCK29/SES290/SA290S13	SES007	-0.716496	-5.34046	-4.62397
BLOCK29/SES290/SA290S13	SES162	-1.41055	-6.03451	-4.62397
BLOCK29/SES290/SA290S13	SES177	-1.27378	-5.89775	-4.62397
BLOCK29/SES290/SA290S13	SES180	-1.10896	-5.73292	-4.62397
BLOCK29/SES290/SA290S22	SES177	-1.2073	-5.62482	-4.41752
BLOCK29/SES290/SA290S22	SES180	-1.33086	-5.74838	-4.41752
BLOCK29/SES290/SA290S22	SES202	-0.952455	-5.36997	-4.41752
BLOCK29/SES290/SA290S22	SES292	-1.31809	-5.7356	-4.41752
BLOCK29/SES290/SA290S25	SES162	-1.31654	-6.67181	-5.35527
BLOCK29/SES290/SA290S25	SES177	-1.23479	-6.59007	-5.35527
BLOCK29/SES290/SA290S25	SES180	-1.85948	-7.21475	-5.35527
BLOCK29/SES290/SA290S25	SES292	-0.953102	-6.30837	-5.35527
BLOCK29/SES290/SA290S29	SES177	-0.710181	-3.00875	-2.29857
BLOCK29/SES290/SA290S29	SES180	-0.763445	-3.06201	-2.29857
BLOCK29/SES290/SA290S29	SES275	-0.715111	-3.01368	-2.29857
BLOCK29/SES290/SA290S29	SES292	-0.787186	-3.08575	-2.29857
BLOCK29/SES291/SA291S11	SES105	-1.56706	-8.24217	-6.67511
BLOCK29/SES291/SA291S11	SES125	-1.24257	-7.91768	-6.67511
BLOCK29/SES291/SA291S11	SES158	-1.17796	-7.85307	-6.67511
BLOCK29/SES291/SA291S11	SES275	-1.45593	-8.13105	-6.67511
BLOCK29/SES291/SA291S12	SES158	0.212131	-7.739	-7.95113
BLOCK29/SES291/SA291S12	SES226	-2.20442	-10.1556	-7.95113
BLOCK29/SES291/SA291S12	SES270	-1.39057	-9.34171	-7.95113
BLOCK29/SES291/SA291S12	SES275	-3.66583	-11.617	-7.95113
BLOCK29/SES291/SA291S22	SES082	-1.09273	-6.41386	-5.32113
BLOCK29/SES291/SA291S22	SES158	-0.533423	-5.85455	-5.32113
BLOCK29/SES291/SA291S22	SES259	-0.69891	-6.02004	-5.32113
BLOCK29/SES291/SA291S22	SES275	-2.24258	-7.56371	-5.32113
BLOCK29/SES291/SA291S24	SES104	-0.625616	-6.57106	-5.94544
BLOCK29/SES291/SA291S24	SES125	-0.950589	-6.89603	-5.94544
BLOCK29/SES291/SA291S24	SES158	-0.259449	-6.20489	-5.94544
BLOCK29/SES291/SA291S24	SES275	-2.45467	-8.40012	-5.94544
BLOCK29/SES291/SA291S27	SES158	-0.378361	-4.56612	-4.18776
BLOCK29/SES291/SA291S27	SES172	-2.15247	-6.34023	-4.18776
BLOCK29/SES291/SA291S27	SES275	-1.61781	-5.80557	-4.18776
BLOCK29/SES291/SA291S27	SES292	-1.05269	-5.24044	-4.18776
